[0.643s] Invoking command in '/home/liam-bouffard/Desktop/rob599_mobile_robotics/pioneer_ws/build/pioneer': DEBUGINFOD_URLS=https://debuginfod.ubuntu.com PYTHONPATH=/home/liam-bouffard/Desktop/rob599_mobile_robotics/pioneer_ws/build/pioneer/prefix_override:/usr/lib/python3/dist-packages/colcon_core/task/python/colcon_distutils_commands:/home/liam-bouffard/Desktop/rob599_mobile_robotics/pioneer_ws/install/pioneer/lib/python3.12/site-packages:/home/liam-bouffard/Desktop/rob599_mobile_robotics/pioneer_ws/install/goal_target/lib/python3.12/site-packages:/home/liam-bouffard/Desktop/rob599_mobile_robotics/pioneer_ws/build/pioneer:/home/liam-bouffard/Desktop/rob599_mobile_robotics/pioneer_ws/install/pioneer/lib/python3.12/site-packages:/opt/ros/kilted/lib/python3.12/site-packages /usr/bin/python3 -W ignore:setup.py install is deprecated -W ignore:easy_install command is deprecated setup.py develop --uninstall --editable --build-directory /home/liam-bouffard/Desktop/rob599_mobile_robotics/pioneer_ws/build/pioneer/build
[0.859s] running develop
[1.010s] Removing /home/liam-bouffard/Desktop/rob599_mobile_robotics/pioneer_ws/install/pioneer/lib/python3.12/site-packages/pioneer.egg-link (link to .)
[1.029s] Invoked command in '/home/liam-bouffard/Desktop/rob599_mobile_robotics/pioneer_ws/build/pioneer' returned '0': DEBUGINFOD_URLS=https://debuginfod.ubuntu.com PYTHONPATH=/home/liam-bouffard/Desktop/rob599_mobile_robotics/pioneer_ws/build/pioneer/prefix_override:/usr/lib/python3/dist-packages/colcon_core/task/python/colcon_distutils_commands:/home/liam-bouffard/Desktop/rob599_mobile_robotics/pioneer_ws/install/pioneer/lib/python3.12/site-packages:/home/liam-bouffard/Desktop/rob599_mobile_robotics/pioneer_ws/install/goal_target/lib/python3.12/site-packages:/home/liam-bouffard/Desktop/rob599_mobile_robotics/pioneer_ws/build/pioneer:/home/liam-bouffard/Desktop/rob599_mobile_robotics/pioneer_ws/install/pioneer/lib/python3.12/site-packages:/opt/ros/kilted/lib/python3.12/site-packages /usr/bin/python3 -W ignore:setup.py install is deprecated -W ignore:easy_install command is deprecated setup.py develop --uninstall --editable --build-directory /home/liam-bouffard/Desktop/rob599_mobile_robotics/pioneer_ws/build/pioneer/build
[1.030s] Invoking command in '/home/liam-bouffard/Desktop/rob599_mobile_robotics/pioneer_ws/src/pioneer': DEBUGINFOD_URLS=https://debuginfod.ubuntu.com PYTHONPATH=/home/liam-bouffard/Desktop/rob599_mobile_robotics/pioneer_ws/build/pioneer/prefix_override:/usr/lib/python3/dist-packages/colcon_core/task/python/colcon_distutils_commands:/home/liam-bouffard/Desktop/rob599_mobile_robotics/pioneer_ws/install/pioneer/lib/python3.12/site-packages:/home/liam-bouffard/Desktop/rob599_mobile_robotics/pioneer_ws/install/goal_target/lib/python3.12/site-packages:/home/liam-bouffard/Desktop/rob599_mobile_robotics/pioneer_ws/build/pioneer:/home/liam-bouffard/Desktop/rob599_mobile_robotics/pioneer_ws/install/pioneer/lib/python3.12/site-packages:/opt/ros/kilted/lib/python3.12/site-packages /usr/bin/python3 -W ignore:setup.py install is deprecated -W ignore:easy_install command is deprecated setup.py egg_info --egg-base ../../build/pioneer build --build-base /home/liam-bouffard/Desktop/rob599_mobile_robotics/pioneer_ws/build/pioneer/build install --record /home/liam-bouffard/Desktop/rob599_mobile_robotics/pioneer_ws/build/pioneer/install.log --single-version-externally-managed install_data --force
[1.227s] running egg_info
[1.241s] writing ../../build/pioneer/pioneer.egg-info/PKG-INFO
[1.241s] writing dependency_links to ../../build/pioneer/pioneer.egg-info/dependency_links.txt
[1.241s] writing entry points to ../../build/pioneer/pioneer.egg-info/entry_points.txt
[1.241s] writing requirements to ../../build/pioneer/pioneer.egg-info/requires.txt
[1.241s] writing top-level names to ../../build/pioneer/pioneer.egg-info/top_level.txt
[1.270s] reading manifest file '../../build/pioneer/pioneer.egg-info/SOURCES.txt'
[1.271s] adding license file 'LICENSE'
[1.271s] writing manifest file '../../build/pioneer/pioneer.egg-info/SOURCES.txt'
[1.271s] running build
[1.271s] running build_py
[1.272s] creating /home/liam-bouffard/Desktop/rob599_mobile_robotics/pioneer_ws/build/pioneer/build
[1.272s] creating /home/liam-bouffard/Desktop/rob599_mobile_robotics/pioneer_ws/build/pioneer/build/lib
[1.272s] creating /home/liam-bouffard/Desktop/rob599_mobile_robotics/pioneer_ws/build/pioneer/build/lib/pioneer
[1.272s] copying pioneer/send_points.py -> /home/liam-bouffard/Desktop/rob599_mobile_robotics/pioneer_ws/build/pioneer/build/lib/pioneer
[1.272s] copying pioneer/test_vfh.py -> /home/liam-bouffard/Desktop/rob599_mobile_robotics/pioneer_ws/build/pioneer/build/lib/pioneer
[1.272s] copying pioneer/__init__.py -> /home/liam-bouffard/Desktop/rob599_mobile_robotics/pioneer_ws/build/pioneer/build/lib/pioneer
[1.272s] copying pioneer/driver.py -> /home/liam-bouffard/Desktop/rob599_mobile_robotics/pioneer_ws/build/pioneer/build/lib/pioneer
[1.272s] running install
[1.276s] running install_lib
[1.291s] creating /home/liam-bouffard/Desktop/rob599_mobile_robotics/pioneer_ws/install/pioneer/lib/python3.12/site-packages/pioneer
[1.291s] copying /home/liam-bouffard/Desktop/rob599_mobile_robotics/pioneer_ws/build/pioneer/build/lib/pioneer/send_points.py -> /home/liam-bouffard/Desktop/rob599_mobile_robotics/pioneer_ws/install/pioneer/lib/python3.12/site-packages/pioneer
[1.291s] copying /home/liam-bouffard/Desktop/rob599_mobile_robotics/pioneer_ws/build/pioneer/build/lib/pioneer/test_vfh.py -> /home/liam-bouffard/Desktop/rob599_mobile_robotics/pioneer_ws/install/pioneer/lib/python3.12/site-packages/pioneer
[1.291s] copying /home/liam-bouffard/Desktop/rob599_mobile_robotics/pioneer_ws/build/pioneer/build/lib/pioneer/__init__.py -> /home/liam-bouffard/Desktop/rob599_mobile_robotics/pioneer_ws/install/pioneer/lib/python3.12/site-packages/pioneer
[1.291s] copying /home/liam-bouffard/Desktop/rob599_mobile_robotics/pioneer_ws/build/pioneer/build/lib/pioneer/driver.py -> /home/liam-bouffard/Desktop/rob599_mobile_robotics/pioneer_ws/install/pioneer/lib/python3.12/site-packages/pioneer
[1.291s] byte-compiling /home/liam-bouffard/Desktop/rob599_mobile_robotics/pioneer_ws/install/pioneer/lib/python3.12/site-packages/pioneer/send_points.py to send_points.cpython-312.pyc
[1.292s] byte-compiling /home/liam-bouffard/Desktop/rob599_mobile_robotics/pioneer_ws/install/pioneer/lib/python3.12/site-packages/pioneer/test_vfh.py to test_vfh.cpython-312.pyc
[1.292s] byte-compiling /home/liam-bouffard/Desktop/rob599_mobile_robotics/pioneer_ws/install/pioneer/lib/python3.12/site-packages/pioneer/__init__.py to __init__.cpython-312.pyc
[1.292s] byte-compiling /home/liam-bouffard/Desktop/rob599_mobile_robotics/pioneer_ws/install/pioneer/lib/python3.12/site-packages/pioneer/driver.py to driver.cpython-312.pyc
[1.294s] running install_data
[1.294s] copying resource/pioneer -> /home/liam-bouffard/Desktop/rob599_mobile_robotics/pioneer_ws/install/pioneer/share/ament_index/resource_index/packages
[1.294s] copying package.xml -> /home/liam-bouffard/Desktop/rob599_mobile_robotics/pioneer_ws/install/pioneer/share/pioneer
[1.294s] running install_egg_info
[1.310s] Copying ../../build/pioneer/pioneer.egg-info to /home/liam-bouffard/Desktop/rob599_mobile_robotics/pioneer_ws/install/pioneer/lib/python3.12/site-packages/pioneer-0.0.0-py3.12.egg-info
[1.310s] running install_scripts
[1.403s] Installing driver script to /home/liam-bouffard/Desktop/rob599_mobile_robotics/pioneer_ws/install/pioneer/lib/pioneer
[1.404s] Installing send_points script to /home/liam-bouffard/Desktop/rob599_mobile_robotics/pioneer_ws/install/pioneer/lib/pioneer
[1.404s] writing list of installed files to '/home/liam-bouffard/Desktop/rob599_mobile_robotics/pioneer_ws/build/pioneer/install.log'
[1.421s] Invoked command in '/home/liam-bouffard/Desktop/rob599_mobile_robotics/pioneer_ws/src/pioneer' returned '0': DEBUGINFOD_URLS=https://debuginfod.ubuntu.com PYTHONPATH=/home/liam-bouffard/Desktop/rob599_mobile_robotics/pioneer_ws/build/pioneer/prefix_override:/usr/lib/python3/dist-packages/colcon_core/task/python/colcon_distutils_commands:/home/liam-bouffard/Desktop/rob599_mobile_robotics/pioneer_ws/install/pioneer/lib/python3.12/site-packages:/home/liam-bouffard/Desktop/rob599_mobile_robotics/pioneer_ws/install/goal_target/lib/python3.12/site-packages:/home/liam-bouffard/Desktop/rob599_mobile_robotics/pioneer_ws/build/pioneer:/home/liam-bouffard/Desktop/rob599_mobile_robotics/pioneer_ws/install/pioneer/lib/python3.12/site-packages:/opt/ros/kilted/lib/python3.12/site-packages /usr/bin/python3 -W ignore:setup.py install is deprecated -W ignore:easy_install command is deprecated setup.py egg_info --egg-base ../../build/pioneer build --build-base /home/liam-bouffard/Desktop/rob599_mobile_robotics/pioneer_ws/build/pioneer/build install --record /home/liam-bouffard/Desktop/rob599_mobile_robotics/pioneer_ws/build/pioneer/install.log --single-version-externally-managed install_data --force
