[0.585s] Invoking command in '/home/liam-bouffard/Desktop/rob599_mobile_robotics/pioneer_ws/src/pioneer': DEBUGINFOD_URLS=https://debuginfod.ubuntu.com PYTHONPATH=/home/liam-bouffard/Desktop/rob599_mobile_robotics/pioneer_ws/build/pioneer/prefix_override:/usr/lib/python3/dist-packages/colcon_core/task/python/colcon_distutils_commands:/home/liam-bouffard/Desktop/rob599_mobile_robotics/pioneer_ws/install/pioneer/lib/python3.12/site-packages:/home/liam-bouffard/Desktop/rob599_mobile_robotics/pioneer_ws/install/goal_target/lib/python3.12/site-packages:/home/liam-bouffard/Desktop/rob599_mobile_robotics/pioneer_ws/build/pioneer:/home/liam-bouffard/Desktop/rob599_mobile_robotics/pioneer_ws/install/pioneer/lib/python3.12/site-packages:/opt/ros/kilted/lib/python3.12/site-packages /usr/bin/python3 -W ignore:setup.py install is deprecated -W ignore:easy_install command is deprecated setup.py egg_info --egg-base ../../build/pioneer build --build-base /home/liam-bouffard/Desktop/rob599_mobile_robotics/pioneer_ws/build/pioneer/build install --record /home/liam-bouffard/Desktop/rob599_mobile_robotics/pioneer_ws/build/pioneer/install.log --single-version-externally-managed install_data
[0.776s] running egg_info
[0.791s] writing ../../build/pioneer/pioneer.egg-info/PKG-INFO
[0.791s] writing dependency_links to ../../build/pioneer/pioneer.egg-info/dependency_links.txt
[0.791s] writing entry points to ../../build/pioneer/pioneer.egg-info/entry_points.txt
[0.791s] writing requirements to ../../build/pioneer/pioneer.egg-info/requires.txt
[0.791s] writing top-level names to ../../build/pioneer/pioneer.egg-info/top_level.txt
[0.820s] reading manifest file '../../build/pioneer/pioneer.egg-info/SOURCES.txt'
[0.820s] adding license file 'LICENSE'
[0.820s] writing manifest file '../../build/pioneer/pioneer.egg-info/SOURCES.txt'
[0.820s] running build
[0.820s] running build_py
[0.821s] running install
[0.825s] running install_lib
[0.840s] running install_data
[0.840s] copying launch/driver_launch.py -> /home/liam-bouffard/Desktop/rob599_mobile_robotics/pioneer_ws/install/pioneer/share/pioneer/launch
[0.840s] running install_egg_info
[0.855s] removing '/home/liam-bouffard/Desktop/rob599_mobile_robotics/pioneer_ws/install/pioneer/lib/python3.12/site-packages/pioneer-0.0.0-py3.12.egg-info' (and everything under it)
[0.855s] Copying ../../build/pioneer/pioneer.egg-info to /home/liam-bouffard/Desktop/rob599_mobile_robotics/pioneer_ws/install/pioneer/lib/python3.12/site-packages/pioneer-0.0.0-py3.12.egg-info
[0.856s] running install_scripts
[0.949s] Installing driver script to /home/liam-bouffard/Desktop/rob599_mobile_robotics/pioneer_ws/install/pioneer/lib/pioneer
[0.949s] Installing send_points script to /home/liam-bouffard/Desktop/rob599_mobile_robotics/pioneer_ws/install/pioneer/lib/pioneer
[0.949s] writing list of installed files to '/home/liam-bouffard/Desktop/rob599_mobile_robotics/pioneer_ws/build/pioneer/install.log'
[0.966s] Invoked command in '/home/liam-bouffard/Desktop/rob599_mobile_robotics/pioneer_ws/src/pioneer' returned '0': DEBUGINFOD_URLS=https://debuginfod.ubuntu.com PYTHONPATH=/home/liam-bouffard/Desktop/rob599_mobile_robotics/pioneer_ws/build/pioneer/prefix_override:/usr/lib/python3/dist-packages/colcon_core/task/python/colcon_distutils_commands:/home/liam-bouffard/Desktop/rob599_mobile_robotics/pioneer_ws/install/pioneer/lib/python3.12/site-packages:/home/liam-bouffard/Desktop/rob599_mobile_robotics/pioneer_ws/install/goal_target/lib/python3.12/site-packages:/home/liam-bouffard/Desktop/rob599_mobile_robotics/pioneer_ws/build/pioneer:/home/liam-bouffard/Desktop/rob599_mobile_robotics/pioneer_ws/install/pioneer/lib/python3.12/site-packages:/opt/ros/kilted/lib/python3.12/site-packages /usr/bin/python3 -W ignore:setup.py install is deprecated -W ignore:easy_install command is deprecated setup.py egg_info --egg-base ../../build/pioneer build --build-base /home/liam-bouffard/Desktop/rob599_mobile_robotics/pioneer_ws/build/pioneer/build install --record /home/liam-bouffard/Desktop/rob599_mobile_robotics/pioneer_ws/build/pioneer/install.log --single-version-externally-managed install_data
