[0.012s] Invoking command in '/home/liam-bouffard/Desktop/rob599_mobile_robotics/stage_ws/build/stage': DEBUGINFOD_URLS=https://debuginfod.ubuntu.com /usr/bin/cmake /home/liam-bouffard/Desktop/rob599_mobile_robotics/stage_ws/src/Stage -DCATKIN_INSTALL_INTO_PREFIX_ROOT=0 -DCMAKE_INSTALL_PREFIX=/home/liam-bouffard/Desktop/rob599_mobile_robotics/stage_ws/install/stage
[0.080s] -- The C compiler identification is GNU 13.3.0
[0.153s] -- The CXX compiler identification is GNU 13.3.0
[0.173s] -- Detecting C compiler ABI info
[0.282s] -- Detecting C compiler ABI info - done
[0.293s] -- Check for working C compiler: /usr/bin/cc - skipped
[0.293s] -- Detecting C compile features
[0.294s] -- Detecting C compile features - done
[0.306s] -- Detecting CXX compiler ABI info
[0.439s] -- Detecting CXX compiler ABI info - done
[0.454s] -- Check for working CXX compiler: /usr/bin/c++ - skipped
[0.454s] -- Detecting CXX compile features
[0.455s] -- Detecting CXX compile features - done
[0.456s] -- Stage version 4.3.0
[0.456s] -- Operating system is Linux
[0.457s] -- Installing Libraries to /home/liam-bouffard/Desktop/rob599_mobile_robotics/stage_ws/install/stage/lib
[0.457s] -- Installing Plugins to /home/liam-bouffard/Desktop/rob599_mobile_robotics/stage_ws/install/stage/lib/Stage-4.3
[0.457s] -- Build type RELEASE
[0.457s] -- Checking for libtool
[0.468s] -- Checking for required libraries...
[0.490s] -- Found JPEG: /usr/lib/x86_64-linux-gnu/libjpeg.so (found version "80") 
[0.509s] -- Found ZLIB: /usr/lib/x86_64-linux-gnu/libz.so (found version "1.3")  
[0.539s] -- Found PNG: /usr/lib/x86_64-linux-gnu/libpng.so (found version "1.6.43") 
[0.550s] -- Found OpenGL: /usr/lib/x86_64-linux-gnu/libOpenGL.so   
[0.716s] -- Found X11: /usr/include   
[0.717s] -- Looking for XOpenDisplay in /usr/lib/x86_64-linux-gnu/libX11.so;/usr/lib/x86_64-linux-gnu/libXext.so
[0.830s] -- Looking for XOpenDisplay in /usr/lib/x86_64-linux-gnu/libX11.so;/usr/lib/x86_64-linux-gnu/libXext.so - found
[0.830s] -- Looking for gethostbyname
[0.940s] -- Looking for gethostbyname - found
[0.940s] -- Looking for connect
[1.046s] -- Looking for connect - found
[1.046s] -- Looking for remove
[1.147s] -- Looking for remove - found
[1.148s] -- Looking for shmat
[1.253s] -- Looking for shmat - found
[1.253s] -- Looking for IceConnectionNumber in ICE
[1.380s] -- Looking for IceConnectionNumber in ICE - found
[1.434s] -- Found FLTK: fltk_images;fltk_forms;fltk_gl;fltk  
[1.436s] -- Checking for optional libraries...
[1.437s] -- Installation path CMAKE_INSTALL_PREFIX=/home/liam-bouffard/Desktop/rob599_mobile_robotics/stage_ws/install/stage
[1.438s] -- Configuring libstage
[1.449s] -- Found PkgConfig: /usr/bin/pkg-config (found version "1.8.1") 
[1.449s] -- Checking for one of the modules 'playercore>=2.1.0'
[1.464s] --   * Player not detected. If Player is installed but not detected, check your PKG_CONFIG_PATH.
[1.483s] -- Configuring done (1.5s)
[1.543s] -- Generating done (0.1s)
[1.546s] [33mCMake Warning:
[1.546s]   Manually-specified variables were not used by the project:
[1.546s] 
[1.546s]     CATKIN_INSTALL_INTO_PREFIX_ROOT
[1.546s] 
[1.546s] [0m
[1.554s] -- Build files have been written to: /home/liam-bouffard/Desktop/rob599_mobile_robotics/stage_ws/build/stage
[1.566s] Invoked command in '/home/liam-bouffard/Desktop/rob599_mobile_robotics/stage_ws/build/stage' returned '0': DEBUGINFOD_URLS=https://debuginfod.ubuntu.com /usr/bin/cmake /home/liam-bouffard/Desktop/rob599_mobile_robotics/stage_ws/src/Stage -DCATKIN_INSTALL_INTO_PREFIX_ROOT=0 -DCMAKE_INSTALL_PREFIX=/home/liam-bouffard/Desktop/rob599_mobile_robotics/stage_ws/install/stage
[1.567s] Invoking command in '/home/liam-bouffard/Desktop/rob599_mobile_robotics/stage_ws/build/stage': DEBUGINFOD_URLS=https://debuginfod.ubuntu.com /usr/bin/cmake --build /home/liam-bouffard/Desktop/rob599_mobile_robotics/stage_ws/build/stage -- -j32 -l32
[1.641s] [  1%] [32mBuilding CXX object libstage/CMakeFiles/stage.dir/blockgroup.cc.o[0m
[1.641s] [  5%] [32mBuilding CXX object libstage/CMakeFiles/stage.dir/camera.cc.o[0m
[1.641s] [  5%] [32mBuilding CXX object libstage/CMakeFiles/stage.dir/block.cc.o[0m
[1.647s] [  6%] [32mBuilding CXX object libstage/CMakeFiles/stage.dir/model_blobfinder.cc.o[0m
[1.650s] [  8%] [32mBuilding CXX object libstage/CMakeFiles/stage.dir/file_manager.cc.o[0m
[1.650s] [ 13%] [32mBuilding CXX object libstage/CMakeFiles/stage.dir/gl.cc.o[0m
[1.650s] [ 18%] [32mBuilding CXX object libstage/CMakeFiles/stage.dir/model_blinkenlight.cc.o[0m
[1.652s] [ 18%] [32mBuilding CXX object libstage/CMakeFiles/stage.dir/model_actuator.cc.o[0m
[1.653s] [ 13%] [32mBuilding CXX object libstage/CMakeFiles/stage.dir/color.cc.o[0m
[1.653s] [ 13%] [32mBuilding CXX object libstage/CMakeFiles/stage.dir/model.cc.o[0m
[1.653s] [ 20%] [32mBuilding CXX object libstage/CMakeFiles/stage.dir/model_draw.cc.o[0m
[1.653s] [ 22%] [32mBuilding CXX object libstage/CMakeFiles/stage.dir/model_callbacks.cc.o[0m
[1.653s] [ 15%] [32mBuilding CXX object libstage/CMakeFiles/stage.dir/logentry.cc.o[0m
[1.654s] [ 23%] [32mBuilding CXX object libstage/CMakeFiles/stage.dir/model_bumper.cc.o[0m
[1.654s] [ 25%] [32mBuilding CXX object libstage/CMakeFiles/stage.dir/model_position.cc.o[0m
[1.654s] [ 28%] [32mBuilding CXX object libstage/CMakeFiles/stage.dir/model_fiducial.cc.o[0m
[1.654s] [ 28%] [32mBuilding CXX object libstage/CMakeFiles/stage.dir/model_camera.cc.o[0m
[1.654s] [ 32%] [32mBuilding CXX object libstage/CMakeFiles/stage.dir/powerpack.cc.o[0m
[1.654s] [ 32%] [32mBuilding CXX object libstage/CMakeFiles/stage.dir/model_gripper.cc.o[0m
[1.655s] [ 33%] [32mBuilding CXX object libstage/CMakeFiles/stage.dir/model_lightindicator.cc.o[0m
[1.655s] [ 35%] [32mBuilding CXX object libstage/CMakeFiles/stage.dir/option.cc.o[0m
[1.655s] [ 38%] [32mBuilding CXX object libstage/CMakeFiles/stage.dir/stage.cc.o[0m
[1.656s] [ 38%] [32mBuilding CXX object libstage/CMakeFiles/stage.dir/typetable.cc.o[0m
[1.656s] [ 40%] [32mBuilding CXX object libstage/CMakeFiles/stage.dir/model_ranger.cc.o[0m
[1.656s] [ 42%] [32mBuilding CXX object libstage/CMakeFiles/stage.dir/world.cc.o[0m
[1.656s] [ 44%] [32mBuilding CXX object libstage/CMakeFiles/stage.dir/region.cc.o[0m
[1.656s] [ 45%] [32mBuilding CXX object libstage/CMakeFiles/stage.dir/worldfile.cc.o[0m
[1.656s] [ 50%] [32mBuilding CXX object libstage/CMakeFiles/stage.dir/worldgui.cc.o[0m
[1.656s] [ 50%] [32mBuilding CXX object libstage/CMakeFiles/stage.dir/texture_manager.cc.o[0m
[1.657s] [ 52%] [32mBuilding CXX object libstage/CMakeFiles/stage.dir/options_dlg.cc.o[0m
[1.657s] [ 50%] [32mBuilding CXX object libstage/CMakeFiles/stage.dir/canvas.cc.o[0m
[1.657s] [ 54%] [32mBuilding CXX object libstage/CMakeFiles/stage.dir/vis_strip.cc.o[0m
[3.089s] [ 55%] [32mBuilding CXX object libstage/CMakeFiles/stage.dir/ancestor.cc.o[0m
[4.855s] [ 57%] [32m[1mLinking CXX shared library libstage.so[0m
[4.990s] [ 57%] Built target stage
[5.017s] [ 59%] [32mBuilding CXX object examples/ctrl/CMakeFiles/pioneer_flocking.dir/pioneer_flocking.cc.o[0m
[5.017s] [ 61%] [32mBuilding CXX object examples/ctrl/CMakeFiles/sink.dir/sink.cc.o[0m
[5.019s] [ 62%] [32mBuilding CXX object examples/ctrl/CMakeFiles/source.dir/source.cc.o[0m
[5.019s] [ 64%] [32mBuilding CXX object worlds/benchmark/CMakeFiles/expand_pioneer.dir/expand_pioneer.cc.o[0m
[5.020s] [ 66%] [32mBuilding CXX object examples/ctrl/CMakeFiles/fasr.dir/fasr.cc.o[0m
[5.020s] [ 71%] [32mBuilding CXX object examples/ctrl/CMakeFiles/fasr2.dir/fasr2.cc.o[0m
[5.020s] [ 71%] [32mBuilding CXX object worlds/benchmark/CMakeFiles/expand_swarm.dir/expand_swarm.cc.o[0m
[5.021s] [ 71%] [32mBuilding CXX object examples/ctrl/CMakeFiles/dynamic.dir/dynamic.cc.o[0m
[5.021s] [ 74%] [32mBuilding CXX object libstage/CMakeFiles/stagebinary.dir/main.cc.o[0m
[5.021s] [ 74%] [32mBuilding CXX object examples/ctrl/CMakeFiles/fasr2.dir/astar/findpath.cpp.o[0m
[5.021s] [ 76%] [32mBuilding CXX object examples/ctrl/CMakeFiles/rasterize.dir/rasterize.cc.o[0m
[5.022s] [ 77%] [32mBuilding CXX object examples/ctrl/CMakeFiles/wander.dir/wander.cc.o[0m
[5.022s] [ 79%] [32mBuilding CXX object examples/ctrl/CMakeFiles/lasernoise.dir/lasernoise.cc.o[0m
[5.848s] [ 81%] [32m[1mLinking CXX shared module dynamic.so[0m
[5.854s] [ 83%] [32m[1mLinking CXX shared module expand_pioneer.so[0m
[5.864s] [ 84%] [32m[1mLinking CXX shared module pioneer_flocking.so[0m
[5.871s] [ 86%] [32m[1mLinking CXX shared module lasernoise.so[0m
[5.888s] [ 88%] [32m[1mLinking CXX shared module wander.so[0m
[5.955s] [ 88%] Built target expand_pioneer
[5.965s] [ 88%] Built target dynamic
[5.972s] [ 89%] [32m[1mLinking CXX shared module fasr.so[0m
[5.972s] [ 89%] Built target lasernoise
[5.983s] [ 89%] Built target pioneer_flocking
[5.992s] [ 89%] Built target wander
[6.075s] [ 89%] Built target fasr
[6.135s] [ 91%] [32m[1mLinking CXX shared module expand_swarm.so[0m
[6.185s] [ 93%] [32m[1mLinking CXX shared module sink.so[0m
[6.219s] [ 94%] [32m[1mLinking CXX shared module rasterize.so[0m
[6.235s] [ 94%] Built target expand_swarm
[6.237s] [ 96%] [32m[1mLinking CXX shared module source.so[0m
[6.280s] [ 96%] Built target sink
[6.284s] [ 98%] [32m[1mLinking CXX executable stage[0m
[6.313s] [ 98%] Built target rasterize
[6.331s] [ 98%] Built target source
[6.390s] [ 98%] Built target stagebinary
[6.508s] [100%] [32m[1mLinking CXX shared module fasr2.so[0m
[6.606s] [100%] Built target fasr2
[6.619s] Invoked command in '/home/liam-bouffard/Desktop/rob599_mobile_robotics/stage_ws/build/stage' returned '0': DEBUGINFOD_URLS=https://debuginfod.ubuntu.com /usr/bin/cmake --build /home/liam-bouffard/Desktop/rob599_mobile_robotics/stage_ws/build/stage -- -j32 -l32
[6.632s] Invoking command in '/home/liam-bouffard/Desktop/rob599_mobile_robotics/stage_ws/build/stage': DEBUGINFOD_URLS=https://debuginfod.ubuntu.com /usr/bin/cmake --install /home/liam-bouffard/Desktop/rob599_mobile_robotics/stage_ws/build/stage
[6.642s] -- Install configuration: "RELEASE"
[6.642s] -- Installing: /home/liam-bouffard/Desktop/rob599_mobile_robotics/stage_ws/install/stage/lib/pkgconfig/stage.pc
[6.642s] -- Installing: /home/liam-bouffard/Desktop/rob599_mobile_robotics/stage_ws/install/stage/lib/cmake/Stage/stage-config.cmake
[6.642s] -- Installing: /home/liam-bouffard/Desktop/rob599_mobile_robotics/stage_ws/install/stage/lib/cmake/Stage/stage-config-version.cmake
[6.642s] -- Installing: /home/liam-bouffard/Desktop/rob599_mobile_robotics/stage_ws/install/stage/bin/stage
[6.642s] -- Set non-toolchain portion of runtime path of "/home/liam-bouffard/Desktop/rob599_mobile_robotics/stage_ws/install/stage/bin/stage" to ""
[6.642s] -- Installing: /home/liam-bouffard/Desktop/rob599_mobile_robotics/stage_ws/install/stage/lib/libstage.so.4.3.0
[6.643s] -- Installing: /home/liam-bouffard/Desktop/rob599_mobile_robotics/stage_ws/install/stage/lib/libstage.so
[6.643s] -- Installing: /home/liam-bouffard/Desktop/rob599_mobile_robotics/stage_ws/install/stage/include/Stage-4.3/stage.hh
[6.644s] -- Installing: /home/liam-bouffard/Desktop/rob599_mobile_robotics/stage_ws/install/stage/lib/Stage-4.3/fasr.so
[6.644s] -- Set non-toolchain portion of runtime path of "/home/liam-bouffard/Desktop/rob599_mobile_robotics/stage_ws/install/stage/lib/Stage-4.3/fasr.so" to ""
[6.644s] -- Installing: /home/liam-bouffard/Desktop/rob599_mobile_robotics/stage_ws/install/stage/lib/Stage-4.3/sink.so
[6.644s] -- Set non-toolchain portion of runtime path of "/home/liam-bouffard/Desktop/rob599_mobile_robotics/stage_ws/install/stage/lib/Stage-4.3/sink.so" to ""
[6.644s] -- Installing: /home/liam-bouffard/Desktop/rob599_mobile_robotics/stage_ws/install/stage/lib/Stage-4.3/source.so
[6.645s] -- Set non-toolchain portion of runtime path of "/home/liam-bouffard/Desktop/rob599_mobile_robotics/stage_ws/install/stage/lib/Stage-4.3/source.so" to ""
[6.645s] -- Installing: /home/liam-bouffard/Desktop/rob599_mobile_robotics/stage_ws/install/stage/lib/Stage-4.3/wander.so
[6.645s] -- Set non-toolchain portion of runtime path of "/home/liam-bouffard/Desktop/rob599_mobile_robotics/stage_ws/install/stage/lib/Stage-4.3/wander.so" to ""
[6.646s] -- Installing: /home/liam-bouffard/Desktop/rob599_mobile_robotics/stage_ws/install/stage/lib/Stage-4.3/pioneer_flocking.so
[6.646s] -- Set non-toolchain portion of runtime path of "/home/liam-bouffard/Desktop/rob599_mobile_robotics/stage_ws/install/stage/lib/Stage-4.3/pioneer_flocking.so" to ""
[6.646s] -- Installing: /home/liam-bouffard/Desktop/rob599_mobile_robotics/stage_ws/install/stage/lib/Stage-4.3/rasterize.so
[6.646s] -- Set non-toolchain portion of runtime path of "/home/liam-bouffard/Desktop/rob599_mobile_robotics/stage_ws/install/stage/lib/Stage-4.3/rasterize.so" to ""
[6.646s] -- Installing: /home/liam-bouffard/Desktop/rob599_mobile_robotics/stage_ws/install/stage/lib/Stage-4.3/lasernoise.so
[6.646s] -- Set non-toolchain portion of runtime path of "/home/liam-bouffard/Desktop/rob599_mobile_robotics/stage_ws/install/stage/lib/Stage-4.3/lasernoise.so" to ""
[6.646s] -- Installing: /home/liam-bouffard/Desktop/rob599_mobile_robotics/stage_ws/install/stage/lib/Stage-4.3/dynamic.so
[6.646s] -- Set non-toolchain portion of runtime path of "/home/liam-bouffard/Desktop/rob599_mobile_robotics/stage_ws/install/stage/lib/Stage-4.3/dynamic.so" to ""
[6.646s] -- Installing: /home/liam-bouffard/Desktop/rob599_mobile_robotics/stage_ws/install/stage/lib/Stage-4.3/fasr2.so
[6.646s] -- Set non-toolchain portion of runtime path of "/home/liam-bouffard/Desktop/rob599_mobile_robotics/stage_ws/install/stage/lib/Stage-4.3/fasr2.so" to ""
[6.647s] -- Installing: /home/liam-bouffard/Desktop/rob599_mobile_robotics/stage_ws/install/stage/share/stage/assets/blue.png
[6.647s] -- Installing: /home/liam-bouffard/Desktop/rob599_mobile_robotics/stage_ws/install/stage/share/stage/assets/death.png
[6.647s] -- Installing: /home/liam-bouffard/Desktop/rob599_mobile_robotics/stage_ws/install/stage/share/stage/assets/green.png
[6.647s] -- Installing: /home/liam-bouffard/Desktop/rob599_mobile_robotics/stage_ws/install/stage/share/stage/assets/logo.png
[6.647s] -- Installing: /home/liam-bouffard/Desktop/rob599_mobile_robotics/stage_ws/install/stage/share/stage/assets/mains.png
[6.647s] -- Installing: /home/liam-bouffard/Desktop/rob599_mobile_robotics/stage_ws/install/stage/share/stage/assets/mainspower.png
[6.647s] -- Installing: /home/liam-bouffard/Desktop/rob599_mobile_robotics/stage_ws/install/stage/share/stage/assets/question_mark.png
[6.647s] -- Installing: /home/liam-bouffard/Desktop/rob599_mobile_robotics/stage_ws/install/stage/share/stage/assets/red.png
[6.647s] -- Installing: /home/liam-bouffard/Desktop/rob599_mobile_robotics/stage_ws/install/stage/share/stage/assets/stagelogo.png
[6.648s] -- Installing: /home/liam-bouffard/Desktop/rob599_mobile_robotics/stage_ws/install/stage/share/stage/assets/stall-old.png
[6.648s] -- Installing: /home/liam-bouffard/Desktop/rob599_mobile_robotics/stage_ws/install/stage/share/stage/assets/stall.png
[6.648s] -- Installing: /home/liam-bouffard/Desktop/rob599_mobile_robotics/stage_ws/install/stage/share/stage/assets/rgb.txt
[6.648s] -- Installing: /home/liam-bouffard/Desktop/rob599_mobile_robotics/stage_ws/install/stage/share/stage/rgb.txt
[6.648s] -- Installing: /home/liam-bouffard/Desktop/rob599_mobile_robotics/stage_ws/install/stage/share/stage/worlds/amcl-sonar.cfg
[6.648s] -- Installing: /home/liam-bouffard/Desktop/rob599_mobile_robotics/stage_ws/install/stage/share/stage/worlds/autolab.cfg
[6.648s] -- Installing: /home/liam-bouffard/Desktop/rob599_mobile_robotics/stage_ws/install/stage/share/stage/worlds/camera.cfg
[6.649s] -- Installing: /home/liam-bouffard/Desktop/rob599_mobile_robotics/stage_ws/install/stage/share/stage/worlds/everything.cfg
[6.649s] -- Installing: /home/liam-bouffard/Desktop/rob599_mobile_robotics/stage_ws/install/stage/share/stage/worlds/lsp_test.cfg
[6.649s] -- Installing: /home/liam-bouffard/Desktop/rob599_mobile_robotics/stage_ws/install/stage/share/stage/worlds/mbicp.cfg
[6.649s] -- Installing: /home/liam-bouffard/Desktop/rob599_mobile_robotics/stage_ws/install/stage/share/stage/worlds/nd.cfg
[6.649s] -- Installing: /home/liam-bouffard/Desktop/rob599_mobile_robotics/stage_ws/install/stage/share/stage/worlds/roomba.cfg
[6.649s] -- Installing: /home/liam-bouffard/Desktop/rob599_mobile_robotics/stage_ws/install/stage/share/stage/worlds/simple.cfg
[6.649s] -- Installing: /home/liam-bouffard/Desktop/rob599_mobile_robotics/stage_ws/install/stage/share/stage/worlds/test.cfg
[6.649s] -- Installing: /home/liam-bouffard/Desktop/rob599_mobile_robotics/stage_ws/install/stage/share/stage/worlds/uoa_robotics_lab.cfg
[6.649s] -- Installing: /home/liam-bouffard/Desktop/rob599_mobile_robotics/stage_ws/install/stage/share/stage/worlds/vfh.cfg
[6.649s] -- Installing: /home/liam-bouffard/Desktop/rob599_mobile_robotics/stage_ws/install/stage/share/stage/worlds/wavefront-remote.cfg
[6.650s] -- Installing: /home/liam-bouffard/Desktop/rob599_mobile_robotics/stage_ws/install/stage/share/stage/worlds/wavefront.cfg
[6.650s] -- Installing: /home/liam-bouffard/Desktop/rob599_mobile_robotics/stage_ws/install/stage/share/stage/worlds/wifi.cfg
[6.650s] -- Installing: /home/liam-bouffard/Desktop/rob599_mobile_robotics/stage_ws/install/stage/share/stage/worlds/SFU.world
[6.650s] -- Installing: /home/liam-bouffard/Desktop/rob599_mobile_robotics/stage_ws/install/stage/share/stage/worlds/autolab.world
[6.650s] -- Installing: /home/liam-bouffard/Desktop/rob599_mobile_robotics/stage_ws/install/stage/share/stage/worlds/camera.world
[6.650s] -- Installing: /home/liam-bouffard/Desktop/rob599_mobile_robotics/stage_ws/install/stage/share/stage/worlds/circuit.world
[6.650s] -- Installing: /home/liam-bouffard/Desktop/rob599_mobile_robotics/stage_ws/install/stage/share/stage/worlds/everything.world
[6.650s] -- Installing: /home/liam-bouffard/Desktop/rob599_mobile_robotics/stage_ws/install/stage/share/stage/worlds/fasr.world
[6.650s] -- Installing: /home/liam-bouffard/Desktop/rob599_mobile_robotics/stage_ws/install/stage/share/stage/worlds/fasr2.world
[6.650s] -- Installing: /home/liam-bouffard/Desktop/rob599_mobile_robotics/stage_ws/install/stage/share/stage/worlds/fasr_plan.world
[6.650s] -- Installing: /home/liam-bouffard/Desktop/rob599_mobile_robotics/stage_ws/install/stage/share/stage/worlds/large.world
[6.650s] -- Installing: /home/liam-bouffard/Desktop/rob599_mobile_robotics/stage_ws/install/stage/share/stage/worlds/lsp_test.world
[6.651s] -- Installing: /home/liam-bouffard/Desktop/rob599_mobile_robotics/stage_ws/install/stage/share/stage/worlds/mbicp.world
[6.651s] -- Installing: /home/liam-bouffard/Desktop/rob599_mobile_robotics/stage_ws/install/stage/share/stage/worlds/pioneer_flocking.world
[6.651s] -- Installing: /home/liam-bouffard/Desktop/rob599_mobile_robotics/stage_ws/install/stage/share/stage/worlds/pioneer_follow.world
[6.651s] -- Installing: /home/liam-bouffard/Desktop/rob599_mobile_robotics/stage_ws/install/stage/share/stage/worlds/pioneer_walle.world
[6.651s] -- Installing: /home/liam-bouffard/Desktop/rob599_mobile_robotics/stage_ws/install/stage/share/stage/worlds/roomba.world
[6.651s] -- Installing: /home/liam-bouffard/Desktop/rob599_mobile_robotics/stage_ws/install/stage/share/stage/worlds/sensor_noise_demo.world
[6.651s] -- Installing: /home/liam-bouffard/Desktop/rob599_mobile_robotics/stage_ws/install/stage/share/stage/worlds/sensor_noise_module_demo.world
[6.651s] -- Installing: /home/liam-bouffard/Desktop/rob599_mobile_robotics/stage_ws/install/stage/share/stage/worlds/simple.world
[6.652s] -- Installing: /home/liam-bouffard/Desktop/rob599_mobile_robotics/stage_ws/install/stage/share/stage/worlds/uoa_robotics_lab.world
[6.652s] -- Installing: /home/liam-bouffard/Desktop/rob599_mobile_robotics/stage_ws/install/stage/share/stage/worlds/wifi.world
[6.652s] -- Installing: /home/liam-bouffard/Desktop/rob599_mobile_robotics/stage_ws/install/stage/share/stage/worlds/beacons.inc
[6.652s] -- Installing: /home/liam-bouffard/Desktop/rob599_mobile_robotics/stage_ws/install/stage/share/stage/worlds/chatterbox.inc
[6.652s] -- Installing: /home/liam-bouffard/Desktop/rob599_mobile_robotics/stage_ws/install/stage/share/stage/worlds/hokuyo.inc
[6.652s] -- Installing: /home/liam-bouffard/Desktop/rob599_mobile_robotics/stage_ws/install/stage/share/stage/worlds/irobot.inc
[6.652s] -- Installing: /home/liam-bouffard/Desktop/rob599_mobile_robotics/stage_ws/install/stage/share/stage/worlds/map.inc
[6.652s] -- Installing: /home/liam-bouffard/Desktop/rob599_mobile_robotics/stage_ws/install/stage/share/stage/worlds/objects.inc
[6.652s] -- Installing: /home/liam-bouffard/Desktop/rob599_mobile_robotics/stage_ws/install/stage/share/stage/worlds/pantilt.inc
[6.652s] -- Installing: /home/liam-bouffard/Desktop/rob599_mobile_robotics/stage_ws/install/stage/share/stage/worlds/pioneer.inc
[6.652s] -- Installing: /home/liam-bouffard/Desktop/rob599_mobile_robotics/stage_ws/install/stage/share/stage/worlds/sick.inc
[6.652s] -- Installing: /home/liam-bouffard/Desktop/rob599_mobile_robotics/stage_ws/install/stage/share/stage/worlds/ubot.inc
[6.652s] -- Installing: /home/liam-bouffard/Desktop/rob599_mobile_robotics/stage_ws/install/stage/share/stage/worlds/uoa_robotics_lab_models.inc
[6.653s] -- Installing: /home/liam-bouffard/Desktop/rob599_mobile_robotics/stage_ws/install/stage/share/stage/worlds/walle.inc
[6.653s] -- Installing: /home/liam-bouffard/Desktop/rob599_mobile_robotics/stage_ws/install/stage/share/stage/worlds/cfggen.sh
[6.653s] -- Installing: /home/liam-bouffard/Desktop/rob599_mobile_robotics/stage_ws/install/stage/share/stage/worlds/test.sh
[6.653s] -- Installing: /home/liam-bouffard/Desktop/rob599_mobile_robotics/stage_ws/install/stage/share/stage/worlds/worldgen.sh
[6.653s] -- Installing: /home/liam-bouffard/Desktop/rob599_mobile_robotics/stage_ws/install/stage/lib/Stage-4.3/expand_swarm.so
[6.653s] -- Set non-toolchain portion of runtime path of "/home/liam-bouffard/Desktop/rob599_mobile_robotics/stage_ws/install/stage/lib/Stage-4.3/expand_swarm.so" to ""
[6.653s] -- Installing: /home/liam-bouffard/Desktop/rob599_mobile_robotics/stage_ws/install/stage/lib/Stage-4.3/expand_pioneer.so
[6.653s] -- Set non-toolchain portion of runtime path of "/home/liam-bouffard/Desktop/rob599_mobile_robotics/stage_ws/install/stage/lib/Stage-4.3/expand_pioneer.so" to ""
[6.653s] -- Installing: /home/liam-bouffard/Desktop/rob599_mobile_robotics/stage_ws/install/stage/share/stage/worlds/bitmaps/889_05.png
[6.653s] -- Installing: /home/liam-bouffard/Desktop/rob599_mobile_robotics/stage_ws/install/stage/share/stage/worlds/bitmaps/SFU_1200x615.png
[6.653s] -- Installing: /home/liam-bouffard/Desktop/rob599_mobile_robotics/stage_ws/install/stage/share/stage/worlds/bitmaps/SRI-AIC-kwing.png
[6.654s] -- Installing: /home/liam-bouffard/Desktop/rob599_mobile_robotics/stage_ws/install/stage/share/stage/worlds/bitmaps/autolab.png
[6.654s] -- Installing: /home/liam-bouffard/Desktop/rob599_mobile_robotics/stage_ws/install/stage/share/stage/worlds/bitmaps/cave.png
[6.654s] -- Installing: /home/liam-bouffard/Desktop/rob599_mobile_robotics/stage_ws/install/stage/share/stage/worlds/bitmaps/cave_compact.png
[6.654s] -- Installing: /home/liam-bouffard/Desktop/rob599_mobile_robotics/stage_ws/install/stage/share/stage/worlds/bitmaps/cave_filled.png
[6.654s] -- Installing: /home/liam-bouffard/Desktop/rob599_mobile_robotics/stage_ws/install/stage/share/stage/worlds/bitmaps/frieburg.png
[6.654s] -- Installing: /home/liam-bouffard/Desktop/rob599_mobile_robotics/stage_ws/install/stage/share/stage/worlds/bitmaps/ghost.png
[6.654s] -- Installing: /home/liam-bouffard/Desktop/rob599_mobile_robotics/stage_ws/install/stage/share/stage/worlds/bitmaps/hospital.png
[6.654s] -- Installing: /home/liam-bouffard/Desktop/rob599_mobile_robotics/stage_ws/install/stage/share/stage/worlds/bitmaps/hospital_section.png
[6.654s] -- Installing: /home/liam-bouffard/Desktop/rob599_mobile_robotics/stage_ws/install/stage/share/stage/worlds/bitmaps/human_outline.png
[6.654s] -- Installing: /home/liam-bouffard/Desktop/rob599_mobile_robotics/stage_ws/install/stage/share/stage/worlds/bitmaps/mbicp.png
[6.655s] -- Installing: /home/liam-bouffard/Desktop/rob599_mobile_robotics/stage_ws/install/stage/share/stage/worlds/bitmaps/rink.png
[6.655s] -- Installing: /home/liam-bouffard/Desktop/rob599_mobile_robotics/stage_ws/install/stage/share/stage/worlds/bitmaps/sal2.png
[6.655s] -- Installing: /home/liam-bouffard/Desktop/rob599_mobile_robotics/stage_ws/install/stage/share/stage/worlds/bitmaps/simple_rooms.png
[6.655s] -- Installing: /home/liam-bouffard/Desktop/rob599_mobile_robotics/stage_ws/install/stage/share/stage/worlds/bitmaps/space_invader.png
[6.655s] -- Installing: /home/liam-bouffard/Desktop/rob599_mobile_robotics/stage_ws/install/stage/share/stage/worlds/bitmaps/submarine.png
[6.655s] -- Installing: /home/liam-bouffard/Desktop/rob599_mobile_robotics/stage_ws/install/stage/share/stage/worlds/bitmaps/submarine_small.png
[6.655s] -- Installing: /home/liam-bouffard/Desktop/rob599_mobile_robotics/stage_ws/install/stage/share/stage/worlds/bitmaps/table.png
[6.655s] -- Installing: /home/liam-bouffard/Desktop/rob599_mobile_robotics/stage_ws/install/stage/share/stage/worlds/bitmaps/uoa_robotics_lab.png
[6.655s] -- Installing: /home/liam-bouffard/Desktop/rob599_mobile_robotics/stage_ws/install/stage/share/stage/worlds/wifi/commando.world
[6.655s] -- Installing: /home/liam-bouffard/Desktop/rob599_mobile_robotics/stage_ws/install/stage/share/stage/worlds/wifi/hosp_wifi.world
[6.655s] -- Installing: /home/liam-bouffard/Desktop/rob599_mobile_robotics/stage_ws/install/stage/share/stage/worlds/wifi/hosp_wifi_5.world
[6.656s] -- Installing: /home/liam-bouffard/Desktop/rob599_mobile_robotics/stage_ws/install/stage/share/stage/worlds/wifi/wifi.world
[6.656s] -- Installing: /home/liam-bouffard/Desktop/rob599_mobile_robotics/stage_ws/install/stage/share/stage/worlds/wifi/wifi_itu.world
[6.656s] -- Installing: /home/liam-bouffard/Desktop/rob599_mobile_robotics/stage_ws/install/stage/share/stage/worlds/wifi/wifi_logdistance.world
[6.656s] -- Installing: /home/liam-bouffard/Desktop/rob599_mobile_robotics/stage_ws/install/stage/share/stage/worlds/wifi/wifi_ray.world
[6.656s] -- Installing: /home/liam-bouffard/Desktop/rob599_mobile_robotics/stage_ws/install/stage/share/stage/worlds/wifi/wifi_simple.world
[6.656s] -- Installing: /home/liam-bouffard/Desktop/rob599_mobile_robotics/stage_ws/install/stage/share/stage/worlds/wifi/map.inc
[6.658s] Invoked command in '/home/liam-bouffard/Desktop/rob599_mobile_robotics/stage_ws/build/stage' returned '0': DEBUGINFOD_URLS=https://debuginfod.ubuntu.com /usr/bin/cmake --install /home/liam-bouffard/Desktop/rob599_mobile_robotics/stage_ws/build/stage
