-- The C compiler identification is GNU 13.3.0
-- The CXX compiler identification is GNU 13.3.0
-- Detecting C compiler ABI info
-- Detecting C compiler ABI info - done
-- Check for working C compiler: /usr/bin/cc - skipped
-- Detecting C compile features
-- Detecting C compile features - done
-- Detecting CXX compiler ABI info
-- Detecting CXX compiler ABI info - done
-- Check for working CXX compiler: /usr/bin/c++ - skipped
-- Detecting CXX compile features
-- Detecting CXX compile features - done
-- Found ament_cmake: 2.7.3 (/opt/ros/kilted/share/ament_cmake/cmake)
-- Found Python3: /usr/bin/python3 (found version "3.12.3") found components: Interpreter 
-- Override CMake install command with custom implementation using symlinks instead of copying resources
-- Found rosidl_default_generators: 1.7.1 (/opt/ros/kilted/share/rosidl_default_generators/cmake)
-- Using all available rosidl_typesupport_c: rosidl_typesupport_fastrtps_c;rosidl_typesupport_introspection_c
-- Using all available rosidl_typesupport_cpp: rosidl_typesupport_fastrtps_cpp;rosidl_typesupport_introspection_cpp
-- Found rosidl_adapter: 4.9.5 (/opt/ros/kilted/share/rosidl_adapter/cmake)
-- Found std_msgs: 5.5.1 (/opt/ros/kilted/share/std_msgs/cmake)
-- Found geometry_msgs: 5.5.1 (/opt/ros/kilted/share/geometry_msgs/cmake)
-- Found ament_cmake_ros_core: 0.14.3 (/opt/ros/kilted/share/ament_cmake_ros_core/cmake)
-- Using all available rosidl_typesupport_c: rosidl_typesupport_fastrtps_c;rosidl_typesupport_introspection_c
-- Using all available rosidl_typesupport_cpp: rosidl_typesupport_fastrtps_cpp;rosidl_typesupport_introspection_cpp
-- Found Python3: /usr/bin/python3 (found version "3.12.3") found components: Interpreter Development NumPy Development.Module Development.Embed 
-- Found ament_lint_auto: 0.19.2 (/opt/ros/kilted/share/ament_lint_auto/cmake)
-- Added test 'lint_cmake' to check CMake code style
-- Added test 'xmllint' to check XML markup files
-- Configuring done (4.2s)
-- Generating done (0.0s)
-- Build files have been written to: /home/liam-bouffard/Desktop/rob599_mobile_robotics/pioneer_ws/build/goal_target
[  2%] [34m[1mGenerating type hashes for ROS interfaces[0m
[  2%] Built target ament_cmake_python_symlink_goal_target
[  2%] Built target goal_target__rosidl_generator_type_description
[  5%] [34m[1mGenerating C code for ROS interfaces[0m
[  8%] [34m[1mGenerating C++ code for ROS interfaces[0m
running egg_info
creating goal_target.egg-info
writing goal_target.egg-info/PKG-INFO
writing dependency_links to goal_target.egg-info/dependency_links.txt
writing top-level names to goal_target.egg-info/top_level.txt
writing manifest file 'goal_target.egg-info/SOURCES.txt'
reading manifest file 'goal_target.egg-info/SOURCES.txt'
writing manifest file 'goal_target.egg-info/SOURCES.txt'
[  8%] Built target ament_cmake_python_build_goal_target_egg
[  8%] Built target goal_target__cpp
[ 11%] [32mBuilding C object CMakeFiles/goal_target__rosidl_generator_c.dir/rosidl_generator_c/goal_target/action/detail/goal_target__functions.c.o[0m
[ 14%] [32mBuilding C object CMakeFiles/goal_target__rosidl_generator_c.dir/rosidl_generator_c/goal_target/action/detail/goal_target__description.c.o[0m
[ 17%] [32mBuilding C object CMakeFiles/goal_target__rosidl_generator_c.dir/rosidl_generator_c/goal_target/action/detail/goal_target__type_support.c.o[0m
[ 20%] [32m[1mLinking C shared library libgoal_target__rosidl_generator_c.so[0m
[ 20%] Built target goal_target__rosidl_generator_c
[ 23%] [34m[1mGenerating C++ type support dispatch for ROS interfaces[0m
[ 26%] [34m[1mGenerating C type support for eProsima Fast-RTPS[0m
[ 32%] [34m[1mGenerating C introspection for ROS interfaces[0m
[ 32%] [34m[1mGenerating C type support dispatch for ROS interfaces[0m
[ 35%] [34m[1mGenerating C++ type support for eProsima Fast-RTPS[0m
[ 38%] [34m[1mGenerating C++ introspection for ROS interfaces[0m
[ 41%] [32mBuilding CXX object CMakeFiles/goal_target__rosidl_typesupport_cpp.dir/rosidl_typesupport_cpp/goal_target/action/goal_target__type_support.cpp.o[0m
[ 44%] [32mBuilding CXX object CMakeFiles/goal_target__rosidl_typesupport_c.dir/rosidl_typesupport_c/goal_target/action/goal_target__type_support.cpp.o[0m
[ 47%] [32m[1mLinking CXX shared library libgoal_target__rosidl_typesupport_c.so[0m
[ 50%] [32mBuilding CXX object CMakeFiles/goal_target__rosidl_typesupport_introspection_cpp.dir/rosidl_typesupport_introspection_cpp/goal_target/action/detail/goal_target__type_support.cpp.o[0m
[ 52%] [32mBuilding C object CMakeFiles/goal_target__rosidl_typesupport_introspection_c.dir/rosidl_typesupport_introspection_c/goal_target/action/detail/goal_target__type_support.c.o[0m
[ 52%] Built target goal_target__rosidl_typesupport_c
[ 55%] [32m[1mLinking C shared library libgoal_target__rosidl_typesupport_introspection_c.so[0m
[ 58%] [32mBuilding CXX object CMakeFiles/goal_target__rosidl_typesupport_fastrtps_cpp.dir/rosidl_typesupport_fastrtps_cpp/goal_target/action/detail/dds_fastrtps/goal_target__type_support.cpp.o[0m
[ 58%] Built target goal_target__rosidl_typesupport_introspection_c
[ 61%] [32mBuilding CXX object CMakeFiles/goal_target__rosidl_typesupport_fastrtps_c.dir/rosidl_typesupport_fastrtps_c/goal_target/action/detail/goal_target__type_support_c.cpp.o[0m
[ 64%] [32m[1mLinking CXX shared library libgoal_target__rosidl_typesupport_cpp.so[0m
[ 64%] Built target goal_target__rosidl_typesupport_cpp
[ 67%] [32m[1mLinking CXX shared library libgoal_target__rosidl_typesupport_fastrtps_c.so[0m
[ 70%] [32m[1mLinking CXX shared library libgoal_target__rosidl_typesupport_introspection_cpp.so[0m
[ 70%] Built target goal_target__rosidl_typesupport_fastrtps_c
[ 70%] Built target goal_target__rosidl_typesupport_introspection_cpp
[ 73%] [32m[1mLinking CXX shared library libgoal_target__rosidl_typesupport_fastrtps_cpp.so[0m
[ 73%] Built target goal_target__rosidl_typesupport_fastrtps_cpp
[ 73%] Built target goal_target
[ 76%] [34m[1mGenerating Python code for ROS interfaces[0m
[ 76%] Built target goal_target__py
[ 79%] [32mBuilding C object CMakeFiles/goal_target__rosidl_generator_py.dir/rosidl_generator_py/goal_target/action/_goal_target_s.c.o[0m
[ 82%] [32m[1mLinking C shared library libgoal_target__rosidl_generator_py.so[0m
[ 82%] Built target goal_target__rosidl_generator_py
[ 85%] [32mBuilding C object CMakeFiles/goal_target_s__rosidl_typesupport_c.dir/rosidl_generator_py/goal_target/_goal_target_s.ep.rosidl_typesupport_c.c.o[0m
[ 88%] [32mBuilding C object CMakeFiles/goal_target_s__rosidl_typesupport_fastrtps_c.dir/rosidl_generator_py/goal_target/_goal_target_s.ep.rosidl_typesupport_fastrtps_c.c.o[0m
[ 91%] [32mBuilding C object CMakeFiles/goal_target_s__rosidl_typesupport_introspection_c.dir/rosidl_generator_py/goal_target/_goal_target_s.ep.rosidl_typesupport_introspection_c.c.o[0m
[ 94%] [32m[1mLinking C shared module rosidl_generator_py/goal_target/goal_target_s__rosidl_typesupport_c.so[0m
[ 97%] [32m[1mLinking C shared module rosidl_generator_py/goal_target/goal_target_s__rosidl_typesupport_introspection_c.so[0m
[100%] [32m[1mLinking C shared module rosidl_generator_py/goal_target/goal_target_s__rosidl_typesupport_fastrtps_c.so[0m
[100%] Built target goal_target_s__rosidl_typesupport_introspection_c
[100%] Built target goal_target_s__rosidl_typesupport_c
[100%] Built target goal_target_s__rosidl_typesupport_fastrtps_c
-- Install configuration: ""
-- Execute custom install script
-- Symlinking: /home/liam-bouffard/Desktop/rob599_mobile_robotics/pioneer_ws/install/goal_target/share/ament_index/resource_index/rosidl_interfaces/goal_target
-- Symlinking: /home/liam-bouffard/Desktop/rob599_mobile_robotics/pioneer_ws/install/goal_target/share/goal_target/action/GoalTarget.json
-- Symlinking: /home/liam-bouffard/Desktop/rob599_mobile_robotics/pioneer_ws/install/goal_target/include/goal_target/goal_target/action/detail/goal_target__functions.h
-- Symlinking: /home/liam-bouffard/Desktop/rob599_mobile_robotics/pioneer_ws/install/goal_target/include/goal_target/goal_target/action/detail/goal_target__struct.h
-- Symlinking: /home/liam-bouffard/Desktop/rob599_mobile_robotics/pioneer_ws/install/goal_target/include/goal_target/goal_target/action/detail/goal_target__type_support.h
-- Symlinking: /home/liam-bouffard/Desktop/rob599_mobile_robotics/pioneer_ws/install/goal_target/include/goal_target/goal_target/action/goal_target.h
-- Symlinking: /home/liam-bouffard/Desktop/rob599_mobile_robotics/pioneer_ws/install/goal_target/include/goal_target/goal_target/msg/rosidl_generator_c__visibility_control.h
-- Symlinking: /home/liam-bouffard/Desktop/rob599_mobile_robotics/pioneer_ws/install/goal_target/share/goal_target/environment/library_path.sh
-- Symlinking: /home/liam-bouffard/Desktop/rob599_mobile_robotics/pioneer_ws/install/goal_target/share/goal_target/environment/library_path.dsv
-- Symlinking: /home/liam-bouffard/Desktop/rob599_mobile_robotics/pioneer_ws/install/goal_target/include/goal_target/goal_target/action/detail/goal_target__rosidl_typesupport_fastrtps_c.h
-- Symlinking: /home/liam-bouffard/Desktop/rob599_mobile_robotics/pioneer_ws/install/goal_target/include/goal_target/goal_target/msg/rosidl_typesupport_fastrtps_c__visibility_control.h
-- Symlinking: /home/liam-bouffard/Desktop/rob599_mobile_robotics/pioneer_ws/install/goal_target/include/goal_target/goal_target/action/detail/goal_target__rosidl_typesupport_introspection_c.h
-- Symlinking: /home/liam-bouffard/Desktop/rob599_mobile_robotics/pioneer_ws/install/goal_target/include/goal_target/goal_target/msg/rosidl_typesupport_introspection_c__visibility_control.h
-- Symlinking: /home/liam-bouffard/Desktop/rob599_mobile_robotics/pioneer_ws/install/goal_target/include/goal_target/goal_target/action/detail/goal_target__builder.hpp
-- Symlinking: /home/liam-bouffard/Desktop/rob599_mobile_robotics/pioneer_ws/install/goal_target/include/goal_target/goal_target/action/detail/goal_target__struct.hpp
-- Symlinking: /home/liam-bouffard/Desktop/rob599_mobile_robotics/pioneer_ws/install/goal_target/include/goal_target/goal_target/action/detail/goal_target__traits.hpp
-- Symlinking: /home/liam-bouffard/Desktop/rob599_mobile_robotics/pioneer_ws/install/goal_target/include/goal_target/goal_target/action/detail/goal_target__type_support.hpp
-- Symlinking: /home/liam-bouffard/Desktop/rob599_mobile_robotics/pioneer_ws/install/goal_target/include/goal_target/goal_target/action/goal_target.hpp
-- Symlinking: /home/liam-bouffard/Desktop/rob599_mobile_robotics/pioneer_ws/install/goal_target/include/goal_target/goal_target/msg/rosidl_generator_cpp__visibility_control.hpp
-- Symlinking: /home/liam-bouffard/Desktop/rob599_mobile_robotics/pioneer_ws/install/goal_target/include/goal_target/goal_target/action/detail/goal_target__rosidl_typesupport_fastrtps_cpp.hpp
-- Symlinking: /home/liam-bouffard/Desktop/rob599_mobile_robotics/pioneer_ws/install/goal_target/include/goal_target/goal_target/msg/rosidl_typesupport_fastrtps_cpp__visibility_control.h
-- Symlinking: /home/liam-bouffard/Desktop/rob599_mobile_robotics/pioneer_ws/install/goal_target/include/goal_target/goal_target/action/detail/goal_target__rosidl_typesupport_introspection_cpp.hpp
-- Symlinking: /home/liam-bouffard/Desktop/rob599_mobile_robotics/pioneer_ws/install/goal_target/share/goal_target/environment/pythonpath.sh
-- Symlinking: /home/liam-bouffard/Desktop/rob599_mobile_robotics/pioneer_ws/install/goal_target/share/goal_target/environment/pythonpath.dsv
-- Symlinking: /home/liam-bouffard/Desktop/rob599_mobile_robotics/pioneer_ws/install/goal_target/lib/python3.12/site-packages/goal_target-0.0.0-py3.12.egg-info/PKG-INFO
-- Symlinking: /home/liam-bouffard/Desktop/rob599_mobile_robotics/pioneer_ws/install/goal_target/lib/python3.12/site-packages/goal_target-0.0.0-py3.12.egg-info/SOURCES.txt
-- Symlinking: /home/liam-bouffard/Desktop/rob599_mobile_robotics/pioneer_ws/install/goal_target/lib/python3.12/site-packages/goal_target-0.0.0-py3.12.egg-info/dependency_links.txt
-- Symlinking: /home/liam-bouffard/Desktop/rob599_mobile_robotics/pioneer_ws/install/goal_target/lib/python3.12/site-packages/goal_target-0.0.0-py3.12.egg-info/top_level.txt
-- Symlinking: /home/liam-bouffard/Desktop/rob599_mobile_robotics/pioneer_ws/install/goal_target/lib/python3.12/site-packages/goal_target/__init__.py
-- Symlinking: /home/liam-bouffard/Desktop/rob599_mobile_robotics/pioneer_ws/install/goal_target/lib/python3.12/site-packages/goal_target/_goal_target_s.ep.rosidl_typesupport_c.c
-- Symlinking: /home/liam-bouffard/Desktop/rob599_mobile_robotics/pioneer_ws/install/goal_target/lib/python3.12/site-packages/goal_target/_goal_target_s.ep.rosidl_typesupport_fastrtps_c.c
-- Symlinking: /home/liam-bouffard/Desktop/rob599_mobile_robotics/pioneer_ws/install/goal_target/lib/python3.12/site-packages/goal_target/_goal_target_s.ep.rosidl_typesupport_introspection_c.c
-- Symlinking: /home/liam-bouffard/Desktop/rob599_mobile_robotics/pioneer_ws/install/goal_target/lib/python3.12/site-packages/goal_target/action/__init__.py
-- Symlinking: /home/liam-bouffard/Desktop/rob599_mobile_robotics/pioneer_ws/install/goal_target/lib/python3.12/site-packages/goal_target/action/_goal_target.py
-- Symlinking: /home/liam-bouffard/Desktop/rob599_mobile_robotics/pioneer_ws/install/goal_target/lib/python3.12/site-packages/goal_target/action/_goal_target_s.c
-- Symlinking: /home/liam-bouffard/Desktop/rob599_mobile_robotics/pioneer_ws/install/goal_target/lib/python3.12/site-packages/goal_target/goal_target_s__rosidl_typesupport_c.so
-- Symlinking: /home/liam-bouffard/Desktop/rob599_mobile_robotics/pioneer_ws/install/goal_target/lib/python3.12/site-packages/goal_target/goal_target_s__rosidl_typesupport_fastrtps_c.so
-- Symlinking: /home/liam-bouffard/Desktop/rob599_mobile_robotics/pioneer_ws/install/goal_target/lib/python3.12/site-packages/goal_target/goal_target_s__rosidl_typesupport_introspection_c.so
-- Up-to-date symlink: /home/liam-bouffard/Desktop/rob599_mobile_robotics/pioneer_ws/install/goal_target/lib/python3.12/site-packages/goal_target/goal_target_s__rosidl_typesupport_fastrtps_c.so
-- Up-to-date symlink: /home/liam-bouffard/Desktop/rob599_mobile_robotics/pioneer_ws/install/goal_target/lib/python3.12/site-packages/goal_target/goal_target_s__rosidl_typesupport_introspection_c.so
-- Up-to-date symlink: /home/liam-bouffard/Desktop/rob599_mobile_robotics/pioneer_ws/install/goal_target/lib/python3.12/site-packages/goal_target/goal_target_s__rosidl_typesupport_c.so
-- Symlinking: /home/liam-bouffard/Desktop/rob599_mobile_robotics/pioneer_ws/install/goal_target/share/goal_target/action/GoalTarget.idl
-- Symlinking: /home/liam-bouffard/Desktop/rob599_mobile_robotics/pioneer_ws/install/goal_target/share/goal_target/action/GoalTarget.action
-- Symlinking: /home/liam-bouffard/Desktop/rob599_mobile_robotics/pioneer_ws/install/goal_target/share/ament_index/resource_index/package_run_dependencies/goal_target
-- Symlinking: /home/liam-bouffard/Desktop/rob599_mobile_robotics/pioneer_ws/install/goal_target/share/ament_index/resource_index/parent_prefix_path/goal_target
-- Symlinking: /home/liam-bouffard/Desktop/rob599_mobile_robotics/pioneer_ws/install/goal_target/share/goal_target/environment/ament_prefix_path.sh
-- Symlinking: /home/liam-bouffard/Desktop/rob599_mobile_robotics/pioneer_ws/install/goal_target/share/goal_target/environment/ament_prefix_path.dsv
-- Symlinking: /home/liam-bouffard/Desktop/rob599_mobile_robotics/pioneer_ws/install/goal_target/share/goal_target/environment/path.sh
-- Symlinking: /home/liam-bouffard/Desktop/rob599_mobile_robotics/pioneer_ws/install/goal_target/share/goal_target/environment/path.dsv
-- Symlinking: /home/liam-bouffard/Desktop/rob599_mobile_robotics/pioneer_ws/install/goal_target/share/goal_target/local_setup.bash
-- Symlinking: /home/liam-bouffard/Desktop/rob599_mobile_robotics/pioneer_ws/install/goal_target/share/goal_target/local_setup.sh
-- Symlinking: /home/liam-bouffard/Desktop/rob599_mobile_robotics/pioneer_ws/install/goal_target/share/goal_target/local_setup.zsh
-- Symlinking: /home/liam-bouffard/Desktop/rob599_mobile_robotics/pioneer_ws/install/goal_target/share/goal_target/local_setup.dsv
-- Symlinking: /home/liam-bouffard/Desktop/rob599_mobile_robotics/pioneer_ws/install/goal_target/share/goal_target/package.dsv
-- Symlinking: /home/liam-bouffard/Desktop/rob599_mobile_robotics/pioneer_ws/install/goal_target/share/ament_index/resource_index/packages/goal_target
-- Symlinking: /home/liam-bouffard/Desktop/rob599_mobile_robotics/pioneer_ws/install/goal_target/share/goal_target/cmake/rosidl_cmake-extras.cmake
-- Symlinking: /home/liam-bouffard/Desktop/rob599_mobile_robotics/pioneer_ws/install/goal_target/share/goal_target/cmake/ament_cmake_export_dependencies-extras.cmake
-- Symlinking: /home/liam-bouffard/Desktop/rob599_mobile_robotics/pioneer_ws/install/goal_target/share/goal_target/cmake/ament_cmake_export_include_directories-extras.cmake
-- Symlinking: /home/liam-bouffard/Desktop/rob599_mobile_robotics/pioneer_ws/install/goal_target/share/goal_target/cmake/ament_cmake_export_libraries-extras.cmake
-- Symlinking: /home/liam-bouffard/Desktop/rob599_mobile_robotics/pioneer_ws/install/goal_target/share/goal_target/cmake/ament_cmake_export_targets-extras.cmake
-- Symlinking: /home/liam-bouffard/Desktop/rob599_mobile_robotics/pioneer_ws/install/goal_target/share/goal_target/cmake/rosidl_cmake_export_typesupport_targets-extras.cmake
-- Symlinking: /home/liam-bouffard/Desktop/rob599_mobile_robotics/pioneer_ws/install/goal_target/share/goal_target/cmake/rosidl_cmake_export_typesupport_libraries-extras.cmake
-- Symlinking: /home/liam-bouffard/Desktop/rob599_mobile_robotics/pioneer_ws/install/goal_target/share/goal_target/cmake/goal_targetConfig.cmake
-- Symlinking: /home/liam-bouffard/Desktop/rob599_mobile_robotics/pioneer_ws/install/goal_target/share/goal_target/cmake/goal_targetConfig-version.cmake
-- Symlinking: /home/liam-bouffard/Desktop/rob599_mobile_robotics/pioneer_ws/install/goal_target/share/goal_target/package.xml
-- Installing: /home/liam-bouffard/Desktop/rob599_mobile_robotics/pioneer_ws/install/goal_target/lib/libgoal_target__rosidl_generator_c.so
-- Set non-toolchain portion of runtime path of "/home/liam-bouffard/Desktop/rob599_mobile_robotics/pioneer_ws/install/goal_target/lib/libgoal_target__rosidl_generator_c.so" to ""
-- Installing: /home/liam-bouffard/Desktop/rob599_mobile_robotics/pioneer_ws/install/goal_target/lib/libgoal_target__rosidl_typesupport_fastrtps_c.so
-- Set non-toolchain portion of runtime path of "/home/liam-bouffard/Desktop/rob599_mobile_robotics/pioneer_ws/install/goal_target/lib/libgoal_target__rosidl_typesupport_fastrtps_c.so" to ""
-- Installing: /home/liam-bouffard/Desktop/rob599_mobile_robotics/pioneer_ws/install/goal_target/lib/libgoal_target__rosidl_typesupport_introspection_c.so
-- Set non-toolchain portion of runtime path of "/home/liam-bouffard/Desktop/rob599_mobile_robotics/pioneer_ws/install/goal_target/lib/libgoal_target__rosidl_typesupport_introspection_c.so" to ""
-- Installing: /home/liam-bouffard/Desktop/rob599_mobile_robotics/pioneer_ws/install/goal_target/lib/libgoal_target__rosidl_typesupport_c.so
-- Set non-toolchain portion of runtime path of "/home/liam-bouffard/Desktop/rob599_mobile_robotics/pioneer_ws/install/goal_target/lib/libgoal_target__rosidl_typesupport_c.so" to ""
-- Installing: /home/liam-bouffard/Desktop/rob599_mobile_robotics/pioneer_ws/install/goal_target/lib/libgoal_target__rosidl_typesupport_fastrtps_cpp.so
-- Set non-toolchain portion of runtime path of "/home/liam-bouffard/Desktop/rob599_mobile_robotics/pioneer_ws/install/goal_target/lib/libgoal_target__rosidl_typesupport_fastrtps_cpp.so" to ""
-- Installing: /home/liam-bouffard/Desktop/rob599_mobile_robotics/pioneer_ws/install/goal_target/lib/libgoal_target__rosidl_typesupport_introspection_cpp.so
-- Set non-toolchain portion of runtime path of "/home/liam-bouffard/Desktop/rob599_mobile_robotics/pioneer_ws/install/goal_target/lib/libgoal_target__rosidl_typesupport_introspection_cpp.so" to ""
-- Installing: /home/liam-bouffard/Desktop/rob599_mobile_robotics/pioneer_ws/install/goal_target/lib/libgoal_target__rosidl_typesupport_cpp.so
-- Set non-toolchain portion of runtime path of "/home/liam-bouffard/Desktop/rob599_mobile_robotics/pioneer_ws/install/goal_target/lib/libgoal_target__rosidl_typesupport_cpp.so" to ""
Listing '/home/liam-bouffard/Desktop/rob599_mobile_robotics/pioneer_ws/install/goal_target/lib/python3.12/site-packages/goal_target'...
Compiling '/home/liam-bouffard/Desktop/rob599_mobile_robotics/pioneer_ws/install/goal_target/lib/python3.12/site-packages/goal_target/__init__.py'...
Listing '/home/liam-bouffard/Desktop/rob599_mobile_robotics/pioneer_ws/install/goal_target/lib/python3.12/site-packages/goal_target/action'...
Compiling '/home/liam-bouffard/Desktop/rob599_mobile_robotics/pioneer_ws/install/goal_target/lib/python3.12/site-packages/goal_target/action/__init__.py'...
Compiling '/home/liam-bouffard/Desktop/rob599_mobile_robotics/pioneer_ws/install/goal_target/lib/python3.12/site-packages/goal_target/action/_goal_target.py'...
-- Installing: /home/liam-bouffard/Desktop/rob599_mobile_robotics/pioneer_ws/install/goal_target/lib/libgoal_target__rosidl_generator_py.so
-- Set non-toolchain portion of runtime path of "/home/liam-bouffard/Desktop/rob599_mobile_robotics/pioneer_ws/install/goal_target/lib/libgoal_target__rosidl_generator_py.so" to ""
-- Installing: /home/liam-bouffard/Desktop/rob599_mobile_robotics/pioneer_ws/install/goal_target/share/goal_target/cmake/export_goal_target__rosidl_generator_cExport.cmake
-- Installing: /home/liam-bouffard/Desktop/rob599_mobile_robotics/pioneer_ws/install/goal_target/share/goal_target/cmake/export_goal_target__rosidl_generator_cExport-noconfig.cmake
-- Installing: /home/liam-bouffard/Desktop/rob599_mobile_robotics/pioneer_ws/install/goal_target/share/goal_target/cmake/export_goal_target__rosidl_typesupport_fastrtps_cExport.cmake
-- Installing: /home/liam-bouffard/Desktop/rob599_mobile_robotics/pioneer_ws/install/goal_target/share/goal_target/cmake/export_goal_target__rosidl_typesupport_fastrtps_cExport-noconfig.cmake
-- Installing: /home/liam-bouffard/Desktop/rob599_mobile_robotics/pioneer_ws/install/goal_target/share/goal_target/cmake/goal_target__rosidl_typesupport_introspection_cExport.cmake
-- Installing: /home/liam-bouffard/Desktop/rob599_mobile_robotics/pioneer_ws/install/goal_target/share/goal_target/cmake/goal_target__rosidl_typesupport_introspection_cExport-noconfig.cmake
-- Installing: /home/liam-bouffard/Desktop/rob599_mobile_robotics/pioneer_ws/install/goal_target/share/goal_target/cmake/goal_target__rosidl_typesupport_cExport.cmake
-- Installing: /home/liam-bouffard/Desktop/rob599_mobile_robotics/pioneer_ws/install/goal_target/share/goal_target/cmake/goal_target__rosidl_typesupport_cExport-noconfig.cmake
-- Installing: /home/liam-bouffard/Desktop/rob599_mobile_robotics/pioneer_ws/install/goal_target/share/goal_target/cmake/export_goal_target__rosidl_generator_cppExport.cmake
-- Installing: /home/liam-bouffard/Desktop/rob599_mobile_robotics/pioneer_ws/install/goal_target/share/goal_target/cmake/export_goal_target__rosidl_typesupport_fastrtps_cppExport.cmake
-- Installing: /home/liam-bouffard/Desktop/rob599_mobile_robotics/pioneer_ws/install/goal_target/share/goal_target/cmake/export_goal_target__rosidl_typesupport_fastrtps_cppExport-noconfig.cmake
-- Installing: /home/liam-bouffard/Desktop/rob599_mobile_robotics/pioneer_ws/install/goal_target/share/goal_target/cmake/goal_target__rosidl_typesupport_introspection_cppExport.cmake
-- Installing: /home/liam-bouffard/Desktop/rob599_mobile_robotics/pioneer_ws/install/goal_target/share/goal_target/cmake/goal_target__rosidl_typesupport_introspection_cppExport-noconfig.cmake
-- Installing: /home/liam-bouffard/Desktop/rob599_mobile_robotics/pioneer_ws/install/goal_target/share/goal_target/cmake/goal_target__rosidl_typesupport_cppExport.cmake
-- Installing: /home/liam-bouffard/Desktop/rob599_mobile_robotics/pioneer_ws/install/goal_target/share/goal_target/cmake/goal_target__rosidl_typesupport_cppExport-noconfig.cmake
-- Installing: /home/liam-bouffard/Desktop/rob599_mobile_robotics/pioneer_ws/install/goal_target/share/goal_target/cmake/export_goal_target__rosidl_generator_pyExport.cmake
-- Installing: /home/liam-bouffard/Desktop/rob599_mobile_robotics/pioneer_ws/install/goal_target/share/goal_target/cmake/export_goal_target__rosidl_generator_pyExport-noconfig.cmake
