[0.592s] Invoking command in '/home/liam-bouffard/Desktop/rob599_mobile_robotics/ros2_tutorial_py_ws/src/py_pubsub': CONDA_PROMPT_MODIFIER=(env3.14) DEBUGINFOD_URLS=https://debuginfod.ubuntu.com PYTHONPATH=/home/liam-bouffard/Desktop/rob599_mobile_robotics/ros2_tutorial_py_ws/build/py_pubsub/prefix_override:/usr/lib/python3/dist-packages/colcon_core/task/python/colcon_distutils_commands:/home/liam-bouffard/Desktop/rob599_mobile_robotics/ros2_tutorial_py_ws/install/py_pubsub/lib/python3.12/site-packages:${PYTHONPATH} /usr/bin/python3 -W ignore:setup.py install is deprecated -W ignore:easy_install command is deprecated setup.py egg_info --egg-base ../../build/py_pubsub build --build-base /home/liam-bouffard/Desktop/rob599_mobile_robotics/ros2_tutorial_py_ws/build/py_pubsub/build install --record /home/liam-bouffard/Desktop/rob599_mobile_robotics/ros2_tutorial_py_ws/build/py_pubsub/install.log --single-version-externally-managed install_data
[0.786s] running egg_info
[0.800s] writing ../../build/py_pubsub/py_pubsub.egg-info/PKG-INFO
[0.800s] writing dependency_links to ../../build/py_pubsub/py_pubsub.egg-info/dependency_links.txt
[0.800s] writing entry points to ../../build/py_pubsub/py_pubsub.egg-info/entry_points.txt
[0.800s] writing requirements to ../../build/py_pubsub/py_pubsub.egg-info/requires.txt
[0.800s] writing top-level names to ../../build/py_pubsub/py_pubsub.egg-info/top_level.txt
[0.829s] reading manifest file '../../build/py_pubsub/py_pubsub.egg-info/SOURCES.txt'
[0.829s] adding license file 'LICENSE'
[0.830s] writing manifest file '../../build/py_pubsub/py_pubsub.egg-info/SOURCES.txt'
[0.830s] running build
[0.830s] running build_py
[0.830s] copying py_pubsub/subscriber_member_function.py -> /home/liam-bouffard/Desktop/rob599_mobile_robotics/ros2_tutorial_py_ws/build/py_pubsub/build/lib/py_pubsub
[0.830s] copying py_pubsub/publisher_member_function.py -> /home/liam-bouffard/Desktop/rob599_mobile_robotics/ros2_tutorial_py_ws/build/py_pubsub/build/lib/py_pubsub
[0.830s] running install
[0.834s] running install_lib
[0.849s] copying /home/liam-bouffard/Desktop/rob599_mobile_robotics/ros2_tutorial_py_ws/build/py_pubsub/build/lib/py_pubsub/subscriber_member_function.py -> /home/liam-bouffard/Desktop/rob599_mobile_robotics/ros2_tutorial_py_ws/install/py_pubsub/lib/python3.12/site-packages/py_pubsub
[0.849s] copying /home/liam-bouffard/Desktop/rob599_mobile_robotics/ros2_tutorial_py_ws/build/py_pubsub/build/lib/py_pubsub/publisher_member_function.py -> /home/liam-bouffard/Desktop/rob599_mobile_robotics/ros2_tutorial_py_ws/install/py_pubsub/lib/python3.12/site-packages/py_pubsub
[0.850s] byte-compiling /home/liam-bouffard/Desktop/rob599_mobile_robotics/ros2_tutorial_py_ws/install/py_pubsub/lib/python3.12/site-packages/py_pubsub/subscriber_member_function.py to subscriber_member_function.cpython-312.pyc
[0.850s] byte-compiling /home/liam-bouffard/Desktop/rob599_mobile_robotics/ros2_tutorial_py_ws/install/py_pubsub/lib/python3.12/site-packages/py_pubsub/publisher_member_function.py to publisher_member_function.cpython-312.pyc
[0.850s] running install_data
[0.851s] copying package.xml -> /home/liam-bouffard/Desktop/rob599_mobile_robotics/ros2_tutorial_py_ws/install/py_pubsub/share/py_pubsub
[0.851s] running install_egg_info
[0.866s] removing '/home/liam-bouffard/Desktop/rob599_mobile_robotics/ros2_tutorial_py_ws/install/py_pubsub/lib/python3.12/site-packages/py_pubsub-0.0.0-py3.12.egg-info' (and everything under it)
[0.866s] Copying ../../build/py_pubsub/py_pubsub.egg-info to /home/liam-bouffard/Desktop/rob599_mobile_robotics/ros2_tutorial_py_ws/install/py_pubsub/lib/python3.12/site-packages/py_pubsub-0.0.0-py3.12.egg-info
[0.867s] running install_scripts
[0.960s] Installing listener script to /home/liam-bouffard/Desktop/rob599_mobile_robotics/ros2_tutorial_py_ws/install/py_pubsub/lib/py_pubsub
[0.960s] Installing talker script to /home/liam-bouffard/Desktop/rob599_mobile_robotics/ros2_tutorial_py_ws/install/py_pubsub/lib/py_pubsub
[0.960s] writing list of installed files to '/home/liam-bouffard/Desktop/rob599_mobile_robotics/ros2_tutorial_py_ws/build/py_pubsub/install.log'
[0.977s] Invoked command in '/home/liam-bouffard/Desktop/rob599_mobile_robotics/ros2_tutorial_py_ws/src/py_pubsub' returned '0': CONDA_PROMPT_MODIFIER=(env3.14) DEBUGINFOD_URLS=https://debuginfod.ubuntu.com PYTHONPATH=/home/liam-bouffard/Desktop/rob599_mobile_robotics/ros2_tutorial_py_ws/build/py_pubsub/prefix_override:/usr/lib/python3/dist-packages/colcon_core/task/python/colcon_distutils_commands:/home/liam-bouffard/Desktop/rob599_mobile_robotics/ros2_tutorial_py_ws/install/py_pubsub/lib/python3.12/site-packages:${PYTHONPATH} /usr/bin/python3 -W ignore:setup.py install is deprecated -W ignore:easy_install command is deprecated setup.py egg_info --egg-base ../../build/py_pubsub build --build-base /home/liam-bouffard/Desktop/rob599_mobile_robotics/ros2_tutorial_py_ws/build/py_pubsub/build install --record /home/liam-bouffard/Desktop/rob599_mobile_robotics/ros2_tutorial_py_ws/build/py_pubsub/install.log --single-version-externally-managed install_data
