[0.009s] Invoking command in '/home/liam-bouffard/Desktop/rob599_mobile_robotics/ros2_tutorial_py_ws/build/tutorial_interfaces': CMAKE_PREFIX_PATH=${CMAKE_PREFIX_PATH}:/home/liam-bouffard/Desktop/rob599_mobile_robotics/ros2_tutorial_py_ws/install/py_srvcli:/home/liam-bouffard/Desktop/rob599_mobile_robotics/ros2_tutorial_py_ws/install/py_pubsub:/opt/ros/kilted DEBUGINFOD_URLS=https://debuginfod.ubuntu.com /usr/bin/cmake /home/liam-bouffard/Desktop/rob599_mobile_robotics/ros2_tutorial_py_ws/src/tutorial_interfaces -DCMAKE_INSTALL_PREFIX=/home/liam-bouffard/Desktop/rob599_mobile_robotics/ros2_tutorial_py_ws/install/tutorial_interfaces
[0.124s] -- The C compiler identification is GNU 13.3.0
[0.219s] -- The CXX compiler identification is GNU 13.3.0
[0.241s] -- Detecting C compiler ABI info
[0.344s] -- Detecting C compiler ABI info - done
[0.350s] -- Check for working C compiler: /usr/bin/cc - skipped
[0.350s] -- Detecting C compile features
[0.351s] -- Detecting C compile features - done
[0.360s] -- Detecting CXX compiler ABI info
[0.467s] -- Detecting CXX compiler ABI info - done
[0.474s] -- Check for working CXX compiler: /usr/bin/c++ - skipped
[0.474s] -- Detecting CXX compile features
[0.474s] -- Detecting CXX compile features - done
[0.478s] -- Found ament_cmake: 2.7.3 (/opt/ros/kilted/share/ament_cmake/cmake)
[0.599s] -- Found Python3: /usr/bin/python3 (found version "3.12.3") found components: Interpreter 
[0.681s] -- Found geometry_msgs: 5.5.1 (/opt/ros/kilted/share/geometry_msgs/cmake)
[0.725s] -- Found rosidl_generator_c: 4.9.5 (/opt/ros/kilted/share/rosidl_generator_c/cmake)
[0.735s] -- Found rosidl_generator_cpp: 4.9.5 (/opt/ros/kilted/share/rosidl_generator_cpp/cmake)
[0.749s] -- Using all available rosidl_typesupport_c: rosidl_typesupport_fastrtps_c;rosidl_typesupport_introspection_c
[0.763s] -- Using all available rosidl_typesupport_cpp: rosidl_typesupport_fastrtps_cpp;rosidl_typesupport_introspection_cpp
[0.800s] -- Found rosidl_default_generators: 1.7.1 (/opt/ros/kilted/share/rosidl_default_generators/cmake)
[0.810s] -- Found rosidl_adapter: 4.9.5 (/opt/ros/kilted/share/rosidl_adapter/cmake)
[1.315s] -- Found ament_cmake_ros_core: 0.14.3 (/opt/ros/kilted/share/ament_cmake_ros_core/cmake)
[2.075s] -- Using all available rosidl_typesupport_c: rosidl_typesupport_fastrtps_c;rosidl_typesupport_introspection_c
[2.348s] -- Using all available rosidl_typesupport_cpp: rosidl_typesupport_fastrtps_cpp;rosidl_typesupport_introspection_cpp
[2.729s] -- Found Python3: /usr/bin/python3 (found version "3.12.3") found components: Interpreter Development NumPy Development.Module Development.Embed 
[2.779s] -- Found ament_lint_auto: 0.19.2 (/opt/ros/kilted/share/ament_lint_auto/cmake)
[2.797s] -- Added test 'lint_cmake' to check CMake code style
[2.798s] -- Added test 'xmllint' to check XML markup files
[2.800s] -- Configuring done (2.8s)
[2.829s] -- Generating done (0.0s)
[2.837s] -- Build files have been written to: /home/liam-bouffard/Desktop/rob599_mobile_robotics/ros2_tutorial_py_ws/build/tutorial_interfaces
[2.844s] Invoked command in '/home/liam-bouffard/Desktop/rob599_mobile_robotics/ros2_tutorial_py_ws/build/tutorial_interfaces' returned '0': CMAKE_PREFIX_PATH=${CMAKE_PREFIX_PATH}:/home/liam-bouffard/Desktop/rob599_mobile_robotics/ros2_tutorial_py_ws/install/py_srvcli:/home/liam-bouffard/Desktop/rob599_mobile_robotics/ros2_tutorial_py_ws/install/py_pubsub:/opt/ros/kilted DEBUGINFOD_URLS=https://debuginfod.ubuntu.com /usr/bin/cmake /home/liam-bouffard/Desktop/rob599_mobile_robotics/ros2_tutorial_py_ws/src/tutorial_interfaces -DCMAKE_INSTALL_PREFIX=/home/liam-bouffard/Desktop/rob599_mobile_robotics/ros2_tutorial_py_ws/install/tutorial_interfaces
[2.845s] Invoking command in '/home/liam-bouffard/Desktop/rob599_mobile_robotics/ros2_tutorial_py_ws/build/tutorial_interfaces': CMAKE_PREFIX_PATH=${CMAKE_PREFIX_PATH}:/home/liam-bouffard/Desktop/rob599_mobile_robotics/ros2_tutorial_py_ws/install/py_srvcli:/home/liam-bouffard/Desktop/rob599_mobile_robotics/ros2_tutorial_py_ws/install/py_pubsub:/opt/ros/kilted DEBUGINFOD_URLS=https://debuginfod.ubuntu.com /usr/bin/cmake --build /home/liam-bouffard/Desktop/rob599_mobile_robotics/ros2_tutorial_py_ws/build/tutorial_interfaces -- -j32 -l32
[2.883s] [  1%] [34m[1mGenerating type hashes for ROS interfaces[0m
[2.892s] [  1%] Built target ament_cmake_python_copy_tutorial_interfaces
[3.029s] [  1%] Built target tutorial_interfaces__rosidl_generator_type_description
[3.037s] [  3%] [34m[1mGenerating C code for ROS interfaces[0m
[3.043s] [  5%] [34m[1mGenerating C++ code for ROS interfaces[0m
[3.050s] running egg_info
[3.050s] creating tutorial_interfaces.egg-info
[3.065s] writing tutorial_interfaces.egg-info/PKG-INFO
[3.065s] writing dependency_links to tutorial_interfaces.egg-info/dependency_links.txt
[3.065s] writing top-level names to tutorial_interfaces.egg-info/top_level.txt
[3.065s] writing manifest file 'tutorial_interfaces.egg-info/SOURCES.txt'
[3.107s] reading manifest file 'tutorial_interfaces.egg-info/SOURCES.txt'
[3.108s] writing manifest file 'tutorial_interfaces.egg-info/SOURCES.txt'
[3.129s] [  5%] Built target ament_cmake_python_build_tutorial_interfaces_egg
[3.262s] [  5%] Built target tutorial_interfaces__cpp
[3.288s] [  7%] [32mBuilding C object CMakeFiles/tutorial_interfaces__rosidl_generator_c.dir/rosidl_generator_c/tutorial_interfaces/msg/detail/num__functions.c.o[0m
[3.288s] [  9%] [32mBuilding C object CMakeFiles/tutorial_interfaces__rosidl_generator_c.dir/rosidl_generator_c/tutorial_interfaces/msg/detail/num__type_support.c.o[0m
[3.290s] [ 12%] [32mBuilding C object CMakeFiles/tutorial_interfaces__rosidl_generator_c.dir/rosidl_generator_c/tutorial_interfaces/msg/detail/sphere__type_support.c.o[0m
[3.290s] [ 12%] [32mBuilding C object CMakeFiles/tutorial_interfaces__rosidl_generator_c.dir/rosidl_generator_c/tutorial_interfaces/msg/detail/num__description.c.o[0m
[3.290s] [ 14%] [32mBuilding C object CMakeFiles/tutorial_interfaces__rosidl_generator_c.dir/rosidl_generator_c/tutorial_interfaces/msg/detail/sphere__description.c.o[0m
[3.290s] [ 18%] [32mBuilding C object CMakeFiles/tutorial_interfaces__rosidl_generator_c.dir/rosidl_generator_c/tutorial_interfaces/msg/detail/sphere__functions.c.o[0m
[3.291s] [ 18%] [32mBuilding C object CMakeFiles/tutorial_interfaces__rosidl_generator_c.dir/rosidl_generator_c/tutorial_interfaces/srv/detail/add_three_ints__description.c.o[0m
[3.291s] [ 20%] [32mBuilding C object CMakeFiles/tutorial_interfaces__rosidl_generator_c.dir/rosidl_generator_c/tutorial_interfaces/srv/detail/add_three_ints__functions.c.o[0m
[3.291s] [ 22%] [32mBuilding C object CMakeFiles/tutorial_interfaces__rosidl_generator_c.dir/rosidl_generator_c/tutorial_interfaces/srv/detail/add_three_ints__type_support.c.o[0m
[3.349s] [ 24%] [32m[1mLinking C shared library libtutorial_interfaces__rosidl_generator_c.so[0m
[3.393s] [ 24%] Built target tutorial_interfaces__rosidl_generator_c
[3.404s] [ 25%] [34m[1mGenerating C++ introspection for ROS interfaces[0m
[3.406s] [ 29%] [34m[1mGenerating C type support dispatch for ROS interfaces[0m
[3.406s] [ 29%] [34m[1mGenerating C introspection for ROS interfaces[0m
[3.406s] [ 33%] [34m[1mGenerating C++ type support dispatch for ROS interfaces[0m
[3.406s] [ 33%] [34m[1mGenerating C++ type support for eProsima Fast-RTPS[0m
[3.406s] [ 35%] [34m[1mGenerating C type support for eProsima Fast-RTPS[0m
[3.585s] [ 37%] [32mBuilding CXX object CMakeFiles/tutorial_interfaces__rosidl_typesupport_c.dir/rosidl_typesupport_c/tutorial_interfaces/msg/num__type_support.cpp.o[0m
[3.586s] [ 38%] [32mBuilding CXX object CMakeFiles/tutorial_interfaces__rosidl_typesupport_c.dir/rosidl_typesupport_c/tutorial_interfaces/msg/sphere__type_support.cpp.o[0m
[3.588s] [ 40%] [32mBuilding CXX object CMakeFiles/tutorial_interfaces__rosidl_typesupport_c.dir/rosidl_typesupport_c/tutorial_interfaces/srv/add_three_ints__type_support.cpp.o[0m
[3.598s] [ 42%] [32mBuilding CXX object CMakeFiles/tutorial_interfaces__rosidl_typesupport_cpp.dir/rosidl_typesupport_cpp/tutorial_interfaces/msg/sphere__type_support.cpp.o[0m
[3.598s] [ 44%] [32mBuilding CXX object CMakeFiles/tutorial_interfaces__rosidl_typesupport_cpp.dir/rosidl_typesupport_cpp/tutorial_interfaces/msg/num__type_support.cpp.o[0m
[3.599s] [ 46%] [32mBuilding CXX object CMakeFiles/tutorial_interfaces__rosidl_typesupport_cpp.dir/rosidl_typesupport_cpp/tutorial_interfaces/srv/add_three_ints__type_support.cpp.o[0m
[3.602s] [ 48%] [32mBuilding CXX object CMakeFiles/tutorial_interfaces__rosidl_typesupport_introspection_cpp.dir/rosidl_typesupport_introspection_cpp/tutorial_interfaces/msg/detail/sphere__type_support.cpp.o[0m
[3.603s] [ 50%] [32mBuilding C object CMakeFiles/tutorial_interfaces__rosidl_typesupport_introspection_c.dir/rosidl_typesupport_introspection_c/tutorial_interfaces/msg/detail/sphere__type_support.c.o[0m
[3.604s] [ 51%] [32mBuilding CXX object CMakeFiles/tutorial_interfaces__rosidl_typesupport_introspection_cpp.dir/rosidl_typesupport_introspection_cpp/tutorial_interfaces/msg/detail/num__type_support.cpp.o[0m
[3.604s] [ 53%] [32mBuilding CXX object CMakeFiles/tutorial_interfaces__rosidl_typesupport_introspection_cpp.dir/rosidl_typesupport_introspection_cpp/tutorial_interfaces/srv/detail/add_three_ints__type_support.cpp.o[0m
[3.605s] [ 55%] [32mBuilding C object CMakeFiles/tutorial_interfaces__rosidl_typesupport_introspection_c.dir/rosidl_typesupport_introspection_c/tutorial_interfaces/msg/detail/num__type_support.c.o[0m
[3.605s] [ 57%] [32mBuilding C object CMakeFiles/tutorial_interfaces__rosidl_typesupport_introspection_c.dir/rosidl_typesupport_introspection_c/tutorial_interfaces/srv/detail/add_three_ints__type_support.c.o[0m
[3.617s] [ 59%] [32m[1mLinking CXX shared library libtutorial_interfaces__rosidl_typesupport_c.so[0m
[3.637s] [ 62%] [32mBuilding CXX object CMakeFiles/tutorial_interfaces__rosidl_typesupport_fastrtps_cpp.dir/rosidl_typesupport_fastrtps_cpp/tutorial_interfaces/msg/detail/dds_fastrtps/num__type_support.cpp.o[0m
[3.637s] [ 64%] [32mBuilding CXX object CMakeFiles/tutorial_interfaces__rosidl_typesupport_fastrtps_cpp.dir/rosidl_typesupport_fastrtps_cpp/tutorial_interfaces/msg/detail/dds_fastrtps/sphere__type_support.cpp.o[0m
[3.637s] [ 64%] [32mBuilding CXX object CMakeFiles/tutorial_interfaces__rosidl_typesupport_fastrtps_cpp.dir/rosidl_typesupport_fastrtps_cpp/tutorial_interfaces/srv/detail/dds_fastrtps/add_three_ints__type_support.cpp.o[0m
[3.637s] [ 66%] [32m[1mLinking C shared library libtutorial_interfaces__rosidl_typesupport_introspection_c.so[0m
[3.644s] [ 68%] [32mBuilding CXX object CMakeFiles/tutorial_interfaces__rosidl_typesupport_fastrtps_c.dir/rosidl_typesupport_fastrtps_c/tutorial_interfaces/msg/detail/num__type_support_c.cpp.o[0m
[3.645s] [ 70%] [32mBuilding CXX object CMakeFiles/tutorial_interfaces__rosidl_typesupport_fastrtps_c.dir/rosidl_typesupport_fastrtps_c/tutorial_interfaces/srv/detail/add_three_ints__type_support_c.cpp.o[0m
[3.647s] [ 72%] [32mBuilding CXX object CMakeFiles/tutorial_interfaces__rosidl_typesupport_fastrtps_c.dir/rosidl_typesupport_fastrtps_c/tutorial_interfaces/msg/detail/sphere__type_support_c.cpp.o[0m
[3.648s] [ 72%] Built target tutorial_interfaces__rosidl_typesupport_c
[3.662s] [ 72%] Built target tutorial_interfaces__rosidl_typesupport_introspection_c
[3.891s] [ 74%] [32m[1mLinking CXX shared library libtutorial_interfaces__rosidl_typesupport_cpp.so[0m
[3.936s] [ 75%] [32m[1mLinking CXX shared library libtutorial_interfaces__rosidl_typesupport_fastrtps_c.so[0m
[3.947s] [ 75%] Built target tutorial_interfaces__rosidl_typesupport_cpp
[3.964s] [ 77%] [32m[1mLinking CXX shared library libtutorial_interfaces__rosidl_typesupport_introspection_cpp.so[0m
[3.976s] [ 77%] Built target tutorial_interfaces__rosidl_typesupport_fastrtps_c
[3.997s] [ 79%] [32m[1mLinking CXX shared library libtutorial_interfaces__rosidl_typesupport_fastrtps_cpp.so[0m
[4.021s] [ 79%] Built target tutorial_interfaces__rosidl_typesupport_introspection_cpp
[4.050s] [ 79%] Built target tutorial_interfaces__rosidl_typesupport_fastrtps_cpp
[4.066s] [ 79%] Built target tutorial_interfaces
[4.086s] [ 81%] [34m[1mGenerating Python code for ROS interfaces[0m
[4.382s] [ 81%] Built target tutorial_interfaces__py
[4.395s] [ 83%] [32mBuilding C object CMakeFiles/tutorial_interfaces__rosidl_generator_py.dir/rosidl_generator_py/tutorial_interfaces/msg/_num_s.c.o[0m
[4.396s] [ 85%] [32mBuilding C object CMakeFiles/tutorial_interfaces__rosidl_generator_py.dir/rosidl_generator_py/tutorial_interfaces/srv/_add_three_ints_s.c.o[0m
[4.396s] [ 87%] [32mBuilding C object CMakeFiles/tutorial_interfaces__rosidl_generator_py.dir/rosidl_generator_py/tutorial_interfaces/msg/_sphere_s.c.o[0m
[4.501s] [ 88%] [32m[1mLinking C shared library libtutorial_interfaces__rosidl_generator_py.so[0m
[4.535s] [ 88%] Built target tutorial_interfaces__rosidl_generator_py
[4.556s] [ 90%] [32mBuilding C object CMakeFiles/tutorial_interfaces_s__rosidl_typesupport_c.dir/rosidl_generator_py/tutorial_interfaces/_tutorial_interfaces_s.ep.rosidl_typesupport_c.c.o[0m
[4.558s] [ 92%] [32mBuilding C object CMakeFiles/tutorial_interfaces_s__rosidl_typesupport_fastrtps_c.dir/rosidl_generator_py/tutorial_interfaces/_tutorial_interfaces_s.ep.rosidl_typesupport_fastrtps_c.c.o[0m
[4.560s] [ 94%] [32mBuilding C object CMakeFiles/tutorial_interfaces_s__rosidl_typesupport_introspection_c.dir/rosidl_generator_py/tutorial_interfaces/_tutorial_interfaces_s.ep.rosidl_typesupport_introspection_c.c.o[0m
[4.634s] [ 96%] [32m[1mLinking C shared module rosidl_generator_py/tutorial_interfaces/tutorial_interfaces_s__rosidl_typesupport_c.so[0m
[4.637s] [ 98%] [32m[1mLinking C shared module rosidl_generator_py/tutorial_interfaces/tutorial_interfaces_s__rosidl_typesupport_fastrtps_c.so[0m
[4.637s] [100%] [32m[1mLinking C shared module rosidl_generator_py/tutorial_interfaces/tutorial_interfaces_s__rosidl_typesupport_introspection_c.so[0m
[4.668s] [100%] Built target tutorial_interfaces_s__rosidl_typesupport_c
[4.668s] [100%] Built target tutorial_interfaces_s__rosidl_typesupport_introspection_c
[4.671s] [100%] Built target tutorial_interfaces_s__rosidl_typesupport_fastrtps_c
[4.687s] Invoked command in '/home/liam-bouffard/Desktop/rob599_mobile_robotics/ros2_tutorial_py_ws/build/tutorial_interfaces' returned '0': CMAKE_PREFIX_PATH=${CMAKE_PREFIX_PATH}:/home/liam-bouffard/Desktop/rob599_mobile_robotics/ros2_tutorial_py_ws/install/py_srvcli:/home/liam-bouffard/Desktop/rob599_mobile_robotics/ros2_tutorial_py_ws/install/py_pubsub:/opt/ros/kilted DEBUGINFOD_URLS=https://debuginfod.ubuntu.com /usr/bin/cmake --build /home/liam-bouffard/Desktop/rob599_mobile_robotics/ros2_tutorial_py_ws/build/tutorial_interfaces -- -j32 -l32
[4.700s] Invoking command in '/home/liam-bouffard/Desktop/rob599_mobile_robotics/ros2_tutorial_py_ws/build/tutorial_interfaces': CMAKE_PREFIX_PATH=${CMAKE_PREFIX_PATH}:/home/liam-bouffard/Desktop/rob599_mobile_robotics/ros2_tutorial_py_ws/install/py_srvcli:/home/liam-bouffard/Desktop/rob599_mobile_robotics/ros2_tutorial_py_ws/install/py_pubsub:/opt/ros/kilted DEBUGINFOD_URLS=https://debuginfod.ubuntu.com /usr/bin/cmake --install /home/liam-bouffard/Desktop/rob599_mobile_robotics/ros2_tutorial_py_ws/build/tutorial_interfaces
[4.711s] -- Install configuration: ""
[4.711s] -- Installing: /home/liam-bouffard/Desktop/rob599_mobile_robotics/ros2_tutorial_py_ws/install/tutorial_interfaces/share/ament_index/resource_index/rosidl_interfaces/tutorial_interfaces
[4.711s] -- Installing: /home/liam-bouffard/Desktop/rob599_mobile_robotics/ros2_tutorial_py_ws/install/tutorial_interfaces/share/tutorial_interfaces/msg/Num.json
[4.712s] -- Installing: /home/liam-bouffard/Desktop/rob599_mobile_robotics/ros2_tutorial_py_ws/install/tutorial_interfaces/share/tutorial_interfaces/msg/Sphere.json
[4.712s] -- Installing: /home/liam-bouffard/Desktop/rob599_mobile_robotics/ros2_tutorial_py_ws/install/tutorial_interfaces/share/tutorial_interfaces/srv/AddThreeInts.json
[4.712s] -- Installing: /home/liam-bouffard/Desktop/rob599_mobile_robotics/ros2_tutorial_py_ws/install/tutorial_interfaces/include/tutorial_interfaces/tutorial_interfaces
[4.713s] -- Installing: /home/liam-bouffard/Desktop/rob599_mobile_robotics/ros2_tutorial_py_ws/install/tutorial_interfaces/include/tutorial_interfaces/tutorial_interfaces/srv
[4.713s] -- Installing: /home/liam-bouffard/Desktop/rob599_mobile_robotics/ros2_tutorial_py_ws/install/tutorial_interfaces/include/tutorial_interfaces/tutorial_interfaces/srv/detail
[4.713s] -- Installing: /home/liam-bouffard/Desktop/rob599_mobile_robotics/ros2_tutorial_py_ws/install/tutorial_interfaces/include/tutorial_interfaces/tutorial_interfaces/srv/detail/add_three_ints__type_support.c
[4.714s] -- Installing: /home/liam-bouffard/Desktop/rob599_mobile_robotics/ros2_tutorial_py_ws/install/tutorial_interfaces/include/tutorial_interfaces/tutorial_interfaces/srv/detail/add_three_ints__struct.h
[4.714s] -- Installing: /home/liam-bouffard/Desktop/rob599_mobile_robotics/ros2_tutorial_py_ws/install/tutorial_interfaces/include/tutorial_interfaces/tutorial_interfaces/srv/detail/add_three_ints__description.c
[4.714s] -- Installing: /home/liam-bouffard/Desktop/rob599_mobile_robotics/ros2_tutorial_py_ws/install/tutorial_interfaces/include/tutorial_interfaces/tutorial_interfaces/srv/detail/add_three_ints__functions.c
[4.714s] -- Installing: /home/liam-bouffard/Desktop/rob599_mobile_robotics/ros2_tutorial_py_ws/install/tutorial_interfaces/include/tutorial_interfaces/tutorial_interfaces/srv/detail/add_three_ints__type_support.h
[4.714s] -- Installing: /home/liam-bouffard/Desktop/rob599_mobile_robotics/ros2_tutorial_py_ws/install/tutorial_interfaces/include/tutorial_interfaces/tutorial_interfaces/srv/detail/add_three_ints__functions.h
[4.714s] -- Installing: /home/liam-bouffard/Desktop/rob599_mobile_robotics/ros2_tutorial_py_ws/install/tutorial_interfaces/include/tutorial_interfaces/tutorial_interfaces/srv/add_three_ints.h
[4.714s] -- Installing: /home/liam-bouffard/Desktop/rob599_mobile_robotics/ros2_tutorial_py_ws/install/tutorial_interfaces/include/tutorial_interfaces/tutorial_interfaces/msg
[4.714s] -- Installing: /home/liam-bouffard/Desktop/rob599_mobile_robotics/ros2_tutorial_py_ws/install/tutorial_interfaces/include/tutorial_interfaces/tutorial_interfaces/msg/rosidl_generator_c__visibility_control.h
[4.714s] -- Installing: /home/liam-bouffard/Desktop/rob599_mobile_robotics/ros2_tutorial_py_ws/install/tutorial_interfaces/include/tutorial_interfaces/tutorial_interfaces/msg/detail
[4.714s] -- Installing: /home/liam-bouffard/Desktop/rob599_mobile_robotics/ros2_tutorial_py_ws/install/tutorial_interfaces/include/tutorial_interfaces/tutorial_interfaces/msg/detail/num__functions.h
[4.714s] -- Installing: /home/liam-bouffard/Desktop/rob599_mobile_robotics/ros2_tutorial_py_ws/install/tutorial_interfaces/include/tutorial_interfaces/tutorial_interfaces/msg/detail/num__description.c
[4.714s] -- Installing: /home/liam-bouffard/Desktop/rob599_mobile_robotics/ros2_tutorial_py_ws/install/tutorial_interfaces/include/tutorial_interfaces/tutorial_interfaces/msg/detail/num__struct.h
[4.715s] -- Installing: /home/liam-bouffard/Desktop/rob599_mobile_robotics/ros2_tutorial_py_ws/install/tutorial_interfaces/include/tutorial_interfaces/tutorial_interfaces/msg/detail/num__functions.c
[4.715s] -- Installing: /home/liam-bouffard/Desktop/rob599_mobile_robotics/ros2_tutorial_py_ws/install/tutorial_interfaces/include/tutorial_interfaces/tutorial_interfaces/msg/detail/sphere__type_support.h
[4.715s] -- Installing: /home/liam-bouffard/Desktop/rob599_mobile_robotics/ros2_tutorial_py_ws/install/tutorial_interfaces/include/tutorial_interfaces/tutorial_interfaces/msg/detail/sphere__type_support.c
[4.715s] -- Installing: /home/liam-bouffard/Desktop/rob599_mobile_robotics/ros2_tutorial_py_ws/install/tutorial_interfaces/include/tutorial_interfaces/tutorial_interfaces/msg/detail/sphere__description.c
[4.715s] -- Installing: /home/liam-bouffard/Desktop/rob599_mobile_robotics/ros2_tutorial_py_ws/install/tutorial_interfaces/include/tutorial_interfaces/tutorial_interfaces/msg/detail/num__type_support.c
[4.715s] -- Installing: /home/liam-bouffard/Desktop/rob599_mobile_robotics/ros2_tutorial_py_ws/install/tutorial_interfaces/include/tutorial_interfaces/tutorial_interfaces/msg/detail/sphere__functions.h
[4.715s] -- Installing: /home/liam-bouffard/Desktop/rob599_mobile_robotics/ros2_tutorial_py_ws/install/tutorial_interfaces/include/tutorial_interfaces/tutorial_interfaces/msg/detail/num__type_support.h
[4.715s] -- Installing: /home/liam-bouffard/Desktop/rob599_mobile_robotics/ros2_tutorial_py_ws/install/tutorial_interfaces/include/tutorial_interfaces/tutorial_interfaces/msg/detail/sphere__struct.h
[4.715s] -- Installing: /home/liam-bouffard/Desktop/rob599_mobile_robotics/ros2_tutorial_py_ws/install/tutorial_interfaces/include/tutorial_interfaces/tutorial_interfaces/msg/detail/sphere__functions.c
[4.715s] -- Installing: /home/liam-bouffard/Desktop/rob599_mobile_robotics/ros2_tutorial_py_ws/install/tutorial_interfaces/include/tutorial_interfaces/tutorial_interfaces/msg/sphere.h
[4.715s] -- Installing: /home/liam-bouffard/Desktop/rob599_mobile_robotics/ros2_tutorial_py_ws/install/tutorial_interfaces/include/tutorial_interfaces/tutorial_interfaces/msg/num.h
[4.716s] -- Installing: /home/liam-bouffard/Desktop/rob599_mobile_robotics/ros2_tutorial_py_ws/install/tutorial_interfaces/share/tutorial_interfaces/environment/library_path.sh
[4.716s] -- Installing: /home/liam-bouffard/Desktop/rob599_mobile_robotics/ros2_tutorial_py_ws/install/tutorial_interfaces/share/tutorial_interfaces/environment/library_path.dsv
[4.716s] -- Installing: /home/liam-bouffard/Desktop/rob599_mobile_robotics/ros2_tutorial_py_ws/install/tutorial_interfaces/lib/libtutorial_interfaces__rosidl_generator_c.so
[4.716s] -- Set non-toolchain portion of runtime path of "/home/liam-bouffard/Desktop/rob599_mobile_robotics/ros2_tutorial_py_ws/install/tutorial_interfaces/lib/libtutorial_interfaces__rosidl_generator_c.so" to ""
[4.716s] -- Up-to-date: /home/liam-bouffard/Desktop/rob599_mobile_robotics/ros2_tutorial_py_ws/install/tutorial_interfaces/include/tutorial_interfaces/tutorial_interfaces
[4.716s] -- Up-to-date: /home/liam-bouffard/Desktop/rob599_mobile_robotics/ros2_tutorial_py_ws/install/tutorial_interfaces/include/tutorial_interfaces/tutorial_interfaces/srv
[4.716s] -- Up-to-date: /home/liam-bouffard/Desktop/rob599_mobile_robotics/ros2_tutorial_py_ws/install/tutorial_interfaces/include/tutorial_interfaces/tutorial_interfaces/srv/detail
[4.716s] -- Installing: /home/liam-bouffard/Desktop/rob599_mobile_robotics/ros2_tutorial_py_ws/install/tutorial_interfaces/include/tutorial_interfaces/tutorial_interfaces/srv/detail/add_three_ints__rosidl_typesupport_fastrtps_c.h
[4.717s] -- Up-to-date: /home/liam-bouffard/Desktop/rob599_mobile_robotics/ros2_tutorial_py_ws/install/tutorial_interfaces/include/tutorial_interfaces/tutorial_interfaces/msg
[4.717s] -- Installing: /home/liam-bouffard/Desktop/rob599_mobile_robotics/ros2_tutorial_py_ws/install/tutorial_interfaces/include/tutorial_interfaces/tutorial_interfaces/msg/rosidl_typesupport_fastrtps_c__visibility_control.h
[4.717s] -- Up-to-date: /home/liam-bouffard/Desktop/rob599_mobile_robotics/ros2_tutorial_py_ws/install/tutorial_interfaces/include/tutorial_interfaces/tutorial_interfaces/msg/detail
[4.717s] -- Installing: /home/liam-bouffard/Desktop/rob599_mobile_robotics/ros2_tutorial_py_ws/install/tutorial_interfaces/include/tutorial_interfaces/tutorial_interfaces/msg/detail/num__rosidl_typesupport_fastrtps_c.h
[4.717s] -- Installing: /home/liam-bouffard/Desktop/rob599_mobile_robotics/ros2_tutorial_py_ws/install/tutorial_interfaces/include/tutorial_interfaces/tutorial_interfaces/msg/detail/sphere__rosidl_typesupport_fastrtps_c.h
[4.718s] -- Installing: /home/liam-bouffard/Desktop/rob599_mobile_robotics/ros2_tutorial_py_ws/install/tutorial_interfaces/lib/libtutorial_interfaces__rosidl_typesupport_fastrtps_c.so
[4.718s] -- Set non-toolchain portion of runtime path of "/home/liam-bouffard/Desktop/rob599_mobile_robotics/ros2_tutorial_py_ws/install/tutorial_interfaces/lib/libtutorial_interfaces__rosidl_typesupport_fastrtps_c.so" to ""
[4.718s] -- Up-to-date: /home/liam-bouffard/Desktop/rob599_mobile_robotics/ros2_tutorial_py_ws/install/tutorial_interfaces/include/tutorial_interfaces/tutorial_interfaces
[4.718s] -- Up-to-date: /home/liam-bouffard/Desktop/rob599_mobile_robotics/ros2_tutorial_py_ws/install/tutorial_interfaces/include/tutorial_interfaces/tutorial_interfaces/srv
[4.718s] -- Up-to-date: /home/liam-bouffard/Desktop/rob599_mobile_robotics/ros2_tutorial_py_ws/install/tutorial_interfaces/include/tutorial_interfaces/tutorial_interfaces/srv/detail
[4.719s] -- Installing: /home/liam-bouffard/Desktop/rob599_mobile_robotics/ros2_tutorial_py_ws/install/tutorial_interfaces/include/tutorial_interfaces/tutorial_interfaces/srv/detail/add_three_ints__struct.hpp
[4.719s] -- Installing: /home/liam-bouffard/Desktop/rob599_mobile_robotics/ros2_tutorial_py_ws/install/tutorial_interfaces/include/tutorial_interfaces/tutorial_interfaces/srv/detail/add_three_ints__type_support.hpp
[4.719s] -- Installing: /home/liam-bouffard/Desktop/rob599_mobile_robotics/ros2_tutorial_py_ws/install/tutorial_interfaces/include/tutorial_interfaces/tutorial_interfaces/srv/detail/add_three_ints__builder.hpp
[4.719s] -- Installing: /home/liam-bouffard/Desktop/rob599_mobile_robotics/ros2_tutorial_py_ws/install/tutorial_interfaces/include/tutorial_interfaces/tutorial_interfaces/srv/detail/add_three_ints__traits.hpp
[4.719s] -- Installing: /home/liam-bouffard/Desktop/rob599_mobile_robotics/ros2_tutorial_py_ws/install/tutorial_interfaces/include/tutorial_interfaces/tutorial_interfaces/srv/add_three_ints.hpp
[4.719s] -- Up-to-date: /home/liam-bouffard/Desktop/rob599_mobile_robotics/ros2_tutorial_py_ws/install/tutorial_interfaces/include/tutorial_interfaces/tutorial_interfaces/msg
[4.719s] -- Installing: /home/liam-bouffard/Desktop/rob599_mobile_robotics/ros2_tutorial_py_ws/install/tutorial_interfaces/include/tutorial_interfaces/tutorial_interfaces/msg/rosidl_generator_cpp__visibility_control.hpp
[4.720s] -- Installing: /home/liam-bouffard/Desktop/rob599_mobile_robotics/ros2_tutorial_py_ws/install/tutorial_interfaces/include/tutorial_interfaces/tutorial_interfaces/msg/sphere.hpp
[4.720s] -- Installing: /home/liam-bouffard/Desktop/rob599_mobile_robotics/ros2_tutorial_py_ws/install/tutorial_interfaces/include/tutorial_interfaces/tutorial_interfaces/msg/num.hpp
[4.720s] -- Up-to-date: /home/liam-bouffard/Desktop/rob599_mobile_robotics/ros2_tutorial_py_ws/install/tutorial_interfaces/include/tutorial_interfaces/tutorial_interfaces/msg/detail
[4.720s] -- Installing: /home/liam-bouffard/Desktop/rob599_mobile_robotics/ros2_tutorial_py_ws/install/tutorial_interfaces/include/tutorial_interfaces/tutorial_interfaces/msg/detail/num__builder.hpp
[4.720s] -- Installing: /home/liam-bouffard/Desktop/rob599_mobile_robotics/ros2_tutorial_py_ws/install/tutorial_interfaces/include/tutorial_interfaces/tutorial_interfaces/msg/detail/num__type_support.hpp
[4.720s] -- Installing: /home/liam-bouffard/Desktop/rob599_mobile_robotics/ros2_tutorial_py_ws/install/tutorial_interfaces/include/tutorial_interfaces/tutorial_interfaces/msg/detail/num__struct.hpp
[4.721s] -- Installing: /home/liam-bouffard/Desktop/rob599_mobile_robotics/ros2_tutorial_py_ws/install/tutorial_interfaces/include/tutorial_interfaces/tutorial_interfaces/msg/detail/num__traits.hpp
[4.721s] -- Installing: /home/liam-bouffard/Desktop/rob599_mobile_robotics/ros2_tutorial_py_ws/install/tutorial_interfaces/include/tutorial_interfaces/tutorial_interfaces/msg/detail/sphere__builder.hpp
[4.721s] -- Installing: /home/liam-bouffard/Desktop/rob599_mobile_robotics/ros2_tutorial_py_ws/install/tutorial_interfaces/include/tutorial_interfaces/tutorial_interfaces/msg/detail/sphere__struct.hpp
[4.721s] -- Installing: /home/liam-bouffard/Desktop/rob599_mobile_robotics/ros2_tutorial_py_ws/install/tutorial_interfaces/include/tutorial_interfaces/tutorial_interfaces/msg/detail/sphere__type_support.hpp
[4.721s] -- Installing: /home/liam-bouffard/Desktop/rob599_mobile_robotics/ros2_tutorial_py_ws/install/tutorial_interfaces/include/tutorial_interfaces/tutorial_interfaces/msg/detail/sphere__traits.hpp
[4.721s] -- Up-to-date: /home/liam-bouffard/Desktop/rob599_mobile_robotics/ros2_tutorial_py_ws/install/tutorial_interfaces/include/tutorial_interfaces/tutorial_interfaces
[4.721s] -- Up-to-date: /home/liam-bouffard/Desktop/rob599_mobile_robotics/ros2_tutorial_py_ws/install/tutorial_interfaces/include/tutorial_interfaces/tutorial_interfaces/srv
[4.722s] -- Up-to-date: /home/liam-bouffard/Desktop/rob599_mobile_robotics/ros2_tutorial_py_ws/install/tutorial_interfaces/include/tutorial_interfaces/tutorial_interfaces/srv/detail
[4.722s] -- Installing: /home/liam-bouffard/Desktop/rob599_mobile_robotics/ros2_tutorial_py_ws/install/tutorial_interfaces/include/tutorial_interfaces/tutorial_interfaces/srv/detail/add_three_ints__rosidl_typesupport_fastrtps_cpp.hpp
[4.722s] -- Installing: /home/liam-bouffard/Desktop/rob599_mobile_robotics/ros2_tutorial_py_ws/install/tutorial_interfaces/include/tutorial_interfaces/tutorial_interfaces/srv/detail/dds_fastrtps
[4.722s] -- Up-to-date: /home/liam-bouffard/Desktop/rob599_mobile_robotics/ros2_tutorial_py_ws/install/tutorial_interfaces/include/tutorial_interfaces/tutorial_interfaces/msg
[4.722s] -- Up-to-date: /home/liam-bouffard/Desktop/rob599_mobile_robotics/ros2_tutorial_py_ws/install/tutorial_interfaces/include/tutorial_interfaces/tutorial_interfaces/msg/detail
[4.722s] -- Installing: /home/liam-bouffard/Desktop/rob599_mobile_robotics/ros2_tutorial_py_ws/install/tutorial_interfaces/include/tutorial_interfaces/tutorial_interfaces/msg/detail/num__rosidl_typesupport_fastrtps_cpp.hpp
[4.722s] -- Installing: /home/liam-bouffard/Desktop/rob599_mobile_robotics/ros2_tutorial_py_ws/install/tutorial_interfaces/include/tutorial_interfaces/tutorial_interfaces/msg/detail/sphere__rosidl_typesupport_fastrtps_cpp.hpp
[4.723s] -- Installing: /home/liam-bouffard/Desktop/rob599_mobile_robotics/ros2_tutorial_py_ws/install/tutorial_interfaces/include/tutorial_interfaces/tutorial_interfaces/msg/detail/dds_fastrtps
[4.723s] -- Installing: /home/liam-bouffard/Desktop/rob599_mobile_robotics/ros2_tutorial_py_ws/install/tutorial_interfaces/include/tutorial_interfaces/tutorial_interfaces/msg/rosidl_typesupport_fastrtps_cpp__visibility_control.h
[4.723s] -- Installing: /home/liam-bouffard/Desktop/rob599_mobile_robotics/ros2_tutorial_py_ws/install/tutorial_interfaces/lib/libtutorial_interfaces__rosidl_typesupport_fastrtps_cpp.so
[4.723s] -- Set non-toolchain portion of runtime path of "/home/liam-bouffard/Desktop/rob599_mobile_robotics/ros2_tutorial_py_ws/install/tutorial_interfaces/lib/libtutorial_interfaces__rosidl_typesupport_fastrtps_cpp.so" to ""
[4.723s] -- Up-to-date: /home/liam-bouffard/Desktop/rob599_mobile_robotics/ros2_tutorial_py_ws/install/tutorial_interfaces/include/tutorial_interfaces/tutorial_interfaces
[4.723s] -- Up-to-date: /home/liam-bouffard/Desktop/rob599_mobile_robotics/ros2_tutorial_py_ws/install/tutorial_interfaces/include/tutorial_interfaces/tutorial_interfaces/srv
[4.723s] -- Up-to-date: /home/liam-bouffard/Desktop/rob599_mobile_robotics/ros2_tutorial_py_ws/install/tutorial_interfaces/include/tutorial_interfaces/tutorial_interfaces/srv/detail
[4.723s] -- Installing: /home/liam-bouffard/Desktop/rob599_mobile_robotics/ros2_tutorial_py_ws/install/tutorial_interfaces/include/tutorial_interfaces/tutorial_interfaces/srv/detail/add_three_ints__rosidl_typesupport_introspection_c.h
[4.723s] -- Installing: /home/liam-bouffard/Desktop/rob599_mobile_robotics/ros2_tutorial_py_ws/install/tutorial_interfaces/include/tutorial_interfaces/tutorial_interfaces/srv/detail/add_three_ints__type_support.c
[4.723s] -- Up-to-date: /home/liam-bouffard/Desktop/rob599_mobile_robotics/ros2_tutorial_py_ws/install/tutorial_interfaces/include/tutorial_interfaces/tutorial_interfaces/msg
[4.723s] -- Up-to-date: /home/liam-bouffard/Desktop/rob599_mobile_robotics/ros2_tutorial_py_ws/install/tutorial_interfaces/include/tutorial_interfaces/tutorial_interfaces/msg/detail
[4.723s] -- Installing: /home/liam-bouffard/Desktop/rob599_mobile_robotics/ros2_tutorial_py_ws/install/tutorial_interfaces/include/tutorial_interfaces/tutorial_interfaces/msg/detail/sphere__rosidl_typesupport_introspection_c.h
[4.723s] -- Installing: /home/liam-bouffard/Desktop/rob599_mobile_robotics/ros2_tutorial_py_ws/install/tutorial_interfaces/include/tutorial_interfaces/tutorial_interfaces/msg/detail/num__rosidl_typesupport_introspection_c.h
[4.723s] -- Installing: /home/liam-bouffard/Desktop/rob599_mobile_robotics/ros2_tutorial_py_ws/install/tutorial_interfaces/include/tutorial_interfaces/tutorial_interfaces/msg/detail/sphere__type_support.c
[4.723s] -- Installing: /home/liam-bouffard/Desktop/rob599_mobile_robotics/ros2_tutorial_py_ws/install/tutorial_interfaces/include/tutorial_interfaces/tutorial_interfaces/msg/detail/num__type_support.c
[4.723s] -- Installing: /home/liam-bouffard/Desktop/rob599_mobile_robotics/ros2_tutorial_py_ws/install/tutorial_interfaces/include/tutorial_interfaces/tutorial_interfaces/msg/rosidl_typesupport_introspection_c__visibility_control.h
[4.723s] -- Installing: /home/liam-bouffard/Desktop/rob599_mobile_robotics/ros2_tutorial_py_ws/install/tutorial_interfaces/lib/libtutorial_interfaces__rosidl_typesupport_introspection_c.so
[4.723s] -- Set non-toolchain portion of runtime path of "/home/liam-bouffard/Desktop/rob599_mobile_robotics/ros2_tutorial_py_ws/install/tutorial_interfaces/lib/libtutorial_interfaces__rosidl_typesupport_introspection_c.so" to ""
[4.723s] -- Installing: /home/liam-bouffard/Desktop/rob599_mobile_robotics/ros2_tutorial_py_ws/install/tutorial_interfaces/lib/libtutorial_interfaces__rosidl_typesupport_c.so
[4.723s] -- Set non-toolchain portion of runtime path of "/home/liam-bouffard/Desktop/rob599_mobile_robotics/ros2_tutorial_py_ws/install/tutorial_interfaces/lib/libtutorial_interfaces__rosidl_typesupport_c.so" to ""
[4.723s] -- Up-to-date: /home/liam-bouffard/Desktop/rob599_mobile_robotics/ros2_tutorial_py_ws/install/tutorial_interfaces/include/tutorial_interfaces/tutorial_interfaces
[4.723s] -- Up-to-date: /home/liam-bouffard/Desktop/rob599_mobile_robotics/ros2_tutorial_py_ws/install/tutorial_interfaces/include/tutorial_interfaces/tutorial_interfaces/srv
[4.723s] -- Up-to-date: /home/liam-bouffard/Desktop/rob599_mobile_robotics/ros2_tutorial_py_ws/install/tutorial_interfaces/include/tutorial_interfaces/tutorial_interfaces/srv/detail
[4.723s] -- Installing: /home/liam-bouffard/Desktop/rob599_mobile_robotics/ros2_tutorial_py_ws/install/tutorial_interfaces/include/tutorial_interfaces/tutorial_interfaces/srv/detail/add_three_ints__rosidl_typesupport_introspection_cpp.hpp
[4.724s] -- Installing: /home/liam-bouffard/Desktop/rob599_mobile_robotics/ros2_tutorial_py_ws/install/tutorial_interfaces/include/tutorial_interfaces/tutorial_interfaces/srv/detail/add_three_ints__type_support.cpp
[4.724s] -- Up-to-date: /home/liam-bouffard/Desktop/rob599_mobile_robotics/ros2_tutorial_py_ws/install/tutorial_interfaces/include/tutorial_interfaces/tutorial_interfaces/msg
[4.724s] -- Up-to-date: /home/liam-bouffard/Desktop/rob599_mobile_robotics/ros2_tutorial_py_ws/install/tutorial_interfaces/include/tutorial_interfaces/tutorial_interfaces/msg/detail
[4.724s] -- Installing: /home/liam-bouffard/Desktop/rob599_mobile_robotics/ros2_tutorial_py_ws/install/tutorial_interfaces/include/tutorial_interfaces/tutorial_interfaces/msg/detail/sphere__rosidl_typesupport_introspection_cpp.hpp
[4.724s] -- Installing: /home/liam-bouffard/Desktop/rob599_mobile_robotics/ros2_tutorial_py_ws/install/tutorial_interfaces/include/tutorial_interfaces/tutorial_interfaces/msg/detail/num__rosidl_typesupport_introspection_cpp.hpp
[4.724s] -- Installing: /home/liam-bouffard/Desktop/rob599_mobile_robotics/ros2_tutorial_py_ws/install/tutorial_interfaces/include/tutorial_interfaces/tutorial_interfaces/msg/detail/sphere__type_support.cpp
[4.724s] -- Installing: /home/liam-bouffard/Desktop/rob599_mobile_robotics/ros2_tutorial_py_ws/install/tutorial_interfaces/include/tutorial_interfaces/tutorial_interfaces/msg/detail/num__type_support.cpp
[4.724s] -- Installing: /home/liam-bouffard/Desktop/rob599_mobile_robotics/ros2_tutorial_py_ws/install/tutorial_interfaces/lib/libtutorial_interfaces__rosidl_typesupport_introspection_cpp.so
[4.724s] -- Set non-toolchain portion of runtime path of "/home/liam-bouffard/Desktop/rob599_mobile_robotics/ros2_tutorial_py_ws/install/tutorial_interfaces/lib/libtutorial_interfaces__rosidl_typesupport_introspection_cpp.so" to ""
[4.724s] -- Installing: /home/liam-bouffard/Desktop/rob599_mobile_robotics/ros2_tutorial_py_ws/install/tutorial_interfaces/lib/libtutorial_interfaces__rosidl_typesupport_cpp.so
[4.724s] -- Set non-toolchain portion of runtime path of "/home/liam-bouffard/Desktop/rob599_mobile_robotics/ros2_tutorial_py_ws/install/tutorial_interfaces/lib/libtutorial_interfaces__rosidl_typesupport_cpp.so" to ""
[4.724s] -- Installing: /home/liam-bouffard/Desktop/rob599_mobile_robotics/ros2_tutorial_py_ws/install/tutorial_interfaces/share/tutorial_interfaces/environment/pythonpath.sh
[4.724s] -- Installing: /home/liam-bouffard/Desktop/rob599_mobile_robotics/ros2_tutorial_py_ws/install/tutorial_interfaces/share/tutorial_interfaces/environment/pythonpath.dsv
[4.724s] -- Installing: /home/liam-bouffard/Desktop/rob599_mobile_robotics/ros2_tutorial_py_ws/install/tutorial_interfaces/lib/python3.12/site-packages/tutorial_interfaces-0.0.0-py3.12.egg-info
[4.724s] -- Installing: /home/liam-bouffard/Desktop/rob599_mobile_robotics/ros2_tutorial_py_ws/install/tutorial_interfaces/lib/python3.12/site-packages/tutorial_interfaces-0.0.0-py3.12.egg-info/dependency_links.txt
[4.724s] -- Installing: /home/liam-bouffard/Desktop/rob599_mobile_robotics/ros2_tutorial_py_ws/install/tutorial_interfaces/lib/python3.12/site-packages/tutorial_interfaces-0.0.0-py3.12.egg-info/SOURCES.txt
[4.724s] -- Installing: /home/liam-bouffard/Desktop/rob599_mobile_robotics/ros2_tutorial_py_ws/install/tutorial_interfaces/lib/python3.12/site-packages/tutorial_interfaces-0.0.0-py3.12.egg-info/PKG-INFO
[4.724s] -- Installing: /home/liam-bouffard/Desktop/rob599_mobile_robotics/ros2_tutorial_py_ws/install/tutorial_interfaces/lib/python3.12/site-packages/tutorial_interfaces-0.0.0-py3.12.egg-info/top_level.txt
[4.724s] -- Installing: /home/liam-bouffard/Desktop/rob599_mobile_robotics/ros2_tutorial_py_ws/install/tutorial_interfaces/lib/python3.12/site-packages/tutorial_interfaces
[4.724s] -- Installing: /home/liam-bouffard/Desktop/rob599_mobile_robotics/ros2_tutorial_py_ws/install/tutorial_interfaces/lib/python3.12/site-packages/tutorial_interfaces/_tutorial_interfaces_s.ep.rosidl_typesupport_introspection_c.c
[4.724s] -- Installing: /home/liam-bouffard/Desktop/rob599_mobile_robotics/ros2_tutorial_py_ws/install/tutorial_interfaces/lib/python3.12/site-packages/tutorial_interfaces/_tutorial_interfaces_s.ep.rosidl_typesupport_c.c
[4.724s] -- Installing: /home/liam-bouffard/Desktop/rob599_mobile_robotics/ros2_tutorial_py_ws/install/tutorial_interfaces/lib/python3.12/site-packages/tutorial_interfaces/srv
[4.724s] -- Installing: /home/liam-bouffard/Desktop/rob599_mobile_robotics/ros2_tutorial_py_ws/install/tutorial_interfaces/lib/python3.12/site-packages/tutorial_interfaces/srv/__init__.py
[4.725s] -- Installing: /home/liam-bouffard/Desktop/rob599_mobile_robotics/ros2_tutorial_py_ws/install/tutorial_interfaces/lib/python3.12/site-packages/tutorial_interfaces/srv/_add_three_ints.py
[4.725s] -- Installing: /home/liam-bouffard/Desktop/rob599_mobile_robotics/ros2_tutorial_py_ws/install/tutorial_interfaces/lib/python3.12/site-packages/tutorial_interfaces/srv/_add_three_ints_s.c
[4.725s] -- Installing: /home/liam-bouffard/Desktop/rob599_mobile_robotics/ros2_tutorial_py_ws/install/tutorial_interfaces/lib/python3.12/site-packages/tutorial_interfaces/tutorial_interfaces_s__rosidl_typesupport_introspection_c.so
[4.725s] -- Installing: /home/liam-bouffard/Desktop/rob599_mobile_robotics/ros2_tutorial_py_ws/install/tutorial_interfaces/lib/python3.12/site-packages/tutorial_interfaces/msg
[4.725s] -- Installing: /home/liam-bouffard/Desktop/rob599_mobile_robotics/ros2_tutorial_py_ws/install/tutorial_interfaces/lib/python3.12/site-packages/tutorial_interfaces/msg/_sphere.py
[4.725s] -- Installing: /home/liam-bouffard/Desktop/rob599_mobile_robotics/ros2_tutorial_py_ws/install/tutorial_interfaces/lib/python3.12/site-packages/tutorial_interfaces/msg/_sphere_s.c
[4.725s] -- Installing: /home/liam-bouffard/Desktop/rob599_mobile_robotics/ros2_tutorial_py_ws/install/tutorial_interfaces/lib/python3.12/site-packages/tutorial_interfaces/msg/_num_s.c
[4.725s] -- Installing: /home/liam-bouffard/Desktop/rob599_mobile_robotics/ros2_tutorial_py_ws/install/tutorial_interfaces/lib/python3.12/site-packages/tutorial_interfaces/msg/_num.py
[4.725s] -- Installing: /home/liam-bouffard/Desktop/rob599_mobile_robotics/ros2_tutorial_py_ws/install/tutorial_interfaces/lib/python3.12/site-packages/tutorial_interfaces/msg/__init__.py
[4.725s] -- Installing: /home/liam-bouffard/Desktop/rob599_mobile_robotics/ros2_tutorial_py_ws/install/tutorial_interfaces/lib/python3.12/site-packages/tutorial_interfaces/__init__.py
[4.725s] -- Installing: /home/liam-bouffard/Desktop/rob599_mobile_robotics/ros2_tutorial_py_ws/install/tutorial_interfaces/lib/python3.12/site-packages/tutorial_interfaces/_tutorial_interfaces_s.ep.rosidl_typesupport_fastrtps_c.c
[4.725s] -- Installing: /home/liam-bouffard/Desktop/rob599_mobile_robotics/ros2_tutorial_py_ws/install/tutorial_interfaces/lib/python3.12/site-packages/tutorial_interfaces/tutorial_interfaces_s__rosidl_typesupport_fastrtps_c.so
[4.725s] -- Installing: /home/liam-bouffard/Desktop/rob599_mobile_robotics/ros2_tutorial_py_ws/install/tutorial_interfaces/lib/python3.12/site-packages/tutorial_interfaces/tutorial_interfaces_s__rosidl_typesupport_c.so
[4.753s] Listing '/home/liam-bouffard/Desktop/rob599_mobile_robotics/ros2_tutorial_py_ws/install/tutorial_interfaces/lib/python3.12/site-packages/tutorial_interfaces'...
[4.753s] Compiling '/home/liam-bouffard/Desktop/rob599_mobile_robotics/ros2_tutorial_py_ws/install/tutorial_interfaces/lib/python3.12/site-packages/tutorial_interfaces/__init__.py'...
[4.753s] Listing '/home/liam-bouffard/Desktop/rob599_mobile_robotics/ros2_tutorial_py_ws/install/tutorial_interfaces/lib/python3.12/site-packages/tutorial_interfaces/msg'...
[4.753s] Compiling '/home/liam-bouffard/Desktop/rob599_mobile_robotics/ros2_tutorial_py_ws/install/tutorial_interfaces/lib/python3.12/site-packages/tutorial_interfaces/msg/__init__.py'...
[4.753s] Compiling '/home/liam-bouffard/Desktop/rob599_mobile_robotics/ros2_tutorial_py_ws/install/tutorial_interfaces/lib/python3.12/site-packages/tutorial_interfaces/msg/_num.py'...
[4.753s] Compiling '/home/liam-bouffard/Desktop/rob599_mobile_robotics/ros2_tutorial_py_ws/install/tutorial_interfaces/lib/python3.12/site-packages/tutorial_interfaces/msg/_sphere.py'...
[4.753s] Listing '/home/liam-bouffard/Desktop/rob599_mobile_robotics/ros2_tutorial_py_ws/install/tutorial_interfaces/lib/python3.12/site-packages/tutorial_interfaces/srv'...
[4.753s] Compiling '/home/liam-bouffard/Desktop/rob599_mobile_robotics/ros2_tutorial_py_ws/install/tutorial_interfaces/lib/python3.12/site-packages/tutorial_interfaces/srv/__init__.py'...
[4.753s] Compiling '/home/liam-bouffard/Desktop/rob599_mobile_robotics/ros2_tutorial_py_ws/install/tutorial_interfaces/lib/python3.12/site-packages/tutorial_interfaces/srv/_add_three_ints.py'...
[4.757s] -- Installing: /home/liam-bouffard/Desktop/rob599_mobile_robotics/ros2_tutorial_py_ws/install/tutorial_interfaces/lib/python3.12/site-packages/tutorial_interfaces/tutorial_interfaces_s__rosidl_typesupport_fastrtps_c.so
[4.757s] -- Set non-toolchain portion of runtime path of "/home/liam-bouffard/Desktop/rob599_mobile_robotics/ros2_tutorial_py_ws/install/tutorial_interfaces/lib/python3.12/site-packages/tutorial_interfaces/tutorial_interfaces_s__rosidl_typesupport_fastrtps_c.so" to ""
[4.757s] -- Installing: /home/liam-bouffard/Desktop/rob599_mobile_robotics/ros2_tutorial_py_ws/install/tutorial_interfaces/lib/python3.12/site-packages/tutorial_interfaces/tutorial_interfaces_s__rosidl_typesupport_introspection_c.so
[4.757s] -- Set non-toolchain portion of runtime path of "/home/liam-bouffard/Desktop/rob599_mobile_robotics/ros2_tutorial_py_ws/install/tutorial_interfaces/lib/python3.12/site-packages/tutorial_interfaces/tutorial_interfaces_s__rosidl_typesupport_introspection_c.so" to ""
[4.757s] -- Installing: /home/liam-bouffard/Desktop/rob599_mobile_robotics/ros2_tutorial_py_ws/install/tutorial_interfaces/lib/python3.12/site-packages/tutorial_interfaces/tutorial_interfaces_s__rosidl_typesupport_c.so
[4.757s] -- Set non-toolchain portion of runtime path of "/home/liam-bouffard/Desktop/rob599_mobile_robotics/ros2_tutorial_py_ws/install/tutorial_interfaces/lib/python3.12/site-packages/tutorial_interfaces/tutorial_interfaces_s__rosidl_typesupport_c.so" to ""
[4.757s] -- Installing: /home/liam-bouffard/Desktop/rob599_mobile_robotics/ros2_tutorial_py_ws/install/tutorial_interfaces/lib/libtutorial_interfaces__rosidl_generator_py.so
[4.757s] -- Set non-toolchain portion of runtime path of "/home/liam-bouffard/Desktop/rob599_mobile_robotics/ros2_tutorial_py_ws/install/tutorial_interfaces/lib/libtutorial_interfaces__rosidl_generator_py.so" to ""
[4.757s] -- Installing: /home/liam-bouffard/Desktop/rob599_mobile_robotics/ros2_tutorial_py_ws/install/tutorial_interfaces/share/tutorial_interfaces/msg/Num.idl
[4.757s] -- Installing: /home/liam-bouffard/Desktop/rob599_mobile_robotics/ros2_tutorial_py_ws/install/tutorial_interfaces/share/tutorial_interfaces/msg/Sphere.idl
[4.757s] -- Installing: /home/liam-bouffard/Desktop/rob599_mobile_robotics/ros2_tutorial_py_ws/install/tutorial_interfaces/share/tutorial_interfaces/srv/AddThreeInts.idl
[4.757s] -- Installing: /home/liam-bouffard/Desktop/rob599_mobile_robotics/ros2_tutorial_py_ws/install/tutorial_interfaces/share/tutorial_interfaces/msg/Num.msg
[4.757s] -- Installing: /home/liam-bouffard/Desktop/rob599_mobile_robotics/ros2_tutorial_py_ws/install/tutorial_interfaces/share/tutorial_interfaces/msg/Sphere.msg
[4.758s] -- Installing: /home/liam-bouffard/Desktop/rob599_mobile_robotics/ros2_tutorial_py_ws/install/tutorial_interfaces/share/tutorial_interfaces/srv/AddThreeInts.srv
[4.758s] -- Installing: /home/liam-bouffard/Desktop/rob599_mobile_robotics/ros2_tutorial_py_ws/install/tutorial_interfaces/share/ament_index/resource_index/package_run_dependencies/tutorial_interfaces
[4.758s] -- Installing: /home/liam-bouffard/Desktop/rob599_mobile_robotics/ros2_tutorial_py_ws/install/tutorial_interfaces/share/ament_index/resource_index/parent_prefix_path/tutorial_interfaces
[4.758s] -- Installing: /home/liam-bouffard/Desktop/rob599_mobile_robotics/ros2_tutorial_py_ws/install/tutorial_interfaces/share/tutorial_interfaces/environment/ament_prefix_path.sh
[4.758s] -- Installing: /home/liam-bouffard/Desktop/rob599_mobile_robotics/ros2_tutorial_py_ws/install/tutorial_interfaces/share/tutorial_interfaces/environment/ament_prefix_path.dsv
[4.758s] -- Installing: /home/liam-bouffard/Desktop/rob599_mobile_robotics/ros2_tutorial_py_ws/install/tutorial_interfaces/share/tutorial_interfaces/environment/path.sh
[4.758s] -- Installing: /home/liam-bouffard/Desktop/rob599_mobile_robotics/ros2_tutorial_py_ws/install/tutorial_interfaces/share/tutorial_interfaces/environment/path.dsv
[4.758s] -- Installing: /home/liam-bouffard/Desktop/rob599_mobile_robotics/ros2_tutorial_py_ws/install/tutorial_interfaces/share/tutorial_interfaces/local_setup.bash
[4.758s] -- Installing: /home/liam-bouffard/Desktop/rob599_mobile_robotics/ros2_tutorial_py_ws/install/tutorial_interfaces/share/tutorial_interfaces/local_setup.sh
[4.758s] -- Installing: /home/liam-bouffard/Desktop/rob599_mobile_robotics/ros2_tutorial_py_ws/install/tutorial_interfaces/share/tutorial_interfaces/local_setup.zsh
[4.758s] -- Installing: /home/liam-bouffard/Desktop/rob599_mobile_robotics/ros2_tutorial_py_ws/install/tutorial_interfaces/share/tutorial_interfaces/local_setup.dsv
[4.758s] -- Installing: /home/liam-bouffard/Desktop/rob599_mobile_robotics/ros2_tutorial_py_ws/install/tutorial_interfaces/share/tutorial_interfaces/package.dsv
[4.758s] -- Installing: /home/liam-bouffard/Desktop/rob599_mobile_robotics/ros2_tutorial_py_ws/install/tutorial_interfaces/share/ament_index/resource_index/packages/tutorial_interfaces
[4.758s] -- Installing: /home/liam-bouffard/Desktop/rob599_mobile_robotics/ros2_tutorial_py_ws/install/tutorial_interfaces/share/tutorial_interfaces/cmake/export_tutorial_interfaces__rosidl_generator_cExport.cmake
[4.758s] -- Installing: /home/liam-bouffard/Desktop/rob599_mobile_robotics/ros2_tutorial_py_ws/install/tutorial_interfaces/share/tutorial_interfaces/cmake/export_tutorial_interfaces__rosidl_generator_cExport-noconfig.cmake
[4.759s] -- Installing: /home/liam-bouffard/Desktop/rob599_mobile_robotics/ros2_tutorial_py_ws/install/tutorial_interfaces/share/tutorial_interfaces/cmake/export_tutorial_interfaces__rosidl_typesupport_fastrtps_cExport.cmake
[4.759s] -- Installing: /home/liam-bouffard/Desktop/rob599_mobile_robotics/ros2_tutorial_py_ws/install/tutorial_interfaces/share/tutorial_interfaces/cmake/export_tutorial_interfaces__rosidl_typesupport_fastrtps_cExport-noconfig.cmake
[4.759s] -- Installing: /home/liam-bouffard/Desktop/rob599_mobile_robotics/ros2_tutorial_py_ws/install/tutorial_interfaces/share/tutorial_interfaces/cmake/export_tutorial_interfaces__rosidl_generator_cppExport.cmake
[4.759s] -- Installing: /home/liam-bouffard/Desktop/rob599_mobile_robotics/ros2_tutorial_py_ws/install/tutorial_interfaces/share/tutorial_interfaces/cmake/export_tutorial_interfaces__rosidl_typesupport_fastrtps_cppExport.cmake
[4.759s] -- Installing: /home/liam-bouffard/Desktop/rob599_mobile_robotics/ros2_tutorial_py_ws/install/tutorial_interfaces/share/tutorial_interfaces/cmake/export_tutorial_interfaces__rosidl_typesupport_fastrtps_cppExport-noconfig.cmake
[4.759s] -- Installing: /home/liam-bouffard/Desktop/rob599_mobile_robotics/ros2_tutorial_py_ws/install/tutorial_interfaces/share/tutorial_interfaces/cmake/tutorial_interfaces__rosidl_typesupport_introspection_cExport.cmake
[4.759s] -- Installing: /home/liam-bouffard/Desktop/rob599_mobile_robotics/ros2_tutorial_py_ws/install/tutorial_interfaces/share/tutorial_interfaces/cmake/tutorial_interfaces__rosidl_typesupport_introspection_cExport-noconfig.cmake
[4.759s] -- Installing: /home/liam-bouffard/Desktop/rob599_mobile_robotics/ros2_tutorial_py_ws/install/tutorial_interfaces/share/tutorial_interfaces/cmake/tutorial_interfaces__rosidl_typesupport_cExport.cmake
[4.759s] -- Installing: /home/liam-bouffard/Desktop/rob599_mobile_robotics/ros2_tutorial_py_ws/install/tutorial_interfaces/share/tutorial_interfaces/cmake/tutorial_interfaces__rosidl_typesupport_cExport-noconfig.cmake
[4.759s] -- Installing: /home/liam-bouffard/Desktop/rob599_mobile_robotics/ros2_tutorial_py_ws/install/tutorial_interfaces/share/tutorial_interfaces/cmake/tutorial_interfaces__rosidl_typesupport_introspection_cppExport.cmake
[4.759s] -- Installing: /home/liam-bouffard/Desktop/rob599_mobile_robotics/ros2_tutorial_py_ws/install/tutorial_interfaces/share/tutorial_interfaces/cmake/tutorial_interfaces__rosidl_typesupport_introspection_cppExport-noconfig.cmake
[4.759s] -- Installing: /home/liam-bouffard/Desktop/rob599_mobile_robotics/ros2_tutorial_py_ws/install/tutorial_interfaces/share/tutorial_interfaces/cmake/tutorial_interfaces__rosidl_typesupport_cppExport.cmake
[4.759s] -- Installing: /home/liam-bouffard/Desktop/rob599_mobile_robotics/ros2_tutorial_py_ws/install/tutorial_interfaces/share/tutorial_interfaces/cmake/tutorial_interfaces__rosidl_typesupport_cppExport-noconfig.cmake
[4.759s] -- Installing: /home/liam-bouffard/Desktop/rob599_mobile_robotics/ros2_tutorial_py_ws/install/tutorial_interfaces/share/tutorial_interfaces/cmake/export_tutorial_interfaces__rosidl_generator_pyExport.cmake
[4.759s] -- Installing: /home/liam-bouffard/Desktop/rob599_mobile_robotics/ros2_tutorial_py_ws/install/tutorial_interfaces/share/tutorial_interfaces/cmake/export_tutorial_interfaces__rosidl_generator_pyExport-noconfig.cmake
[4.759s] -- Installing: /home/liam-bouffard/Desktop/rob599_mobile_robotics/ros2_tutorial_py_ws/install/tutorial_interfaces/share/tutorial_interfaces/cmake/rosidl_cmake-extras.cmake
[4.759s] -- Installing: /home/liam-bouffard/Desktop/rob599_mobile_robotics/ros2_tutorial_py_ws/install/tutorial_interfaces/share/tutorial_interfaces/cmake/ament_cmake_export_dependencies-extras.cmake
[4.760s] -- Installing: /home/liam-bouffard/Desktop/rob599_mobile_robotics/ros2_tutorial_py_ws/install/tutorial_interfaces/share/tutorial_interfaces/cmake/ament_cmake_export_include_directories-extras.cmake
[4.760s] -- Installing: /home/liam-bouffard/Desktop/rob599_mobile_robotics/ros2_tutorial_py_ws/install/tutorial_interfaces/share/tutorial_interfaces/cmake/ament_cmake_export_libraries-extras.cmake
[4.760s] -- Installing: /home/liam-bouffard/Desktop/rob599_mobile_robotics/ros2_tutorial_py_ws/install/tutorial_interfaces/share/tutorial_interfaces/cmake/ament_cmake_export_targets-extras.cmake
[4.760s] -- Installing: /home/liam-bouffard/Desktop/rob599_mobile_robotics/ros2_tutorial_py_ws/install/tutorial_interfaces/share/tutorial_interfaces/cmake/rosidl_cmake_export_typesupport_targets-extras.cmake
[4.760s] -- Installing: /home/liam-bouffard/Desktop/rob599_mobile_robotics/ros2_tutorial_py_ws/install/tutorial_interfaces/share/tutorial_interfaces/cmake/rosidl_cmake_export_typesupport_libraries-extras.cmake
[4.760s] -- Installing: /home/liam-bouffard/Desktop/rob599_mobile_robotics/ros2_tutorial_py_ws/install/tutorial_interfaces/share/tutorial_interfaces/cmake/tutorial_interfacesConfig.cmake
[4.760s] -- Installing: /home/liam-bouffard/Desktop/rob599_mobile_robotics/ros2_tutorial_py_ws/install/tutorial_interfaces/share/tutorial_interfaces/cmake/tutorial_interfacesConfig-version.cmake
[4.760s] -- Installing: /home/liam-bouffard/Desktop/rob599_mobile_robotics/ros2_tutorial_py_ws/install/tutorial_interfaces/share/tutorial_interfaces/package.xml
[4.762s] Invoked command in '/home/liam-bouffard/Desktop/rob599_mobile_robotics/ros2_tutorial_py_ws/build/tutorial_interfaces' returned '0': CMAKE_PREFIX_PATH=${CMAKE_PREFIX_PATH}:/home/liam-bouffard/Desktop/rob599_mobile_robotics/ros2_tutorial_py_ws/install/py_srvcli:/home/liam-bouffard/Desktop/rob599_mobile_robotics/ros2_tutorial_py_ws/install/py_pubsub:/opt/ros/kilted DEBUGINFOD_URLS=https://debuginfod.ubuntu.com /usr/bin/cmake --install /home/liam-bouffard/Desktop/rob599_mobile_robotics/ros2_tutorial_py_ws/build/tutorial_interfaces
