[1.076s] Invoking command in '/home/liam-bouffard/Desktop/rob599_mobile_robotics/pioneer_ws/src/pioneer': DEBUGINFOD_URLS=https://debuginfod.ubuntu.com PYTHONPATH=/home/liam-bouffard/Desktop/rob599_mobile_robotics/pioneer_ws/build/pioneer/prefix_override:/usr/lib/python3/dist-packages/colcon_core/task/python/colcon_distutils_commands:/home/liam-bouffard/Desktop/rob599_mobile_robotics/pioneer_ws/install/pioneer/lib/python3.12/site-packages:/home/liam-bouffard/Desktop/rob599_mobile_robotics/pioneer_ws/install/goal_target/lib/python3.12/site-packages:/home/liam-bouffard/Desktop/rob599_mobile_robotics/pioneer_ws/build/pioneer:/home/liam-bouffard/Desktop/rob599_mobile_robotics/pioneer_ws/install/pioneer/lib/python3.12/site-packages:/opt/ros/kilted/lib/python3.12/site-packages /usr/bin/python3 -W ignore:setup.py install is deprecated -W ignore:easy_install command is deprecated setup.py egg_info --egg-base ../../build/pioneer build --build-base /home/liam-bouffard/Desktop/rob599_mobile_robotics/pioneer_ws/build/pioneer/build install --record /home/liam-bouffard/Desktop/rob599_mobile_robotics/pioneer_ws/build/pioneer/install.log --single-version-externally-managed install_data
[1.447s] running egg_info
[1.473s] writing ../../build/pioneer/pioneer.egg-info/PKG-INFO
[1.473s] writing dependency_links to ../../build/pioneer/pioneer.egg-info/dependency_links.txt
[1.473s] writing entry points to ../../build/pioneer/pioneer.egg-info/entry_points.txt
[1.473s] writing requirements to ../../build/pioneer/pioneer.egg-info/requires.txt
[1.473s] writing top-level names to ../../build/pioneer/pioneer.egg-info/top_level.txt
[1.547s] reading manifest file '../../build/pioneer/pioneer.egg-info/SOURCES.txt'
[1.548s] adding license file 'LICENSE'
[1.550s] writing manifest file '../../build/pioneer/pioneer.egg-info/SOURCES.txt'
[1.550s] running build
[1.551s] running build_py
[1.551s] copying pioneer/driver.py -> /home/liam-bouffard/Desktop/rob599_mobile_robotics/pioneer_ws/build/pioneer/build/lib/pioneer
[1.552s] running install
[1.570s] running install_lib
[1.615s] copying /home/liam-bouffard/Desktop/rob599_mobile_robotics/pioneer_ws/build/pioneer/build/lib/pioneer/driver.py -> /home/liam-bouffard/Desktop/rob599_mobile_robotics/pioneer_ws/install/pioneer/lib/python3.12/site-packages/pioneer
[1.616s] byte-compiling /home/liam-bouffard/Desktop/rob599_mobile_robotics/pioneer_ws/install/pioneer/lib/python3.12/site-packages/pioneer/driver.py to driver.cpython-312.pyc
[1.619s] running install_data
[1.619s] running install_egg_info
[1.648s] removing '/home/liam-bouffard/Desktop/rob599_mobile_robotics/pioneer_ws/install/pioneer/lib/python3.12/site-packages/pioneer-0.0.0-py3.12.egg-info' (and everything under it)
[1.648s] Copying ../../build/pioneer/pioneer.egg-info to /home/liam-bouffard/Desktop/rob599_mobile_robotics/pioneer_ws/install/pioneer/lib/python3.12/site-packages/pioneer-0.0.0-py3.12.egg-info
[1.649s] running install_scripts
[1.826s] Installing driver script to /home/liam-bouffard/Desktop/rob599_mobile_robotics/pioneer_ws/install/pioneer/lib/pioneer
[1.826s] writing list of installed files to '/home/liam-bouffard/Desktop/rob599_mobile_robotics/pioneer_ws/build/pioneer/install.log'
[1.856s] Invoked command in '/home/liam-bouffard/Desktop/rob599_mobile_robotics/pioneer_ws/src/pioneer' returned '0': DEBUGINFOD_URLS=https://debuginfod.ubuntu.com PYTHONPATH=/home/liam-bouffard/Desktop/rob599_mobile_robotics/pioneer_ws/build/pioneer/prefix_override:/usr/lib/python3/dist-packages/colcon_core/task/python/colcon_distutils_commands:/home/liam-bouffard/Desktop/rob599_mobile_robotics/pioneer_ws/install/pioneer/lib/python3.12/site-packages:/home/liam-bouffard/Desktop/rob599_mobile_robotics/pioneer_ws/install/goal_target/lib/python3.12/site-packages:/home/liam-bouffard/Desktop/rob599_mobile_robotics/pioneer_ws/build/pioneer:/home/liam-bouffard/Desktop/rob599_mobile_robotics/pioneer_ws/install/pioneer/lib/python3.12/site-packages:/opt/ros/kilted/lib/python3.12/site-packages /usr/bin/python3 -W ignore:setup.py install is deprecated -W ignore:easy_install command is deprecated setup.py egg_info --egg-base ../../build/pioneer build --build-base /home/liam-bouffard/Desktop/rob599_mobile_robotics/pioneer_ws/build/pioneer/build install --record /home/liam-bouffard/Desktop/rob599_mobile_robotics/pioneer_ws/build/pioneer/install.log --single-version-externally-managed install_data
