[0.011s] Invoking command in '/home/liam-bouffard/Desktop/rob599_mobile_robotics/pioneer_ws/build/goal_target': CMAKE_PREFIX_PATH=${CMAKE_PREFIX_PATH}:/opt/ros/kilted DEBUGINFOD_URLS=https://debuginfod.ubuntu.com /usr/bin/cmake /home/liam-bouffard/Desktop/rob599_mobile_robotics/pioneer_ws/src/goal_target -DAMENT_CMAKE_SYMLINK_INSTALL=1 -DCMAKE_INSTALL_PREFIX=/home/liam-bouffard/Desktop/rob599_mobile_robotics/pioneer_ws/install/goal_target
[0.081s] -- The C compiler identification is GNU 13.3.0
[0.154s] -- The CXX compiler identification is GNU 13.3.0
[0.176s] -- Detecting C compiler ABI info
[0.295s] -- Detecting C compiler ABI info - done
[0.308s] -- Check for working C compiler: /usr/bin/cc - skipped
[0.308s] -- Detecting C compile features
[0.309s] -- Detecting C compile features - done
[0.324s] -- Detecting CXX compiler ABI info
[0.455s] -- Detecting CXX compiler ABI info - done
[0.467s] -- Check for working CXX compiler: /usr/bin/c++ - skipped
[0.468s] -- Detecting CXX compile features
[0.468s] -- Detecting CXX compile features - done
[0.471s] -- Found ament_cmake: 2.7.3 (/opt/ros/kilted/share/ament_cmake/cmake)
[0.649s] -- Found Python3: /usr/bin/python3 (found version "3.12.3") found components: Interpreter 
[0.741s] -- Override CMake install command with custom implementation using symlinks instead of copying resources
[0.773s] -- Found rosidl_default_generators: 1.7.1 (/opt/ros/kilted/share/rosidl_default_generators/cmake)
[0.779s] -- Using all available rosidl_typesupport_c: rosidl_typesupport_fastrtps_c;rosidl_typesupport_introspection_c
[0.835s] -- Using all available rosidl_typesupport_cpp: rosidl_typesupport_fastrtps_cpp;rosidl_typesupport_introspection_cpp
[0.882s] -- Found rosidl_adapter: 4.9.5 (/opt/ros/kilted/share/rosidl_adapter/cmake)
[0.885s] -- Found std_msgs: 5.5.1 (/opt/ros/kilted/share/std_msgs/cmake)
[0.924s] -- Found geometry_msgs: 5.5.1 (/opt/ros/kilted/share/geometry_msgs/cmake)
[1.822s] -- Found ament_cmake_ros_core: 0.14.3 (/opt/ros/kilted/share/ament_cmake_ros_core/cmake)
[2.497s] -- Using all available rosidl_typesupport_c: rosidl_typesupport_fastrtps_c;rosidl_typesupport_introspection_c
[3.341s] -- Using all available rosidl_typesupport_cpp: rosidl_typesupport_fastrtps_cpp;rosidl_typesupport_introspection_cpp
[3.876s] -- Found Python3: /usr/bin/python3 (found version "3.12.3") found components: Interpreter Development NumPy Development.Module Development.Embed 
[3.947s] -- Found ament_lint_auto: 0.19.2 (/opt/ros/kilted/share/ament_lint_auto/cmake)
[3.970s] -- Added test 'lint_cmake' to check CMake code style
[3.972s] -- Added test 'xmllint' to check XML markup files
[3.975s] -- Configuring done (4.0s)
[4.020s] -- Generating done (0.0s)
[4.034s] -- Build files have been written to: /home/liam-bouffard/Desktop/rob599_mobile_robotics/pioneer_ws/build/goal_target
[4.047s] Invoked command in '/home/liam-bouffard/Desktop/rob599_mobile_robotics/pioneer_ws/build/goal_target' returned '0': CMAKE_PREFIX_PATH=${CMAKE_PREFIX_PATH}:/opt/ros/kilted DEBUGINFOD_URLS=https://debuginfod.ubuntu.com /usr/bin/cmake /home/liam-bouffard/Desktop/rob599_mobile_robotics/pioneer_ws/src/goal_target -DAMENT_CMAKE_SYMLINK_INSTALL=1 -DCMAKE_INSTALL_PREFIX=/home/liam-bouffard/Desktop/rob599_mobile_robotics/pioneer_ws/install/goal_target
[4.047s] Invoking command in '/home/liam-bouffard/Desktop/rob599_mobile_robotics/pioneer_ws/build/goal_target': CMAKE_PREFIX_PATH=${CMAKE_PREFIX_PATH}:/opt/ros/kilted DEBUGINFOD_URLS=https://debuginfod.ubuntu.com /usr/bin/cmake --build /home/liam-bouffard/Desktop/rob599_mobile_robotics/pioneer_ws/build/goal_target -- -j32 -l32
[4.110s] [  2%] [34m[1mGenerating type hashes for ROS interfaces[0m
[4.122s] [  2%] Built target ament_cmake_python_symlink_goal_target
[4.369s] [  2%] Built target goal_target__rosidl_generator_type_description
[4.385s] [  5%] [34m[1mGenerating C code for ROS interfaces[0m
[4.394s] running egg_info
[4.395s] creating goal_target.egg-info
[4.397s] [  8%] [34m[1mGenerating C++ code for ROS interfaces[0m
[4.420s] writing goal_target.egg-info/PKG-INFO
[4.420s] writing dependency_links to goal_target.egg-info/dependency_links.txt
[4.420s] writing top-level names to goal_target.egg-info/top_level.txt
[4.420s] writing manifest file 'goal_target.egg-info/SOURCES.txt'
[4.494s] reading manifest file 'goal_target.egg-info/SOURCES.txt'
[4.495s] writing manifest file 'goal_target.egg-info/SOURCES.txt'
[4.526s] [  8%] Built target ament_cmake_python_build_goal_target_egg
[4.851s] [  8%] Built target goal_target__cpp
[4.885s] [ 11%] [32mBuilding C object CMakeFiles/goal_target__rosidl_generator_c.dir/rosidl_generator_c/goal_target/action/detail/goal_target__functions.c.o[0m
[4.885s] [ 14%] [32mBuilding C object CMakeFiles/goal_target__rosidl_generator_c.dir/rosidl_generator_c/goal_target/action/detail/goal_target__type_support.c.o[0m
[4.887s] [ 17%] [32mBuilding C object CMakeFiles/goal_target__rosidl_generator_c.dir/rosidl_generator_c/goal_target/action/detail/goal_target__description.c.o[0m
[5.083s] [ 20%] [32m[1mLinking C shared library libgoal_target__rosidl_generator_c.so[0m
[5.130s] [ 20%] Built target goal_target__rosidl_generator_c
[5.144s] [ 23%] [34m[1mGenerating C type support for eProsima Fast-RTPS[0m
[5.145s] [ 29%] [34m[1mGenerating C++ type support dispatch for ROS interfaces[0m
[5.145s] [ 29%] [34m[1mGenerating C introspection for ROS interfaces[0m
[5.145s] [ 32%] [34m[1mGenerating C type support dispatch for ROS interfaces[0m
[5.145s] [ 38%] [34m[1mGenerating C++ introspection for ROS interfaces[0m
[5.145s] [ 38%] [34m[1mGenerating C++ type support for eProsima Fast-RTPS[0m
[5.479s] [ 41%] [32mBuilding CXX object CMakeFiles/goal_target__rosidl_typesupport_c.dir/rosidl_typesupport_c/goal_target/action/goal_target__type_support.cpp.o[0m
[5.487s] [ 44%] [32mBuilding CXX object CMakeFiles/goal_target__rosidl_typesupport_cpp.dir/rosidl_typesupport_cpp/goal_target/action/goal_target__type_support.cpp.o[0m
[5.545s] [ 47%] [32m[1mLinking CXX shared library libgoal_target__rosidl_typesupport_c.so[0m
[5.549s] [ 50%] [32mBuilding CXX object CMakeFiles/goal_target__rosidl_typesupport_introspection_cpp.dir/rosidl_typesupport_introspection_cpp/goal_target/action/detail/goal_target__type_support.cpp.o[0m
[5.560s] [ 52%] [32mBuilding C object CMakeFiles/goal_target__rosidl_typesupport_introspection_c.dir/rosidl_typesupport_introspection_c/goal_target/action/detail/goal_target__type_support.c.o[0m
[5.604s] [ 52%] Built target goal_target__rosidl_typesupport_c
[5.641s] [ 55%] [32m[1mLinking C shared library libgoal_target__rosidl_typesupport_introspection_c.so[0m
[5.659s] [ 58%] [32mBuilding CXX object CMakeFiles/goal_target__rosidl_typesupport_fastrtps_cpp.dir/rosidl_typesupport_fastrtps_cpp/goal_target/action/detail/dds_fastrtps/goal_target__type_support.cpp.o[0m
[5.689s] [ 58%] Built target goal_target__rosidl_typesupport_introspection_c
[5.708s] [ 61%] [32mBuilding CXX object CMakeFiles/goal_target__rosidl_typesupport_fastrtps_c.dir/rosidl_typesupport_fastrtps_c/goal_target/action/detail/goal_target__type_support_c.cpp.o[0m
[6.161s] [ 64%] [32m[1mLinking CXX shared library libgoal_target__rosidl_typesupport_cpp.so[0m
[6.253s] [ 64%] Built target goal_target__rosidl_typesupport_cpp
[6.292s] [ 67%] [32m[1mLinking CXX shared library libgoal_target__rosidl_typesupport_fastrtps_c.so[0m
[6.295s] [ 70%] [32m[1mLinking CXX shared library libgoal_target__rosidl_typesupport_introspection_cpp.so[0m
[6.354s] [ 70%] Built target goal_target__rosidl_typesupport_fastrtps_c
[6.383s] [ 70%] Built target goal_target__rosidl_typesupport_introspection_cpp
[6.657s] [ 73%] [32m[1mLinking CXX shared library libgoal_target__rosidl_typesupport_fastrtps_cpp.so[0m
[6.753s] [ 73%] Built target goal_target__rosidl_typesupport_fastrtps_cpp
[6.779s] [ 73%] Built target goal_target
[6.806s] [ 76%] [34m[1mGenerating Python code for ROS interfaces[0m
[7.469s] [ 76%] Built target goal_target__py
[7.496s] [ 79%] [32mBuilding C object CMakeFiles/goal_target__rosidl_generator_py.dir/rosidl_generator_py/goal_target/action/_goal_target_s.c.o[0m
[7.724s] [ 82%] [32m[1mLinking C shared library libgoal_target__rosidl_generator_py.so[0m
[7.786s] [ 82%] Built target goal_target__rosidl_generator_py
[7.812s] [ 85%] [32mBuilding C object CMakeFiles/goal_target_s__rosidl_typesupport_fastrtps_c.dir/rosidl_generator_py/goal_target/_goal_target_s.ep.rosidl_typesupport_fastrtps_c.c.o[0m
[7.812s] [ 88%] [32mBuilding C object CMakeFiles/goal_target_s__rosidl_typesupport_c.dir/rosidl_generator_py/goal_target/_goal_target_s.ep.rosidl_typesupport_c.c.o[0m
[7.814s] [ 91%] [32mBuilding C object CMakeFiles/goal_target_s__rosidl_typesupport_introspection_c.dir/rosidl_generator_py/goal_target/_goal_target_s.ep.rosidl_typesupport_introspection_c.c.o[0m
[7.957s] [ 94%] [32m[1mLinking C shared module rosidl_generator_py/goal_target/goal_target_s__rosidl_typesupport_c.so[0m
[7.962s] [ 97%] [32m[1mLinking C shared module rosidl_generator_py/goal_target/goal_target_s__rosidl_typesupport_introspection_c.so[0m
[7.962s] [100%] [32m[1mLinking C shared module rosidl_generator_py/goal_target/goal_target_s__rosidl_typesupport_fastrtps_c.so[0m
[8.000s] [100%] Built target goal_target_s__rosidl_typesupport_c
[8.002s] [100%] Built target goal_target_s__rosidl_typesupport_fastrtps_c
[8.006s] [100%] Built target goal_target_s__rosidl_typesupport_introspection_c
[8.022s] Invoked command in '/home/liam-bouffard/Desktop/rob599_mobile_robotics/pioneer_ws/build/goal_target' returned '0': CMAKE_PREFIX_PATH=${CMAKE_PREFIX_PATH}:/opt/ros/kilted DEBUGINFOD_URLS=https://debuginfod.ubuntu.com /usr/bin/cmake --build /home/liam-bouffard/Desktop/rob599_mobile_robotics/pioneer_ws/build/goal_target -- -j32 -l32
[8.037s] Invoking command in '/home/liam-bouffard/Desktop/rob599_mobile_robotics/pioneer_ws/build/goal_target': CMAKE_PREFIX_PATH=${CMAKE_PREFIX_PATH}:/opt/ros/kilted DEBUGINFOD_URLS=https://debuginfod.ubuntu.com /usr/bin/cmake --install /home/liam-bouffard/Desktop/rob599_mobile_robotics/pioneer_ws/build/goal_target
[8.048s] -- Install configuration: ""
[8.049s] -- Execute custom install script
[8.049s] -- Symlinking: /home/liam-bouffard/Desktop/rob599_mobile_robotics/pioneer_ws/install/goal_target/share/ament_index/resource_index/rosidl_interfaces/goal_target
[8.060s] -- Symlinking: /home/liam-bouffard/Desktop/rob599_mobile_robotics/pioneer_ws/install/goal_target/share/goal_target/action/GoalTarget.json
[8.072s] -- Symlinking: /home/liam-bouffard/Desktop/rob599_mobile_robotics/pioneer_ws/install/goal_target/include/goal_target/goal_target/action/detail/goal_target__functions.h
[8.082s] -- Symlinking: /home/liam-bouffard/Desktop/rob599_mobile_robotics/pioneer_ws/install/goal_target/include/goal_target/goal_target/action/detail/goal_target__struct.h
[8.092s] -- Symlinking: /home/liam-bouffard/Desktop/rob599_mobile_robotics/pioneer_ws/install/goal_target/include/goal_target/goal_target/action/detail/goal_target__type_support.h
[8.104s] -- Symlinking: /home/liam-bouffard/Desktop/rob599_mobile_robotics/pioneer_ws/install/goal_target/include/goal_target/goal_target/action/goal_target.h
[8.115s] -- Symlinking: /home/liam-bouffard/Desktop/rob599_mobile_robotics/pioneer_ws/install/goal_target/include/goal_target/goal_target/msg/rosidl_generator_c__visibility_control.h
[8.127s] -- Symlinking: /home/liam-bouffard/Desktop/rob599_mobile_robotics/pioneer_ws/install/goal_target/share/goal_target/environment/library_path.sh
[8.138s] -- Symlinking: /home/liam-bouffard/Desktop/rob599_mobile_robotics/pioneer_ws/install/goal_target/share/goal_target/environment/library_path.dsv
[8.149s] -- Symlinking: /home/liam-bouffard/Desktop/rob599_mobile_robotics/pioneer_ws/install/goal_target/include/goal_target/goal_target/action/detail/goal_target__rosidl_typesupport_fastrtps_c.h
[8.158s] -- Symlinking: /home/liam-bouffard/Desktop/rob599_mobile_robotics/pioneer_ws/install/goal_target/include/goal_target/goal_target/msg/rosidl_typesupport_fastrtps_c__visibility_control.h
[8.169s] -- Symlinking: /home/liam-bouffard/Desktop/rob599_mobile_robotics/pioneer_ws/install/goal_target/include/goal_target/goal_target/action/detail/goal_target__rosidl_typesupport_introspection_c.h
[8.178s] -- Symlinking: /home/liam-bouffard/Desktop/rob599_mobile_robotics/pioneer_ws/install/goal_target/include/goal_target/goal_target/msg/rosidl_typesupport_introspection_c__visibility_control.h
[8.187s] -- Symlinking: /home/liam-bouffard/Desktop/rob599_mobile_robotics/pioneer_ws/install/goal_target/include/goal_target/goal_target/action/detail/goal_target__builder.hpp
[8.198s] -- Symlinking: /home/liam-bouffard/Desktop/rob599_mobile_robotics/pioneer_ws/install/goal_target/include/goal_target/goal_target/action/detail/goal_target__struct.hpp
[8.207s] -- Symlinking: /home/liam-bouffard/Desktop/rob599_mobile_robotics/pioneer_ws/install/goal_target/include/goal_target/goal_target/action/detail/goal_target__traits.hpp
[8.218s] -- Symlinking: /home/liam-bouffard/Desktop/rob599_mobile_robotics/pioneer_ws/install/goal_target/include/goal_target/goal_target/action/detail/goal_target__type_support.hpp
[8.227s] -- Symlinking: /home/liam-bouffard/Desktop/rob599_mobile_robotics/pioneer_ws/install/goal_target/include/goal_target/goal_target/action/goal_target.hpp
[8.238s] -- Symlinking: /home/liam-bouffard/Desktop/rob599_mobile_robotics/pioneer_ws/install/goal_target/include/goal_target/goal_target/msg/rosidl_generator_cpp__visibility_control.hpp
[8.247s] -- Symlinking: /home/liam-bouffard/Desktop/rob599_mobile_robotics/pioneer_ws/install/goal_target/include/goal_target/goal_target/action/detail/goal_target__rosidl_typesupport_fastrtps_cpp.hpp
[8.257s] -- Symlinking: /home/liam-bouffard/Desktop/rob599_mobile_robotics/pioneer_ws/install/goal_target/include/goal_target/goal_target/msg/rosidl_typesupport_fastrtps_cpp__visibility_control.h
[8.268s] -- Symlinking: /home/liam-bouffard/Desktop/rob599_mobile_robotics/pioneer_ws/install/goal_target/include/goal_target/goal_target/action/detail/goal_target__rosidl_typesupport_introspection_cpp.hpp
[8.277s] -- Symlinking: /home/liam-bouffard/Desktop/rob599_mobile_robotics/pioneer_ws/install/goal_target/share/goal_target/environment/pythonpath.sh
[8.287s] -- Symlinking: /home/liam-bouffard/Desktop/rob599_mobile_robotics/pioneer_ws/install/goal_target/share/goal_target/environment/pythonpath.dsv
[8.297s] -- Symlinking: /home/liam-bouffard/Desktop/rob599_mobile_robotics/pioneer_ws/install/goal_target/lib/python3.12/site-packages/goal_target-0.0.0-py3.12.egg-info/PKG-INFO
[8.308s] -- Symlinking: /home/liam-bouffard/Desktop/rob599_mobile_robotics/pioneer_ws/install/goal_target/lib/python3.12/site-packages/goal_target-0.0.0-py3.12.egg-info/SOURCES.txt
[8.319s] -- Symlinking: /home/liam-bouffard/Desktop/rob599_mobile_robotics/pioneer_ws/install/goal_target/lib/python3.12/site-packages/goal_target-0.0.0-py3.12.egg-info/dependency_links.txt
[8.329s] -- Symlinking: /home/liam-bouffard/Desktop/rob599_mobile_robotics/pioneer_ws/install/goal_target/lib/python3.12/site-packages/goal_target-0.0.0-py3.12.egg-info/top_level.txt
[8.341s] -- Symlinking: /home/liam-bouffard/Desktop/rob599_mobile_robotics/pioneer_ws/install/goal_target/lib/python3.12/site-packages/goal_target/__init__.py
[8.353s] -- Symlinking: /home/liam-bouffard/Desktop/rob599_mobile_robotics/pioneer_ws/install/goal_target/lib/python3.12/site-packages/goal_target/_goal_target_s.ep.rosidl_typesupport_c.c
[8.364s] -- Symlinking: /home/liam-bouffard/Desktop/rob599_mobile_robotics/pioneer_ws/install/goal_target/lib/python3.12/site-packages/goal_target/_goal_target_s.ep.rosidl_typesupport_fastrtps_c.c
[8.374s] -- Symlinking: /home/liam-bouffard/Desktop/rob599_mobile_robotics/pioneer_ws/install/goal_target/lib/python3.12/site-packages/goal_target/_goal_target_s.ep.rosidl_typesupport_introspection_c.c
[8.383s] -- Symlinking: /home/liam-bouffard/Desktop/rob599_mobile_robotics/pioneer_ws/install/goal_target/lib/python3.12/site-packages/goal_target/action/__init__.py
[8.393s] -- Symlinking: /home/liam-bouffard/Desktop/rob599_mobile_robotics/pioneer_ws/install/goal_target/lib/python3.12/site-packages/goal_target/action/_goal_target.py
[8.401s] -- Symlinking: /home/liam-bouffard/Desktop/rob599_mobile_robotics/pioneer_ws/install/goal_target/lib/python3.12/site-packages/goal_target/action/_goal_target_s.c
[8.410s] -- Symlinking: /home/liam-bouffard/Desktop/rob599_mobile_robotics/pioneer_ws/install/goal_target/lib/python3.12/site-packages/goal_target/goal_target_s__rosidl_typesupport_c.so
[8.420s] -- Symlinking: /home/liam-bouffard/Desktop/rob599_mobile_robotics/pioneer_ws/install/goal_target/lib/python3.12/site-packages/goal_target/goal_target_s__rosidl_typesupport_fastrtps_c.so
[8.432s] -- Symlinking: /home/liam-bouffard/Desktop/rob599_mobile_robotics/pioneer_ws/install/goal_target/lib/python3.12/site-packages/goal_target/goal_target_s__rosidl_typesupport_introspection_c.so
[8.443s] -- Up-to-date symlink: /home/liam-bouffard/Desktop/rob599_mobile_robotics/pioneer_ws/install/goal_target/lib/python3.12/site-packages/goal_target/goal_target_s__rosidl_typesupport_fastrtps_c.so
[8.444s] -- Up-to-date symlink: /home/liam-bouffard/Desktop/rob599_mobile_robotics/pioneer_ws/install/goal_target/lib/python3.12/site-packages/goal_target/goal_target_s__rosidl_typesupport_introspection_c.so
[8.444s] -- Up-to-date symlink: /home/liam-bouffard/Desktop/rob599_mobile_robotics/pioneer_ws/install/goal_target/lib/python3.12/site-packages/goal_target/goal_target_s__rosidl_typesupport_c.so
[8.444s] -- Symlinking: /home/liam-bouffard/Desktop/rob599_mobile_robotics/pioneer_ws/install/goal_target/share/goal_target/action/GoalTarget.idl
[8.454s] -- Symlinking: /home/liam-bouffard/Desktop/rob599_mobile_robotics/pioneer_ws/install/goal_target/share/goal_target/action/GoalTarget.action
[8.464s] -- Symlinking: /home/liam-bouffard/Desktop/rob599_mobile_robotics/pioneer_ws/install/goal_target/share/ament_index/resource_index/package_run_dependencies/goal_target
[8.474s] -- Symlinking: /home/liam-bouffard/Desktop/rob599_mobile_robotics/pioneer_ws/install/goal_target/share/ament_index/resource_index/parent_prefix_path/goal_target
[8.484s] -- Symlinking: /home/liam-bouffard/Desktop/rob599_mobile_robotics/pioneer_ws/install/goal_target/share/goal_target/environment/ament_prefix_path.sh
[8.493s] -- Symlinking: /home/liam-bouffard/Desktop/rob599_mobile_robotics/pioneer_ws/install/goal_target/share/goal_target/environment/ament_prefix_path.dsv
[8.502s] -- Symlinking: /home/liam-bouffard/Desktop/rob599_mobile_robotics/pioneer_ws/install/goal_target/share/goal_target/environment/path.sh
[8.512s] -- Symlinking: /home/liam-bouffard/Desktop/rob599_mobile_robotics/pioneer_ws/install/goal_target/share/goal_target/environment/path.dsv
[8.521s] -- Symlinking: /home/liam-bouffard/Desktop/rob599_mobile_robotics/pioneer_ws/install/goal_target/share/goal_target/local_setup.bash
[8.531s] -- Symlinking: /home/liam-bouffard/Desktop/rob599_mobile_robotics/pioneer_ws/install/goal_target/share/goal_target/local_setup.sh
[8.541s] -- Symlinking: /home/liam-bouffard/Desktop/rob599_mobile_robotics/pioneer_ws/install/goal_target/share/goal_target/local_setup.zsh
[8.552s] -- Symlinking: /home/liam-bouffard/Desktop/rob599_mobile_robotics/pioneer_ws/install/goal_target/share/goal_target/local_setup.dsv
[8.563s] -- Symlinking: /home/liam-bouffard/Desktop/rob599_mobile_robotics/pioneer_ws/install/goal_target/share/goal_target/package.dsv
[8.572s] -- Symlinking: /home/liam-bouffard/Desktop/rob599_mobile_robotics/pioneer_ws/install/goal_target/share/ament_index/resource_index/packages/goal_target
[8.583s] -- Symlinking: /home/liam-bouffard/Desktop/rob599_mobile_robotics/pioneer_ws/install/goal_target/share/goal_target/cmake/rosidl_cmake-extras.cmake
[8.593s] -- Symlinking: /home/liam-bouffard/Desktop/rob599_mobile_robotics/pioneer_ws/install/goal_target/share/goal_target/cmake/ament_cmake_export_dependencies-extras.cmake
[8.603s] -- Symlinking: /home/liam-bouffard/Desktop/rob599_mobile_robotics/pioneer_ws/install/goal_target/share/goal_target/cmake/ament_cmake_export_include_directories-extras.cmake
[8.612s] -- Symlinking: /home/liam-bouffard/Desktop/rob599_mobile_robotics/pioneer_ws/install/goal_target/share/goal_target/cmake/ament_cmake_export_libraries-extras.cmake
[8.622s] -- Symlinking: /home/liam-bouffard/Desktop/rob599_mobile_robotics/pioneer_ws/install/goal_target/share/goal_target/cmake/ament_cmake_export_targets-extras.cmake
[8.633s] -- Symlinking: /home/liam-bouffard/Desktop/rob599_mobile_robotics/pioneer_ws/install/goal_target/share/goal_target/cmake/rosidl_cmake_export_typesupport_targets-extras.cmake
[8.645s] -- Symlinking: /home/liam-bouffard/Desktop/rob599_mobile_robotics/pioneer_ws/install/goal_target/share/goal_target/cmake/rosidl_cmake_export_typesupport_libraries-extras.cmake
[8.655s] -- Symlinking: /home/liam-bouffard/Desktop/rob599_mobile_robotics/pioneer_ws/install/goal_target/share/goal_target/cmake/goal_targetConfig.cmake
[8.666s] -- Symlinking: /home/liam-bouffard/Desktop/rob599_mobile_robotics/pioneer_ws/install/goal_target/share/goal_target/cmake/goal_targetConfig-version.cmake
[8.678s] -- Symlinking: /home/liam-bouffard/Desktop/rob599_mobile_robotics/pioneer_ws/install/goal_target/share/goal_target/package.xml
[8.695s] -- Installing: /home/liam-bouffard/Desktop/rob599_mobile_robotics/pioneer_ws/install/goal_target/lib/libgoal_target__rosidl_generator_c.so
[8.696s] -- Set non-toolchain portion of runtime path of "/home/liam-bouffard/Desktop/rob599_mobile_robotics/pioneer_ws/install/goal_target/lib/libgoal_target__rosidl_generator_c.so" to ""
[8.696s] -- Installing: /home/liam-bouffard/Desktop/rob599_mobile_robotics/pioneer_ws/install/goal_target/lib/libgoal_target__rosidl_typesupport_fastrtps_c.so
[8.697s] -- Set non-toolchain portion of runtime path of "/home/liam-bouffard/Desktop/rob599_mobile_robotics/pioneer_ws/install/goal_target/lib/libgoal_target__rosidl_typesupport_fastrtps_c.so" to ""
[8.697s] -- Installing: /home/liam-bouffard/Desktop/rob599_mobile_robotics/pioneer_ws/install/goal_target/lib/libgoal_target__rosidl_typesupport_introspection_c.so
[8.698s] -- Set non-toolchain portion of runtime path of "/home/liam-bouffard/Desktop/rob599_mobile_robotics/pioneer_ws/install/goal_target/lib/libgoal_target__rosidl_typesupport_introspection_c.so" to ""
[8.698s] -- Installing: /home/liam-bouffard/Desktop/rob599_mobile_robotics/pioneer_ws/install/goal_target/lib/libgoal_target__rosidl_typesupport_c.so
[8.699s] -- Set non-toolchain portion of runtime path of "/home/liam-bouffard/Desktop/rob599_mobile_robotics/pioneer_ws/install/goal_target/lib/libgoal_target__rosidl_typesupport_c.so" to ""
[8.699s] -- Installing: /home/liam-bouffard/Desktop/rob599_mobile_robotics/pioneer_ws/install/goal_target/lib/libgoal_target__rosidl_typesupport_fastrtps_cpp.so
[8.700s] -- Set non-toolchain portion of runtime path of "/home/liam-bouffard/Desktop/rob599_mobile_robotics/pioneer_ws/install/goal_target/lib/libgoal_target__rosidl_typesupport_fastrtps_cpp.so" to ""
[8.700s] -- Installing: /home/liam-bouffard/Desktop/rob599_mobile_robotics/pioneer_ws/install/goal_target/lib/libgoal_target__rosidl_typesupport_introspection_cpp.so
[8.701s] -- Set non-toolchain portion of runtime path of "/home/liam-bouffard/Desktop/rob599_mobile_robotics/pioneer_ws/install/goal_target/lib/libgoal_target__rosidl_typesupport_introspection_cpp.so" to ""
[8.701s] -- Installing: /home/liam-bouffard/Desktop/rob599_mobile_robotics/pioneer_ws/install/goal_target/lib/libgoal_target__rosidl_typesupport_cpp.so
[8.701s] -- Set non-toolchain portion of runtime path of "/home/liam-bouffard/Desktop/rob599_mobile_robotics/pioneer_ws/install/goal_target/lib/libgoal_target__rosidl_typesupport_cpp.so" to ""
[8.765s] Listing '/home/liam-bouffard/Desktop/rob599_mobile_robotics/pioneer_ws/install/goal_target/lib/python3.12/site-packages/goal_target'...
[8.765s] Compiling '/home/liam-bouffard/Desktop/rob599_mobile_robotics/pioneer_ws/install/goal_target/lib/python3.12/site-packages/goal_target/__init__.py'...
[8.765s] Listing '/home/liam-bouffard/Desktop/rob599_mobile_robotics/pioneer_ws/install/goal_target/lib/python3.12/site-packages/goal_target/action'...
[8.765s] Compiling '/home/liam-bouffard/Desktop/rob599_mobile_robotics/pioneer_ws/install/goal_target/lib/python3.12/site-packages/goal_target/action/__init__.py'...
[8.765s] Compiling '/home/liam-bouffard/Desktop/rob599_mobile_robotics/pioneer_ws/install/goal_target/lib/python3.12/site-packages/goal_target/action/_goal_target.py'...
[8.771s] -- Installing: /home/liam-bouffard/Desktop/rob599_mobile_robotics/pioneer_ws/install/goal_target/lib/libgoal_target__rosidl_generator_py.so
[8.772s] -- Set non-toolchain portion of runtime path of "/home/liam-bouffard/Desktop/rob599_mobile_robotics/pioneer_ws/install/goal_target/lib/libgoal_target__rosidl_generator_py.so" to ""
[8.772s] -- Installing: /home/liam-bouffard/Desktop/rob599_mobile_robotics/pioneer_ws/install/goal_target/share/goal_target/cmake/export_goal_target__rosidl_generator_cExport.cmake
[8.772s] -- Installing: /home/liam-bouffard/Desktop/rob599_mobile_robotics/pioneer_ws/install/goal_target/share/goal_target/cmake/export_goal_target__rosidl_generator_cExport-noconfig.cmake
[8.772s] -- Installing: /home/liam-bouffard/Desktop/rob599_mobile_robotics/pioneer_ws/install/goal_target/share/goal_target/cmake/export_goal_target__rosidl_typesupport_fastrtps_cExport.cmake
[8.772s] -- Installing: /home/liam-bouffard/Desktop/rob599_mobile_robotics/pioneer_ws/install/goal_target/share/goal_target/cmake/export_goal_target__rosidl_typesupport_fastrtps_cExport-noconfig.cmake
[8.772s] -- Installing: /home/liam-bouffard/Desktop/rob599_mobile_robotics/pioneer_ws/install/goal_target/share/goal_target/cmake/goal_target__rosidl_typesupport_introspection_cExport.cmake
[8.773s] -- Installing: /home/liam-bouffard/Desktop/rob599_mobile_robotics/pioneer_ws/install/goal_target/share/goal_target/cmake/goal_target__rosidl_typesupport_introspection_cExport-noconfig.cmake
[8.773s] -- Installing: /home/liam-bouffard/Desktop/rob599_mobile_robotics/pioneer_ws/install/goal_target/share/goal_target/cmake/goal_target__rosidl_typesupport_cExport.cmake
[8.773s] -- Installing: /home/liam-bouffard/Desktop/rob599_mobile_robotics/pioneer_ws/install/goal_target/share/goal_target/cmake/goal_target__rosidl_typesupport_cExport-noconfig.cmake
[8.773s] -- Installing: /home/liam-bouffard/Desktop/rob599_mobile_robotics/pioneer_ws/install/goal_target/share/goal_target/cmake/export_goal_target__rosidl_generator_cppExport.cmake
[8.773s] -- Installing: /home/liam-bouffard/Desktop/rob599_mobile_robotics/pioneer_ws/install/goal_target/share/goal_target/cmake/export_goal_target__rosidl_typesupport_fastrtps_cppExport.cmake
[8.773s] -- Installing: /home/liam-bouffard/Desktop/rob599_mobile_robotics/pioneer_ws/install/goal_target/share/goal_target/cmake/export_goal_target__rosidl_typesupport_fastrtps_cppExport-noconfig.cmake
[8.773s] -- Installing: /home/liam-bouffard/Desktop/rob599_mobile_robotics/pioneer_ws/install/goal_target/share/goal_target/cmake/goal_target__rosidl_typesupport_introspection_cppExport.cmake
[8.773s] -- Installing: /home/liam-bouffard/Desktop/rob599_mobile_robotics/pioneer_ws/install/goal_target/share/goal_target/cmake/goal_target__rosidl_typesupport_introspection_cppExport-noconfig.cmake
[8.773s] -- Installing: /home/liam-bouffard/Desktop/rob599_mobile_robotics/pioneer_ws/install/goal_target/share/goal_target/cmake/goal_target__rosidl_typesupport_cppExport.cmake
[8.773s] -- Installing: /home/liam-bouffard/Desktop/rob599_mobile_robotics/pioneer_ws/install/goal_target/share/goal_target/cmake/goal_target__rosidl_typesupport_cppExport-noconfig.cmake
[8.773s] -- Installing: /home/liam-bouffard/Desktop/rob599_mobile_robotics/pioneer_ws/install/goal_target/share/goal_target/cmake/export_goal_target__rosidl_generator_pyExport.cmake
[8.774s] -- Installing: /home/liam-bouffard/Desktop/rob599_mobile_robotics/pioneer_ws/install/goal_target/share/goal_target/cmake/export_goal_target__rosidl_generator_pyExport-noconfig.cmake
[8.776s] Invoked command in '/home/liam-bouffard/Desktop/rob599_mobile_robotics/pioneer_ws/build/goal_target' returned '0': CMAKE_PREFIX_PATH=${CMAKE_PREFIX_PATH}:/opt/ros/kilted DEBUGINFOD_URLS=https://debuginfod.ubuntu.com /usr/bin/cmake --install /home/liam-bouffard/Desktop/rob599_mobile_robotics/pioneer_ws/build/goal_target
