[0.565s] Invoking command in '/home/liam-bouffard/Desktop/rob599_mobile_robotics/w1_ws/build/py_pubsub': DEBUGINFOD_URLS=https://debuginfod.ubuntu.com PYTHONPATH=/home/liam-bouffard/Desktop/rob599_mobile_robotics/w1_ws/build/py_pubsub/prefix_override:/usr/lib/python3/dist-packages/colcon_core/task/python/colcon_distutils_commands:/home/liam-bouffard/Desktop/rob599_mobile_robotics/w1_ws/install/py_pubsub/lib/python3.12/site-packages:${PYTHONPATH} /usr/bin/python3 -W ignore:setup.py install is deprecated -W ignore:easy_install command is deprecated setup.py develop --uninstall --editable --build-directory /home/liam-bouffard/Desktop/rob599_mobile_robotics/w1_ws/build/py_pubsub/build
[0.778s] running develop
[0.927s] Removing /home/liam-bouffard/Desktop/rob599_mobile_robotics/w1_ws/install/py_pubsub/lib/python3.12/site-packages/py-pubsub.egg-link (link to .)
[0.946s] Invoked command in '/home/liam-bouffard/Desktop/rob599_mobile_robotics/w1_ws/build/py_pubsub' returned '0': DEBUGINFOD_URLS=https://debuginfod.ubuntu.com PYTHONPATH=/home/liam-bouffard/Desktop/rob599_mobile_robotics/w1_ws/build/py_pubsub/prefix_override:/usr/lib/python3/dist-packages/colcon_core/task/python/colcon_distutils_commands:/home/liam-bouffard/Desktop/rob599_mobile_robotics/w1_ws/install/py_pubsub/lib/python3.12/site-packages:${PYTHONPATH} /usr/bin/python3 -W ignore:setup.py install is deprecated -W ignore:easy_install command is deprecated setup.py develop --uninstall --editable --build-directory /home/liam-bouffard/Desktop/rob599_mobile_robotics/w1_ws/build/py_pubsub/build
[0.947s] Invoking command in '/home/liam-bouffard/Desktop/rob599_mobile_robotics/w1_ws/src/py_pubsub': DEBUGINFOD_URLS=https://debuginfod.ubuntu.com PYTHONPATH=/home/liam-bouffard/Desktop/rob599_mobile_robotics/w1_ws/build/py_pubsub/prefix_override:/usr/lib/python3/dist-packages/colcon_core/task/python/colcon_distutils_commands:/home/liam-bouffard/Desktop/rob599_mobile_robotics/w1_ws/install/py_pubsub/lib/python3.12/site-packages:${PYTHONPATH} /usr/bin/python3 -W ignore:setup.py install is deprecated -W ignore:easy_install command is deprecated setup.py egg_info --egg-base ../../build/py_pubsub build --build-base /home/liam-bouffard/Desktop/rob599_mobile_robotics/w1_ws/build/py_pubsub/build install --record /home/liam-bouffard/Desktop/rob599_mobile_robotics/w1_ws/build/py_pubsub/install.log --single-version-externally-managed install_data --force
[1.136s] running egg_info
[1.149s] writing ../../build/py_pubsub/py_pubsub.egg-info/PKG-INFO
[1.150s] writing dependency_links to ../../build/py_pubsub/py_pubsub.egg-info/dependency_links.txt
[1.150s] writing entry points to ../../build/py_pubsub/py_pubsub.egg-info/entry_points.txt
[1.150s] writing requirements to ../../build/py_pubsub/py_pubsub.egg-info/requires.txt
[1.150s] writing top-level names to ../../build/py_pubsub/py_pubsub.egg-info/top_level.txt
[1.179s] reading manifest file '../../build/py_pubsub/py_pubsub.egg-info/SOURCES.txt'
[1.179s] adding license file 'LICENSE'
[1.179s] writing manifest file '../../build/py_pubsub/py_pubsub.egg-info/SOURCES.txt'
[1.179s] running build
[1.179s] running build_py
[1.180s] copying py_pubsub/pub.py -> /home/liam-bouffard/Desktop/rob599_mobile_robotics/w1_ws/build/py_pubsub/build/lib/py_pubsub
[1.180s] running install
[1.184s] running install_lib
[1.198s] creating /home/liam-bouffard/Desktop/rob599_mobile_robotics/w1_ws/install/py_pubsub/lib/python3.12/site-packages/py_pubsub
[1.198s] copying /home/liam-bouffard/Desktop/rob599_mobile_robotics/w1_ws/build/py_pubsub/build/lib/py_pubsub/pub.py -> /home/liam-bouffard/Desktop/rob599_mobile_robotics/w1_ws/install/py_pubsub/lib/python3.12/site-packages/py_pubsub
[1.199s] copying /home/liam-bouffard/Desktop/rob599_mobile_robotics/w1_ws/build/py_pubsub/build/lib/py_pubsub/__init__.py -> /home/liam-bouffard/Desktop/rob599_mobile_robotics/w1_ws/install/py_pubsub/lib/python3.12/site-packages/py_pubsub
[1.199s] byte-compiling /home/liam-bouffard/Desktop/rob599_mobile_robotics/w1_ws/install/py_pubsub/lib/python3.12/site-packages/py_pubsub/pub.py to pub.cpython-312.pyc
[1.199s] byte-compiling /home/liam-bouffard/Desktop/rob599_mobile_robotics/w1_ws/install/py_pubsub/lib/python3.12/site-packages/py_pubsub/__init__.py to __init__.cpython-312.pyc
[1.199s] running install_data
[1.199s] copying resource/py_pubsub -> /home/liam-bouffard/Desktop/rob599_mobile_robotics/w1_ws/install/py_pubsub/share/ament_index/resource_index/packages
[1.199s] copying package.xml -> /home/liam-bouffard/Desktop/rob599_mobile_robotics/w1_ws/install/py_pubsub/share/py_pubsub
[1.199s] running install_egg_info
[1.215s] Copying ../../build/py_pubsub/py_pubsub.egg-info to /home/liam-bouffard/Desktop/rob599_mobile_robotics/w1_ws/install/py_pubsub/lib/python3.12/site-packages/py_pubsub-0.0.0-py3.12.egg-info
[1.215s] running install_scripts
[1.307s] Installing pub script to /home/liam-bouffard/Desktop/rob599_mobile_robotics/w1_ws/install/py_pubsub/lib/py_pubsub
[1.308s] writing list of installed files to '/home/liam-bouffard/Desktop/rob599_mobile_robotics/w1_ws/build/py_pubsub/install.log'
[1.325s] Invoked command in '/home/liam-bouffard/Desktop/rob599_mobile_robotics/w1_ws/src/py_pubsub' returned '0': DEBUGINFOD_URLS=https://debuginfod.ubuntu.com PYTHONPATH=/home/liam-bouffard/Desktop/rob599_mobile_robotics/w1_ws/build/py_pubsub/prefix_override:/usr/lib/python3/dist-packages/colcon_core/task/python/colcon_distutils_commands:/home/liam-bouffard/Desktop/rob599_mobile_robotics/w1_ws/install/py_pubsub/lib/python3.12/site-packages:${PYTHONPATH} /usr/bin/python3 -W ignore:setup.py install is deprecated -W ignore:easy_install command is deprecated setup.py egg_info --egg-base ../../build/py_pubsub build --build-base /home/liam-bouffard/Desktop/rob599_mobile_robotics/w1_ws/build/py_pubsub/build install --record /home/liam-bouffard/Desktop/rob599_mobile_robotics/w1_ws/build/py_pubsub/install.log --single-version-externally-managed install_data --force
