[0.009s] Invoking command in '/home/liam-bouffard/Desktop/rob599_mobile_robotics/ros2_tutorial_py_ws/build/tutorial_interfaces': CMAKE_PREFIX_PATH=${CMAKE_PREFIX_PATH}:/home/liam-bouffard/Desktop/rob599_mobile_robotics/ros2_tutorial_py_ws/install/py_pubsub:/opt/ros/kilted CONDA_PROMPT_MODIFIER=(env3.14) DEBUGINFOD_URLS=https://debuginfod.ubuntu.com /usr/bin/cmake --build /home/liam-bouffard/Desktop/rob599_mobile_robotics/ros2_tutorial_py_ws/build/tutorial_interfaces -- -j32 -l32
[0.031s] -- Found ament_cmake: 2.7.3 (/opt/ros/kilted/share/ament_cmake/cmake)
[0.050s] -- Found Python3: /usr/bin/python3 (found version "3.12.3") found components: Interpreter 
[0.106s] -- Found geometry_msgs: 5.5.1 (/opt/ros/kilted/share/geometry_msgs/cmake)
[0.124s] -- Found rosidl_generator_c: 4.9.5 (/opt/ros/kilted/share/rosidl_generator_c/cmake)
[0.130s] -- Found rosidl_generator_cpp: 4.9.5 (/opt/ros/kilted/share/rosidl_generator_cpp/cmake)
[0.137s] -- Using all available rosidl_typesupport_c: rosidl_typesupport_fastrtps_c;rosidl_typesupport_introspection_c
[0.147s] -- Using all available rosidl_typesupport_cpp: rosidl_typesupport_fastrtps_cpp;rosidl_typesupport_introspection_cpp
[0.175s] -- Found rosidl_default_generators: 1.7.1 (/opt/ros/kilted/share/rosidl_default_generators/cmake)
[0.180s] -- Found rosidl_adapter: 4.9.5 (/opt/ros/kilted/share/rosidl_adapter/cmake)
[0.411s] -- Found ament_cmake_ros_core: 0.14.3 (/opt/ros/kilted/share/ament_cmake_ros_core/cmake)
[0.620s] -- Using all available rosidl_typesupport_c: rosidl_typesupport_fastrtps_c;rosidl_typesupport_introspection_c
[0.704s] -- Using all available rosidl_typesupport_cpp: rosidl_typesupport_fastrtps_cpp;rosidl_typesupport_introspection_cpp
[0.875s] -- Found Python3: /usr/bin/python3 (found version "3.12.3") found components: Interpreter Development NumPy Development.Module Development.Embed 
[0.907s] -- Found ament_lint_auto: 0.19.2 (/opt/ros/kilted/share/ament_lint_auto/cmake)
[0.912s] -- Added test 'lint_cmake' to check CMake code style
[0.913s] -- Added test 'xmllint' to check XML markup files
[0.915s] -- Configuring done (0.9s)
[0.944s] -- Generating done (0.0s)
[0.953s] -- Build files have been written to: /home/liam-bouffard/Desktop/rob599_mobile_robotics/ros2_tutorial_py_ws/build/tutorial_interfaces
[0.981s] [  1%] Built target tutorial_interfaces__rosidl_generator_type_description
[0.989s] [  1%] Built target ament_cmake_python_copy_tutorial_interfaces
[0.998s] [  3%] Built target tutorial_interfaces__cpp
[1.004s] [ 24%] Built target tutorial_interfaces__rosidl_generator_c
[1.024s] [ 33%] Built target tutorial_interfaces__rosidl_typesupport_introspection_c
[1.026s] [ 42%] Built target tutorial_interfaces__rosidl_typesupport_cpp
[1.027s] [ 51%] Built target tutorial_interfaces__rosidl_typesupport_fastrtps_c
[1.027s] [ 61%] Built target tutorial_interfaces__rosidl_typesupport_c
[1.028s] [ 70%] Built target tutorial_interfaces__rosidl_typesupport_fastrtps_cpp
[1.029s] [ 79%] Built target tutorial_interfaces__rosidl_typesupport_introspection_cpp
[1.049s] [ 79%] Built target tutorial_interfaces
[1.065s] [ 81%] Built target tutorial_interfaces__py
[1.090s] [ 88%] Built target tutorial_interfaces__rosidl_generator_py
[1.114s] [ 92%] Built target tutorial_interfaces_s__rosidl_typesupport_introspection_c
[1.114s] [ 96%] Built target tutorial_interfaces_s__rosidl_typesupport_fastrtps_c
[1.115s] [100%] Built target tutorial_interfaces_s__rosidl_typesupport_c
[1.151s] running egg_info
[1.166s] writing tutorial_interfaces.egg-info/PKG-INFO
[1.166s] writing dependency_links to tutorial_interfaces.egg-info/dependency_links.txt
[1.166s] writing top-level names to tutorial_interfaces.egg-info/top_level.txt
[1.209s] reading manifest file 'tutorial_interfaces.egg-info/SOURCES.txt'
[1.209s] writing manifest file 'tutorial_interfaces.egg-info/SOURCES.txt'
[1.231s] [100%] Built target ament_cmake_python_build_tutorial_interfaces_egg
[1.239s] Invoked command in '/home/liam-bouffard/Desktop/rob599_mobile_robotics/ros2_tutorial_py_ws/build/tutorial_interfaces' returned '0': CMAKE_PREFIX_PATH=${CMAKE_PREFIX_PATH}:/home/liam-bouffard/Desktop/rob599_mobile_robotics/ros2_tutorial_py_ws/install/py_pubsub:/opt/ros/kilted CONDA_PROMPT_MODIFIER=(env3.14) DEBUGINFOD_URLS=https://debuginfod.ubuntu.com /usr/bin/cmake --build /home/liam-bouffard/Desktop/rob599_mobile_robotics/ros2_tutorial_py_ws/build/tutorial_interfaces -- -j32 -l32
[1.246s] Invoking command in '/home/liam-bouffard/Desktop/rob599_mobile_robotics/ros2_tutorial_py_ws/build/tutorial_interfaces': CMAKE_PREFIX_PATH=${CMAKE_PREFIX_PATH}:/home/liam-bouffard/Desktop/rob599_mobile_robotics/ros2_tutorial_py_ws/install/py_pubsub:/opt/ros/kilted CONDA_PROMPT_MODIFIER=(env3.14) DEBUGINFOD_URLS=https://debuginfod.ubuntu.com /usr/bin/cmake --install /home/liam-bouffard/Desktop/rob599_mobile_robotics/ros2_tutorial_py_ws/build/tutorial_interfaces
[1.251s] -- Install configuration: ""
[1.251s] -- Up-to-date: /home/liam-bouffard/Desktop/rob599_mobile_robotics/ros2_tutorial_py_ws/install/tutorial_interfaces/share/ament_index/resource_index/rosidl_interfaces/tutorial_interfaces
[1.251s] -- Up-to-date: /home/liam-bouffard/Desktop/rob599_mobile_robotics/ros2_tutorial_py_ws/install/tutorial_interfaces/share/tutorial_interfaces/msg/Num.json
[1.251s] -- Up-to-date: /home/liam-bouffard/Desktop/rob599_mobile_robotics/ros2_tutorial_py_ws/install/tutorial_interfaces/share/tutorial_interfaces/msg/Sphere.json
[1.251s] -- Up-to-date: /home/liam-bouffard/Desktop/rob599_mobile_robotics/ros2_tutorial_py_ws/install/tutorial_interfaces/share/tutorial_interfaces/srv/AddThreeInts.json
[1.251s] -- Up-to-date: /home/liam-bouffard/Desktop/rob599_mobile_robotics/ros2_tutorial_py_ws/install/tutorial_interfaces/include/tutorial_interfaces/tutorial_interfaces
[1.252s] -- Up-to-date: /home/liam-bouffard/Desktop/rob599_mobile_robotics/ros2_tutorial_py_ws/install/tutorial_interfaces/include/tutorial_interfaces/tutorial_interfaces/srv
[1.252s] -- Up-to-date: /home/liam-bouffard/Desktop/rob599_mobile_robotics/ros2_tutorial_py_ws/install/tutorial_interfaces/include/tutorial_interfaces/tutorial_interfaces/srv/detail
[1.252s] -- Up-to-date: /home/liam-bouffard/Desktop/rob599_mobile_robotics/ros2_tutorial_py_ws/install/tutorial_interfaces/include/tutorial_interfaces/tutorial_interfaces/srv/detail/add_three_ints__type_support.c
[1.252s] -- Up-to-date: /home/liam-bouffard/Desktop/rob599_mobile_robotics/ros2_tutorial_py_ws/install/tutorial_interfaces/include/tutorial_interfaces/tutorial_interfaces/srv/detail/add_three_ints__struct.h
[1.252s] -- Up-to-date: /home/liam-bouffard/Desktop/rob599_mobile_robotics/ros2_tutorial_py_ws/install/tutorial_interfaces/include/tutorial_interfaces/tutorial_interfaces/srv/detail/add_three_ints__description.c
[1.252s] -- Up-to-date: /home/liam-bouffard/Desktop/rob599_mobile_robotics/ros2_tutorial_py_ws/install/tutorial_interfaces/include/tutorial_interfaces/tutorial_interfaces/srv/detail/add_three_ints__functions.c
[1.252s] -- Up-to-date: /home/liam-bouffard/Desktop/rob599_mobile_robotics/ros2_tutorial_py_ws/install/tutorial_interfaces/include/tutorial_interfaces/tutorial_interfaces/srv/detail/add_three_ints__type_support.h
[1.252s] -- Up-to-date: /home/liam-bouffard/Desktop/rob599_mobile_robotics/ros2_tutorial_py_ws/install/tutorial_interfaces/include/tutorial_interfaces/tutorial_interfaces/srv/detail/add_three_ints__functions.h
[1.252s] -- Up-to-date: /home/liam-bouffard/Desktop/rob599_mobile_robotics/ros2_tutorial_py_ws/install/tutorial_interfaces/include/tutorial_interfaces/tutorial_interfaces/srv/add_three_ints.h
[1.253s] -- Up-to-date: /home/liam-bouffard/Desktop/rob599_mobile_robotics/ros2_tutorial_py_ws/install/tutorial_interfaces/include/tutorial_interfaces/tutorial_interfaces/msg
[1.253s] -- Up-to-date: /home/liam-bouffard/Desktop/rob599_mobile_robotics/ros2_tutorial_py_ws/install/tutorial_interfaces/include/tutorial_interfaces/tutorial_interfaces/msg/rosidl_generator_c__visibility_control.h
[1.253s] -- Up-to-date: /home/liam-bouffard/Desktop/rob599_mobile_robotics/ros2_tutorial_py_ws/install/tutorial_interfaces/include/tutorial_interfaces/tutorial_interfaces/msg/detail
[1.253s] -- Up-to-date: /home/liam-bouffard/Desktop/rob599_mobile_robotics/ros2_tutorial_py_ws/install/tutorial_interfaces/include/tutorial_interfaces/tutorial_interfaces/msg/detail/num__functions.h
[1.253s] -- Up-to-date: /home/liam-bouffard/Desktop/rob599_mobile_robotics/ros2_tutorial_py_ws/install/tutorial_interfaces/include/tutorial_interfaces/tutorial_interfaces/msg/detail/num__description.c
[1.253s] -- Up-to-date: /home/liam-bouffard/Desktop/rob599_mobile_robotics/ros2_tutorial_py_ws/install/tutorial_interfaces/include/tutorial_interfaces/tutorial_interfaces/msg/detail/num__struct.h
[1.253s] -- Up-to-date: /home/liam-bouffard/Desktop/rob599_mobile_robotics/ros2_tutorial_py_ws/install/tutorial_interfaces/include/tutorial_interfaces/tutorial_interfaces/msg/detail/num__functions.c
[1.253s] -- Up-to-date: /home/liam-bouffard/Desktop/rob599_mobile_robotics/ros2_tutorial_py_ws/install/tutorial_interfaces/include/tutorial_interfaces/tutorial_interfaces/msg/detail/sphere__type_support.h
[1.253s] -- Up-to-date: /home/liam-bouffard/Desktop/rob599_mobile_robotics/ros2_tutorial_py_ws/install/tutorial_interfaces/include/tutorial_interfaces/tutorial_interfaces/msg/detail/sphere__type_support.c
[1.253s] -- Up-to-date: /home/liam-bouffard/Desktop/rob599_mobile_robotics/ros2_tutorial_py_ws/install/tutorial_interfaces/include/tutorial_interfaces/tutorial_interfaces/msg/detail/sphere__description.c
[1.253s] -- Up-to-date: /home/liam-bouffard/Desktop/rob599_mobile_robotics/ros2_tutorial_py_ws/install/tutorial_interfaces/include/tutorial_interfaces/tutorial_interfaces/msg/detail/num__type_support.c
[1.253s] -- Up-to-date: /home/liam-bouffard/Desktop/rob599_mobile_robotics/ros2_tutorial_py_ws/install/tutorial_interfaces/include/tutorial_interfaces/tutorial_interfaces/msg/detail/sphere__functions.h
[1.253s] -- Up-to-date: /home/liam-bouffard/Desktop/rob599_mobile_robotics/ros2_tutorial_py_ws/install/tutorial_interfaces/include/tutorial_interfaces/tutorial_interfaces/msg/detail/num__type_support.h
[1.253s] -- Up-to-date: /home/liam-bouffard/Desktop/rob599_mobile_robotics/ros2_tutorial_py_ws/install/tutorial_interfaces/include/tutorial_interfaces/tutorial_interfaces/msg/detail/sphere__struct.h
[1.254s] -- Up-to-date: /home/liam-bouffard/Desktop/rob599_mobile_robotics/ros2_tutorial_py_ws/install/tutorial_interfaces/include/tutorial_interfaces/tutorial_interfaces/msg/detail/sphere__functions.c
[1.254s] -- Up-to-date: /home/liam-bouffard/Desktop/rob599_mobile_robotics/ros2_tutorial_py_ws/install/tutorial_interfaces/include/tutorial_interfaces/tutorial_interfaces/msg/sphere.h
[1.254s] -- Up-to-date: /home/liam-bouffard/Desktop/rob599_mobile_robotics/ros2_tutorial_py_ws/install/tutorial_interfaces/include/tutorial_interfaces/tutorial_interfaces/msg/num.h
[1.254s] -- Up-to-date: /home/liam-bouffard/Desktop/rob599_mobile_robotics/ros2_tutorial_py_ws/install/tutorial_interfaces/share/tutorial_interfaces/environment/library_path.sh
[1.254s] -- Up-to-date: /home/liam-bouffard/Desktop/rob599_mobile_robotics/ros2_tutorial_py_ws/install/tutorial_interfaces/share/tutorial_interfaces/environment/library_path.dsv
[1.254s] -- Up-to-date: /home/liam-bouffard/Desktop/rob599_mobile_robotics/ros2_tutorial_py_ws/install/tutorial_interfaces/lib/libtutorial_interfaces__rosidl_generator_c.so
[1.254s] -- Up-to-date: /home/liam-bouffard/Desktop/rob599_mobile_robotics/ros2_tutorial_py_ws/install/tutorial_interfaces/include/tutorial_interfaces/tutorial_interfaces
[1.254s] -- Up-to-date: /home/liam-bouffard/Desktop/rob599_mobile_robotics/ros2_tutorial_py_ws/install/tutorial_interfaces/include/tutorial_interfaces/tutorial_interfaces/srv
[1.254s] -- Up-to-date: /home/liam-bouffard/Desktop/rob599_mobile_robotics/ros2_tutorial_py_ws/install/tutorial_interfaces/include/tutorial_interfaces/tutorial_interfaces/srv/detail
[1.254s] -- Up-to-date: /home/liam-bouffard/Desktop/rob599_mobile_robotics/ros2_tutorial_py_ws/install/tutorial_interfaces/include/tutorial_interfaces/tutorial_interfaces/srv/detail/add_three_ints__rosidl_typesupport_fastrtps_c.h
[1.254s] -- Up-to-date: /home/liam-bouffard/Desktop/rob599_mobile_robotics/ros2_tutorial_py_ws/install/tutorial_interfaces/include/tutorial_interfaces/tutorial_interfaces/msg
[1.254s] -- Up-to-date: /home/liam-bouffard/Desktop/rob599_mobile_robotics/ros2_tutorial_py_ws/install/tutorial_interfaces/include/tutorial_interfaces/tutorial_interfaces/msg/rosidl_typesupport_fastrtps_c__visibility_control.h
[1.254s] -- Up-to-date: /home/liam-bouffard/Desktop/rob599_mobile_robotics/ros2_tutorial_py_ws/install/tutorial_interfaces/include/tutorial_interfaces/tutorial_interfaces/msg/detail
[1.254s] -- Up-to-date: /home/liam-bouffard/Desktop/rob599_mobile_robotics/ros2_tutorial_py_ws/install/tutorial_interfaces/include/tutorial_interfaces/tutorial_interfaces/msg/detail/num__rosidl_typesupport_fastrtps_c.h
[1.254s] -- Up-to-date: /home/liam-bouffard/Desktop/rob599_mobile_robotics/ros2_tutorial_py_ws/install/tutorial_interfaces/include/tutorial_interfaces/tutorial_interfaces/msg/detail/sphere__rosidl_typesupport_fastrtps_c.h
[1.254s] -- Up-to-date: /home/liam-bouffard/Desktop/rob599_mobile_robotics/ros2_tutorial_py_ws/install/tutorial_interfaces/lib/libtutorial_interfaces__rosidl_typesupport_fastrtps_c.so
[1.254s] -- Up-to-date: /home/liam-bouffard/Desktop/rob599_mobile_robotics/ros2_tutorial_py_ws/install/tutorial_interfaces/include/tutorial_interfaces/tutorial_interfaces
[1.254s] -- Up-to-date: /home/liam-bouffard/Desktop/rob599_mobile_robotics/ros2_tutorial_py_ws/install/tutorial_interfaces/include/tutorial_interfaces/tutorial_interfaces/srv
[1.254s] -- Up-to-date: /home/liam-bouffard/Desktop/rob599_mobile_robotics/ros2_tutorial_py_ws/install/tutorial_interfaces/include/tutorial_interfaces/tutorial_interfaces/srv/detail
[1.254s] -- Up-to-date: /home/liam-bouffard/Desktop/rob599_mobile_robotics/ros2_tutorial_py_ws/install/tutorial_interfaces/include/tutorial_interfaces/tutorial_interfaces/srv/detail/add_three_ints__struct.hpp
[1.254s] -- Up-to-date: /home/liam-bouffard/Desktop/rob599_mobile_robotics/ros2_tutorial_py_ws/install/tutorial_interfaces/include/tutorial_interfaces/tutorial_interfaces/srv/detail/add_three_ints__type_support.hpp
[1.255s] -- Up-to-date: /home/liam-bouffard/Desktop/rob599_mobile_robotics/ros2_tutorial_py_ws/install/tutorial_interfaces/include/tutorial_interfaces/tutorial_interfaces/srv/detail/add_three_ints__builder.hpp
[1.255s] -- Up-to-date: /home/liam-bouffard/Desktop/rob599_mobile_robotics/ros2_tutorial_py_ws/install/tutorial_interfaces/include/tutorial_interfaces/tutorial_interfaces/srv/detail/add_three_ints__traits.hpp
[1.255s] -- Up-to-date: /home/liam-bouffard/Desktop/rob599_mobile_robotics/ros2_tutorial_py_ws/install/tutorial_interfaces/include/tutorial_interfaces/tutorial_interfaces/srv/add_three_ints.hpp
[1.255s] -- Up-to-date: /home/liam-bouffard/Desktop/rob599_mobile_robotics/ros2_tutorial_py_ws/install/tutorial_interfaces/include/tutorial_interfaces/tutorial_interfaces/msg
[1.255s] -- Up-to-date: /home/liam-bouffard/Desktop/rob599_mobile_robotics/ros2_tutorial_py_ws/install/tutorial_interfaces/include/tutorial_interfaces/tutorial_interfaces/msg/rosidl_generator_cpp__visibility_control.hpp
[1.255s] -- Up-to-date: /home/liam-bouffard/Desktop/rob599_mobile_robotics/ros2_tutorial_py_ws/install/tutorial_interfaces/include/tutorial_interfaces/tutorial_interfaces/msg/sphere.hpp
[1.255s] -- Up-to-date: /home/liam-bouffard/Desktop/rob599_mobile_robotics/ros2_tutorial_py_ws/install/tutorial_interfaces/include/tutorial_interfaces/tutorial_interfaces/msg/num.hpp
[1.255s] -- Up-to-date: /home/liam-bouffard/Desktop/rob599_mobile_robotics/ros2_tutorial_py_ws/install/tutorial_interfaces/include/tutorial_interfaces/tutorial_interfaces/msg/detail
[1.255s] -- Up-to-date: /home/liam-bouffard/Desktop/rob599_mobile_robotics/ros2_tutorial_py_ws/install/tutorial_interfaces/include/tutorial_interfaces/tutorial_interfaces/msg/detail/num__builder.hpp
[1.255s] -- Up-to-date: /home/liam-bouffard/Desktop/rob599_mobile_robotics/ros2_tutorial_py_ws/install/tutorial_interfaces/include/tutorial_interfaces/tutorial_interfaces/msg/detail/num__type_support.hpp
[1.255s] -- Up-to-date: /home/liam-bouffard/Desktop/rob599_mobile_robotics/ros2_tutorial_py_ws/install/tutorial_interfaces/include/tutorial_interfaces/tutorial_interfaces/msg/detail/num__struct.hpp
[1.255s] -- Up-to-date: /home/liam-bouffard/Desktop/rob599_mobile_robotics/ros2_tutorial_py_ws/install/tutorial_interfaces/include/tutorial_interfaces/tutorial_interfaces/msg/detail/num__traits.hpp
[1.255s] -- Up-to-date: /home/liam-bouffard/Desktop/rob599_mobile_robotics/ros2_tutorial_py_ws/install/tutorial_interfaces/include/tutorial_interfaces/tutorial_interfaces/msg/detail/sphere__builder.hpp
[1.255s] -- Up-to-date: /home/liam-bouffard/Desktop/rob599_mobile_robotics/ros2_tutorial_py_ws/install/tutorial_interfaces/include/tutorial_interfaces/tutorial_interfaces/msg/detail/sphere__struct.hpp
[1.255s] -- Up-to-date: /home/liam-bouffard/Desktop/rob599_mobile_robotics/ros2_tutorial_py_ws/install/tutorial_interfaces/include/tutorial_interfaces/tutorial_interfaces/msg/detail/sphere__type_support.hpp
[1.255s] -- Up-to-date: /home/liam-bouffard/Desktop/rob599_mobile_robotics/ros2_tutorial_py_ws/install/tutorial_interfaces/include/tutorial_interfaces/tutorial_interfaces/msg/detail/sphere__traits.hpp
[1.255s] -- Up-to-date: /home/liam-bouffard/Desktop/rob599_mobile_robotics/ros2_tutorial_py_ws/install/tutorial_interfaces/include/tutorial_interfaces/tutorial_interfaces
[1.255s] -- Up-to-date: /home/liam-bouffard/Desktop/rob599_mobile_robotics/ros2_tutorial_py_ws/install/tutorial_interfaces/include/tutorial_interfaces/tutorial_interfaces/srv
[1.255s] -- Up-to-date: /home/liam-bouffard/Desktop/rob599_mobile_robotics/ros2_tutorial_py_ws/install/tutorial_interfaces/include/tutorial_interfaces/tutorial_interfaces/srv/detail
[1.255s] -- Up-to-date: /home/liam-bouffard/Desktop/rob599_mobile_robotics/ros2_tutorial_py_ws/install/tutorial_interfaces/include/tutorial_interfaces/tutorial_interfaces/srv/detail/add_three_ints__rosidl_typesupport_fastrtps_cpp.hpp
[1.255s] -- Up-to-date: /home/liam-bouffard/Desktop/rob599_mobile_robotics/ros2_tutorial_py_ws/install/tutorial_interfaces/include/tutorial_interfaces/tutorial_interfaces/srv/detail/dds_fastrtps
[1.255s] -- Up-to-date: /home/liam-bouffard/Desktop/rob599_mobile_robotics/ros2_tutorial_py_ws/install/tutorial_interfaces/include/tutorial_interfaces/tutorial_interfaces/msg
[1.255s] -- Up-to-date: /home/liam-bouffard/Desktop/rob599_mobile_robotics/ros2_tutorial_py_ws/install/tutorial_interfaces/include/tutorial_interfaces/tutorial_interfaces/msg/detail
[1.255s] -- Up-to-date: /home/liam-bouffard/Desktop/rob599_mobile_robotics/ros2_tutorial_py_ws/install/tutorial_interfaces/include/tutorial_interfaces/tutorial_interfaces/msg/detail/num__rosidl_typesupport_fastrtps_cpp.hpp
[1.255s] -- Up-to-date: /home/liam-bouffard/Desktop/rob599_mobile_robotics/ros2_tutorial_py_ws/install/tutorial_interfaces/include/tutorial_interfaces/tutorial_interfaces/msg/detail/sphere__rosidl_typesupport_fastrtps_cpp.hpp
[1.255s] -- Up-to-date: /home/liam-bouffard/Desktop/rob599_mobile_robotics/ros2_tutorial_py_ws/install/tutorial_interfaces/include/tutorial_interfaces/tutorial_interfaces/msg/detail/dds_fastrtps
[1.256s] -- Up-to-date: /home/liam-bouffard/Desktop/rob599_mobile_robotics/ros2_tutorial_py_ws/install/tutorial_interfaces/include/tutorial_interfaces/tutorial_interfaces/msg/rosidl_typesupport_fastrtps_cpp__visibility_control.h
[1.256s] -- Up-to-date: /home/liam-bouffard/Desktop/rob599_mobile_robotics/ros2_tutorial_py_ws/install/tutorial_interfaces/lib/libtutorial_interfaces__rosidl_typesupport_fastrtps_cpp.so
[1.256s] -- Up-to-date: /home/liam-bouffard/Desktop/rob599_mobile_robotics/ros2_tutorial_py_ws/install/tutorial_interfaces/include/tutorial_interfaces/tutorial_interfaces
[1.256s] -- Up-to-date: /home/liam-bouffard/Desktop/rob599_mobile_robotics/ros2_tutorial_py_ws/install/tutorial_interfaces/include/tutorial_interfaces/tutorial_interfaces/srv
[1.256s] -- Up-to-date: /home/liam-bouffard/Desktop/rob599_mobile_robotics/ros2_tutorial_py_ws/install/tutorial_interfaces/include/tutorial_interfaces/tutorial_interfaces/srv/detail
[1.256s] -- Up-to-date: /home/liam-bouffard/Desktop/rob599_mobile_robotics/ros2_tutorial_py_ws/install/tutorial_interfaces/include/tutorial_interfaces/tutorial_interfaces/srv/detail/add_three_ints__rosidl_typesupport_introspection_c.h
[1.256s] -- Up-to-date: /home/liam-bouffard/Desktop/rob599_mobile_robotics/ros2_tutorial_py_ws/install/tutorial_interfaces/include/tutorial_interfaces/tutorial_interfaces/srv/detail/add_three_ints__type_support.c
[1.256s] -- Up-to-date: /home/liam-bouffard/Desktop/rob599_mobile_robotics/ros2_tutorial_py_ws/install/tutorial_interfaces/include/tutorial_interfaces/tutorial_interfaces/msg
[1.256s] -- Up-to-date: /home/liam-bouffard/Desktop/rob599_mobile_robotics/ros2_tutorial_py_ws/install/tutorial_interfaces/include/tutorial_interfaces/tutorial_interfaces/msg/detail
[1.256s] -- Up-to-date: /home/liam-bouffard/Desktop/rob599_mobile_robotics/ros2_tutorial_py_ws/install/tutorial_interfaces/include/tutorial_interfaces/tutorial_interfaces/msg/detail/sphere__rosidl_typesupport_introspection_c.h
[1.256s] -- Up-to-date: /home/liam-bouffard/Desktop/rob599_mobile_robotics/ros2_tutorial_py_ws/install/tutorial_interfaces/include/tutorial_interfaces/tutorial_interfaces/msg/detail/num__rosidl_typesupport_introspection_c.h
[1.256s] -- Up-to-date: /home/liam-bouffard/Desktop/rob599_mobile_robotics/ros2_tutorial_py_ws/install/tutorial_interfaces/include/tutorial_interfaces/tutorial_interfaces/msg/detail/sphere__type_support.c
[1.256s] -- Up-to-date: /home/liam-bouffard/Desktop/rob599_mobile_robotics/ros2_tutorial_py_ws/install/tutorial_interfaces/include/tutorial_interfaces/tutorial_interfaces/msg/detail/num__type_support.c
[1.256s] -- Up-to-date: /home/liam-bouffard/Desktop/rob599_mobile_robotics/ros2_tutorial_py_ws/install/tutorial_interfaces/include/tutorial_interfaces/tutorial_interfaces/msg/rosidl_typesupport_introspection_c__visibility_control.h
[1.256s] -- Up-to-date: /home/liam-bouffard/Desktop/rob599_mobile_robotics/ros2_tutorial_py_ws/install/tutorial_interfaces/lib/libtutorial_interfaces__rosidl_typesupport_introspection_c.so
[1.256s] -- Up-to-date: /home/liam-bouffard/Desktop/rob599_mobile_robotics/ros2_tutorial_py_ws/install/tutorial_interfaces/lib/libtutorial_interfaces__rosidl_typesupport_c.so
[1.256s] -- Up-to-date: /home/liam-bouffard/Desktop/rob599_mobile_robotics/ros2_tutorial_py_ws/install/tutorial_interfaces/include/tutorial_interfaces/tutorial_interfaces
[1.256s] -- Up-to-date: /home/liam-bouffard/Desktop/rob599_mobile_robotics/ros2_tutorial_py_ws/install/tutorial_interfaces/include/tutorial_interfaces/tutorial_interfaces/srv
[1.256s] -- Up-to-date: /home/liam-bouffard/Desktop/rob599_mobile_robotics/ros2_tutorial_py_ws/install/tutorial_interfaces/include/tutorial_interfaces/tutorial_interfaces/srv/detail
[1.256s] -- Up-to-date: /home/liam-bouffard/Desktop/rob599_mobile_robotics/ros2_tutorial_py_ws/install/tutorial_interfaces/include/tutorial_interfaces/tutorial_interfaces/srv/detail/add_three_ints__rosidl_typesupport_introspection_cpp.hpp
[1.256s] -- Up-to-date: /home/liam-bouffard/Desktop/rob599_mobile_robotics/ros2_tutorial_py_ws/install/tutorial_interfaces/include/tutorial_interfaces/tutorial_interfaces/srv/detail/add_three_ints__type_support.cpp
[1.256s] -- Up-to-date: /home/liam-bouffard/Desktop/rob599_mobile_robotics/ros2_tutorial_py_ws/install/tutorial_interfaces/include/tutorial_interfaces/tutorial_interfaces/msg
[1.256s] -- Up-to-date: /home/liam-bouffard/Desktop/rob599_mobile_robotics/ros2_tutorial_py_ws/install/tutorial_interfaces/include/tutorial_interfaces/tutorial_interfaces/msg/detail
[1.256s] -- Up-to-date: /home/liam-bouffard/Desktop/rob599_mobile_robotics/ros2_tutorial_py_ws/install/tutorial_interfaces/include/tutorial_interfaces/tutorial_interfaces/msg/detail/sphere__rosidl_typesupport_introspection_cpp.hpp
[1.256s] -- Up-to-date: /home/liam-bouffard/Desktop/rob599_mobile_robotics/ros2_tutorial_py_ws/install/tutorial_interfaces/include/tutorial_interfaces/tutorial_interfaces/msg/detail/num__rosidl_typesupport_introspection_cpp.hpp
[1.256s] -- Up-to-date: /home/liam-bouffard/Desktop/rob599_mobile_robotics/ros2_tutorial_py_ws/install/tutorial_interfaces/include/tutorial_interfaces/tutorial_interfaces/msg/detail/sphere__type_support.cpp
[1.256s] -- Up-to-date: /home/liam-bouffard/Desktop/rob599_mobile_robotics/ros2_tutorial_py_ws/install/tutorial_interfaces/include/tutorial_interfaces/tutorial_interfaces/msg/detail/num__type_support.cpp
[1.257s] -- Up-to-date: /home/liam-bouffard/Desktop/rob599_mobile_robotics/ros2_tutorial_py_ws/install/tutorial_interfaces/lib/libtutorial_interfaces__rosidl_typesupport_introspection_cpp.so
[1.257s] -- Up-to-date: /home/liam-bouffard/Desktop/rob599_mobile_robotics/ros2_tutorial_py_ws/install/tutorial_interfaces/lib/libtutorial_interfaces__rosidl_typesupport_cpp.so
[1.257s] -- Up-to-date: /home/liam-bouffard/Desktop/rob599_mobile_robotics/ros2_tutorial_py_ws/install/tutorial_interfaces/share/tutorial_interfaces/environment/pythonpath.sh
[1.257s] -- Up-to-date: /home/liam-bouffard/Desktop/rob599_mobile_robotics/ros2_tutorial_py_ws/install/tutorial_interfaces/share/tutorial_interfaces/environment/pythonpath.dsv
[1.257s] -- Up-to-date: /home/liam-bouffard/Desktop/rob599_mobile_robotics/ros2_tutorial_py_ws/install/tutorial_interfaces/lib/python3.12/site-packages/tutorial_interfaces-0.0.0-py3.12.egg-info
[1.257s] -- Installing: /home/liam-bouffard/Desktop/rob599_mobile_robotics/ros2_tutorial_py_ws/install/tutorial_interfaces/lib/python3.12/site-packages/tutorial_interfaces-0.0.0-py3.12.egg-info/dependency_links.txt
[1.257s] -- Installing: /home/liam-bouffard/Desktop/rob599_mobile_robotics/ros2_tutorial_py_ws/install/tutorial_interfaces/lib/python3.12/site-packages/tutorial_interfaces-0.0.0-py3.12.egg-info/SOURCES.txt
[1.257s] -- Installing: /home/liam-bouffard/Desktop/rob599_mobile_robotics/ros2_tutorial_py_ws/install/tutorial_interfaces/lib/python3.12/site-packages/tutorial_interfaces-0.0.0-py3.12.egg-info/PKG-INFO
[1.257s] -- Installing: /home/liam-bouffard/Desktop/rob599_mobile_robotics/ros2_tutorial_py_ws/install/tutorial_interfaces/lib/python3.12/site-packages/tutorial_interfaces-0.0.0-py3.12.egg-info/top_level.txt
[1.257s] -- Up-to-date: /home/liam-bouffard/Desktop/rob599_mobile_robotics/ros2_tutorial_py_ws/install/tutorial_interfaces/lib/python3.12/site-packages/tutorial_interfaces
[1.257s] -- Up-to-date: /home/liam-bouffard/Desktop/rob599_mobile_robotics/ros2_tutorial_py_ws/install/tutorial_interfaces/lib/python3.12/site-packages/tutorial_interfaces/_tutorial_interfaces_s.ep.rosidl_typesupport_introspection_c.c
[1.257s] -- Up-to-date: /home/liam-bouffard/Desktop/rob599_mobile_robotics/ros2_tutorial_py_ws/install/tutorial_interfaces/lib/python3.12/site-packages/tutorial_interfaces/_tutorial_interfaces_s.ep.rosidl_typesupport_c.c
[1.257s] -- Up-to-date: /home/liam-bouffard/Desktop/rob599_mobile_robotics/ros2_tutorial_py_ws/install/tutorial_interfaces/lib/python3.12/site-packages/tutorial_interfaces/srv
[1.257s] -- Up-to-date: /home/liam-bouffard/Desktop/rob599_mobile_robotics/ros2_tutorial_py_ws/install/tutorial_interfaces/lib/python3.12/site-packages/tutorial_interfaces/srv/__init__.py
[1.257s] -- Up-to-date: /home/liam-bouffard/Desktop/rob599_mobile_robotics/ros2_tutorial_py_ws/install/tutorial_interfaces/lib/python3.12/site-packages/tutorial_interfaces/srv/_add_three_ints.py
[1.257s] -- Up-to-date: /home/liam-bouffard/Desktop/rob599_mobile_robotics/ros2_tutorial_py_ws/install/tutorial_interfaces/lib/python3.12/site-packages/tutorial_interfaces/srv/_add_three_ints_s.c
[1.257s] -- Up-to-date: /home/liam-bouffard/Desktop/rob599_mobile_robotics/ros2_tutorial_py_ws/install/tutorial_interfaces/lib/python3.12/site-packages/tutorial_interfaces/tutorial_interfaces_s__rosidl_typesupport_introspection_c.so
[1.257s] -- Up-to-date: /home/liam-bouffard/Desktop/rob599_mobile_robotics/ros2_tutorial_py_ws/install/tutorial_interfaces/lib/python3.12/site-packages/tutorial_interfaces/msg
[1.257s] -- Up-to-date: /home/liam-bouffard/Desktop/rob599_mobile_robotics/ros2_tutorial_py_ws/install/tutorial_interfaces/lib/python3.12/site-packages/tutorial_interfaces/msg/_sphere.py
[1.257s] -- Up-to-date: /home/liam-bouffard/Desktop/rob599_mobile_robotics/ros2_tutorial_py_ws/install/tutorial_interfaces/lib/python3.12/site-packages/tutorial_interfaces/msg/_sphere_s.c
[1.258s] -- Up-to-date: /home/liam-bouffard/Desktop/rob599_mobile_robotics/ros2_tutorial_py_ws/install/tutorial_interfaces/lib/python3.12/site-packages/tutorial_interfaces/msg/_num_s.c
[1.258s] -- Up-to-date: /home/liam-bouffard/Desktop/rob599_mobile_robotics/ros2_tutorial_py_ws/install/tutorial_interfaces/lib/python3.12/site-packages/tutorial_interfaces/msg/_num.py
[1.258s] -- Up-to-date: /home/liam-bouffard/Desktop/rob599_mobile_robotics/ros2_tutorial_py_ws/install/tutorial_interfaces/lib/python3.12/site-packages/tutorial_interfaces/msg/__init__.py
[1.258s] -- Installing: /home/liam-bouffard/Desktop/rob599_mobile_robotics/ros2_tutorial_py_ws/install/tutorial_interfaces/lib/python3.12/site-packages/tutorial_interfaces/__init__.py
[1.258s] -- Up-to-date: /home/liam-bouffard/Desktop/rob599_mobile_robotics/ros2_tutorial_py_ws/install/tutorial_interfaces/lib/python3.12/site-packages/tutorial_interfaces/_tutorial_interfaces_s.ep.rosidl_typesupport_fastrtps_c.c
[1.258s] -- Up-to-date: /home/liam-bouffard/Desktop/rob599_mobile_robotics/ros2_tutorial_py_ws/install/tutorial_interfaces/lib/python3.12/site-packages/tutorial_interfaces/tutorial_interfaces_s__rosidl_typesupport_fastrtps_c.so
[1.258s] -- Up-to-date: /home/liam-bouffard/Desktop/rob599_mobile_robotics/ros2_tutorial_py_ws/install/tutorial_interfaces/lib/python3.12/site-packages/tutorial_interfaces/tutorial_interfaces_s__rosidl_typesupport_c.so
[1.280s] Listing '/home/liam-bouffard/Desktop/rob599_mobile_robotics/ros2_tutorial_py_ws/install/tutorial_interfaces/lib/python3.12/site-packages/tutorial_interfaces'...
[1.280s] Compiling '/home/liam-bouffard/Desktop/rob599_mobile_robotics/ros2_tutorial_py_ws/install/tutorial_interfaces/lib/python3.12/site-packages/tutorial_interfaces/__init__.py'...
[1.280s] Listing '/home/liam-bouffard/Desktop/rob599_mobile_robotics/ros2_tutorial_py_ws/install/tutorial_interfaces/lib/python3.12/site-packages/tutorial_interfaces/msg'...
[1.280s] Listing '/home/liam-bouffard/Desktop/rob599_mobile_robotics/ros2_tutorial_py_ws/install/tutorial_interfaces/lib/python3.12/site-packages/tutorial_interfaces/srv'...
[1.285s] -- Up-to-date: /home/liam-bouffard/Desktop/rob599_mobile_robotics/ros2_tutorial_py_ws/install/tutorial_interfaces/lib/python3.12/site-packages/tutorial_interfaces/tutorial_interfaces_s__rosidl_typesupport_fastrtps_c.so
[1.285s] -- Up-to-date: /home/liam-bouffard/Desktop/rob599_mobile_robotics/ros2_tutorial_py_ws/install/tutorial_interfaces/lib/python3.12/site-packages/tutorial_interfaces/tutorial_interfaces_s__rosidl_typesupport_introspection_c.so
[1.285s] -- Up-to-date: /home/liam-bouffard/Desktop/rob599_mobile_robotics/ros2_tutorial_py_ws/install/tutorial_interfaces/lib/python3.12/site-packages/tutorial_interfaces/tutorial_interfaces_s__rosidl_typesupport_c.so
[1.285s] -- Up-to-date: /home/liam-bouffard/Desktop/rob599_mobile_robotics/ros2_tutorial_py_ws/install/tutorial_interfaces/lib/libtutorial_interfaces__rosidl_generator_py.so
[1.285s] -- Up-to-date: /home/liam-bouffard/Desktop/rob599_mobile_robotics/ros2_tutorial_py_ws/install/tutorial_interfaces/share/tutorial_interfaces/msg/Num.idl
[1.285s] -- Up-to-date: /home/liam-bouffard/Desktop/rob599_mobile_robotics/ros2_tutorial_py_ws/install/tutorial_interfaces/share/tutorial_interfaces/msg/Sphere.idl
[1.285s] -- Up-to-date: /home/liam-bouffard/Desktop/rob599_mobile_robotics/ros2_tutorial_py_ws/install/tutorial_interfaces/share/tutorial_interfaces/srv/AddThreeInts.idl
[1.285s] -- Up-to-date: /home/liam-bouffard/Desktop/rob599_mobile_robotics/ros2_tutorial_py_ws/install/tutorial_interfaces/share/tutorial_interfaces/msg/Num.msg
[1.285s] -- Up-to-date: /home/liam-bouffard/Desktop/rob599_mobile_robotics/ros2_tutorial_py_ws/install/tutorial_interfaces/share/tutorial_interfaces/msg/Sphere.msg
[1.285s] -- Up-to-date: /home/liam-bouffard/Desktop/rob599_mobile_robotics/ros2_tutorial_py_ws/install/tutorial_interfaces/share/tutorial_interfaces/srv/AddThreeInts.srv
[1.285s] -- Up-to-date: /home/liam-bouffard/Desktop/rob599_mobile_robotics/ros2_tutorial_py_ws/install/tutorial_interfaces/share/ament_index/resource_index/package_run_dependencies/tutorial_interfaces
[1.285s] -- Installing: /home/liam-bouffard/Desktop/rob599_mobile_robotics/ros2_tutorial_py_ws/install/tutorial_interfaces/share/ament_index/resource_index/parent_prefix_path/tutorial_interfaces
[1.285s] -- Up-to-date: /home/liam-bouffard/Desktop/rob599_mobile_robotics/ros2_tutorial_py_ws/install/tutorial_interfaces/share/tutorial_interfaces/environment/ament_prefix_path.sh
[1.286s] -- Up-to-date: /home/liam-bouffard/Desktop/rob599_mobile_robotics/ros2_tutorial_py_ws/install/tutorial_interfaces/share/tutorial_interfaces/environment/ament_prefix_path.dsv
[1.286s] -- Up-to-date: /home/liam-bouffard/Desktop/rob599_mobile_robotics/ros2_tutorial_py_ws/install/tutorial_interfaces/share/tutorial_interfaces/environment/path.sh
[1.286s] -- Up-to-date: /home/liam-bouffard/Desktop/rob599_mobile_robotics/ros2_tutorial_py_ws/install/tutorial_interfaces/share/tutorial_interfaces/environment/path.dsv
[1.286s] -- Up-to-date: /home/liam-bouffard/Desktop/rob599_mobile_robotics/ros2_tutorial_py_ws/install/tutorial_interfaces/share/tutorial_interfaces/local_setup.bash
[1.286s] -- Up-to-date: /home/liam-bouffard/Desktop/rob599_mobile_robotics/ros2_tutorial_py_ws/install/tutorial_interfaces/share/tutorial_interfaces/local_setup.sh
[1.286s] -- Up-to-date: /home/liam-bouffard/Desktop/rob599_mobile_robotics/ros2_tutorial_py_ws/install/tutorial_interfaces/share/tutorial_interfaces/local_setup.zsh
[1.286s] -- Up-to-date: /home/liam-bouffard/Desktop/rob599_mobile_robotics/ros2_tutorial_py_ws/install/tutorial_interfaces/share/tutorial_interfaces/local_setup.dsv
[1.286s] -- Installing: /home/liam-bouffard/Desktop/rob599_mobile_robotics/ros2_tutorial_py_ws/install/tutorial_interfaces/share/tutorial_interfaces/package.dsv
[1.286s] -- Up-to-date: /home/liam-bouffard/Desktop/rob599_mobile_robotics/ros2_tutorial_py_ws/install/tutorial_interfaces/share/ament_index/resource_index/packages/tutorial_interfaces
[1.286s] -- Up-to-date: /home/liam-bouffard/Desktop/rob599_mobile_robotics/ros2_tutorial_py_ws/install/tutorial_interfaces/share/tutorial_interfaces/cmake/export_tutorial_interfaces__rosidl_generator_cExport.cmake
[1.286s] -- Up-to-date: /home/liam-bouffard/Desktop/rob599_mobile_robotics/ros2_tutorial_py_ws/install/tutorial_interfaces/share/tutorial_interfaces/cmake/export_tutorial_interfaces__rosidl_generator_cExport-noconfig.cmake
[1.286s] -- Up-to-date: /home/liam-bouffard/Desktop/rob599_mobile_robotics/ros2_tutorial_py_ws/install/tutorial_interfaces/share/tutorial_interfaces/cmake/export_tutorial_interfaces__rosidl_typesupport_fastrtps_cExport.cmake
[1.286s] -- Up-to-date: /home/liam-bouffard/Desktop/rob599_mobile_robotics/ros2_tutorial_py_ws/install/tutorial_interfaces/share/tutorial_interfaces/cmake/export_tutorial_interfaces__rosidl_typesupport_fastrtps_cExport-noconfig.cmake
[1.286s] -- Up-to-date: /home/liam-bouffard/Desktop/rob599_mobile_robotics/ros2_tutorial_py_ws/install/tutorial_interfaces/share/tutorial_interfaces/cmake/export_tutorial_interfaces__rosidl_generator_cppExport.cmake
[1.286s] -- Up-to-date: /home/liam-bouffard/Desktop/rob599_mobile_robotics/ros2_tutorial_py_ws/install/tutorial_interfaces/share/tutorial_interfaces/cmake/export_tutorial_interfaces__rosidl_typesupport_fastrtps_cppExport.cmake
[1.286s] -- Up-to-date: /home/liam-bouffard/Desktop/rob599_mobile_robotics/ros2_tutorial_py_ws/install/tutorial_interfaces/share/tutorial_interfaces/cmake/export_tutorial_interfaces__rosidl_typesupport_fastrtps_cppExport-noconfig.cmake
[1.286s] -- Up-to-date: /home/liam-bouffard/Desktop/rob599_mobile_robotics/ros2_tutorial_py_ws/install/tutorial_interfaces/share/tutorial_interfaces/cmake/tutorial_interfaces__rosidl_typesupport_introspection_cExport.cmake
[1.287s] -- Up-to-date: /home/liam-bouffard/Desktop/rob599_mobile_robotics/ros2_tutorial_py_ws/install/tutorial_interfaces/share/tutorial_interfaces/cmake/tutorial_interfaces__rosidl_typesupport_introspection_cExport-noconfig.cmake
[1.287s] -- Up-to-date: /home/liam-bouffard/Desktop/rob599_mobile_robotics/ros2_tutorial_py_ws/install/tutorial_interfaces/share/tutorial_interfaces/cmake/tutorial_interfaces__rosidl_typesupport_cExport.cmake
[1.287s] -- Up-to-date: /home/liam-bouffard/Desktop/rob599_mobile_robotics/ros2_tutorial_py_ws/install/tutorial_interfaces/share/tutorial_interfaces/cmake/tutorial_interfaces__rosidl_typesupport_cExport-noconfig.cmake
[1.287s] -- Up-to-date: /home/liam-bouffard/Desktop/rob599_mobile_robotics/ros2_tutorial_py_ws/install/tutorial_interfaces/share/tutorial_interfaces/cmake/tutorial_interfaces__rosidl_typesupport_introspection_cppExport.cmake
[1.287s] -- Up-to-date: /home/liam-bouffard/Desktop/rob599_mobile_robotics/ros2_tutorial_py_ws/install/tutorial_interfaces/share/tutorial_interfaces/cmake/tutorial_interfaces__rosidl_typesupport_introspection_cppExport-noconfig.cmake
[1.287s] -- Up-to-date: /home/liam-bouffard/Desktop/rob599_mobile_robotics/ros2_tutorial_py_ws/install/tutorial_interfaces/share/tutorial_interfaces/cmake/tutorial_interfaces__rosidl_typesupport_cppExport.cmake
[1.287s] -- Up-to-date: /home/liam-bouffard/Desktop/rob599_mobile_robotics/ros2_tutorial_py_ws/install/tutorial_interfaces/share/tutorial_interfaces/cmake/tutorial_interfaces__rosidl_typesupport_cppExport-noconfig.cmake
[1.287s] -- Up-to-date: /home/liam-bouffard/Desktop/rob599_mobile_robotics/ros2_tutorial_py_ws/install/tutorial_interfaces/share/tutorial_interfaces/cmake/export_tutorial_interfaces__rosidl_generator_pyExport.cmake
[1.287s] -- Up-to-date: /home/liam-bouffard/Desktop/rob599_mobile_robotics/ros2_tutorial_py_ws/install/tutorial_interfaces/share/tutorial_interfaces/cmake/export_tutorial_interfaces__rosidl_generator_pyExport-noconfig.cmake
[1.287s] -- Up-to-date: /home/liam-bouffard/Desktop/rob599_mobile_robotics/ros2_tutorial_py_ws/install/tutorial_interfaces/share/tutorial_interfaces/cmake/rosidl_cmake-extras.cmake
[1.287s] -- Up-to-date: /home/liam-bouffard/Desktop/rob599_mobile_robotics/ros2_tutorial_py_ws/install/tutorial_interfaces/share/tutorial_interfaces/cmake/ament_cmake_export_dependencies-extras.cmake
[1.287s] -- Up-to-date: /home/liam-bouffard/Desktop/rob599_mobile_robotics/ros2_tutorial_py_ws/install/tutorial_interfaces/share/tutorial_interfaces/cmake/ament_cmake_export_include_directories-extras.cmake
[1.287s] -- Up-to-date: /home/liam-bouffard/Desktop/rob599_mobile_robotics/ros2_tutorial_py_ws/install/tutorial_interfaces/share/tutorial_interfaces/cmake/ament_cmake_export_libraries-extras.cmake
[1.287s] -- Up-to-date: /home/liam-bouffard/Desktop/rob599_mobile_robotics/ros2_tutorial_py_ws/install/tutorial_interfaces/share/tutorial_interfaces/cmake/ament_cmake_export_targets-extras.cmake
[1.287s] -- Up-to-date: /home/liam-bouffard/Desktop/rob599_mobile_robotics/ros2_tutorial_py_ws/install/tutorial_interfaces/share/tutorial_interfaces/cmake/rosidl_cmake_export_typesupport_targets-extras.cmake
[1.288s] -- Up-to-date: /home/liam-bouffard/Desktop/rob599_mobile_robotics/ros2_tutorial_py_ws/install/tutorial_interfaces/share/tutorial_interfaces/cmake/rosidl_cmake_export_typesupport_libraries-extras.cmake
[1.288s] -- Up-to-date: /home/liam-bouffard/Desktop/rob599_mobile_robotics/ros2_tutorial_py_ws/install/tutorial_interfaces/share/tutorial_interfaces/cmake/tutorial_interfacesConfig.cmake
[1.288s] -- Up-to-date: /home/liam-bouffard/Desktop/rob599_mobile_robotics/ros2_tutorial_py_ws/install/tutorial_interfaces/share/tutorial_interfaces/cmake/tutorial_interfacesConfig-version.cmake
[1.288s] -- Installing: /home/liam-bouffard/Desktop/rob599_mobile_robotics/ros2_tutorial_py_ws/install/tutorial_interfaces/share/tutorial_interfaces/package.xml
[1.289s] Invoked command in '/home/liam-bouffard/Desktop/rob599_mobile_robotics/ros2_tutorial_py_ws/build/tutorial_interfaces' returned '0': CMAKE_PREFIX_PATH=${CMAKE_PREFIX_PATH}:/home/liam-bouffard/Desktop/rob599_mobile_robotics/ros2_tutorial_py_ws/install/py_pubsub:/opt/ros/kilted CONDA_PROMPT_MODIFIER=(env3.14) DEBUGINFOD_URLS=https://debuginfod.ubuntu.com /usr/bin/cmake --install /home/liam-bouffard/Desktop/rob599_mobile_robotics/ros2_tutorial_py_ws/build/tutorial_interfaces
