[0.928s] Invoking command in '/home/liam-bouffard/Desktop/rob599_mobile_robotics/pioneer_ws/build/pioneer': AMENT_PREFIX_PATH=/home/liam-bouffard/Desktop/rob599_mobile_robotics/pioneer_ws/install/goal_target:${AMENT_PREFIX_PATH} CMAKE_PREFIX_PATH=/home/liam-bouffard/Desktop/rob599_mobile_robotics/pioneer_ws/install/goal_target:${CMAKE_PREFIX_PATH} DEBUGINFOD_URLS=https://debuginfod.ubuntu.com LD_LIBRARY_PATH=/home/liam-bouffard/Desktop/rob599_mobile_robotics/pioneer_ws/install/goal_target/lib:${LD_LIBRARY_PATH} PYTHONPATH=/home/liam-bouffard/Desktop/rob599_mobile_robotics/pioneer_ws/build/pioneer/prefix_override:/usr/lib/python3/dist-packages/colcon_core/task/python/colcon_distutils_commands:/home/liam-bouffard/Desktop/rob599_mobile_robotics/pioneer_ws/install/pioneer/lib/python3.12/site-packages:/home/liam-bouffard/Desktop/rob599_mobile_robotics/pioneer_ws/install/goal_target/lib/python3.12/site-packages:${PYTHONPATH} /usr/bin/python3 -W ignore:setup.py install is deprecated -W ignore:easy_install command is deprecated setup.py develop --editable --build-directory /home/liam-bouffard/Desktop/rob599_mobile_robotics/pioneer_ws/build/pioneer/build --no-deps symlink_data
[1.303s] running develop
[1.536s] running egg_info
[1.536s] creating pioneer.egg-info
[1.559s] writing pioneer.egg-info/PKG-INFO
[1.560s] writing dependency_links to pioneer.egg-info/dependency_links.txt
[1.560s] writing entry points to pioneer.egg-info/entry_points.txt
[1.560s] writing requirements to pioneer.egg-info/requires.txt
[1.561s] writing top-level names to pioneer.egg-info/top_level.txt
[1.561s] writing manifest file 'pioneer.egg-info/SOURCES.txt'
[1.609s] reading manifest file 'pioneer.egg-info/SOURCES.txt'
[1.610s] writing manifest file 'pioneer.egg-info/SOURCES.txt'
[1.634s] running build_ext
[1.634s] Creating /home/liam-bouffard/Desktop/rob599_mobile_robotics/pioneer_ws/install/pioneer/lib/python3.12/site-packages/pioneer.egg-link (link to .)
[1.635s] Installing driver script to /home/liam-bouffard/Desktop/rob599_mobile_robotics/pioneer_ws/install/pioneer/lib/pioneer
[1.635s] Installing send_points script to /home/liam-bouffard/Desktop/rob599_mobile_robotics/pioneer_ws/install/pioneer/lib/pioneer
[1.636s] 
[1.636s] Installed /home/liam-bouffard/Desktop/rob599_mobile_robotics/pioneer_ws/build/pioneer
[1.636s] running symlink_data
[1.636s] creating /home/liam-bouffard/Desktop/rob599_mobile_robotics/pioneer_ws/install/pioneer/share/ament_index
[1.636s] creating /home/liam-bouffard/Desktop/rob599_mobile_robotics/pioneer_ws/install/pioneer/share/ament_index/resource_index
[1.636s] creating /home/liam-bouffard/Desktop/rob599_mobile_robotics/pioneer_ws/install/pioneer/share/ament_index/resource_index/packages
[1.636s] symbolically linking /home/liam-bouffard/Desktop/rob599_mobile_robotics/pioneer_ws/build/pioneer/resource/pioneer -> /home/liam-bouffard/Desktop/rob599_mobile_robotics/pioneer_ws/install/pioneer/share/ament_index/resource_index/packages
[1.636s] symbolically linking /home/liam-bouffard/Desktop/rob599_mobile_robotics/pioneer_ws/build/pioneer/package.xml -> /home/liam-bouffard/Desktop/rob599_mobile_robotics/pioneer_ws/install/pioneer/share/pioneer
[1.668s] Invoked command in '/home/liam-bouffard/Desktop/rob599_mobile_robotics/pioneer_ws/build/pioneer' returned '0': AMENT_PREFIX_PATH=/home/liam-bouffard/Desktop/rob599_mobile_robotics/pioneer_ws/install/goal_target:${AMENT_PREFIX_PATH} CMAKE_PREFIX_PATH=/home/liam-bouffard/Desktop/rob599_mobile_robotics/pioneer_ws/install/goal_target:${CMAKE_PREFIX_PATH} DEBUGINFOD_URLS=https://debuginfod.ubuntu.com LD_LIBRARY_PATH=/home/liam-bouffard/Desktop/rob599_mobile_robotics/pioneer_ws/install/goal_target/lib:${LD_LIBRARY_PATH} PYTHONPATH=/home/liam-bouffard/Desktop/rob599_mobile_robotics/pioneer_ws/build/pioneer/prefix_override:/usr/lib/python3/dist-packages/colcon_core/task/python/colcon_distutils_commands:/home/liam-bouffard/Desktop/rob599_mobile_robotics/pioneer_ws/install/pioneer/lib/python3.12/site-packages:/home/liam-bouffard/Desktop/rob599_mobile_robotics/pioneer_ws/install/goal_target/lib/python3.12/site-packages:${PYTHONPATH} /usr/bin/python3 -W ignore:setup.py install is deprecated -W ignore:easy_install command is deprecated setup.py develop --editable --build-directory /home/liam-bouffard/Desktop/rob599_mobile_robotics/pioneer_ws/build/pioneer/build --no-deps symlink_data
