[1.239s] Invoking command in '/home/liam-bouffard/Desktop/rob599_mobile_robotics/ros2_tutorial_py_ws/src/py_srvcli': DEBUGINFOD_URLS=https://debuginfod.ubuntu.com PYTHONPATH=/home/liam-bouffard/Desktop/rob599_mobile_robotics/ros2_tutorial_py_ws/build/py_srvcli/prefix_override:/usr/lib/python3/dist-packages/colcon_core/task/python/colcon_distutils_commands:/home/liam-bouffard/Desktop/rob599_mobile_robotics/ros2_tutorial_py_ws/install/py_srvcli/lib/python3.12/site-packages:${PYTHONPATH} /usr/bin/python3 -W ignore:setup.py install is deprecated -W ignore:easy_install command is deprecated setup.py egg_info --egg-base ../../build/py_srvcli build --build-base /home/liam-bouffard/Desktop/rob599_mobile_robotics/ros2_tutorial_py_ws/build/py_srvcli/build install --record /home/liam-bouffard/Desktop/rob599_mobile_robotics/ros2_tutorial_py_ws/build/py_srvcli/install.log --single-version-externally-managed install_data
[1.568s] running egg_info
[1.593s] writing ../../build/py_srvcli/py_srvcli.egg-info/PKG-INFO
[1.593s] writing dependency_links to ../../build/py_srvcli/py_srvcli.egg-info/dependency_links.txt
[1.593s] writing entry points to ../../build/py_srvcli/py_srvcli.egg-info/entry_points.txt
[1.594s] writing requirements to ../../build/py_srvcli/py_srvcli.egg-info/requires.txt
[1.594s] writing top-level names to ../../build/py_srvcli/py_srvcli.egg-info/top_level.txt
[1.644s] reading manifest file '../../build/py_srvcli/py_srvcli.egg-info/SOURCES.txt'
[1.644s] adding license file 'LICENSE'
[1.645s] writing manifest file '../../build/py_srvcli/py_srvcli.egg-info/SOURCES.txt'
[1.645s] running build
[1.645s] running build_py
[1.646s] running install
[1.653s] running install_lib
[1.679s] running install_data
[1.679s] running install_egg_info
[1.705s] removing '/home/liam-bouffard/Desktop/rob599_mobile_robotics/ros2_tutorial_py_ws/install/py_srvcli/lib/python3.12/site-packages/py_srvcli-0.0.0-py3.12.egg-info' (and everything under it)
[1.705s] Copying ../../build/py_srvcli/py_srvcli.egg-info to /home/liam-bouffard/Desktop/rob599_mobile_robotics/ros2_tutorial_py_ws/install/py_srvcli/lib/python3.12/site-packages/py_srvcli-0.0.0-py3.12.egg-info
[1.706s] running install_scripts
[1.870s] Installing client script to /home/liam-bouffard/Desktop/rob599_mobile_robotics/ros2_tutorial_py_ws/install/py_srvcli/lib/py_srvcli
[1.871s] Installing service script to /home/liam-bouffard/Desktop/rob599_mobile_robotics/ros2_tutorial_py_ws/install/py_srvcli/lib/py_srvcli
[1.872s] writing list of installed files to '/home/liam-bouffard/Desktop/rob599_mobile_robotics/ros2_tutorial_py_ws/build/py_srvcli/install.log'
[1.902s] Invoked command in '/home/liam-bouffard/Desktop/rob599_mobile_robotics/ros2_tutorial_py_ws/src/py_srvcli' returned '0': DEBUGINFOD_URLS=https://debuginfod.ubuntu.com PYTHONPATH=/home/liam-bouffard/Desktop/rob599_mobile_robotics/ros2_tutorial_py_ws/build/py_srvcli/prefix_override:/usr/lib/python3/dist-packages/colcon_core/task/python/colcon_distutils_commands:/home/liam-bouffard/Desktop/rob599_mobile_robotics/ros2_tutorial_py_ws/install/py_srvcli/lib/python3.12/site-packages:${PYTHONPATH} /usr/bin/python3 -W ignore:setup.py install is deprecated -W ignore:easy_install command is deprecated setup.py egg_info --egg-base ../../build/py_srvcli build --build-base /home/liam-bouffard/Desktop/rob599_mobile_robotics/ros2_tutorial_py_ws/build/py_srvcli/build install --record /home/liam-bouffard/Desktop/rob599_mobile_robotics/ros2_tutorial_py_ws/build/py_srvcli/install.log --single-version-externally-managed install_data
