[0.576s] Invoking command in '/home/liam-bouffard/Desktop/rob599_mobile_robotics/w1_ws/src/py_pubsub': DEBUGINFOD_URLS=https://debuginfod.ubuntu.com PYTHONPATH=/home/liam-bouffard/Desktop/rob599_mobile_robotics/w1_ws/build/py_pubsub/prefix_override:/usr/lib/python3/dist-packages/colcon_core/task/python/colcon_distutils_commands:/home/liam-bouffard/Desktop/rob599_mobile_robotics/w1_ws/install/py_pubsub/lib/python3.12/site-packages:${PYTHONPATH} /usr/bin/python3 -W ignore:setup.py install is deprecated -W ignore:easy_install command is deprecated setup.py egg_info --egg-base ../../build/py_pubsub build --build-base /home/liam-bouffard/Desktop/rob599_mobile_robotics/w1_ws/build/py_pubsub/build install --record /home/liam-bouffard/Desktop/rob599_mobile_robotics/w1_ws/build/py_pubsub/install.log --single-version-externally-managed install_data
[0.765s] running egg_info
[0.779s] writing ../../build/py_pubsub/py_pubsub.egg-info/PKG-INFO
[0.779s] writing dependency_links to ../../build/py_pubsub/py_pubsub.egg-info/dependency_links.txt
[0.780s] writing entry points to ../../build/py_pubsub/py_pubsub.egg-info/entry_points.txt
[0.780s] writing requirements to ../../build/py_pubsub/py_pubsub.egg-info/requires.txt
[0.780s] writing top-level names to ../../build/py_pubsub/py_pubsub.egg-info/top_level.txt
[0.808s] reading manifest file '../../build/py_pubsub/py_pubsub.egg-info/SOURCES.txt'
[0.808s] adding license file 'LICENSE'
[0.808s] writing manifest file '../../build/py_pubsub/py_pubsub.egg-info/SOURCES.txt'
[0.809s] running build
[0.809s] running build_py
[0.809s] copying py_pubsub/pub.py -> /home/liam-bouffard/Desktop/rob599_mobile_robotics/w1_ws/build/py_pubsub/build/lib/py_pubsub
[0.809s] running install
[0.813s] running install_lib
[0.827s] copying /home/liam-bouffard/Desktop/rob599_mobile_robotics/w1_ws/build/py_pubsub/build/lib/py_pubsub/pub.py -> /home/liam-bouffard/Desktop/rob599_mobile_robotics/w1_ws/install/py_pubsub/lib/python3.12/site-packages/py_pubsub
[0.828s] byte-compiling /home/liam-bouffard/Desktop/rob599_mobile_robotics/w1_ws/install/py_pubsub/lib/python3.12/site-packages/py_pubsub/pub.py to pub.cpython-312.pyc
[0.828s] running install_data
[0.828s] running install_egg_info
[0.843s] removing '/home/liam-bouffard/Desktop/rob599_mobile_robotics/w1_ws/install/py_pubsub/lib/python3.12/site-packages/py_pubsub-0.0.0-py3.12.egg-info' (and everything under it)
[0.844s] Copying ../../build/py_pubsub/py_pubsub.egg-info to /home/liam-bouffard/Desktop/rob599_mobile_robotics/w1_ws/install/py_pubsub/lib/python3.12/site-packages/py_pubsub-0.0.0-py3.12.egg-info
[0.844s] running install_scripts
[0.937s] Installing pub script to /home/liam-bouffard/Desktop/rob599_mobile_robotics/w1_ws/install/py_pubsub/lib/py_pubsub
[0.937s] writing list of installed files to '/home/liam-bouffard/Desktop/rob599_mobile_robotics/w1_ws/build/py_pubsub/install.log'
[0.953s] Invoked command in '/home/liam-bouffard/Desktop/rob599_mobile_robotics/w1_ws/src/py_pubsub' returned '0': DEBUGINFOD_URLS=https://debuginfod.ubuntu.com PYTHONPATH=/home/liam-bouffard/Desktop/rob599_mobile_robotics/w1_ws/build/py_pubsub/prefix_override:/usr/lib/python3/dist-packages/colcon_core/task/python/colcon_distutils_commands:/home/liam-bouffard/Desktop/rob599_mobile_robotics/w1_ws/install/py_pubsub/lib/python3.12/site-packages:${PYTHONPATH} /usr/bin/python3 -W ignore:setup.py install is deprecated -W ignore:easy_install command is deprecated setup.py egg_info --egg-base ../../build/py_pubsub build --build-base /home/liam-bouffard/Desktop/rob599_mobile_robotics/w1_ws/build/py_pubsub/build install --record /home/liam-bouffard/Desktop/rob599_mobile_robotics/w1_ws/build/py_pubsub/install.log --single-version-externally-managed install_data
