[0.016s] Invoking command in '/home/liam-bouffard/Desktop/rob599_mobile_robotics/stage_ws/build/stage_ros2': CMAKE_PREFIX_PATH=/opt/ros/kilted:/home/liam-bouffard/Desktop/rob599_mobile_robotics/stage_ws/install/stage:${CMAKE_PREFIX_PATH} DEBUGINFOD_URLS=https://debuginfod.ubuntu.com LD_LIBRARY_PATH=/home/liam-bouffard/Desktop/rob599_mobile_robotics/stage_ws/install/stage/lib:${LD_LIBRARY_PATH} PATH=/home/liam-bouffard/Desktop/rob599_mobile_robotics/stage_ws/install/stage/bin:${PATH} PKG_CONFIG_PATH=/home/liam-bouffard/Desktop/rob599_mobile_robotics/stage_ws/install/stage/lib/x86_64-linux-gnu/pkgconfig:/home/liam-bouffard/Desktop/rob599_mobile_robotics/stage_ws/install/stage/lib/pkgconfig ROS_PACKAGE_PATH=/home/liam-bouffard/Desktop/rob599_mobile_robotics/stage_ws/install/stage/share /usr/bin/cmake --build /home/liam-bouffard/Desktop/rob599_mobile_robotics/stage_ws/build/stage_ros2 -- -j32 -l32
[0.144s] [ 71%] Built target stage_node
[0.209s] [100%] Built target stage_ros2
[0.232s] Invoked command in '/home/liam-bouffard/Desktop/rob599_mobile_robotics/stage_ws/build/stage_ros2' returned '0': CMAKE_PREFIX_PATH=/opt/ros/kilted:/home/liam-bouffard/Desktop/rob599_mobile_robotics/stage_ws/install/stage:${CMAKE_PREFIX_PATH} DEBUGINFOD_URLS=https://debuginfod.ubuntu.com LD_LIBRARY_PATH=/home/liam-bouffard/Desktop/rob599_mobile_robotics/stage_ws/install/stage/lib:${LD_LIBRARY_PATH} PATH=/home/liam-bouffard/Desktop/rob599_mobile_robotics/stage_ws/install/stage/bin:${PATH} PKG_CONFIG_PATH=/home/liam-bouffard/Desktop/rob599_mobile_robotics/stage_ws/install/stage/lib/x86_64-linux-gnu/pkgconfig:/home/liam-bouffard/Desktop/rob599_mobile_robotics/stage_ws/install/stage/lib/pkgconfig ROS_PACKAGE_PATH=/home/liam-bouffard/Desktop/rob599_mobile_robotics/stage_ws/install/stage/share /usr/bin/cmake --build /home/liam-bouffard/Desktop/rob599_mobile_robotics/stage_ws/build/stage_ros2 -- -j32 -l32
[0.234s] Invoking command in '/home/liam-bouffard/Desktop/rob599_mobile_robotics/stage_ws/build/stage_ros2': CMAKE_PREFIX_PATH=/opt/ros/kilted:/home/liam-bouffard/Desktop/rob599_mobile_robotics/stage_ws/install/stage:${CMAKE_PREFIX_PATH} DEBUGINFOD_URLS=https://debuginfod.ubuntu.com LD_LIBRARY_PATH=/home/liam-bouffard/Desktop/rob599_mobile_robotics/stage_ws/install/stage/lib:${LD_LIBRARY_PATH} PATH=/home/liam-bouffard/Desktop/rob599_mobile_robotics/stage_ws/install/stage/bin:${PATH} PKG_CONFIG_PATH=/home/liam-bouffard/Desktop/rob599_mobile_robotics/stage_ws/install/stage/lib/x86_64-linux-gnu/pkgconfig:/home/liam-bouffard/Desktop/rob599_mobile_robotics/stage_ws/install/stage/lib/pkgconfig ROS_PACKAGE_PATH=/home/liam-bouffard/Desktop/rob599_mobile_robotics/stage_ws/install/stage/share /usr/bin/cmake --install /home/liam-bouffard/Desktop/rob599_mobile_robotics/stage_ws/build/stage_ros2
[0.250s] -- Install configuration: ""
[0.251s] -- Execute custom install script
[0.251s] -- Up-to-date symlink: /home/liam-bouffard/Desktop/rob599_mobile_robotics/stage_ws/install/stage_ros2/share/stage_ros2/environment/library_path.sh
[0.252s] -- Up-to-date symlink: /home/liam-bouffard/Desktop/rob599_mobile_robotics/stage_ws/install/stage_ros2/share/stage_ros2/environment/library_path.dsv
[0.254s] -- Up-to-date symlink: /home/liam-bouffard/Desktop/rob599_mobile_robotics/stage_ws/install/stage_ros2/share/stage_ros2//launch/demo.launch.py
[0.254s] -- Up-to-date symlink: /home/liam-bouffard/Desktop/rob599_mobile_robotics/stage_ws/install/stage_ros2/share/stage_ros2//launch/f710.launch.py
[0.255s] -- Up-to-date symlink: /home/liam-bouffard/Desktop/rob599_mobile_robotics/stage_ws/install/stage_ros2/share/stage_ros2//launch/rviz.launch.py
[0.255s] -- Up-to-date symlink: /home/liam-bouffard/Desktop/rob599_mobile_robotics/stage_ws/install/stage_ros2/share/stage_ros2//launch/rviz_ns.launch.py
[0.255s] -- Up-to-date symlink: /home/liam-bouffard/Desktop/rob599_mobile_robotics/stage_ws/install/stage_ros2/share/stage_ros2//launch/simple_world_launch.xml
[0.255s] -- Up-to-date symlink: /home/liam-bouffard/Desktop/rob599_mobile_robotics/stage_ws/install/stage_ros2/share/stage_ros2//launch/stage.launch.py
[0.256s] -- Symlinking: /home/liam-bouffard/Desktop/rob599_mobile_robotics/stage_ws/install/stage_ros2/share/stage_ros2//world/# Waypoint building list.docx
[0.273s] -- Symlinking: /home/liam-bouffard/Desktop/rob599_mobile_robotics/stage_ws/install/stage_ros2/share/stage_ros2//world/building.launch.py
[0.292s] -- Symlinking: /home/liam-bouffard/Desktop/rob599_mobile_robotics/stage_ws/install/stage_ros2/share/stage_ros2//world/building.png
[0.310s] -- Symlinking: /home/liam-bouffard/Desktop/rob599_mobile_robotics/stage_ws/install/stage_ros2/share/stage_ros2//world/building.world
[0.329s] -- Symlinking: /home/liam-bouffard/Desktop/rob599_mobile_robotics/stage_ws/install/stage_ros2/share/stage_ros2//world/open_map.launch.py
[0.348s] -- Symlinking: /home/liam-bouffard/Desktop/rob599_mobile_robotics/stage_ws/install/stage_ros2/share/stage_ros2//world/open_map.png
[0.366s] -- Symlinking: /home/liam-bouffard/Desktop/rob599_mobile_robotics/stage_ws/install/stage_ros2/share/stage_ros2//world/open_map.world
[0.386s] -- Up-to-date symlink: /home/liam-bouffard/Desktop/rob599_mobile_robotics/stage_ws/install/stage_ros2/share/stage_ros2//config/rviz/cave.rviz
[0.386s] -- Up-to-date symlink: /home/liam-bouffard/Desktop/rob599_mobile_robotics/stage_ws/install/stage_ros2/share/stage_ros2//config/rviz/cave_seven_robots.rviz
[0.386s] -- Up-to-date symlink: /home/liam-bouffard/Desktop/rob599_mobile_robotics/stage_ws/install/stage_ros2/share/stage_ros2//config/rviz/cave_three_robots.rviz
[0.387s] -- Up-to-date symlink: /home/liam-bouffard/Desktop/rob599_mobile_robotics/stage_ws/install/stage_ros2/share/stage_ros2//config/rviz/lines.rviz
[0.387s] -- Up-to-date symlink: /home/liam-bouffard/Desktop/rob599_mobile_robotics/stage_ws/install/stage_ros2/share/stage_ros2//config/rviz/robot0.rviz
[0.387s] -- Up-to-date symlink: /home/liam-bouffard/Desktop/rob599_mobile_robotics/stage_ws/install/stage_ros2/share/stage_ros2//config/rviz/robot_ns.rviz
[0.388s] -- Up-to-date symlink: /home/liam-bouffard/Desktop/rob599_mobile_robotics/stage_ws/install/stage_ros2/share/stage_ros2//config/rviz/robot_ns_depth.rviz
[0.388s] -- Up-to-date symlink: /home/liam-bouffard/Desktop/rob599_mobile_robotics/stage_ws/install/stage_ros2/share/stage_ros2//config/teleop_twist_joy/f710.config.yaml
[0.388s] -- Up-to-date symlink: /home/liam-bouffard/Desktop/rob599_mobile_robotics/stage_ws/install/stage_ros2/lib/libstage_node.so
[0.388s] -- Up-to-date symlink: /home/liam-bouffard/Desktop/rob599_mobile_robotics/stage_ws/install/stage_ros2/lib/stage_ros2/stage_ros2
[0.389s] -- Up-to-date symlink: /home/liam-bouffard/Desktop/rob599_mobile_robotics/stage_ws/install/stage_ros2/share/ament_index/resource_index/package_run_dependencies/stage_ros2
[0.389s] -- Up-to-date symlink: /home/liam-bouffard/Desktop/rob599_mobile_robotics/stage_ws/install/stage_ros2/share/ament_index/resource_index/parent_prefix_path/stage_ros2
[0.389s] -- Up-to-date symlink: /home/liam-bouffard/Desktop/rob599_mobile_robotics/stage_ws/install/stage_ros2/share/stage_ros2/environment/ament_prefix_path.sh
[0.390s] -- Up-to-date symlink: /home/liam-bouffard/Desktop/rob599_mobile_robotics/stage_ws/install/stage_ros2/share/stage_ros2/environment/ament_prefix_path.dsv
[0.390s] -- Up-to-date symlink: /home/liam-bouffard/Desktop/rob599_mobile_robotics/stage_ws/install/stage_ros2/share/stage_ros2/environment/path.sh
[0.391s] -- Up-to-date symlink: /home/liam-bouffard/Desktop/rob599_mobile_robotics/stage_ws/install/stage_ros2/share/stage_ros2/environment/path.dsv
[0.391s] -- Up-to-date symlink: /home/liam-bouffard/Desktop/rob599_mobile_robotics/stage_ws/install/stage_ros2/share/stage_ros2/local_setup.bash
[0.391s] -- Up-to-date symlink: /home/liam-bouffard/Desktop/rob599_mobile_robotics/stage_ws/install/stage_ros2/share/stage_ros2/local_setup.sh
[0.392s] -- Up-to-date symlink: /home/liam-bouffard/Desktop/rob599_mobile_robotics/stage_ws/install/stage_ros2/share/stage_ros2/local_setup.zsh
[0.392s] -- Up-to-date symlink: /home/liam-bouffard/Desktop/rob599_mobile_robotics/stage_ws/install/stage_ros2/share/stage_ros2/local_setup.dsv
[0.392s] -- Symlinking: /home/liam-bouffard/Desktop/rob599_mobile_robotics/stage_ws/install/stage_ros2/share/stage_ros2/package.dsv
[0.416s] -- Up-to-date symlink: /home/liam-bouffard/Desktop/rob599_mobile_robotics/stage_ws/install/stage_ros2/share/ament_index/resource_index/packages/stage_ros2
[0.416s] -- Up-to-date symlink: /home/liam-bouffard/Desktop/rob599_mobile_robotics/stage_ws/install/stage_ros2/share/stage_ros2/cmake/stage_ros2Config.cmake
[0.417s] -- Up-to-date symlink: /home/liam-bouffard/Desktop/rob599_mobile_robotics/stage_ws/install/stage_ros2/share/stage_ros2/cmake/stage_ros2Config-version.cmake
[0.417s] -- Up-to-date symlink: /home/liam-bouffard/Desktop/rob599_mobile_robotics/stage_ws/install/stage_ros2/share/stage_ros2/package.xml
[0.422s] Invoked command in '/home/liam-bouffard/Desktop/rob599_mobile_robotics/stage_ws/build/stage_ros2' returned '0': CMAKE_PREFIX_PATH=/opt/ros/kilted:/home/liam-bouffard/Desktop/rob599_mobile_robotics/stage_ws/install/stage:${CMAKE_PREFIX_PATH} DEBUGINFOD_URLS=https://debuginfod.ubuntu.com LD_LIBRARY_PATH=/home/liam-bouffard/Desktop/rob599_mobile_robotics/stage_ws/install/stage/lib:${LD_LIBRARY_PATH} PATH=/home/liam-bouffard/Desktop/rob599_mobile_robotics/stage_ws/install/stage/bin:${PATH} PKG_CONFIG_PATH=/home/liam-bouffard/Desktop/rob599_mobile_robotics/stage_ws/install/stage/lib/x86_64-linux-gnu/pkgconfig:/home/liam-bouffard/Desktop/rob599_mobile_robotics/stage_ws/install/stage/lib/pkgconfig ROS_PACKAGE_PATH=/home/liam-bouffard/Desktop/rob599_mobile_robotics/stage_ws/install/stage/share /usr/bin/cmake --install /home/liam-bouffard/Desktop/rob599_mobile_robotics/stage_ws/build/stage_ros2
