[0.564s] Invoking command in '/home/liam-bouffard/Desktop/rob599_mobile_robotics/ros2_tutorial_py_ws/src/py_srvcli': DEBUGINFOD_URLS=https://debuginfod.ubuntu.com PYTHONPATH=/home/liam-bouffard/Desktop/rob599_mobile_robotics/ros2_tutorial_py_ws/build/py_srvcli/prefix_override:/usr/lib/python3/dist-packages/colcon_core/task/python/colcon_distutils_commands:/home/liam-bouffard/Desktop/rob599_mobile_robotics/ros2_tutorial_py_ws/install/py_srvcli/lib/python3.12/site-packages:${PYTHONPATH} /usr/bin/python3 -W ignore:setup.py install is deprecated -W ignore:easy_install command is deprecated setup.py egg_info --egg-base ../../build/py_srvcli build --build-base /home/liam-bouffard/Desktop/rob599_mobile_robotics/ros2_tutorial_py_ws/build/py_srvcli/build install --record /home/liam-bouffard/Desktop/rob599_mobile_robotics/ros2_tutorial_py_ws/build/py_srvcli/install.log --single-version-externally-managed install_data
[0.755s] running egg_info
[0.755s] creating ../../build/py_srvcli/py_srvcli.egg-info
[0.769s] writing ../../build/py_srvcli/py_srvcli.egg-info/PKG-INFO
[0.769s] writing dependency_links to ../../build/py_srvcli/py_srvcli.egg-info/dependency_links.txt
[0.769s] writing entry points to ../../build/py_srvcli/py_srvcli.egg-info/entry_points.txt
[0.769s] writing requirements to ../../build/py_srvcli/py_srvcli.egg-info/requires.txt
[0.769s] writing top-level names to ../../build/py_srvcli/py_srvcli.egg-info/top_level.txt
[0.769s] writing manifest file '../../build/py_srvcli/py_srvcli.egg-info/SOURCES.txt'
[0.798s] reading manifest file '../../build/py_srvcli/py_srvcli.egg-info/SOURCES.txt'
[0.798s] adding license file 'LICENSE'
[0.798s] writing manifest file '../../build/py_srvcli/py_srvcli.egg-info/SOURCES.txt'
[0.798s] running build
[0.798s] running build_py
[0.798s] creating /home/liam-bouffard/Desktop/rob599_mobile_robotics/ros2_tutorial_py_ws/build/py_srvcli/build
[0.798s] creating /home/liam-bouffard/Desktop/rob599_mobile_robotics/ros2_tutorial_py_ws/build/py_srvcli/build/lib
[0.798s] creating /home/liam-bouffard/Desktop/rob599_mobile_robotics/ros2_tutorial_py_ws/build/py_srvcli/build/lib/py_srvcli
[0.798s] copying py_srvcli/client_member_function.py -> /home/liam-bouffard/Desktop/rob599_mobile_robotics/ros2_tutorial_py_ws/build/py_srvcli/build/lib/py_srvcli
[0.798s] copying py_srvcli/service_member_function.py -> /home/liam-bouffard/Desktop/rob599_mobile_robotics/ros2_tutorial_py_ws/build/py_srvcli/build/lib/py_srvcli
[0.798s] copying py_srvcli/__init__.py -> /home/liam-bouffard/Desktop/rob599_mobile_robotics/ros2_tutorial_py_ws/build/py_srvcli/build/lib/py_srvcli
[0.799s] running install
[0.802s] running install_lib
[0.817s] creating /home/liam-bouffard/Desktop/rob599_mobile_robotics/ros2_tutorial_py_ws/install/py_srvcli/lib/python3.12/site-packages/py_srvcli
[0.817s] copying /home/liam-bouffard/Desktop/rob599_mobile_robotics/ros2_tutorial_py_ws/build/py_srvcli/build/lib/py_srvcli/client_member_function.py -> /home/liam-bouffard/Desktop/rob599_mobile_robotics/ros2_tutorial_py_ws/install/py_srvcli/lib/python3.12/site-packages/py_srvcli
[0.817s] copying /home/liam-bouffard/Desktop/rob599_mobile_robotics/ros2_tutorial_py_ws/build/py_srvcli/build/lib/py_srvcli/service_member_function.py -> /home/liam-bouffard/Desktop/rob599_mobile_robotics/ros2_tutorial_py_ws/install/py_srvcli/lib/python3.12/site-packages/py_srvcli
[0.817s] copying /home/liam-bouffard/Desktop/rob599_mobile_robotics/ros2_tutorial_py_ws/build/py_srvcli/build/lib/py_srvcli/__init__.py -> /home/liam-bouffard/Desktop/rob599_mobile_robotics/ros2_tutorial_py_ws/install/py_srvcli/lib/python3.12/site-packages/py_srvcli
[0.818s] byte-compiling /home/liam-bouffard/Desktop/rob599_mobile_robotics/ros2_tutorial_py_ws/install/py_srvcli/lib/python3.12/site-packages/py_srvcli/client_member_function.py to client_member_function.cpython-312.pyc
[0.818s] byte-compiling /home/liam-bouffard/Desktop/rob599_mobile_robotics/ros2_tutorial_py_ws/install/py_srvcli/lib/python3.12/site-packages/py_srvcli/service_member_function.py to service_member_function.cpython-312.pyc
[0.818s] byte-compiling /home/liam-bouffard/Desktop/rob599_mobile_robotics/ros2_tutorial_py_ws/install/py_srvcli/lib/python3.12/site-packages/py_srvcli/__init__.py to __init__.cpython-312.pyc
[0.818s] running install_data
[0.818s] creating /home/liam-bouffard/Desktop/rob599_mobile_robotics/ros2_tutorial_py_ws/install/py_srvcli/share/ament_index
[0.818s] creating /home/liam-bouffard/Desktop/rob599_mobile_robotics/ros2_tutorial_py_ws/install/py_srvcli/share/ament_index/resource_index
[0.818s] creating /home/liam-bouffard/Desktop/rob599_mobile_robotics/ros2_tutorial_py_ws/install/py_srvcli/share/ament_index/resource_index/packages
[0.819s] copying resource/py_srvcli -> /home/liam-bouffard/Desktop/rob599_mobile_robotics/ros2_tutorial_py_ws/install/py_srvcli/share/ament_index/resource_index/packages
[0.819s] copying package.xml -> /home/liam-bouffard/Desktop/rob599_mobile_robotics/ros2_tutorial_py_ws/install/py_srvcli/share/py_srvcli
[0.819s] running install_egg_info
[0.834s] Copying ../../build/py_srvcli/py_srvcli.egg-info to /home/liam-bouffard/Desktop/rob599_mobile_robotics/ros2_tutorial_py_ws/install/py_srvcli/lib/python3.12/site-packages/py_srvcli-0.0.0-py3.12.egg-info
[0.834s] running install_scripts
[0.926s] Installing client script to /home/liam-bouffard/Desktop/rob599_mobile_robotics/ros2_tutorial_py_ws/install/py_srvcli/lib/py_srvcli
[0.926s] Installing service script to /home/liam-bouffard/Desktop/rob599_mobile_robotics/ros2_tutorial_py_ws/install/py_srvcli/lib/py_srvcli
[0.926s] writing list of installed files to '/home/liam-bouffard/Desktop/rob599_mobile_robotics/ros2_tutorial_py_ws/build/py_srvcli/install.log'
[0.943s] Invoked command in '/home/liam-bouffard/Desktop/rob599_mobile_robotics/ros2_tutorial_py_ws/src/py_srvcli' returned '0': DEBUGINFOD_URLS=https://debuginfod.ubuntu.com PYTHONPATH=/home/liam-bouffard/Desktop/rob599_mobile_robotics/ros2_tutorial_py_ws/build/py_srvcli/prefix_override:/usr/lib/python3/dist-packages/colcon_core/task/python/colcon_distutils_commands:/home/liam-bouffard/Desktop/rob599_mobile_robotics/ros2_tutorial_py_ws/install/py_srvcli/lib/python3.12/site-packages:${PYTHONPATH} /usr/bin/python3 -W ignore:setup.py install is deprecated -W ignore:easy_install command is deprecated setup.py egg_info --egg-base ../../build/py_srvcli build --build-base /home/liam-bouffard/Desktop/rob599_mobile_robotics/ros2_tutorial_py_ws/build/py_srvcli/build install --record /home/liam-bouffard/Desktop/rob599_mobile_robotics/ros2_tutorial_py_ws/build/py_srvcli/install.log --single-version-externally-managed install_data
