[0.017s] Invoking command in '/home/liam-bouffard/Desktop/rob599_mobile_robotics/ros2_tutorial_py_ws/build/custom_action_interfaces': CMAKE_PREFIX_PATH=${CMAKE_PREFIX_PATH}:/opt/ros/kilted DEBUGINFOD_URLS=https://debuginfod.ubuntu.com /usr/bin/cmake /home/liam-bouffard/Desktop/rob599_mobile_robotics/ros2_tutorial_py_ws/src/custom_action_interfaces -DCMAKE_INSTALL_PREFIX=/home/liam-bouffard/Desktop/rob599_mobile_robotics/ros2_tutorial_py_ws/install/custom_action_interfaces
[0.108s] -- The C compiler identification is GNU 13.3.0
[0.187s] -- The CXX compiler identification is GNU 13.3.0
[0.210s] -- Detecting C compiler ABI info
[0.335s] -- Detecting C compiler ABI info - done
[0.346s] -- Check for working C compiler: /usr/bin/cc - skipped
[0.346s] -- Detecting C compile features
[0.347s] -- Detecting C compile features - done
[0.362s] -- Detecting CXX compiler ABI info
[0.519s] -- Detecting CXX compiler ABI info - done
[0.531s] -- Check for working CXX compiler: /usr/bin/c++ - skipped
[0.532s] -- Detecting CXX compile features
[0.532s] -- Detecting CXX compile features - done
[0.535s] -- Found rosidl_default_generators: 1.7.1 (/opt/ros/kilted/share/rosidl_default_generators/cmake)
[0.727s] -- Found Python3: /usr/bin/python3 (found version "3.12.3") found components: Interpreter 
[0.836s] -- Using all available rosidl_typesupport_c: rosidl_typesupport_fastrtps_c;rosidl_typesupport_introspection_c
[0.936s] -- Using all available rosidl_typesupport_cpp: rosidl_typesupport_fastrtps_cpp;rosidl_typesupport_introspection_cpp
[0.987s] -- Found rosidl_adapter: 4.9.5 (/opt/ros/kilted/share/rosidl_adapter/cmake)
[1.866s] -- Found ament_cmake_ros_core: 0.14.3 (/opt/ros/kilted/share/ament_cmake_ros_core/cmake)
[2.408s] -- Using all available rosidl_typesupport_c: rosidl_typesupport_fastrtps_c;rosidl_typesupport_introspection_c
[3.174s] -- Using all available rosidl_typesupport_cpp: rosidl_typesupport_fastrtps_cpp;rosidl_typesupport_introspection_cpp
[3.762s] -- Found Python3: /usr/bin/python3 (found version "3.12.3") found components: Interpreter Development NumPy Development.Module Development.Embed 
[3.809s] -- Found ament_lint_auto: 0.19.2 (/opt/ros/kilted/share/ament_lint_auto/cmake)
[3.830s] -- Added test 'lint_cmake' to check CMake code style
[3.832s] -- Added test 'xmllint' to check XML markup files
[3.834s] -- Configuring done (3.8s)
[3.875s] -- Generating done (0.0s)
[3.890s] -- Build files have been written to: /home/liam-bouffard/Desktop/rob599_mobile_robotics/ros2_tutorial_py_ws/build/custom_action_interfaces
[3.905s] Invoked command in '/home/liam-bouffard/Desktop/rob599_mobile_robotics/ros2_tutorial_py_ws/build/custom_action_interfaces' returned '0': CMAKE_PREFIX_PATH=${CMAKE_PREFIX_PATH}:/opt/ros/kilted DEBUGINFOD_URLS=https://debuginfod.ubuntu.com /usr/bin/cmake /home/liam-bouffard/Desktop/rob599_mobile_robotics/ros2_tutorial_py_ws/src/custom_action_interfaces -DCMAKE_INSTALL_PREFIX=/home/liam-bouffard/Desktop/rob599_mobile_robotics/ros2_tutorial_py_ws/install/custom_action_interfaces
[3.906s] Invoking command in '/home/liam-bouffard/Desktop/rob599_mobile_robotics/ros2_tutorial_py_ws/build/custom_action_interfaces': CMAKE_PREFIX_PATH=${CMAKE_PREFIX_PATH}:/opt/ros/kilted DEBUGINFOD_URLS=https://debuginfod.ubuntu.com /usr/bin/cmake --build /home/liam-bouffard/Desktop/rob599_mobile_robotics/ros2_tutorial_py_ws/build/custom_action_interfaces -- -j32 -l32
[3.977s] [  2%] [34m[1mGenerating type hashes for ROS interfaces[0m
[3.986s] [  2%] Built target ament_cmake_python_copy_custom_action_interfaces
[4.233s] [  2%] Built target custom_action_interfaces__rosidl_generator_type_description
[4.249s] [  5%] [34m[1mGenerating C code for ROS interfaces[0m
[4.263s] [  8%] [34m[1mGenerating C++ code for ROS interfaces[0m
[4.266s] running egg_info
[4.267s] creating custom_action_interfaces.egg-info
[4.293s] writing custom_action_interfaces.egg-info/PKG-INFO
[4.293s] writing dependency_links to custom_action_interfaces.egg-info/dependency_links.txt
[4.293s] writing top-level names to custom_action_interfaces.egg-info/top_level.txt
[4.293s] writing manifest file 'custom_action_interfaces.egg-info/SOURCES.txt'
[4.369s] reading manifest file 'custom_action_interfaces.egg-info/SOURCES.txt'
[4.370s] writing manifest file 'custom_action_interfaces.egg-info/SOURCES.txt'
[4.401s] [  8%] Built target ament_cmake_python_build_custom_action_interfaces_egg
[4.760s] [ 11%] [32mBuilding C object CMakeFiles/custom_action_interfaces__rosidl_generator_c.dir/rosidl_generator_c/custom_action_interfaces/action/detail/fibonacci__type_support.c.o[0m
[4.760s] [ 14%] [32mBuilding C object CMakeFiles/custom_action_interfaces__rosidl_generator_c.dir/rosidl_generator_c/custom_action_interfaces/action/detail/fibonacci__description.c.o[0m
[4.760s] [ 17%] [32mBuilding C object CMakeFiles/custom_action_interfaces__rosidl_generator_c.dir/rosidl_generator_c/custom_action_interfaces/action/detail/fibonacci__functions.c.o[0m
[4.762s] [ 17%] Built target custom_action_interfaces__cpp
[4.956s] [ 20%] [32m[1mLinking C shared library libcustom_action_interfaces__rosidl_generator_c.so[0m
[5.047s] [ 20%] Built target custom_action_interfaces__rosidl_generator_c
[5.070s] [ 29%] [34m[1mGenerating C type support for eProsima Fast-RTPS[0m
[5.071s] [ 29%] [34m[1mGenerating C type support dispatch for ROS interfaces[0m
[5.071s] [ 29%] [34m[1mGenerating C++ type support dispatch for ROS interfaces[0m
[5.072s] [ 32%] [34m[1mGenerating C++ type support for eProsima Fast-RTPS[0m
[5.072s] [ 35%] [34m[1mGenerating C introspection for ROS interfaces[0m
[5.072s] [ 38%] [34m[1mGenerating C++ introspection for ROS interfaces[0m
[5.396s] [ 41%] [32mBuilding CXX object CMakeFiles/custom_action_interfaces__rosidl_typesupport_c.dir/rosidl_typesupport_c/custom_action_interfaces/action/fibonacci__type_support.cpp.o[0m
[5.410s] [ 44%] [32mBuilding CXX object CMakeFiles/custom_action_interfaces__rosidl_typesupport_cpp.dir/rosidl_typesupport_cpp/custom_action_interfaces/action/fibonacci__type_support.cpp.o[0m
[5.456s] [ 47%] [32mBuilding CXX object CMakeFiles/custom_action_interfaces__rosidl_typesupport_introspection_cpp.dir/rosidl_typesupport_introspection_cpp/custom_action_interfaces/action/detail/fibonacci__type_support.cpp.o[0m
[5.474s] [ 50%] [32m[1mLinking CXX shared library libcustom_action_interfaces__rosidl_typesupport_c.so[0m
[5.477s] [ 52%] [32mBuilding C object CMakeFiles/custom_action_interfaces__rosidl_typesupport_introspection_c.dir/rosidl_typesupport_introspection_c/custom_action_interfaces/action/detail/fibonacci__type_support.c.o[0m
[5.528s] [ 52%] Built target custom_action_interfaces__rosidl_typesupport_c
[5.560s] [ 55%] [32m[1mLinking C shared library libcustom_action_interfaces__rosidl_typesupport_introspection_c.so[0m
[5.589s] [ 58%] [32mBuilding CXX object CMakeFiles/custom_action_interfaces__rosidl_typesupport_fastrtps_cpp.dir/rosidl_typesupport_fastrtps_cpp/custom_action_interfaces/action/detail/dds_fastrtps/fibonacci__type_support.cpp.o[0m
[5.607s] [ 58%] Built target custom_action_interfaces__rosidl_typesupport_introspection_c
[5.739s] [ 61%] [32mBuilding CXX object CMakeFiles/custom_action_interfaces__rosidl_typesupport_fastrtps_c.dir/rosidl_typesupport_fastrtps_c/custom_action_interfaces/action/detail/fibonacci__type_support_c.cpp.o[0m
[6.208s] [ 64%] [32m[1mLinking CXX shared library libcustom_action_interfaces__rosidl_typesupport_cpp.so[0m
[6.279s] [ 67%] [32m[1mLinking CXX shared library libcustom_action_interfaces__rosidl_typesupport_introspection_cpp.so[0m
[6.300s] [ 67%] Built target custom_action_interfaces__rosidl_typesupport_cpp
[6.335s] [ 70%] [32m[1mLinking CXX shared library libcustom_action_interfaces__rosidl_typesupport_fastrtps_c.so[0m
[6.380s] [ 70%] Built target custom_action_interfaces__rosidl_typesupport_introspection_cpp
[6.401s] [ 70%] Built target custom_action_interfaces__rosidl_typesupport_fastrtps_c
[6.731s] [ 73%] [32m[1mLinking CXX shared library libcustom_action_interfaces__rosidl_typesupport_fastrtps_cpp.so[0m
[6.863s] [ 73%] Built target custom_action_interfaces__rosidl_typesupport_fastrtps_cpp
[6.904s] [ 73%] Built target custom_action_interfaces
[6.949s] [ 76%] [34m[1mGenerating Python code for ROS interfaces[0m
[7.670s] [ 76%] Built target custom_action_interfaces__py
[7.700s] [ 79%] [32mBuilding C object CMakeFiles/custom_action_interfaces__rosidl_generator_py.dir/rosidl_generator_py/custom_action_interfaces/action/_fibonacci_s.c.o[0m
[7.990s] [ 82%] [32m[1mLinking C shared library libcustom_action_interfaces__rosidl_generator_py.so[0m
[8.079s] [ 82%] Built target custom_action_interfaces__rosidl_generator_py
[8.119s] [ 85%] [32mBuilding C object CMakeFiles/custom_action_interfaces_s__rosidl_typesupport_fastrtps_c.dir/rosidl_generator_py/custom_action_interfaces/_custom_action_interfaces_s.ep.rosidl_typesupport_fastrtps_c.c.o[0m
[8.121s] [ 88%] [32mBuilding C object CMakeFiles/custom_action_interfaces_s__rosidl_typesupport_introspection_c.dir/rosidl_generator_py/custom_action_interfaces/_custom_action_interfaces_s.ep.rosidl_typesupport_introspection_c.c.o[0m
[8.121s] [ 91%] [32mBuilding C object CMakeFiles/custom_action_interfaces_s__rosidl_typesupport_c.dir/rosidl_generator_py/custom_action_interfaces/_custom_action_interfaces_s.ep.rosidl_typesupport_c.c.o[0m
[8.290s] [ 94%] [32m[1mLinking C shared module rosidl_generator_py/custom_action_interfaces/custom_action_interfaces_s__rosidl_typesupport_fastrtps_c.so[0m
[8.291s] [ 97%] [32m[1mLinking C shared module rosidl_generator_py/custom_action_interfaces/custom_action_interfaces_s__rosidl_typesupport_introspection_c.so[0m
[8.314s] [100%] [32m[1mLinking C shared module rosidl_generator_py/custom_action_interfaces/custom_action_interfaces_s__rosidl_typesupport_c.so[0m
[8.334s] [100%] Built target custom_action_interfaces_s__rosidl_typesupport_fastrtps_c
[8.337s] [100%] Built target custom_action_interfaces_s__rosidl_typesupport_introspection_c
[8.364s] [100%] Built target custom_action_interfaces_s__rosidl_typesupport_c
[8.379s] Invoked command in '/home/liam-bouffard/Desktop/rob599_mobile_robotics/ros2_tutorial_py_ws/build/custom_action_interfaces' returned '0': CMAKE_PREFIX_PATH=${CMAKE_PREFIX_PATH}:/opt/ros/kilted DEBUGINFOD_URLS=https://debuginfod.ubuntu.com /usr/bin/cmake --build /home/liam-bouffard/Desktop/rob599_mobile_robotics/ros2_tutorial_py_ws/build/custom_action_interfaces -- -j32 -l32
[8.382s] Invoking command in '/home/liam-bouffard/Desktop/rob599_mobile_robotics/ros2_tutorial_py_ws/build/custom_action_interfaces': CMAKE_PREFIX_PATH=${CMAKE_PREFIX_PATH}:/opt/ros/kilted DEBUGINFOD_URLS=https://debuginfod.ubuntu.com /usr/bin/cmake --install /home/liam-bouffard/Desktop/rob599_mobile_robotics/ros2_tutorial_py_ws/build/custom_action_interfaces
[8.394s] -- Install configuration: ""
[8.395s] -- Installing: /home/liam-bouffard/Desktop/rob599_mobile_robotics/ros2_tutorial_py_ws/install/custom_action_interfaces/share/ament_index/resource_index/rosidl_interfaces/custom_action_interfaces
[8.395s] -- Installing: /home/liam-bouffard/Desktop/rob599_mobile_robotics/ros2_tutorial_py_ws/install/custom_action_interfaces/share/custom_action_interfaces/action/Fibonacci.json
[8.395s] -- Installing: /home/liam-bouffard/Desktop/rob599_mobile_robotics/ros2_tutorial_py_ws/install/custom_action_interfaces/include/custom_action_interfaces/custom_action_interfaces
[8.395s] -- Installing: /home/liam-bouffard/Desktop/rob599_mobile_robotics/ros2_tutorial_py_ws/install/custom_action_interfaces/include/custom_action_interfaces/custom_action_interfaces/action
[8.396s] -- Installing: /home/liam-bouffard/Desktop/rob599_mobile_robotics/ros2_tutorial_py_ws/install/custom_action_interfaces/include/custom_action_interfaces/custom_action_interfaces/action/detail
[8.396s] -- Installing: /home/liam-bouffard/Desktop/rob599_mobile_robotics/ros2_tutorial_py_ws/install/custom_action_interfaces/include/custom_action_interfaces/custom_action_interfaces/action/detail/fibonacci__type_support.c
[8.396s] -- Installing: /home/liam-bouffard/Desktop/rob599_mobile_robotics/ros2_tutorial_py_ws/install/custom_action_interfaces/include/custom_action_interfaces/custom_action_interfaces/action/detail/fibonacci__type_support.h
[8.396s] -- Installing: /home/liam-bouffard/Desktop/rob599_mobile_robotics/ros2_tutorial_py_ws/install/custom_action_interfaces/include/custom_action_interfaces/custom_action_interfaces/action/detail/fibonacci__description.c
[8.396s] -- Installing: /home/liam-bouffard/Desktop/rob599_mobile_robotics/ros2_tutorial_py_ws/install/custom_action_interfaces/include/custom_action_interfaces/custom_action_interfaces/action/detail/fibonacci__functions.h
[8.396s] -- Installing: /home/liam-bouffard/Desktop/rob599_mobile_robotics/ros2_tutorial_py_ws/install/custom_action_interfaces/include/custom_action_interfaces/custom_action_interfaces/action/detail/fibonacci__functions.c
[8.396s] -- Installing: /home/liam-bouffard/Desktop/rob599_mobile_robotics/ros2_tutorial_py_ws/install/custom_action_interfaces/include/custom_action_interfaces/custom_action_interfaces/action/detail/fibonacci__struct.h
[8.397s] -- Installing: /home/liam-bouffard/Desktop/rob599_mobile_robotics/ros2_tutorial_py_ws/install/custom_action_interfaces/include/custom_action_interfaces/custom_action_interfaces/action/fibonacci.h
[8.397s] -- Installing: /home/liam-bouffard/Desktop/rob599_mobile_robotics/ros2_tutorial_py_ws/install/custom_action_interfaces/include/custom_action_interfaces/custom_action_interfaces/msg
[8.397s] -- Installing: /home/liam-bouffard/Desktop/rob599_mobile_robotics/ros2_tutorial_py_ws/install/custom_action_interfaces/include/custom_action_interfaces/custom_action_interfaces/msg/rosidl_generator_c__visibility_control.h
[8.397s] -- Installing: /home/liam-bouffard/Desktop/rob599_mobile_robotics/ros2_tutorial_py_ws/install/custom_action_interfaces/share/custom_action_interfaces/environment/library_path.sh
[8.397s] -- Installing: /home/liam-bouffard/Desktop/rob599_mobile_robotics/ros2_tutorial_py_ws/install/custom_action_interfaces/share/custom_action_interfaces/environment/library_path.dsv
[8.397s] -- Installing: /home/liam-bouffard/Desktop/rob599_mobile_robotics/ros2_tutorial_py_ws/install/custom_action_interfaces/lib/libcustom_action_interfaces__rosidl_generator_c.so
[8.397s] -- Set non-toolchain portion of runtime path of "/home/liam-bouffard/Desktop/rob599_mobile_robotics/ros2_tutorial_py_ws/install/custom_action_interfaces/lib/libcustom_action_interfaces__rosidl_generator_c.so" to ""
[8.397s] -- Up-to-date: /home/liam-bouffard/Desktop/rob599_mobile_robotics/ros2_tutorial_py_ws/install/custom_action_interfaces/include/custom_action_interfaces/custom_action_interfaces
[8.397s] -- Up-to-date: /home/liam-bouffard/Desktop/rob599_mobile_robotics/ros2_tutorial_py_ws/install/custom_action_interfaces/include/custom_action_interfaces/custom_action_interfaces/action
[8.398s] -- Up-to-date: /home/liam-bouffard/Desktop/rob599_mobile_robotics/ros2_tutorial_py_ws/install/custom_action_interfaces/include/custom_action_interfaces/custom_action_interfaces/action/detail
[8.398s] -- Installing: /home/liam-bouffard/Desktop/rob599_mobile_robotics/ros2_tutorial_py_ws/install/custom_action_interfaces/include/custom_action_interfaces/custom_action_interfaces/action/detail/fibonacci__rosidl_typesupport_fastrtps_c.h
[8.398s] -- Up-to-date: /home/liam-bouffard/Desktop/rob599_mobile_robotics/ros2_tutorial_py_ws/install/custom_action_interfaces/include/custom_action_interfaces/custom_action_interfaces/msg
[8.398s] -- Installing: /home/liam-bouffard/Desktop/rob599_mobile_robotics/ros2_tutorial_py_ws/install/custom_action_interfaces/include/custom_action_interfaces/custom_action_interfaces/msg/rosidl_typesupport_fastrtps_c__visibility_control.h
[8.398s] -- Installing: /home/liam-bouffard/Desktop/rob599_mobile_robotics/ros2_tutorial_py_ws/install/custom_action_interfaces/lib/libcustom_action_interfaces__rosidl_typesupport_fastrtps_c.so
[8.398s] -- Set non-toolchain portion of runtime path of "/home/liam-bouffard/Desktop/rob599_mobile_robotics/ros2_tutorial_py_ws/install/custom_action_interfaces/lib/libcustom_action_interfaces__rosidl_typesupport_fastrtps_c.so" to ""
[8.398s] -- Up-to-date: /home/liam-bouffard/Desktop/rob599_mobile_robotics/ros2_tutorial_py_ws/install/custom_action_interfaces/include/custom_action_interfaces/custom_action_interfaces
[8.398s] -- Up-to-date: /home/liam-bouffard/Desktop/rob599_mobile_robotics/ros2_tutorial_py_ws/install/custom_action_interfaces/include/custom_action_interfaces/custom_action_interfaces/action
[8.398s] -- Up-to-date: /home/liam-bouffard/Desktop/rob599_mobile_robotics/ros2_tutorial_py_ws/install/custom_action_interfaces/include/custom_action_interfaces/custom_action_interfaces/action/detail
[8.399s] -- Up-to-date: /home/liam-bouffard/Desktop/rob599_mobile_robotics/ros2_tutorial_py_ws/install/custom_action_interfaces/include/custom_action_interfaces/custom_action_interfaces/action/detail/fibonacci__type_support.c
[8.399s] -- Installing: /home/liam-bouffard/Desktop/rob599_mobile_robotics/ros2_tutorial_py_ws/install/custom_action_interfaces/include/custom_action_interfaces/custom_action_interfaces/action/detail/fibonacci__rosidl_typesupport_introspection_c.h
[8.399s] -- Up-to-date: /home/liam-bouffard/Desktop/rob599_mobile_robotics/ros2_tutorial_py_ws/install/custom_action_interfaces/include/custom_action_interfaces/custom_action_interfaces/msg
[8.399s] -- Installing: /home/liam-bouffard/Desktop/rob599_mobile_robotics/ros2_tutorial_py_ws/install/custom_action_interfaces/include/custom_action_interfaces/custom_action_interfaces/msg/rosidl_typesupport_introspection_c__visibility_control.h
[8.399s] -- Installing: /home/liam-bouffard/Desktop/rob599_mobile_robotics/ros2_tutorial_py_ws/install/custom_action_interfaces/lib/libcustom_action_interfaces__rosidl_typesupport_introspection_c.so
[8.399s] -- Set non-toolchain portion of runtime path of "/home/liam-bouffard/Desktop/rob599_mobile_robotics/ros2_tutorial_py_ws/install/custom_action_interfaces/lib/libcustom_action_interfaces__rosidl_typesupport_introspection_c.so" to ""
[8.399s] -- Installing: /home/liam-bouffard/Desktop/rob599_mobile_robotics/ros2_tutorial_py_ws/install/custom_action_interfaces/lib/libcustom_action_interfaces__rosidl_typesupport_c.so
[8.399s] -- Set non-toolchain portion of runtime path of "/home/liam-bouffard/Desktop/rob599_mobile_robotics/ros2_tutorial_py_ws/install/custom_action_interfaces/lib/libcustom_action_interfaces__rosidl_typesupport_c.so" to ""
[8.399s] -- Up-to-date: /home/liam-bouffard/Desktop/rob599_mobile_robotics/ros2_tutorial_py_ws/install/custom_action_interfaces/include/custom_action_interfaces/custom_action_interfaces
[8.400s] -- Up-to-date: /home/liam-bouffard/Desktop/rob599_mobile_robotics/ros2_tutorial_py_ws/install/custom_action_interfaces/include/custom_action_interfaces/custom_action_interfaces/action
[8.400s] -- Installing: /home/liam-bouffard/Desktop/rob599_mobile_robotics/ros2_tutorial_py_ws/install/custom_action_interfaces/include/custom_action_interfaces/custom_action_interfaces/action/fibonacci.hpp
[8.400s] -- Up-to-date: /home/liam-bouffard/Desktop/rob599_mobile_robotics/ros2_tutorial_py_ws/install/custom_action_interfaces/include/custom_action_interfaces/custom_action_interfaces/action/detail
[8.400s] -- Installing: /home/liam-bouffard/Desktop/rob599_mobile_robotics/ros2_tutorial_py_ws/install/custom_action_interfaces/include/custom_action_interfaces/custom_action_interfaces/action/detail/fibonacci__builder.hpp
[8.400s] -- Installing: /home/liam-bouffard/Desktop/rob599_mobile_robotics/ros2_tutorial_py_ws/install/custom_action_interfaces/include/custom_action_interfaces/custom_action_interfaces/action/detail/fibonacci__traits.hpp
[8.400s] -- Installing: /home/liam-bouffard/Desktop/rob599_mobile_robotics/ros2_tutorial_py_ws/install/custom_action_interfaces/include/custom_action_interfaces/custom_action_interfaces/action/detail/fibonacci__struct.hpp
[8.400s] -- Installing: /home/liam-bouffard/Desktop/rob599_mobile_robotics/ros2_tutorial_py_ws/install/custom_action_interfaces/include/custom_action_interfaces/custom_action_interfaces/action/detail/fibonacci__type_support.hpp
[8.400s] -- Up-to-date: /home/liam-bouffard/Desktop/rob599_mobile_robotics/ros2_tutorial_py_ws/install/custom_action_interfaces/include/custom_action_interfaces/custom_action_interfaces/msg
[8.400s] -- Installing: /home/liam-bouffard/Desktop/rob599_mobile_robotics/ros2_tutorial_py_ws/install/custom_action_interfaces/include/custom_action_interfaces/custom_action_interfaces/msg/rosidl_generator_cpp__visibility_control.hpp
[8.401s] -- Up-to-date: /home/liam-bouffard/Desktop/rob599_mobile_robotics/ros2_tutorial_py_ws/install/custom_action_interfaces/include/custom_action_interfaces/custom_action_interfaces
[8.401s] -- Up-to-date: /home/liam-bouffard/Desktop/rob599_mobile_robotics/ros2_tutorial_py_ws/install/custom_action_interfaces/include/custom_action_interfaces/custom_action_interfaces/action
[8.401s] -- Up-to-date: /home/liam-bouffard/Desktop/rob599_mobile_robotics/ros2_tutorial_py_ws/install/custom_action_interfaces/include/custom_action_interfaces/custom_action_interfaces/action/detail
[8.401s] -- Installing: /home/liam-bouffard/Desktop/rob599_mobile_robotics/ros2_tutorial_py_ws/install/custom_action_interfaces/include/custom_action_interfaces/custom_action_interfaces/action/detail/dds_fastrtps
[8.401s] -- Installing: /home/liam-bouffard/Desktop/rob599_mobile_robotics/ros2_tutorial_py_ws/install/custom_action_interfaces/include/custom_action_interfaces/custom_action_interfaces/action/detail/fibonacci__rosidl_typesupport_fastrtps_cpp.hpp
[8.401s] -- Up-to-date: /home/liam-bouffard/Desktop/rob599_mobile_robotics/ros2_tutorial_py_ws/install/custom_action_interfaces/include/custom_action_interfaces/custom_action_interfaces/msg
[8.401s] -- Installing: /home/liam-bouffard/Desktop/rob599_mobile_robotics/ros2_tutorial_py_ws/install/custom_action_interfaces/include/custom_action_interfaces/custom_action_interfaces/msg/rosidl_typesupport_fastrtps_cpp__visibility_control.h
[8.401s] -- Installing: /home/liam-bouffard/Desktop/rob599_mobile_robotics/ros2_tutorial_py_ws/install/custom_action_interfaces/lib/libcustom_action_interfaces__rosidl_typesupport_fastrtps_cpp.so
[8.401s] -- Set non-toolchain portion of runtime path of "/home/liam-bouffard/Desktop/rob599_mobile_robotics/ros2_tutorial_py_ws/install/custom_action_interfaces/lib/libcustom_action_interfaces__rosidl_typesupport_fastrtps_cpp.so" to ""
[8.401s] -- Up-to-date: /home/liam-bouffard/Desktop/rob599_mobile_robotics/ros2_tutorial_py_ws/install/custom_action_interfaces/include/custom_action_interfaces/custom_action_interfaces
[8.402s] -- Up-to-date: /home/liam-bouffard/Desktop/rob599_mobile_robotics/ros2_tutorial_py_ws/install/custom_action_interfaces/include/custom_action_interfaces/custom_action_interfaces/action
[8.402s] -- Up-to-date: /home/liam-bouffard/Desktop/rob599_mobile_robotics/ros2_tutorial_py_ws/install/custom_action_interfaces/include/custom_action_interfaces/custom_action_interfaces/action/detail
[8.402s] -- Installing: /home/liam-bouffard/Desktop/rob599_mobile_robotics/ros2_tutorial_py_ws/install/custom_action_interfaces/include/custom_action_interfaces/custom_action_interfaces/action/detail/fibonacci__type_support.cpp
[8.402s] -- Installing: /home/liam-bouffard/Desktop/rob599_mobile_robotics/ros2_tutorial_py_ws/install/custom_action_interfaces/include/custom_action_interfaces/custom_action_interfaces/action/detail/fibonacci__rosidl_typesupport_introspection_cpp.hpp
[8.402s] -- Installing: /home/liam-bouffard/Desktop/rob599_mobile_robotics/ros2_tutorial_py_ws/install/custom_action_interfaces/lib/libcustom_action_interfaces__rosidl_typesupport_introspection_cpp.so
[8.402s] -- Set non-toolchain portion of runtime path of "/home/liam-bouffard/Desktop/rob599_mobile_robotics/ros2_tutorial_py_ws/install/custom_action_interfaces/lib/libcustom_action_interfaces__rosidl_typesupport_introspection_cpp.so" to ""
[8.403s] -- Installing: /home/liam-bouffard/Desktop/rob599_mobile_robotics/ros2_tutorial_py_ws/install/custom_action_interfaces/lib/libcustom_action_interfaces__rosidl_typesupport_cpp.so
[8.403s] -- Set non-toolchain portion of runtime path of "/home/liam-bouffard/Desktop/rob599_mobile_robotics/ros2_tutorial_py_ws/install/custom_action_interfaces/lib/libcustom_action_interfaces__rosidl_typesupport_cpp.so" to ""
[8.403s] -- Installing: /home/liam-bouffard/Desktop/rob599_mobile_robotics/ros2_tutorial_py_ws/install/custom_action_interfaces/share/custom_action_interfaces/environment/pythonpath.sh
[8.403s] -- Installing: /home/liam-bouffard/Desktop/rob599_mobile_robotics/ros2_tutorial_py_ws/install/custom_action_interfaces/share/custom_action_interfaces/environment/pythonpath.dsv
[8.403s] -- Installing: /home/liam-bouffard/Desktop/rob599_mobile_robotics/ros2_tutorial_py_ws/install/custom_action_interfaces/lib/python3.12/site-packages/custom_action_interfaces-0.0.0-py3.12.egg-info
[8.403s] -- Installing: /home/liam-bouffard/Desktop/rob599_mobile_robotics/ros2_tutorial_py_ws/install/custom_action_interfaces/lib/python3.12/site-packages/custom_action_interfaces-0.0.0-py3.12.egg-info/dependency_links.txt
[8.404s] -- Installing: /home/liam-bouffard/Desktop/rob599_mobile_robotics/ros2_tutorial_py_ws/install/custom_action_interfaces/lib/python3.12/site-packages/custom_action_interfaces-0.0.0-py3.12.egg-info/SOURCES.txt
[8.404s] -- Installing: /home/liam-bouffard/Desktop/rob599_mobile_robotics/ros2_tutorial_py_ws/install/custom_action_interfaces/lib/python3.12/site-packages/custom_action_interfaces-0.0.0-py3.12.egg-info/PKG-INFO
[8.404s] -- Installing: /home/liam-bouffard/Desktop/rob599_mobile_robotics/ros2_tutorial_py_ws/install/custom_action_interfaces/lib/python3.12/site-packages/custom_action_interfaces-0.0.0-py3.12.egg-info/top_level.txt
[8.404s] -- Installing: /home/liam-bouffard/Desktop/rob599_mobile_robotics/ros2_tutorial_py_ws/install/custom_action_interfaces/lib/python3.12/site-packages/custom_action_interfaces
[8.404s] -- Installing: /home/liam-bouffard/Desktop/rob599_mobile_robotics/ros2_tutorial_py_ws/install/custom_action_interfaces/lib/python3.12/site-packages/custom_action_interfaces/_custom_action_interfaces_s.ep.rosidl_typesupport_fastrtps_c.c
[8.404s] -- Installing: /home/liam-bouffard/Desktop/rob599_mobile_robotics/ros2_tutorial_py_ws/install/custom_action_interfaces/lib/python3.12/site-packages/custom_action_interfaces/custom_action_interfaces_s__rosidl_typesupport_fastrtps_c.so
[8.404s] -- Installing: /home/liam-bouffard/Desktop/rob599_mobile_robotics/ros2_tutorial_py_ws/install/custom_action_interfaces/lib/python3.12/site-packages/custom_action_interfaces/action
[8.404s] -- Installing: /home/liam-bouffard/Desktop/rob599_mobile_robotics/ros2_tutorial_py_ws/install/custom_action_interfaces/lib/python3.12/site-packages/custom_action_interfaces/action/_fibonacci_s.c
[8.404s] -- Installing: /home/liam-bouffard/Desktop/rob599_mobile_robotics/ros2_tutorial_py_ws/install/custom_action_interfaces/lib/python3.12/site-packages/custom_action_interfaces/action/__init__.py
[8.405s] -- Installing: /home/liam-bouffard/Desktop/rob599_mobile_robotics/ros2_tutorial_py_ws/install/custom_action_interfaces/lib/python3.12/site-packages/custom_action_interfaces/action/_fibonacci.py
[8.405s] -- Installing: /home/liam-bouffard/Desktop/rob599_mobile_robotics/ros2_tutorial_py_ws/install/custom_action_interfaces/lib/python3.12/site-packages/custom_action_interfaces/custom_action_interfaces_s__rosidl_typesupport_introspection_c.so
[8.405s] -- Installing: /home/liam-bouffard/Desktop/rob599_mobile_robotics/ros2_tutorial_py_ws/install/custom_action_interfaces/lib/python3.12/site-packages/custom_action_interfaces/custom_action_interfaces_s__rosidl_typesupport_c.so
[8.405s] -- Installing: /home/liam-bouffard/Desktop/rob599_mobile_robotics/ros2_tutorial_py_ws/install/custom_action_interfaces/lib/python3.12/site-packages/custom_action_interfaces/_custom_action_interfaces_s.ep.rosidl_typesupport_introspection_c.c
[8.405s] -- Installing: /home/liam-bouffard/Desktop/rob599_mobile_robotics/ros2_tutorial_py_ws/install/custom_action_interfaces/lib/python3.12/site-packages/custom_action_interfaces/__init__.py
[8.405s] -- Installing: /home/liam-bouffard/Desktop/rob599_mobile_robotics/ros2_tutorial_py_ws/install/custom_action_interfaces/lib/python3.12/site-packages/custom_action_interfaces/_custom_action_interfaces_s.ep.rosidl_typesupport_c.c
[8.480s] Listing '/home/liam-bouffard/Desktop/rob599_mobile_robotics/ros2_tutorial_py_ws/install/custom_action_interfaces/lib/python3.12/site-packages/custom_action_interfaces'...
[8.481s] Compiling '/home/liam-bouffard/Desktop/rob599_mobile_robotics/ros2_tutorial_py_ws/install/custom_action_interfaces/lib/python3.12/site-packages/custom_action_interfaces/__init__.py'...
[8.481s] Listing '/home/liam-bouffard/Desktop/rob599_mobile_robotics/ros2_tutorial_py_ws/install/custom_action_interfaces/lib/python3.12/site-packages/custom_action_interfaces/action'...
[8.481s] Compiling '/home/liam-bouffard/Desktop/rob599_mobile_robotics/ros2_tutorial_py_ws/install/custom_action_interfaces/lib/python3.12/site-packages/custom_action_interfaces/action/__init__.py'...
[8.481s] Compiling '/home/liam-bouffard/Desktop/rob599_mobile_robotics/ros2_tutorial_py_ws/install/custom_action_interfaces/lib/python3.12/site-packages/custom_action_interfaces/action/_fibonacci.py'...
[8.488s] -- Installing: /home/liam-bouffard/Desktop/rob599_mobile_robotics/ros2_tutorial_py_ws/install/custom_action_interfaces/lib/python3.12/site-packages/custom_action_interfaces/custom_action_interfaces_s__rosidl_typesupport_fastrtps_c.so
[8.488s] -- Set non-toolchain portion of runtime path of "/home/liam-bouffard/Desktop/rob599_mobile_robotics/ros2_tutorial_py_ws/install/custom_action_interfaces/lib/python3.12/site-packages/custom_action_interfaces/custom_action_interfaces_s__rosidl_typesupport_fastrtps_c.so" to ""
[8.488s] -- Installing: /home/liam-bouffard/Desktop/rob599_mobile_robotics/ros2_tutorial_py_ws/install/custom_action_interfaces/lib/python3.12/site-packages/custom_action_interfaces/custom_action_interfaces_s__rosidl_typesupport_introspection_c.so
[8.488s] -- Set non-toolchain portion of runtime path of "/home/liam-bouffard/Desktop/rob599_mobile_robotics/ros2_tutorial_py_ws/install/custom_action_interfaces/lib/python3.12/site-packages/custom_action_interfaces/custom_action_interfaces_s__rosidl_typesupport_introspection_c.so" to ""
[8.488s] -- Installing: /home/liam-bouffard/Desktop/rob599_mobile_robotics/ros2_tutorial_py_ws/install/custom_action_interfaces/lib/python3.12/site-packages/custom_action_interfaces/custom_action_interfaces_s__rosidl_typesupport_c.so
[8.489s] -- Set non-toolchain portion of runtime path of "/home/liam-bouffard/Desktop/rob599_mobile_robotics/ros2_tutorial_py_ws/install/custom_action_interfaces/lib/python3.12/site-packages/custom_action_interfaces/custom_action_interfaces_s__rosidl_typesupport_c.so" to ""
[8.489s] -- Installing: /home/liam-bouffard/Desktop/rob599_mobile_robotics/ros2_tutorial_py_ws/install/custom_action_interfaces/lib/libcustom_action_interfaces__rosidl_generator_py.so
[8.489s] -- Set non-toolchain portion of runtime path of "/home/liam-bouffard/Desktop/rob599_mobile_robotics/ros2_tutorial_py_ws/install/custom_action_interfaces/lib/libcustom_action_interfaces__rosidl_generator_py.so" to ""
[8.489s] -- Installing: /home/liam-bouffard/Desktop/rob599_mobile_robotics/ros2_tutorial_py_ws/install/custom_action_interfaces/share/custom_action_interfaces/action/Fibonacci.idl
[8.490s] -- Installing: /home/liam-bouffard/Desktop/rob599_mobile_robotics/ros2_tutorial_py_ws/install/custom_action_interfaces/share/custom_action_interfaces/action/Fibonacci.action
[8.490s] -- Installing: /home/liam-bouffard/Desktop/rob599_mobile_robotics/ros2_tutorial_py_ws/install/custom_action_interfaces/share/ament_index/resource_index/package_run_dependencies/custom_action_interfaces
[8.490s] -- Installing: /home/liam-bouffard/Desktop/rob599_mobile_robotics/ros2_tutorial_py_ws/install/custom_action_interfaces/share/ament_index/resource_index/parent_prefix_path/custom_action_interfaces
[8.490s] -- Installing: /home/liam-bouffard/Desktop/rob599_mobile_robotics/ros2_tutorial_py_ws/install/custom_action_interfaces/share/custom_action_interfaces/environment/ament_prefix_path.sh
[8.490s] -- Installing: /home/liam-bouffard/Desktop/rob599_mobile_robotics/ros2_tutorial_py_ws/install/custom_action_interfaces/share/custom_action_interfaces/environment/ament_prefix_path.dsv
[8.490s] -- Installing: /home/liam-bouffard/Desktop/rob599_mobile_robotics/ros2_tutorial_py_ws/install/custom_action_interfaces/share/custom_action_interfaces/environment/path.sh
[8.490s] -- Installing: /home/liam-bouffard/Desktop/rob599_mobile_robotics/ros2_tutorial_py_ws/install/custom_action_interfaces/share/custom_action_interfaces/environment/path.dsv
[8.490s] -- Installing: /home/liam-bouffard/Desktop/rob599_mobile_robotics/ros2_tutorial_py_ws/install/custom_action_interfaces/share/custom_action_interfaces/local_setup.bash
[8.491s] -- Installing: /home/liam-bouffard/Desktop/rob599_mobile_robotics/ros2_tutorial_py_ws/install/custom_action_interfaces/share/custom_action_interfaces/local_setup.sh
[8.491s] -- Installing: /home/liam-bouffard/Desktop/rob599_mobile_robotics/ros2_tutorial_py_ws/install/custom_action_interfaces/share/custom_action_interfaces/local_setup.zsh
[8.491s] -- Installing: /home/liam-bouffard/Desktop/rob599_mobile_robotics/ros2_tutorial_py_ws/install/custom_action_interfaces/share/custom_action_interfaces/local_setup.dsv
[8.491s] -- Installing: /home/liam-bouffard/Desktop/rob599_mobile_robotics/ros2_tutorial_py_ws/install/custom_action_interfaces/share/custom_action_interfaces/package.dsv
[8.491s] -- Installing: /home/liam-bouffard/Desktop/rob599_mobile_robotics/ros2_tutorial_py_ws/install/custom_action_interfaces/share/ament_index/resource_index/packages/custom_action_interfaces
[8.491s] -- Installing: /home/liam-bouffard/Desktop/rob599_mobile_robotics/ros2_tutorial_py_ws/install/custom_action_interfaces/share/custom_action_interfaces/cmake/export_custom_action_interfaces__rosidl_generator_cExport.cmake
[8.491s] -- Installing: /home/liam-bouffard/Desktop/rob599_mobile_robotics/ros2_tutorial_py_ws/install/custom_action_interfaces/share/custom_action_interfaces/cmake/export_custom_action_interfaces__rosidl_generator_cExport-noconfig.cmake
[8.492s] -- Installing: /home/liam-bouffard/Desktop/rob599_mobile_robotics/ros2_tutorial_py_ws/install/custom_action_interfaces/share/custom_action_interfaces/cmake/export_custom_action_interfaces__rosidl_typesupport_fastrtps_cExport.cmake
[8.492s] -- Installing: /home/liam-bouffard/Desktop/rob599_mobile_robotics/ros2_tutorial_py_ws/install/custom_action_interfaces/share/custom_action_interfaces/cmake/export_custom_action_interfaces__rosidl_typesupport_fastrtps_cExport-noconfig.cmake
[8.492s] -- Installing: /home/liam-bouffard/Desktop/rob599_mobile_robotics/ros2_tutorial_py_ws/install/custom_action_interfaces/share/custom_action_interfaces/cmake/custom_action_interfaces__rosidl_typesupport_introspection_cExport.cmake
[8.492s] -- Installing: /home/liam-bouffard/Desktop/rob599_mobile_robotics/ros2_tutorial_py_ws/install/custom_action_interfaces/share/custom_action_interfaces/cmake/custom_action_interfaces__rosidl_typesupport_introspection_cExport-noconfig.cmake
[8.492s] -- Installing: /home/liam-bouffard/Desktop/rob599_mobile_robotics/ros2_tutorial_py_ws/install/custom_action_interfaces/share/custom_action_interfaces/cmake/custom_action_interfaces__rosidl_typesupport_cExport.cmake
[8.492s] -- Installing: /home/liam-bouffard/Desktop/rob599_mobile_robotics/ros2_tutorial_py_ws/install/custom_action_interfaces/share/custom_action_interfaces/cmake/custom_action_interfaces__rosidl_typesupport_cExport-noconfig.cmake
[8.492s] -- Installing: /home/liam-bouffard/Desktop/rob599_mobile_robotics/ros2_tutorial_py_ws/install/custom_action_interfaces/share/custom_action_interfaces/cmake/export_custom_action_interfaces__rosidl_generator_cppExport.cmake
[8.492s] -- Installing: /home/liam-bouffard/Desktop/rob599_mobile_robotics/ros2_tutorial_py_ws/install/custom_action_interfaces/share/custom_action_interfaces/cmake/export_custom_action_interfaces__rosidl_typesupport_fastrtps_cppExport.cmake
[8.493s] -- Installing: /home/liam-bouffard/Desktop/rob599_mobile_robotics/ros2_tutorial_py_ws/install/custom_action_interfaces/share/custom_action_interfaces/cmake/export_custom_action_interfaces__rosidl_typesupport_fastrtps_cppExport-noconfig.cmake
[8.493s] -- Installing: /home/liam-bouffard/Desktop/rob599_mobile_robotics/ros2_tutorial_py_ws/install/custom_action_interfaces/share/custom_action_interfaces/cmake/custom_action_interfaces__rosidl_typesupport_introspection_cppExport.cmake
[8.493s] -- Installing: /home/liam-bouffard/Desktop/rob599_mobile_robotics/ros2_tutorial_py_ws/install/custom_action_interfaces/share/custom_action_interfaces/cmake/custom_action_interfaces__rosidl_typesupport_introspection_cppExport-noconfig.cmake
[8.493s] -- Installing: /home/liam-bouffard/Desktop/rob599_mobile_robotics/ros2_tutorial_py_ws/install/custom_action_interfaces/share/custom_action_interfaces/cmake/custom_action_interfaces__rosidl_typesupport_cppExport.cmake
[8.493s] -- Installing: /home/liam-bouffard/Desktop/rob599_mobile_robotics/ros2_tutorial_py_ws/install/custom_action_interfaces/share/custom_action_interfaces/cmake/custom_action_interfaces__rosidl_typesupport_cppExport-noconfig.cmake
[8.493s] -- Installing: /home/liam-bouffard/Desktop/rob599_mobile_robotics/ros2_tutorial_py_ws/install/custom_action_interfaces/share/custom_action_interfaces/cmake/export_custom_action_interfaces__rosidl_generator_pyExport.cmake
[8.493s] -- Installing: /home/liam-bouffard/Desktop/rob599_mobile_robotics/ros2_tutorial_py_ws/install/custom_action_interfaces/share/custom_action_interfaces/cmake/export_custom_action_interfaces__rosidl_generator_pyExport-noconfig.cmake
[8.493s] -- Installing: /home/liam-bouffard/Desktop/rob599_mobile_robotics/ros2_tutorial_py_ws/install/custom_action_interfaces/share/custom_action_interfaces/cmake/rosidl_cmake-extras.cmake
[8.494s] -- Installing: /home/liam-bouffard/Desktop/rob599_mobile_robotics/ros2_tutorial_py_ws/install/custom_action_interfaces/share/custom_action_interfaces/cmake/ament_cmake_export_dependencies-extras.cmake
[8.494s] -- Installing: /home/liam-bouffard/Desktop/rob599_mobile_robotics/ros2_tutorial_py_ws/install/custom_action_interfaces/share/custom_action_interfaces/cmake/ament_cmake_export_include_directories-extras.cmake
[8.494s] -- Installing: /home/liam-bouffard/Desktop/rob599_mobile_robotics/ros2_tutorial_py_ws/install/custom_action_interfaces/share/custom_action_interfaces/cmake/ament_cmake_export_libraries-extras.cmake
[8.494s] -- Installing: /home/liam-bouffard/Desktop/rob599_mobile_robotics/ros2_tutorial_py_ws/install/custom_action_interfaces/share/custom_action_interfaces/cmake/ament_cmake_export_targets-extras.cmake
[8.494s] -- Installing: /home/liam-bouffard/Desktop/rob599_mobile_robotics/ros2_tutorial_py_ws/install/custom_action_interfaces/share/custom_action_interfaces/cmake/rosidl_cmake_export_typesupport_targets-extras.cmake
[8.494s] -- Installing: /home/liam-bouffard/Desktop/rob599_mobile_robotics/ros2_tutorial_py_ws/install/custom_action_interfaces/share/custom_action_interfaces/cmake/rosidl_cmake_export_typesupport_libraries-extras.cmake
[8.494s] -- Installing: /home/liam-bouffard/Desktop/rob599_mobile_robotics/ros2_tutorial_py_ws/install/custom_action_interfaces/share/custom_action_interfaces/cmake/custom_action_interfacesConfig.cmake
[8.494s] -- Installing: /home/liam-bouffard/Desktop/rob599_mobile_robotics/ros2_tutorial_py_ws/install/custom_action_interfaces/share/custom_action_interfaces/cmake/custom_action_interfacesConfig-version.cmake
[8.494s] -- Installing: /home/liam-bouffard/Desktop/rob599_mobile_robotics/ros2_tutorial_py_ws/install/custom_action_interfaces/share/custom_action_interfaces/package.xml
[8.497s] Invoked command in '/home/liam-bouffard/Desktop/rob599_mobile_robotics/ros2_tutorial_py_ws/build/custom_action_interfaces' returned '0': CMAKE_PREFIX_PATH=${CMAKE_PREFIX_PATH}:/opt/ros/kilted DEBUGINFOD_URLS=https://debuginfod.ubuntu.com /usr/bin/cmake --install /home/liam-bouffard/Desktop/rob599_mobile_robotics/ros2_tutorial_py_ws/build/custom_action_interfaces
