[0.008s] Invoking command in '/home/liam-bouffard/Desktop/rob599_mobile_robotics/pioneer_ws/build/goal_target': CMAKE_PREFIX_PATH=${CMAKE_PREFIX_PATH}:/home/liam-bouffard/Desktop/rob599_mobile_robotics/pioneer_ws/install/pioneer:/opt/ros/kilted DEBUGINFOD_URLS=https://debuginfod.ubuntu.com /usr/bin/cmake /home/liam-bouffard/Desktop/rob599_mobile_robotics/pioneer_ws/src/goal_target -DCMAKE_INSTALL_PREFIX=/home/liam-bouffard/Desktop/rob599_mobile_robotics/pioneer_ws/install/goal_target
[0.018s] -- Found ament_cmake: 2.7.3 (/opt/ros/kilted/share/ament_cmake/cmake)
[0.040s] -- Found Python3: /usr/bin/python3 (found version "3.12.3") found components: Interpreter 
[0.093s] -- Override CMake install command with custom implementation using symlinks instead of copying resources
[0.098s] -- Found rosidl_default_generators: 1.7.1 (/opt/ros/kilted/share/rosidl_default_generators/cmake)
[0.100s] -- Using all available rosidl_typesupport_c: rosidl_typesupport_fastrtps_c;rosidl_typesupport_introspection_c
[0.124s] -- Using all available rosidl_typesupport_cpp: rosidl_typesupport_fastrtps_cpp;rosidl_typesupport_introspection_cpp
[0.145s] -- Found rosidl_adapter: 4.9.5 (/opt/ros/kilted/share/rosidl_adapter/cmake)
[0.147s] -- Found std_msgs: 5.5.1 (/opt/ros/kilted/share/std_msgs/cmake)
[0.165s] -- Found geometry_msgs: 5.5.1 (/opt/ros/kilted/share/geometry_msgs/cmake)
[0.438s] -- Found ament_cmake_ros_core: 0.14.3 (/opt/ros/kilted/share/ament_cmake_ros_core/cmake)
[0.577s] -- Using all available rosidl_typesupport_c: rosidl_typesupport_fastrtps_c;rosidl_typesupport_introspection_c
[0.751s] -- Using all available rosidl_typesupport_cpp: rosidl_typesupport_fastrtps_cpp;rosidl_typesupport_introspection_cpp
[0.931s] -- Found Python3: /usr/bin/python3 (found version "3.12.3") found components: Interpreter Development NumPy Development.Module Development.Embed 
[0.959s] -- Found ament_lint_auto: 0.19.2 (/opt/ros/kilted/share/ament_lint_auto/cmake)
[0.967s] -- Added test 'lint_cmake' to check CMake code style
[0.967s] -- Added test 'xmllint' to check XML markup files
[0.970s] -- Configuring done (1.0s)
[1.003s] -- Generating done (0.0s)
[1.012s] -- Build files have been written to: /home/liam-bouffard/Desktop/rob599_mobile_robotics/pioneer_ws/build/goal_target
[1.019s] Invoked command in '/home/liam-bouffard/Desktop/rob599_mobile_robotics/pioneer_ws/build/goal_target' returned '0': CMAKE_PREFIX_PATH=${CMAKE_PREFIX_PATH}:/home/liam-bouffard/Desktop/rob599_mobile_robotics/pioneer_ws/install/pioneer:/opt/ros/kilted DEBUGINFOD_URLS=https://debuginfod.ubuntu.com /usr/bin/cmake /home/liam-bouffard/Desktop/rob599_mobile_robotics/pioneer_ws/src/goal_target -DCMAKE_INSTALL_PREFIX=/home/liam-bouffard/Desktop/rob599_mobile_robotics/pioneer_ws/install/goal_target
[1.019s] Invoking command in '/home/liam-bouffard/Desktop/rob599_mobile_robotics/pioneer_ws/build/goal_target': CMAKE_PREFIX_PATH=${CMAKE_PREFIX_PATH}:/home/liam-bouffard/Desktop/rob599_mobile_robotics/pioneer_ws/install/pioneer:/opt/ros/kilted DEBUGINFOD_URLS=https://debuginfod.ubuntu.com /usr/bin/cmake --build /home/liam-bouffard/Desktop/rob599_mobile_robotics/pioneer_ws/build/goal_target -- -j32 -l32
[1.066s] [  2%] Built target goal_target__rosidl_generator_type_description
[1.072s] [  2%] Built target ament_cmake_python_symlink_goal_target
[1.081s] [  5%] Built target goal_target__cpp
[1.083s] [ 20%] Built target goal_target__rosidl_generator_c
[1.103s] [ 35%] Built target goal_target__rosidl_typesupport_introspection_c
[1.103s] [ 38%] Built target goal_target__rosidl_typesupport_c
[1.105s] [ 55%] Built target goal_target__rosidl_typesupport_fastrtps_c
[1.105s] [ 55%] Built target goal_target__rosidl_typesupport_cpp
[1.105s] [ 64%] Built target goal_target__rosidl_typesupport_introspection_cpp
[1.106s] [ 73%] Built target goal_target__rosidl_typesupport_fastrtps_cpp
[1.121s] [ 73%] Built target goal_target
[1.140s] [ 76%] Built target goal_target__py
[1.161s] [ 82%] Built target goal_target__rosidl_generator_py
[1.183s] [ 88%] Built target goal_target_s__rosidl_typesupport_fastrtps_c
[1.185s] [ 94%] Built target goal_target_s__rosidl_typesupport_introspection_c
[1.185s] [100%] Built target goal_target_s__rosidl_typesupport_c
[1.229s] running egg_info
[1.244s] writing goal_target.egg-info/PKG-INFO
[1.244s] writing dependency_links to goal_target.egg-info/dependency_links.txt
[1.244s] writing top-level names to goal_target.egg-info/top_level.txt
[1.289s] reading manifest file 'goal_target.egg-info/SOURCES.txt'
[1.289s] writing manifest file 'goal_target.egg-info/SOURCES.txt'
[1.309s] [100%] Built target ament_cmake_python_build_goal_target_egg
[1.317s] Invoked command in '/home/liam-bouffard/Desktop/rob599_mobile_robotics/pioneer_ws/build/goal_target' returned '0': CMAKE_PREFIX_PATH=${CMAKE_PREFIX_PATH}:/home/liam-bouffard/Desktop/rob599_mobile_robotics/pioneer_ws/install/pioneer:/opt/ros/kilted DEBUGINFOD_URLS=https://debuginfod.ubuntu.com /usr/bin/cmake --build /home/liam-bouffard/Desktop/rob599_mobile_robotics/pioneer_ws/build/goal_target -- -j32 -l32
[1.324s] Invoking command in '/home/liam-bouffard/Desktop/rob599_mobile_robotics/pioneer_ws/build/goal_target': CMAKE_PREFIX_PATH=${CMAKE_PREFIX_PATH}:/home/liam-bouffard/Desktop/rob599_mobile_robotics/pioneer_ws/install/pioneer:/opt/ros/kilted DEBUGINFOD_URLS=https://debuginfod.ubuntu.com /usr/bin/cmake --install /home/liam-bouffard/Desktop/rob599_mobile_robotics/pioneer_ws/build/goal_target
[1.329s] -- Install configuration: ""
[1.330s] -- Execute custom install script
[1.330s] -- Up-to-date symlink: /home/liam-bouffard/Desktop/rob599_mobile_robotics/pioneer_ws/install/goal_target/share/ament_index/resource_index/rosidl_interfaces/goal_target
[1.330s] -- Up-to-date symlink: /home/liam-bouffard/Desktop/rob599_mobile_robotics/pioneer_ws/install/goal_target/share/goal_target/action/GoalTarget.json
[1.330s] -- Up-to-date symlink: /home/liam-bouffard/Desktop/rob599_mobile_robotics/pioneer_ws/install/goal_target/include/goal_target/goal_target/action/detail/goal_target__functions.h
[1.330s] -- Up-to-date symlink: /home/liam-bouffard/Desktop/rob599_mobile_robotics/pioneer_ws/install/goal_target/include/goal_target/goal_target/action/detail/goal_target__struct.h
[1.331s] -- Up-to-date symlink: /home/liam-bouffard/Desktop/rob599_mobile_robotics/pioneer_ws/install/goal_target/include/goal_target/goal_target/action/detail/goal_target__type_support.h
[1.331s] -- Up-to-date symlink: /home/liam-bouffard/Desktop/rob599_mobile_robotics/pioneer_ws/install/goal_target/include/goal_target/goal_target/action/goal_target.h
[1.331s] -- Up-to-date symlink: /home/liam-bouffard/Desktop/rob599_mobile_robotics/pioneer_ws/install/goal_target/include/goal_target/goal_target/msg/rosidl_generator_c__visibility_control.h
[1.331s] -- Up-to-date symlink: /home/liam-bouffard/Desktop/rob599_mobile_robotics/pioneer_ws/install/goal_target/share/goal_target/environment/library_path.sh
[1.331s] -- Up-to-date symlink: /home/liam-bouffard/Desktop/rob599_mobile_robotics/pioneer_ws/install/goal_target/share/goal_target/environment/library_path.dsv
[1.331s] -- Up-to-date symlink: /home/liam-bouffard/Desktop/rob599_mobile_robotics/pioneer_ws/install/goal_target/include/goal_target/goal_target/action/detail/goal_target__rosidl_typesupport_fastrtps_c.h
[1.331s] -- Up-to-date symlink: /home/liam-bouffard/Desktop/rob599_mobile_robotics/pioneer_ws/install/goal_target/include/goal_target/goal_target/msg/rosidl_typesupport_fastrtps_c__visibility_control.h
[1.331s] -- Up-to-date symlink: /home/liam-bouffard/Desktop/rob599_mobile_robotics/pioneer_ws/install/goal_target/include/goal_target/goal_target/action/detail/goal_target__rosidl_typesupport_introspection_c.h
[1.332s] -- Up-to-date symlink: /home/liam-bouffard/Desktop/rob599_mobile_robotics/pioneer_ws/install/goal_target/include/goal_target/goal_target/msg/rosidl_typesupport_introspection_c__visibility_control.h
[1.332s] -- Up-to-date symlink: /home/liam-bouffard/Desktop/rob599_mobile_robotics/pioneer_ws/install/goal_target/include/goal_target/goal_target/action/detail/goal_target__builder.hpp
[1.332s] -- Up-to-date symlink: /home/liam-bouffard/Desktop/rob599_mobile_robotics/pioneer_ws/install/goal_target/include/goal_target/goal_target/action/detail/goal_target__struct.hpp
[1.332s] -- Up-to-date symlink: /home/liam-bouffard/Desktop/rob599_mobile_robotics/pioneer_ws/install/goal_target/include/goal_target/goal_target/action/detail/goal_target__traits.hpp
[1.332s] -- Up-to-date symlink: /home/liam-bouffard/Desktop/rob599_mobile_robotics/pioneer_ws/install/goal_target/include/goal_target/goal_target/action/detail/goal_target__type_support.hpp
[1.332s] -- Up-to-date symlink: /home/liam-bouffard/Desktop/rob599_mobile_robotics/pioneer_ws/install/goal_target/include/goal_target/goal_target/action/goal_target.hpp
[1.332s] -- Up-to-date symlink: /home/liam-bouffard/Desktop/rob599_mobile_robotics/pioneer_ws/install/goal_target/include/goal_target/goal_target/msg/rosidl_generator_cpp__visibility_control.hpp
[1.332s] -- Up-to-date symlink: /home/liam-bouffard/Desktop/rob599_mobile_robotics/pioneer_ws/install/goal_target/include/goal_target/goal_target/action/detail/goal_target__rosidl_typesupport_fastrtps_cpp.hpp
[1.332s] -- Up-to-date symlink: /home/liam-bouffard/Desktop/rob599_mobile_robotics/pioneer_ws/install/goal_target/include/goal_target/goal_target/msg/rosidl_typesupport_fastrtps_cpp__visibility_control.h
[1.333s] -- Up-to-date symlink: /home/liam-bouffard/Desktop/rob599_mobile_robotics/pioneer_ws/install/goal_target/include/goal_target/goal_target/action/detail/goal_target__rosidl_typesupport_introspection_cpp.hpp
[1.333s] -- Up-to-date symlink: /home/liam-bouffard/Desktop/rob599_mobile_robotics/pioneer_ws/install/goal_target/share/goal_target/environment/pythonpath.sh
[1.333s] -- Up-to-date symlink: /home/liam-bouffard/Desktop/rob599_mobile_robotics/pioneer_ws/install/goal_target/share/goal_target/environment/pythonpath.dsv
[1.333s] -- Up-to-date symlink: /home/liam-bouffard/Desktop/rob599_mobile_robotics/pioneer_ws/install/goal_target/lib/python3.12/site-packages/goal_target-0.0.0-py3.12.egg-info/PKG-INFO
[1.333s] -- Up-to-date symlink: /home/liam-bouffard/Desktop/rob599_mobile_robotics/pioneer_ws/install/goal_target/lib/python3.12/site-packages/goal_target-0.0.0-py3.12.egg-info/SOURCES.txt
[1.333s] -- Up-to-date symlink: /home/liam-bouffard/Desktop/rob599_mobile_robotics/pioneer_ws/install/goal_target/lib/python3.12/site-packages/goal_target-0.0.0-py3.12.egg-info/dependency_links.txt
[1.333s] -- Up-to-date symlink: /home/liam-bouffard/Desktop/rob599_mobile_robotics/pioneer_ws/install/goal_target/lib/python3.12/site-packages/goal_target-0.0.0-py3.12.egg-info/top_level.txt
[1.333s] -- Up-to-date symlink: /home/liam-bouffard/Desktop/rob599_mobile_robotics/pioneer_ws/install/goal_target/lib/python3.12/site-packages/goal_target/__init__.py
[1.334s] -- Up-to-date symlink: /home/liam-bouffard/Desktop/rob599_mobile_robotics/pioneer_ws/install/goal_target/lib/python3.12/site-packages/goal_target/_goal_target_s.ep.rosidl_typesupport_c.c
[1.334s] -- Up-to-date symlink: /home/liam-bouffard/Desktop/rob599_mobile_robotics/pioneer_ws/install/goal_target/lib/python3.12/site-packages/goal_target/_goal_target_s.ep.rosidl_typesupport_fastrtps_c.c
[1.334s] -- Up-to-date symlink: /home/liam-bouffard/Desktop/rob599_mobile_robotics/pioneer_ws/install/goal_target/lib/python3.12/site-packages/goal_target/_goal_target_s.ep.rosidl_typesupport_introspection_c.c
[1.334s] -- Up-to-date symlink: /home/liam-bouffard/Desktop/rob599_mobile_robotics/pioneer_ws/install/goal_target/lib/python3.12/site-packages/goal_target/action/__init__.py
[1.334s] -- Up-to-date symlink: /home/liam-bouffard/Desktop/rob599_mobile_robotics/pioneer_ws/install/goal_target/lib/python3.12/site-packages/goal_target/action/_goal_target.py
[1.334s] -- Up-to-date symlink: /home/liam-bouffard/Desktop/rob599_mobile_robotics/pioneer_ws/install/goal_target/lib/python3.12/site-packages/goal_target/action/_goal_target_s.c
[1.334s] -- Up-to-date symlink: /home/liam-bouffard/Desktop/rob599_mobile_robotics/pioneer_ws/install/goal_target/lib/python3.12/site-packages/goal_target/goal_target_s__rosidl_typesupport_c.so
[1.334s] -- Up-to-date symlink: /home/liam-bouffard/Desktop/rob599_mobile_robotics/pioneer_ws/install/goal_target/lib/python3.12/site-packages/goal_target/goal_target_s__rosidl_typesupport_fastrtps_c.so
[1.334s] -- Up-to-date symlink: /home/liam-bouffard/Desktop/rob599_mobile_robotics/pioneer_ws/install/goal_target/lib/python3.12/site-packages/goal_target/goal_target_s__rosidl_typesupport_introspection_c.so
[1.334s] -- Up-to-date symlink: /home/liam-bouffard/Desktop/rob599_mobile_robotics/pioneer_ws/install/goal_target/lib/python3.12/site-packages/goal_target/goal_target_s__rosidl_typesupport_fastrtps_c.so
[1.334s] -- Up-to-date symlink: /home/liam-bouffard/Desktop/rob599_mobile_robotics/pioneer_ws/install/goal_target/lib/python3.12/site-packages/goal_target/goal_target_s__rosidl_typesupport_introspection_c.so
[1.334s] -- Up-to-date symlink: /home/liam-bouffard/Desktop/rob599_mobile_robotics/pioneer_ws/install/goal_target/lib/python3.12/site-packages/goal_target/goal_target_s__rosidl_typesupport_c.so
[1.335s] -- Up-to-date symlink: /home/liam-bouffard/Desktop/rob599_mobile_robotics/pioneer_ws/install/goal_target/share/goal_target/action/GoalTarget.idl
[1.335s] -- Up-to-date symlink: /home/liam-bouffard/Desktop/rob599_mobile_robotics/pioneer_ws/install/goal_target/share/goal_target/action/GoalTarget.action
[1.335s] -- Up-to-date symlink: /home/liam-bouffard/Desktop/rob599_mobile_robotics/pioneer_ws/install/goal_target/share/ament_index/resource_index/package_run_dependencies/goal_target
[1.335s] -- Up-to-date symlink: /home/liam-bouffard/Desktop/rob599_mobile_robotics/pioneer_ws/install/goal_target/share/ament_index/resource_index/parent_prefix_path/goal_target
[1.335s] -- Up-to-date symlink: /home/liam-bouffard/Desktop/rob599_mobile_robotics/pioneer_ws/install/goal_target/share/goal_target/environment/ament_prefix_path.sh
[1.335s] -- Up-to-date symlink: /home/liam-bouffard/Desktop/rob599_mobile_robotics/pioneer_ws/install/goal_target/share/goal_target/environment/ament_prefix_path.dsv
[1.335s] -- Up-to-date symlink: /home/liam-bouffard/Desktop/rob599_mobile_robotics/pioneer_ws/install/goal_target/share/goal_target/environment/path.sh
[1.335s] -- Up-to-date symlink: /home/liam-bouffard/Desktop/rob599_mobile_robotics/pioneer_ws/install/goal_target/share/goal_target/environment/path.dsv
[1.336s] -- Up-to-date symlink: /home/liam-bouffard/Desktop/rob599_mobile_robotics/pioneer_ws/install/goal_target/share/goal_target/local_setup.bash
[1.336s] -- Up-to-date symlink: /home/liam-bouffard/Desktop/rob599_mobile_robotics/pioneer_ws/install/goal_target/share/goal_target/local_setup.sh
[1.336s] -- Up-to-date symlink: /home/liam-bouffard/Desktop/rob599_mobile_robotics/pioneer_ws/install/goal_target/share/goal_target/local_setup.zsh
[1.336s] -- Up-to-date symlink: /home/liam-bouffard/Desktop/rob599_mobile_robotics/pioneer_ws/install/goal_target/share/goal_target/local_setup.dsv
[1.336s] -- Symlinking: /home/liam-bouffard/Desktop/rob599_mobile_robotics/pioneer_ws/install/goal_target/share/goal_target/package.dsv
[1.342s] -- Up-to-date symlink: /home/liam-bouffard/Desktop/rob599_mobile_robotics/pioneer_ws/install/goal_target/share/ament_index/resource_index/packages/goal_target
[1.343s] -- Up-to-date symlink: /home/liam-bouffard/Desktop/rob599_mobile_robotics/pioneer_ws/install/goal_target/share/goal_target/cmake/rosidl_cmake-extras.cmake
[1.343s] -- Up-to-date symlink: /home/liam-bouffard/Desktop/rob599_mobile_robotics/pioneer_ws/install/goal_target/share/goal_target/cmake/ament_cmake_export_dependencies-extras.cmake
[1.343s] -- Up-to-date symlink: /home/liam-bouffard/Desktop/rob599_mobile_robotics/pioneer_ws/install/goal_target/share/goal_target/cmake/ament_cmake_export_include_directories-extras.cmake
[1.343s] -- Up-to-date symlink: /home/liam-bouffard/Desktop/rob599_mobile_robotics/pioneer_ws/install/goal_target/share/goal_target/cmake/ament_cmake_export_libraries-extras.cmake
[1.343s] -- Up-to-date symlink: /home/liam-bouffard/Desktop/rob599_mobile_robotics/pioneer_ws/install/goal_target/share/goal_target/cmake/ament_cmake_export_targets-extras.cmake
[1.343s] -- Up-to-date symlink: /home/liam-bouffard/Desktop/rob599_mobile_robotics/pioneer_ws/install/goal_target/share/goal_target/cmake/rosidl_cmake_export_typesupport_targets-extras.cmake
[1.343s] -- Up-to-date symlink: /home/liam-bouffard/Desktop/rob599_mobile_robotics/pioneer_ws/install/goal_target/share/goal_target/cmake/rosidl_cmake_export_typesupport_libraries-extras.cmake
[1.343s] -- Up-to-date symlink: /home/liam-bouffard/Desktop/rob599_mobile_robotics/pioneer_ws/install/goal_target/share/goal_target/cmake/goal_targetConfig.cmake
[1.343s] -- Up-to-date symlink: /home/liam-bouffard/Desktop/rob599_mobile_robotics/pioneer_ws/install/goal_target/share/goal_target/cmake/goal_targetConfig-version.cmake
[1.344s] -- Up-to-date symlink: /home/liam-bouffard/Desktop/rob599_mobile_robotics/pioneer_ws/install/goal_target/share/goal_target/package.xml
[1.344s] -- Up-to-date: /home/liam-bouffard/Desktop/rob599_mobile_robotics/pioneer_ws/install/goal_target/lib/libgoal_target__rosidl_generator_c.so
[1.344s] -- Up-to-date: /home/liam-bouffard/Desktop/rob599_mobile_robotics/pioneer_ws/install/goal_target/lib/libgoal_target__rosidl_typesupport_fastrtps_c.so
[1.344s] -- Up-to-date: /home/liam-bouffard/Desktop/rob599_mobile_robotics/pioneer_ws/install/goal_target/lib/libgoal_target__rosidl_typesupport_introspection_c.so
[1.344s] -- Up-to-date: /home/liam-bouffard/Desktop/rob599_mobile_robotics/pioneer_ws/install/goal_target/lib/libgoal_target__rosidl_typesupport_c.so
[1.344s] -- Up-to-date: /home/liam-bouffard/Desktop/rob599_mobile_robotics/pioneer_ws/install/goal_target/lib/libgoal_target__rosidl_typesupport_fastrtps_cpp.so
[1.345s] -- Up-to-date: /home/liam-bouffard/Desktop/rob599_mobile_robotics/pioneer_ws/install/goal_target/lib/libgoal_target__rosidl_typesupport_introspection_cpp.so
[1.345s] -- Up-to-date: /home/liam-bouffard/Desktop/rob599_mobile_robotics/pioneer_ws/install/goal_target/lib/libgoal_target__rosidl_typesupport_cpp.so
[1.373s] Listing '/home/liam-bouffard/Desktop/rob599_mobile_robotics/pioneer_ws/install/goal_target/lib/python3.12/site-packages/goal_target'...
[1.373s] Compiling '/home/liam-bouffard/Desktop/rob599_mobile_robotics/pioneer_ws/install/goal_target/lib/python3.12/site-packages/goal_target/__init__.py'...
[1.373s] Listing '/home/liam-bouffard/Desktop/rob599_mobile_robotics/pioneer_ws/install/goal_target/lib/python3.12/site-packages/goal_target/action'...
[1.377s] -- Up-to-date: /home/liam-bouffard/Desktop/rob599_mobile_robotics/pioneer_ws/install/goal_target/lib/libgoal_target__rosidl_generator_py.so
[1.377s] -- Up-to-date: /home/liam-bouffard/Desktop/rob599_mobile_robotics/pioneer_ws/install/goal_target/share/goal_target/cmake/export_goal_target__rosidl_generator_cExport.cmake
[1.377s] -- Up-to-date: /home/liam-bouffard/Desktop/rob599_mobile_robotics/pioneer_ws/install/goal_target/share/goal_target/cmake/export_goal_target__rosidl_generator_cExport-noconfig.cmake
[1.377s] -- Up-to-date: /home/liam-bouffard/Desktop/rob599_mobile_robotics/pioneer_ws/install/goal_target/share/goal_target/cmake/export_goal_target__rosidl_typesupport_fastrtps_cExport.cmake
[1.377s] -- Up-to-date: /home/liam-bouffard/Desktop/rob599_mobile_robotics/pioneer_ws/install/goal_target/share/goal_target/cmake/export_goal_target__rosidl_typesupport_fastrtps_cExport-noconfig.cmake
[1.377s] -- Up-to-date: /home/liam-bouffard/Desktop/rob599_mobile_robotics/pioneer_ws/install/goal_target/share/goal_target/cmake/goal_target__rosidl_typesupport_introspection_cExport.cmake
[1.377s] -- Up-to-date: /home/liam-bouffard/Desktop/rob599_mobile_robotics/pioneer_ws/install/goal_target/share/goal_target/cmake/goal_target__rosidl_typesupport_introspection_cExport-noconfig.cmake
[1.378s] -- Up-to-date: /home/liam-bouffard/Desktop/rob599_mobile_robotics/pioneer_ws/install/goal_target/share/goal_target/cmake/goal_target__rosidl_typesupport_cExport.cmake
[1.378s] -- Up-to-date: /home/liam-bouffard/Desktop/rob599_mobile_robotics/pioneer_ws/install/goal_target/share/goal_target/cmake/goal_target__rosidl_typesupport_cExport-noconfig.cmake
[1.378s] -- Up-to-date: /home/liam-bouffard/Desktop/rob599_mobile_robotics/pioneer_ws/install/goal_target/share/goal_target/cmake/export_goal_target__rosidl_generator_cppExport.cmake
[1.378s] -- Up-to-date: /home/liam-bouffard/Desktop/rob599_mobile_robotics/pioneer_ws/install/goal_target/share/goal_target/cmake/export_goal_target__rosidl_typesupport_fastrtps_cppExport.cmake
[1.378s] -- Up-to-date: /home/liam-bouffard/Desktop/rob599_mobile_robotics/pioneer_ws/install/goal_target/share/goal_target/cmake/export_goal_target__rosidl_typesupport_fastrtps_cppExport-noconfig.cmake
[1.378s] -- Up-to-date: /home/liam-bouffard/Desktop/rob599_mobile_robotics/pioneer_ws/install/goal_target/share/goal_target/cmake/goal_target__rosidl_typesupport_introspection_cppExport.cmake
[1.378s] -- Up-to-date: /home/liam-bouffard/Desktop/rob599_mobile_robotics/pioneer_ws/install/goal_target/share/goal_target/cmake/goal_target__rosidl_typesupport_introspection_cppExport-noconfig.cmake
[1.378s] -- Up-to-date: /home/liam-bouffard/Desktop/rob599_mobile_robotics/pioneer_ws/install/goal_target/share/goal_target/cmake/goal_target__rosidl_typesupport_cppExport.cmake
[1.378s] -- Up-to-date: /home/liam-bouffard/Desktop/rob599_mobile_robotics/pioneer_ws/install/goal_target/share/goal_target/cmake/goal_target__rosidl_typesupport_cppExport-noconfig.cmake
[1.378s] -- Up-to-date: /home/liam-bouffard/Desktop/rob599_mobile_robotics/pioneer_ws/install/goal_target/share/goal_target/cmake/export_goal_target__rosidl_generator_pyExport.cmake
[1.378s] -- Up-to-date: /home/liam-bouffard/Desktop/rob599_mobile_robotics/pioneer_ws/install/goal_target/share/goal_target/cmake/export_goal_target__rosidl_generator_pyExport-noconfig.cmake
[1.379s] Invoked command in '/home/liam-bouffard/Desktop/rob599_mobile_robotics/pioneer_ws/build/goal_target' returned '0': CMAKE_PREFIX_PATH=${CMAKE_PREFIX_PATH}:/home/liam-bouffard/Desktop/rob599_mobile_robotics/pioneer_ws/install/pioneer:/opt/ros/kilted DEBUGINFOD_URLS=https://debuginfod.ubuntu.com /usr/bin/cmake --install /home/liam-bouffard/Desktop/rob599_mobile_robotics/pioneer_ws/build/goal_target
