[0.008s] Invoking command in '/home/liam-bouffard/Desktop/rob599_mobile_robotics/pioneer_ws/build/goal_target': CMAKE_PREFIX_PATH=${CMAKE_PREFIX_PATH}:/home/liam-bouffard/Desktop/rob599_mobile_robotics/pioneer_ws/install/pioneer:/opt/ros/kilted DEBUGINFOD_URLS=https://debuginfod.ubuntu.com /usr/bin/cmake --build /home/liam-bouffard/Desktop/rob599_mobile_robotics/pioneer_ws/build/goal_target -- -j32 -l32
[0.046s] [  2%] Built target goal_target__rosidl_generator_type_description
[0.052s] [  2%] Built target ament_cmake_python_symlink_goal_target
[0.060s] [  5%] Built target goal_target__cpp
[0.060s] [ 20%] Built target goal_target__rosidl_generator_c
[0.078s] [ 29%] Built target goal_target__rosidl_typesupport_introspection_c
[0.079s] [ 38%] Built target goal_target__rosidl_typesupport_cpp
[0.080s] [ 47%] Built target goal_target__rosidl_typesupport_c
[0.081s] [ 55%] Built target goal_target__rosidl_typesupport_fastrtps_cpp
[0.082s] [ 64%] Built target goal_target__rosidl_typesupport_introspection_cpp
[0.082s] [ 73%] Built target goal_target__rosidl_typesupport_fastrtps_c
[0.100s] [ 73%] Built target goal_target
[0.116s] [ 76%] Built target goal_target__py
[0.133s] [ 82%] Built target goal_target__rosidl_generator_py
[0.152s] [ 88%] Built target goal_target_s__rosidl_typesupport_c
[0.153s] [ 97%] Built target goal_target_s__rosidl_typesupport_fastrtps_c
[0.154s] [100%] Built target goal_target_s__rosidl_typesupport_introspection_c
[0.208s] running egg_info
[0.224s] writing goal_target.egg-info/PKG-INFO
[0.224s] writing dependency_links to goal_target.egg-info/dependency_links.txt
[0.224s] writing top-level names to goal_target.egg-info/top_level.txt
[0.268s] reading manifest file 'goal_target.egg-info/SOURCES.txt'
[0.268s] writing manifest file 'goal_target.egg-info/SOURCES.txt'
[0.289s] [100%] Built target ament_cmake_python_build_goal_target_egg
[0.297s] Invoked command in '/home/liam-bouffard/Desktop/rob599_mobile_robotics/pioneer_ws/build/goal_target' returned '0': CMAKE_PREFIX_PATH=${CMAKE_PREFIX_PATH}:/home/liam-bouffard/Desktop/rob599_mobile_robotics/pioneer_ws/install/pioneer:/opt/ros/kilted DEBUGINFOD_URLS=https://debuginfod.ubuntu.com /usr/bin/cmake --build /home/liam-bouffard/Desktop/rob599_mobile_robotics/pioneer_ws/build/goal_target -- -j32 -l32
[0.306s] Invoking command in '/home/liam-bouffard/Desktop/rob599_mobile_robotics/pioneer_ws/build/goal_target': CMAKE_PREFIX_PATH=${CMAKE_PREFIX_PATH}:/home/liam-bouffard/Desktop/rob599_mobile_robotics/pioneer_ws/install/pioneer:/opt/ros/kilted DEBUGINFOD_URLS=https://debuginfod.ubuntu.com /usr/bin/cmake --install /home/liam-bouffard/Desktop/rob599_mobile_robotics/pioneer_ws/build/goal_target
[0.314s] -- Install configuration: ""
[0.314s] -- Execute custom install script
[0.314s] -- Up-to-date symlink: /home/liam-bouffard/Desktop/rob599_mobile_robotics/pioneer_ws/install/goal_target/share/ament_index/resource_index/rosidl_interfaces/goal_target
[0.314s] -- Up-to-date symlink: /home/liam-bouffard/Desktop/rob599_mobile_robotics/pioneer_ws/install/goal_target/share/goal_target/action/GoalTarget.json
[0.315s] -- Up-to-date symlink: /home/liam-bouffard/Desktop/rob599_mobile_robotics/pioneer_ws/install/goal_target/include/goal_target/goal_target/action/detail/goal_target__functions.h
[0.315s] -- Up-to-date symlink: /home/liam-bouffard/Desktop/rob599_mobile_robotics/pioneer_ws/install/goal_target/include/goal_target/goal_target/action/detail/goal_target__struct.h
[0.315s] -- Up-to-date symlink: /home/liam-bouffard/Desktop/rob599_mobile_robotics/pioneer_ws/install/goal_target/include/goal_target/goal_target/action/detail/goal_target__type_support.h
[0.315s] -- Up-to-date symlink: /home/liam-bouffard/Desktop/rob599_mobile_robotics/pioneer_ws/install/goal_target/include/goal_target/goal_target/action/goal_target.h
[0.315s] -- Up-to-date symlink: /home/liam-bouffard/Desktop/rob599_mobile_robotics/pioneer_ws/install/goal_target/include/goal_target/goal_target/msg/rosidl_generator_c__visibility_control.h
[0.316s] -- Up-to-date symlink: /home/liam-bouffard/Desktop/rob599_mobile_robotics/pioneer_ws/install/goal_target/share/goal_target/environment/library_path.sh
[0.316s] -- Up-to-date symlink: /home/liam-bouffard/Desktop/rob599_mobile_robotics/pioneer_ws/install/goal_target/share/goal_target/environment/library_path.dsv
[0.316s] -- Up-to-date symlink: /home/liam-bouffard/Desktop/rob599_mobile_robotics/pioneer_ws/install/goal_target/include/goal_target/goal_target/action/detail/goal_target__rosidl_typesupport_fastrtps_c.h
[0.316s] -- Up-to-date symlink: /home/liam-bouffard/Desktop/rob599_mobile_robotics/pioneer_ws/install/goal_target/include/goal_target/goal_target/msg/rosidl_typesupport_fastrtps_c__visibility_control.h
[0.317s] -- Up-to-date symlink: /home/liam-bouffard/Desktop/rob599_mobile_robotics/pioneer_ws/install/goal_target/include/goal_target/goal_target/action/detail/goal_target__rosidl_typesupport_introspection_c.h
[0.317s] -- Up-to-date symlink: /home/liam-bouffard/Desktop/rob599_mobile_robotics/pioneer_ws/install/goal_target/include/goal_target/goal_target/msg/rosidl_typesupport_introspection_c__visibility_control.h
[0.317s] -- Up-to-date symlink: /home/liam-bouffard/Desktop/rob599_mobile_robotics/pioneer_ws/install/goal_target/include/goal_target/goal_target/action/detail/goal_target__builder.hpp
[0.317s] -- Up-to-date symlink: /home/liam-bouffard/Desktop/rob599_mobile_robotics/pioneer_ws/install/goal_target/include/goal_target/goal_target/action/detail/goal_target__struct.hpp
[0.317s] -- Up-to-date symlink: /home/liam-bouffard/Desktop/rob599_mobile_robotics/pioneer_ws/install/goal_target/include/goal_target/goal_target/action/detail/goal_target__traits.hpp
[0.318s] -- Up-to-date symlink: /home/liam-bouffard/Desktop/rob599_mobile_robotics/pioneer_ws/install/goal_target/include/goal_target/goal_target/action/detail/goal_target__type_support.hpp
[0.318s] -- Up-to-date symlink: /home/liam-bouffard/Desktop/rob599_mobile_robotics/pioneer_ws/install/goal_target/include/goal_target/goal_target/action/goal_target.hpp
[0.318s] -- Up-to-date symlink: /home/liam-bouffard/Desktop/rob599_mobile_robotics/pioneer_ws/install/goal_target/include/goal_target/goal_target/msg/rosidl_generator_cpp__visibility_control.hpp
[0.318s] -- Up-to-date symlink: /home/liam-bouffard/Desktop/rob599_mobile_robotics/pioneer_ws/install/goal_target/include/goal_target/goal_target/action/detail/goal_target__rosidl_typesupport_fastrtps_cpp.hpp
[0.318s] -- Up-to-date symlink: /home/liam-bouffard/Desktop/rob599_mobile_robotics/pioneer_ws/install/goal_target/include/goal_target/goal_target/msg/rosidl_typesupport_fastrtps_cpp__visibility_control.h
[0.319s] -- Up-to-date symlink: /home/liam-bouffard/Desktop/rob599_mobile_robotics/pioneer_ws/install/goal_target/include/goal_target/goal_target/action/detail/goal_target__rosidl_typesupport_introspection_cpp.hpp
[0.319s] -- Up-to-date symlink: /home/liam-bouffard/Desktop/rob599_mobile_robotics/pioneer_ws/install/goal_target/share/goal_target/environment/pythonpath.sh
[0.319s] -- Up-to-date symlink: /home/liam-bouffard/Desktop/rob599_mobile_robotics/pioneer_ws/install/goal_target/share/goal_target/environment/pythonpath.dsv
[0.319s] -- Up-to-date symlink: /home/liam-bouffard/Desktop/rob599_mobile_robotics/pioneer_ws/install/goal_target/lib/python3.12/site-packages/goal_target-0.0.0-py3.12.egg-info/PKG-INFO
[0.319s] -- Up-to-date symlink: /home/liam-bouffard/Desktop/rob599_mobile_robotics/pioneer_ws/install/goal_target/lib/python3.12/site-packages/goal_target-0.0.0-py3.12.egg-info/SOURCES.txt
[0.319s] -- Up-to-date symlink: /home/liam-bouffard/Desktop/rob599_mobile_robotics/pioneer_ws/install/goal_target/lib/python3.12/site-packages/goal_target-0.0.0-py3.12.egg-info/dependency_links.txt
[0.319s] -- Up-to-date symlink: /home/liam-bouffard/Desktop/rob599_mobile_robotics/pioneer_ws/install/goal_target/lib/python3.12/site-packages/goal_target-0.0.0-py3.12.egg-info/top_level.txt
[0.320s] -- Up-to-date symlink: /home/liam-bouffard/Desktop/rob599_mobile_robotics/pioneer_ws/install/goal_target/lib/python3.12/site-packages/goal_target/__init__.py
[0.320s] -- Up-to-date symlink: /home/liam-bouffard/Desktop/rob599_mobile_robotics/pioneer_ws/install/goal_target/lib/python3.12/site-packages/goal_target/_goal_target_s.ep.rosidl_typesupport_c.c
[0.320s] -- Up-to-date symlink: /home/liam-bouffard/Desktop/rob599_mobile_robotics/pioneer_ws/install/goal_target/lib/python3.12/site-packages/goal_target/_goal_target_s.ep.rosidl_typesupport_fastrtps_c.c
[0.320s] -- Up-to-date symlink: /home/liam-bouffard/Desktop/rob599_mobile_robotics/pioneer_ws/install/goal_target/lib/python3.12/site-packages/goal_target/_goal_target_s.ep.rosidl_typesupport_introspection_c.c
[0.320s] -- Up-to-date symlink: /home/liam-bouffard/Desktop/rob599_mobile_robotics/pioneer_ws/install/goal_target/lib/python3.12/site-packages/goal_target/action/__init__.py
[0.320s] -- Up-to-date symlink: /home/liam-bouffard/Desktop/rob599_mobile_robotics/pioneer_ws/install/goal_target/lib/python3.12/site-packages/goal_target/action/_goal_target.py
[0.320s] -- Up-to-date symlink: /home/liam-bouffard/Desktop/rob599_mobile_robotics/pioneer_ws/install/goal_target/lib/python3.12/site-packages/goal_target/action/_goal_target_s.c
[0.320s] -- Up-to-date symlink: /home/liam-bouffard/Desktop/rob599_mobile_robotics/pioneer_ws/install/goal_target/lib/python3.12/site-packages/goal_target/goal_target_s__rosidl_typesupport_c.so
[0.320s] -- Up-to-date symlink: /home/liam-bouffard/Desktop/rob599_mobile_robotics/pioneer_ws/install/goal_target/lib/python3.12/site-packages/goal_target/goal_target_s__rosidl_typesupport_fastrtps_c.so
[0.320s] -- Up-to-date symlink: /home/liam-bouffard/Desktop/rob599_mobile_robotics/pioneer_ws/install/goal_target/lib/python3.12/site-packages/goal_target/goal_target_s__rosidl_typesupport_introspection_c.so
[0.320s] -- Up-to-date symlink: /home/liam-bouffard/Desktop/rob599_mobile_robotics/pioneer_ws/install/goal_target/lib/python3.12/site-packages/goal_target/goal_target_s__rosidl_typesupport_fastrtps_c.so
[0.321s] -- Up-to-date symlink: /home/liam-bouffard/Desktop/rob599_mobile_robotics/pioneer_ws/install/goal_target/lib/python3.12/site-packages/goal_target/goal_target_s__rosidl_typesupport_introspection_c.so
[0.321s] -- Up-to-date symlink: /home/liam-bouffard/Desktop/rob599_mobile_robotics/pioneer_ws/install/goal_target/lib/python3.12/site-packages/goal_target/goal_target_s__rosidl_typesupport_c.so
[0.321s] -- Up-to-date symlink: /home/liam-bouffard/Desktop/rob599_mobile_robotics/pioneer_ws/install/goal_target/share/goal_target/action/GoalTarget.idl
[0.321s] -- Up-to-date symlink: /home/liam-bouffard/Desktop/rob599_mobile_robotics/pioneer_ws/install/goal_target/share/goal_target/action/GoalTarget.action
[0.321s] -- Up-to-date symlink: /home/liam-bouffard/Desktop/rob599_mobile_robotics/pioneer_ws/install/goal_target/share/ament_index/resource_index/package_run_dependencies/goal_target
[0.321s] -- Up-to-date symlink: /home/liam-bouffard/Desktop/rob599_mobile_robotics/pioneer_ws/install/goal_target/share/ament_index/resource_index/parent_prefix_path/goal_target
[0.321s] -- Up-to-date symlink: /home/liam-bouffard/Desktop/rob599_mobile_robotics/pioneer_ws/install/goal_target/share/goal_target/environment/ament_prefix_path.sh
[0.321s] -- Up-to-date symlink: /home/liam-bouffard/Desktop/rob599_mobile_robotics/pioneer_ws/install/goal_target/share/goal_target/environment/ament_prefix_path.dsv
[0.322s] -- Up-to-date symlink: /home/liam-bouffard/Desktop/rob599_mobile_robotics/pioneer_ws/install/goal_target/share/goal_target/environment/path.sh
[0.322s] -- Up-to-date symlink: /home/liam-bouffard/Desktop/rob599_mobile_robotics/pioneer_ws/install/goal_target/share/goal_target/environment/path.dsv
[0.322s] -- Up-to-date symlink: /home/liam-bouffard/Desktop/rob599_mobile_robotics/pioneer_ws/install/goal_target/share/goal_target/local_setup.bash
[0.322s] -- Up-to-date symlink: /home/liam-bouffard/Desktop/rob599_mobile_robotics/pioneer_ws/install/goal_target/share/goal_target/local_setup.sh
[0.322s] -- Up-to-date symlink: /home/liam-bouffard/Desktop/rob599_mobile_robotics/pioneer_ws/install/goal_target/share/goal_target/local_setup.zsh
[0.322s] -- Up-to-date symlink: /home/liam-bouffard/Desktop/rob599_mobile_robotics/pioneer_ws/install/goal_target/share/goal_target/local_setup.dsv
[0.322s] -- Symlinking: /home/liam-bouffard/Desktop/rob599_mobile_robotics/pioneer_ws/install/goal_target/share/goal_target/package.dsv
[0.329s] -- Up-to-date symlink: /home/liam-bouffard/Desktop/rob599_mobile_robotics/pioneer_ws/install/goal_target/share/ament_index/resource_index/packages/goal_target
[0.329s] -- Up-to-date symlink: /home/liam-bouffard/Desktop/rob599_mobile_robotics/pioneer_ws/install/goal_target/share/goal_target/cmake/rosidl_cmake-extras.cmake
[0.329s] -- Up-to-date symlink: /home/liam-bouffard/Desktop/rob599_mobile_robotics/pioneer_ws/install/goal_target/share/goal_target/cmake/ament_cmake_export_dependencies-extras.cmake
[0.329s] -- Up-to-date symlink: /home/liam-bouffard/Desktop/rob599_mobile_robotics/pioneer_ws/install/goal_target/share/goal_target/cmake/ament_cmake_export_include_directories-extras.cmake
[0.329s] -- Up-to-date symlink: /home/liam-bouffard/Desktop/rob599_mobile_robotics/pioneer_ws/install/goal_target/share/goal_target/cmake/ament_cmake_export_libraries-extras.cmake
[0.329s] -- Up-to-date symlink: /home/liam-bouffard/Desktop/rob599_mobile_robotics/pioneer_ws/install/goal_target/share/goal_target/cmake/ament_cmake_export_targets-extras.cmake
[0.330s] -- Up-to-date symlink: /home/liam-bouffard/Desktop/rob599_mobile_robotics/pioneer_ws/install/goal_target/share/goal_target/cmake/rosidl_cmake_export_typesupport_targets-extras.cmake
[0.330s] -- Up-to-date symlink: /home/liam-bouffard/Desktop/rob599_mobile_robotics/pioneer_ws/install/goal_target/share/goal_target/cmake/rosidl_cmake_export_typesupport_libraries-extras.cmake
[0.330s] -- Up-to-date symlink: /home/liam-bouffard/Desktop/rob599_mobile_robotics/pioneer_ws/install/goal_target/share/goal_target/cmake/goal_targetConfig.cmake
[0.330s] -- Up-to-date symlink: /home/liam-bouffard/Desktop/rob599_mobile_robotics/pioneer_ws/install/goal_target/share/goal_target/cmake/goal_targetConfig-version.cmake
[0.330s] -- Up-to-date symlink: /home/liam-bouffard/Desktop/rob599_mobile_robotics/pioneer_ws/install/goal_target/share/goal_target/package.xml
[0.330s] -- Up-to-date: /home/liam-bouffard/Desktop/rob599_mobile_robotics/pioneer_ws/install/goal_target/lib/libgoal_target__rosidl_generator_c.so
[0.330s] -- Up-to-date: /home/liam-bouffard/Desktop/rob599_mobile_robotics/pioneer_ws/install/goal_target/lib/libgoal_target__rosidl_typesupport_fastrtps_c.so
[0.330s] -- Up-to-date: /home/liam-bouffard/Desktop/rob599_mobile_robotics/pioneer_ws/install/goal_target/lib/libgoal_target__rosidl_typesupport_introspection_c.so
[0.330s] -- Up-to-date: /home/liam-bouffard/Desktop/rob599_mobile_robotics/pioneer_ws/install/goal_target/lib/libgoal_target__rosidl_typesupport_c.so
[0.330s] -- Up-to-date: /home/liam-bouffard/Desktop/rob599_mobile_robotics/pioneer_ws/install/goal_target/lib/libgoal_target__rosidl_typesupport_fastrtps_cpp.so
[0.331s] -- Up-to-date: /home/liam-bouffard/Desktop/rob599_mobile_robotics/pioneer_ws/install/goal_target/lib/libgoal_target__rosidl_typesupport_introspection_cpp.so
[0.331s] -- Up-to-date: /home/liam-bouffard/Desktop/rob599_mobile_robotics/pioneer_ws/install/goal_target/lib/libgoal_target__rosidl_typesupport_cpp.so
[0.356s] Listing '/home/liam-bouffard/Desktop/rob599_mobile_robotics/pioneer_ws/install/goal_target/lib/python3.12/site-packages/goal_target'...
[0.356s] Listing '/home/liam-bouffard/Desktop/rob599_mobile_robotics/pioneer_ws/install/goal_target/lib/python3.12/site-packages/goal_target/action'...
[0.360s] -- Up-to-date: /home/liam-bouffard/Desktop/rob599_mobile_robotics/pioneer_ws/install/goal_target/lib/libgoal_target__rosidl_generator_py.so
[0.360s] -- Up-to-date: /home/liam-bouffard/Desktop/rob599_mobile_robotics/pioneer_ws/install/goal_target/share/goal_target/cmake/export_goal_target__rosidl_generator_cExport.cmake
[0.360s] -- Up-to-date: /home/liam-bouffard/Desktop/rob599_mobile_robotics/pioneer_ws/install/goal_target/share/goal_target/cmake/export_goal_target__rosidl_generator_cExport-noconfig.cmake
[0.360s] -- Up-to-date: /home/liam-bouffard/Desktop/rob599_mobile_robotics/pioneer_ws/install/goal_target/share/goal_target/cmake/export_goal_target__rosidl_typesupport_fastrtps_cExport.cmake
[0.360s] -- Up-to-date: /home/liam-bouffard/Desktop/rob599_mobile_robotics/pioneer_ws/install/goal_target/share/goal_target/cmake/export_goal_target__rosidl_typesupport_fastrtps_cExport-noconfig.cmake
[0.360s] -- Up-to-date: /home/liam-bouffard/Desktop/rob599_mobile_robotics/pioneer_ws/install/goal_target/share/goal_target/cmake/goal_target__rosidl_typesupport_introspection_cExport.cmake
[0.360s] -- Up-to-date: /home/liam-bouffard/Desktop/rob599_mobile_robotics/pioneer_ws/install/goal_target/share/goal_target/cmake/goal_target__rosidl_typesupport_introspection_cExport-noconfig.cmake
[0.361s] -- Up-to-date: /home/liam-bouffard/Desktop/rob599_mobile_robotics/pioneer_ws/install/goal_target/share/goal_target/cmake/goal_target__rosidl_typesupport_cExport.cmake
[0.361s] -- Up-to-date: /home/liam-bouffard/Desktop/rob599_mobile_robotics/pioneer_ws/install/goal_target/share/goal_target/cmake/goal_target__rosidl_typesupport_cExport-noconfig.cmake
[0.361s] -- Up-to-date: /home/liam-bouffard/Desktop/rob599_mobile_robotics/pioneer_ws/install/goal_target/share/goal_target/cmake/export_goal_target__rosidl_generator_cppExport.cmake
[0.361s] -- Up-to-date: /home/liam-bouffard/Desktop/rob599_mobile_robotics/pioneer_ws/install/goal_target/share/goal_target/cmake/export_goal_target__rosidl_typesupport_fastrtps_cppExport.cmake
[0.361s] -- Up-to-date: /home/liam-bouffard/Desktop/rob599_mobile_robotics/pioneer_ws/install/goal_target/share/goal_target/cmake/export_goal_target__rosidl_typesupport_fastrtps_cppExport-noconfig.cmake
[0.361s] -- Up-to-date: /home/liam-bouffard/Desktop/rob599_mobile_robotics/pioneer_ws/install/goal_target/share/goal_target/cmake/goal_target__rosidl_typesupport_introspection_cppExport.cmake
[0.361s] -- Up-to-date: /home/liam-bouffard/Desktop/rob599_mobile_robotics/pioneer_ws/install/goal_target/share/goal_target/cmake/goal_target__rosidl_typesupport_introspection_cppExport-noconfig.cmake
[0.361s] -- Up-to-date: /home/liam-bouffard/Desktop/rob599_mobile_robotics/pioneer_ws/install/goal_target/share/goal_target/cmake/goal_target__rosidl_typesupport_cppExport.cmake
[0.361s] -- Up-to-date: /home/liam-bouffard/Desktop/rob599_mobile_robotics/pioneer_ws/install/goal_target/share/goal_target/cmake/goal_target__rosidl_typesupport_cppExport-noconfig.cmake
[0.361s] -- Up-to-date: /home/liam-bouffard/Desktop/rob599_mobile_robotics/pioneer_ws/install/goal_target/share/goal_target/cmake/export_goal_target__rosidl_generator_pyExport.cmake
[0.361s] -- Up-to-date: /home/liam-bouffard/Desktop/rob599_mobile_robotics/pioneer_ws/install/goal_target/share/goal_target/cmake/export_goal_target__rosidl_generator_pyExport-noconfig.cmake
[0.362s] Invoked command in '/home/liam-bouffard/Desktop/rob599_mobile_robotics/pioneer_ws/build/goal_target' returned '0': CMAKE_PREFIX_PATH=${CMAKE_PREFIX_PATH}:/home/liam-bouffard/Desktop/rob599_mobile_robotics/pioneer_ws/install/pioneer:/opt/ros/kilted DEBUGINFOD_URLS=https://debuginfod.ubuntu.com /usr/bin/cmake --install /home/liam-bouffard/Desktop/rob599_mobile_robotics/pioneer_ws/build/goal_target
