[0.964s] Invoking command in '/home/liam-bouffard/Desktop/rob599_mobile_robotics/ros2_tutorial_py_ws/src/py_pubsub': CONDA_PROMPT_MODIFIER=(env3.14) DEBUGINFOD_URLS=https://debuginfod.ubuntu.com PYTHONPATH=/home/liam-bouffard/Desktop/rob599_mobile_robotics/ros2_tutorial_py_ws/build/py_pubsub/prefix_override:/usr/lib/python3/dist-packages/colcon_core/task/python/colcon_distutils_commands:/home/liam-bouffard/Desktop/rob599_mobile_robotics/ros2_tutorial_py_ws/install/py_pubsub/lib/python3.12/site-packages:${PYTHONPATH} /usr/bin/python3 -W ignore:setup.py install is deprecated -W ignore:easy_install command is deprecated setup.py egg_info --egg-base ../../build/py_pubsub build --build-base /home/liam-bouffard/Desktop/rob599_mobile_robotics/ros2_tutorial_py_ws/build/py_pubsub/build install --record /home/liam-bouffard/Desktop/rob599_mobile_robotics/ros2_tutorial_py_ws/build/py_pubsub/install.log --single-version-externally-managed install_data
[1.300s] running egg_info
[1.300s] creating ../../build/py_pubsub/py_pubsub.egg-info
[1.325s] writing ../../build/py_pubsub/py_pubsub.egg-info/PKG-INFO
[1.326s] writing dependency_links to ../../build/py_pubsub/py_pubsub.egg-info/dependency_links.txt
[1.326s] writing entry points to ../../build/py_pubsub/py_pubsub.egg-info/entry_points.txt
[1.326s] writing requirements to ../../build/py_pubsub/py_pubsub.egg-info/requires.txt
[1.326s] writing top-level names to ../../build/py_pubsub/py_pubsub.egg-info/top_level.txt
[1.326s] writing manifest file '../../build/py_pubsub/py_pubsub.egg-info/SOURCES.txt'
[1.377s] reading manifest file '../../build/py_pubsub/py_pubsub.egg-info/SOURCES.txt'
[1.377s] adding license file 'LICENSE'
[1.378s] writing manifest file '../../build/py_pubsub/py_pubsub.egg-info/SOURCES.txt'
[1.378s] running build
[1.378s] running build_py
[1.379s] creating /home/liam-bouffard/Desktop/rob599_mobile_robotics/ros2_tutorial_py_ws/build/py_pubsub/build
[1.379s] creating /home/liam-bouffard/Desktop/rob599_mobile_robotics/ros2_tutorial_py_ws/build/py_pubsub/build/lib
[1.379s] creating /home/liam-bouffard/Desktop/rob599_mobile_robotics/ros2_tutorial_py_ws/build/py_pubsub/build/lib/py_pubsub
[1.379s] copying py_pubsub/subscriber_member_function.py -> /home/liam-bouffard/Desktop/rob599_mobile_robotics/ros2_tutorial_py_ws/build/py_pubsub/build/lib/py_pubsub
[1.379s] copying py_pubsub/publisher_member_function.py -> /home/liam-bouffard/Desktop/rob599_mobile_robotics/ros2_tutorial_py_ws/build/py_pubsub/build/lib/py_pubsub
[1.379s] copying py_pubsub/__init__.py -> /home/liam-bouffard/Desktop/rob599_mobile_robotics/ros2_tutorial_py_ws/build/py_pubsub/build/lib/py_pubsub
[1.379s] running install
[1.387s] running install_lib
[1.412s] creating /home/liam-bouffard/Desktop/rob599_mobile_robotics/ros2_tutorial_py_ws/install/py_pubsub/lib/python3.12/site-packages/py_pubsub
[1.412s] copying /home/liam-bouffard/Desktop/rob599_mobile_robotics/ros2_tutorial_py_ws/build/py_pubsub/build/lib/py_pubsub/subscriber_member_function.py -> /home/liam-bouffard/Desktop/rob599_mobile_robotics/ros2_tutorial_py_ws/install/py_pubsub/lib/python3.12/site-packages/py_pubsub
[1.413s] copying /home/liam-bouffard/Desktop/rob599_mobile_robotics/ros2_tutorial_py_ws/build/py_pubsub/build/lib/py_pubsub/publisher_member_function.py -> /home/liam-bouffard/Desktop/rob599_mobile_robotics/ros2_tutorial_py_ws/install/py_pubsub/lib/python3.12/site-packages/py_pubsub
[1.413s] copying /home/liam-bouffard/Desktop/rob599_mobile_robotics/ros2_tutorial_py_ws/build/py_pubsub/build/lib/py_pubsub/__init__.py -> /home/liam-bouffard/Desktop/rob599_mobile_robotics/ros2_tutorial_py_ws/install/py_pubsub/lib/python3.12/site-packages/py_pubsub
[1.413s] byte-compiling /home/liam-bouffard/Desktop/rob599_mobile_robotics/ros2_tutorial_py_ws/install/py_pubsub/lib/python3.12/site-packages/py_pubsub/subscriber_member_function.py to subscriber_member_function.cpython-312.pyc
[1.414s] byte-compiling /home/liam-bouffard/Desktop/rob599_mobile_robotics/ros2_tutorial_py_ws/install/py_pubsub/lib/python3.12/site-packages/py_pubsub/publisher_member_function.py to publisher_member_function.cpython-312.pyc
[1.414s] byte-compiling /home/liam-bouffard/Desktop/rob599_mobile_robotics/ros2_tutorial_py_ws/install/py_pubsub/lib/python3.12/site-packages/py_pubsub/__init__.py to __init__.cpython-312.pyc
[1.414s] running install_data
[1.415s] creating /home/liam-bouffard/Desktop/rob599_mobile_robotics/ros2_tutorial_py_ws/install/py_pubsub/share/ament_index
[1.415s] creating /home/liam-bouffard/Desktop/rob599_mobile_robotics/ros2_tutorial_py_ws/install/py_pubsub/share/ament_index/resource_index
[1.415s] creating /home/liam-bouffard/Desktop/rob599_mobile_robotics/ros2_tutorial_py_ws/install/py_pubsub/share/ament_index/resource_index/packages
[1.415s] copying resource/py_pubsub -> /home/liam-bouffard/Desktop/rob599_mobile_robotics/ros2_tutorial_py_ws/install/py_pubsub/share/ament_index/resource_index/packages
[1.415s] copying package.xml -> /home/liam-bouffard/Desktop/rob599_mobile_robotics/ros2_tutorial_py_ws/install/py_pubsub/share/py_pubsub
[1.415s] running install_egg_info
[1.442s] Copying ../../build/py_pubsub/py_pubsub.egg-info to /home/liam-bouffard/Desktop/rob599_mobile_robotics/ros2_tutorial_py_ws/install/py_pubsub/lib/python3.12/site-packages/py_pubsub-0.0.0-py3.12.egg-info
[1.443s] running install_scripts
[1.592s] Installing listener script to /home/liam-bouffard/Desktop/rob599_mobile_robotics/ros2_tutorial_py_ws/install/py_pubsub/lib/py_pubsub
[1.592s] Installing talker script to /home/liam-bouffard/Desktop/rob599_mobile_robotics/ros2_tutorial_py_ws/install/py_pubsub/lib/py_pubsub
[1.592s] writing list of installed files to '/home/liam-bouffard/Desktop/rob599_mobile_robotics/ros2_tutorial_py_ws/build/py_pubsub/install.log'
[1.620s] Invoked command in '/home/liam-bouffard/Desktop/rob599_mobile_robotics/ros2_tutorial_py_ws/src/py_pubsub' returned '0': CONDA_PROMPT_MODIFIER=(env3.14) DEBUGINFOD_URLS=https://debuginfod.ubuntu.com PYTHONPATH=/home/liam-bouffard/Desktop/rob599_mobile_robotics/ros2_tutorial_py_ws/build/py_pubsub/prefix_override:/usr/lib/python3/dist-packages/colcon_core/task/python/colcon_distutils_commands:/home/liam-bouffard/Desktop/rob599_mobile_robotics/ros2_tutorial_py_ws/install/py_pubsub/lib/python3.12/site-packages:${PYTHONPATH} /usr/bin/python3 -W ignore:setup.py install is deprecated -W ignore:easy_install command is deprecated setup.py egg_info --egg-base ../../build/py_pubsub build --build-base /home/liam-bouffard/Desktop/rob599_mobile_robotics/ros2_tutorial_py_ws/build/py_pubsub/build install --record /home/liam-bouffard/Desktop/rob599_mobile_robotics/ros2_tutorial_py_ws/build/py_pubsub/install.log --single-version-externally-managed install_data
