-- Found ament_cmake: 2.7.3 (/opt/ros/kilted/share/ament_cmake/cmake)
-- Override CMake install command with custom implementation using symlinks instead of copying resources
-- Found rclcpp: 29.5.3 (/opt/ros/kilted/share/rclcpp/cmake)
-- Found rosidl_generator_c: 4.9.5 (/opt/ros/kilted/share/rosidl_generator_c/cmake)
-- Found rosidl_generator_cpp: 4.9.5 (/opt/ros/kilted/share/rosidl_generator_cpp/cmake)
-- Using all available rosidl_typesupport_c: rosidl_typesupport_fastrtps_c;rosidl_typesupport_introspection_c
-- Using all available rosidl_typesupport_cpp: rosidl_typesupport_fastrtps_cpp;rosidl_typesupport_introspection_cpp
-- Found rmw_implementation_cmake: 7.8.2 (/opt/ros/kilted/share/rmw_implementation_cmake/cmake)
-- Found rmw_fastrtps_cpp: 9.3.3 (/opt/ros/kilted/share/rmw_fastrtps_cpp/cmake)
-- Using RMW implementation 'rmw_fastrtps_cpp' as default
-- Found rclcpp_components: 29.5.3 (/opt/ros/kilted/share/rclcpp_components/cmake)
-- Found sensor_msgs: 5.5.1 (/opt/ros/kilted/share/sensor_msgs/cmake)
-- Found nav_msgs: 5.5.1 (/opt/ros/kilted/share/nav_msgs/cmake)
-- Found tf2_ros: 0.41.2 (/opt/ros/kilted/share/tf2_ros/cmake)
-- Found tf2_geometry_msgs: 0.41.2 (/opt/ros/kilted/share/tf2_geometry_msgs/cmake)
-- Found eigen3_cmake_module: 0.4.0 (/opt/ros/kilted/share/eigen3_cmake_module/cmake)
-- Ensuring Eigen3 include directory is part of orocos-kdl CMake target
-- Found std_srvs: 5.5.1 (/opt/ros/kilted/share/std_srvs/cmake)
[0mCMake Deprecation Warning at /opt/ros/kilted/share/ament_cmake_target_dependencies/cmake/ament_target_dependencies.cmake:87 (message):
  ament_target_dependencies() is deprecated.  Use target_link_libraries()
  with modern CMake targets instead.  Try replacing this call with:

    target_link_libraries(stage_node PUBLIC
      ${geometry_msgs_TARGETS}
      ${nav_msgs_TARGETS}
      ${sensor_msgs_TARGETS}
      ${std_msgs_TARGETS}
      ${std_srvs_TARGETS}
      rclcpp::rclcpp
      rclcpp_components::component
      rclcpp_components::component_manager
      sensor_msgs::sensor_msgs_library
      tf2_geometry_msgs::tf2_geometry_msgs
      tf2_ros::static_transform_broadcaster_node
      tf2_ros::tf2_ros
    )

Call Stack (most recent call first):
  CMakeLists.txt:34 (ament_target_dependencies)

[0m
[0mCMake Deprecation Warning at /opt/ros/kilted/share/ament_cmake_target_dependencies/cmake/ament_target_dependencies.cmake:87 (message):
  ament_target_dependencies() is deprecated.  Use target_link_libraries()
  with modern CMake targets instead.  Try replacing this call with:

    target_link_libraries(stage_ros2 PUBLIC
      rclcpp::rclcpp
    )

Call Stack (most recent call first):
  CMakeLists.txt:51 (ament_target_dependencies)

[0m
-- Found ament_lint_auto: 0.19.2 (/opt/ros/kilted/share/ament_lint_auto/cmake)
-- Added test 'cppcheck' to perform static code analysis on C / C++ code
-- Configured cppcheck include dirs: /home/liam-bouffard/Desktop/rob599_mobile_robotics/stage_ws/src/stage_ros2/./include;$<BUILD_INTERFACE:/home/liam-bouffard/Desktop/rob599_mobile_robotics/stage_ws/src/stage_ros2/include>
-- Configured cppcheck exclude dirs and/or files: 
-- Added test 'flake8' to check Python code syntax and style conventions
-- Configured 'flake8' exclude dirs and/or files: 
-- Added test 'lint_cmake' to check CMake code style
-- Added test 'pep257' to check Python code against some of the docstring style conventions in PEP 257
-- Added test 'uncrustify' to check C / C++ code style
-- Configured uncrustify additional arguments: 
-- Added test 'xmllint' to check XML markup files
-- Added test 'clang_format' to check C / C++ code style
-- Added test 'pycodestyle' to check Python code against some of the style conventions in PEP 8
-- Configuring done (1.0s)
-- Generating done (0.0s)
-- Build files have been written to: /home/liam-bouffard/Desktop/rob599_mobile_robotics/stage_ws/build/stage_ros2
[ 71%] Built target stage_node
[100%] Built target stage_ros2
-- Install configuration: ""
-- Execute custom install script
-- Up-to-date symlink: /home/liam-bouffard/Desktop/rob599_mobile_robotics/stage_ws/install/stage_ros2/share/stage_ros2/environment/library_path.sh
-- Up-to-date symlink: /home/liam-bouffard/Desktop/rob599_mobile_robotics/stage_ws/install/stage_ros2/share/stage_ros2/environment/library_path.dsv
-- Up-to-date symlink: /home/liam-bouffard/Desktop/rob599_mobile_robotics/stage_ws/install/stage_ros2/share/stage_ros2//launch/demo.launch.py
-- Up-to-date symlink: /home/liam-bouffard/Desktop/rob599_mobile_robotics/stage_ws/install/stage_ros2/share/stage_ros2//launch/f710.launch.py
-- Up-to-date symlink: /home/liam-bouffard/Desktop/rob599_mobile_robotics/stage_ws/install/stage_ros2/share/stage_ros2//launch/rviz.launch.py
-- Up-to-date symlink: /home/liam-bouffard/Desktop/rob599_mobile_robotics/stage_ws/install/stage_ros2/share/stage_ros2//launch/rviz_ns.launch.py
-- Up-to-date symlink: /home/liam-bouffard/Desktop/rob599_mobile_robotics/stage_ws/install/stage_ros2/share/stage_ros2//launch/simple_world_launch.xml
-- Up-to-date symlink: /home/liam-bouffard/Desktop/rob599_mobile_robotics/stage_ws/install/stage_ros2/share/stage_ros2//launch/stage.launch.py
-- Up-to-date symlink: /home/liam-bouffard/Desktop/rob599_mobile_robotics/stage_ws/install/stage_ros2/share/stage_ros2//world/bitmaps/circle.png
-- Up-to-date symlink: /home/liam-bouffard/Desktop/rob599_mobile_robotics/stage_ws/install/stage_ros2/share/stage_ros2//world/bitmaps/office.png
-- Up-to-date symlink: /home/liam-bouffard/Desktop/rob599_mobile_robotics/stage_ws/install/stage_ros2/share/stage_ros2//world/bitmaps/warehouse.png
-- Up-to-date symlink: /home/liam-bouffard/Desktop/rob599_mobile_robotics/stage_ws/install/stage_ros2/share/stage_ros2//world/circle.world
-- Up-to-date symlink: /home/liam-bouffard/Desktop/rob599_mobile_robotics/stage_ws/install/stage_ros2/share/stage_ros2//world/include/box.inc
-- Up-to-date symlink: /home/liam-bouffard/Desktop/rob599_mobile_robotics/stage_ws/install/stage_ros2/share/stage_ros2//world/include/map.inc
-- Up-to-date symlink: /home/liam-bouffard/Desktop/rob599_mobile_robotics/stage_ws/install/stage_ros2/share/stage_ros2//world/include/pioneer.inc
-- Up-to-date symlink: /home/liam-bouffard/Desktop/rob599_mobile_robotics/stage_ws/install/stage_ros2/share/stage_ros2//world/include/pioneer2dx.inc
-- Up-to-date symlink: /home/liam-bouffard/Desktop/rob599_mobile_robotics/stage_ws/install/stage_ros2/share/stage_ros2//world/include/robots.inc
-- Up-to-date symlink: /home/liam-bouffard/Desktop/rob599_mobile_robotics/stage_ws/install/stage_ros2/share/stage_ros2//world/include/sick.inc
-- Up-to-date symlink: /home/liam-bouffard/Desktop/rob599_mobile_robotics/stage_ws/install/stage_ros2/share/stage_ros2//world/office.world
-- Up-to-date symlink: /home/liam-bouffard/Desktop/rob599_mobile_robotics/stage_ws/install/stage_ros2/share/stage_ros2//world/warehouse.world
-- Up-to-date symlink: /home/liam-bouffard/Desktop/rob599_mobile_robotics/stage_ws/install/stage_ros2/share/stage_ros2//config/rviz/cave.rviz
-- Up-to-date symlink: /home/liam-bouffard/Desktop/rob599_mobile_robotics/stage_ws/install/stage_ros2/share/stage_ros2//config/rviz/cave_seven_robots.rviz
-- Up-to-date symlink: /home/liam-bouffard/Desktop/rob599_mobile_robotics/stage_ws/install/stage_ros2/share/stage_ros2//config/rviz/cave_three_robots.rviz
-- Up-to-date symlink: /home/liam-bouffard/Desktop/rob599_mobile_robotics/stage_ws/install/stage_ros2/share/stage_ros2//config/rviz/lines.rviz
-- Up-to-date symlink: /home/liam-bouffard/Desktop/rob599_mobile_robotics/stage_ws/install/stage_ros2/share/stage_ros2//config/rviz/robot0.rviz
-- Up-to-date symlink: /home/liam-bouffard/Desktop/rob599_mobile_robotics/stage_ws/install/stage_ros2/share/stage_ros2//config/rviz/robot_ns.rviz
-- Up-to-date symlink: /home/liam-bouffard/Desktop/rob599_mobile_robotics/stage_ws/install/stage_ros2/share/stage_ros2//config/rviz/robot_ns_depth.rviz
-- Up-to-date symlink: /home/liam-bouffard/Desktop/rob599_mobile_robotics/stage_ws/install/stage_ros2/share/stage_ros2//config/teleop_twist_joy/f710.config.yaml
-- Up-to-date symlink: /home/liam-bouffard/Desktop/rob599_mobile_robotics/stage_ws/install/stage_ros2/lib/libstage_node.so
-- Up-to-date symlink: /home/liam-bouffard/Desktop/rob599_mobile_robotics/stage_ws/install/stage_ros2/lib/stage_ros2/stage_ros2
-- Up-to-date symlink: /home/liam-bouffard/Desktop/rob599_mobile_robotics/stage_ws/install/stage_ros2/share/ament_index/resource_index/package_run_dependencies/stage_ros2
-- Up-to-date symlink: /home/liam-bouffard/Desktop/rob599_mobile_robotics/stage_ws/install/stage_ros2/share/ament_index/resource_index/parent_prefix_path/stage_ros2
-- Up-to-date symlink: /home/liam-bouffard/Desktop/rob599_mobile_robotics/stage_ws/install/stage_ros2/share/stage_ros2/environment/ament_prefix_path.sh
-- Up-to-date symlink: /home/liam-bouffard/Desktop/rob599_mobile_robotics/stage_ws/install/stage_ros2/share/stage_ros2/environment/ament_prefix_path.dsv
-- Up-to-date symlink: /home/liam-bouffard/Desktop/rob599_mobile_robotics/stage_ws/install/stage_ros2/share/stage_ros2/environment/path.sh
-- Up-to-date symlink: /home/liam-bouffard/Desktop/rob599_mobile_robotics/stage_ws/install/stage_ros2/share/stage_ros2/environment/path.dsv
-- Up-to-date symlink: /home/liam-bouffard/Desktop/rob599_mobile_robotics/stage_ws/install/stage_ros2/share/stage_ros2/local_setup.bash
-- Up-to-date symlink: /home/liam-bouffard/Desktop/rob599_mobile_robotics/stage_ws/install/stage_ros2/share/stage_ros2/local_setup.sh
-- Up-to-date symlink: /home/liam-bouffard/Desktop/rob599_mobile_robotics/stage_ws/install/stage_ros2/share/stage_ros2/local_setup.zsh
-- Up-to-date symlink: /home/liam-bouffard/Desktop/rob599_mobile_robotics/stage_ws/install/stage_ros2/share/stage_ros2/local_setup.dsv
-- Symlinking: /home/liam-bouffard/Desktop/rob599_mobile_robotics/stage_ws/install/stage_ros2/share/stage_ros2/package.dsv
-- Up-to-date symlink: /home/liam-bouffard/Desktop/rob599_mobile_robotics/stage_ws/install/stage_ros2/share/ament_index/resource_index/packages/stage_ros2
-- Up-to-date symlink: /home/liam-bouffard/Desktop/rob599_mobile_robotics/stage_ws/install/stage_ros2/share/stage_ros2/cmake/stage_ros2Config.cmake
-- Up-to-date symlink: /home/liam-bouffard/Desktop/rob599_mobile_robotics/stage_ws/install/stage_ros2/share/stage_ros2/cmake/stage_ros2Config-version.cmake
-- Up-to-date symlink: /home/liam-bouffard/Desktop/rob599_mobile_robotics/stage_ws/install/stage_ros2/share/stage_ros2/package.xml
