[0.122s] DEBUG:colcon:Command line arguments: ['/usr/bin/colcon', 'build']
[0.122s] DEBUG:colcon:Parsed command line arguments: Namespace(log_base=None, log_level=None, verb_name='build', build_base='build', install_base='install', merge_install=False, symlink_install=False, test_result_base=None, continue_on_error=False, executor='parallel', parallel_workers=32, event_handlers=None, ignore_user_meta=False, metas=['./colcon.meta'], base_paths=['.'], packages_ignore=None, packages_ignore_regex=None, paths=None, packages_up_to=None, packages_up_to_regex=None, packages_above=None, packages_above_and_dependencies=None, packages_above_depth=None, packages_select_by_dep=None, packages_skip_by_dep=None, packages_skip_up_to=None, packages_select_build_failed=False, packages_skip_build_finished=False, packages_select_test_failures=False, packages_skip_test_passed=False, packages_select=None, packages_skip=None, packages_select_regex=None, packages_skip_regex=None, packages_start=None, packages_end=None, allow_overriding=[], cmake_args=None, cmake_target=None, cmake_target_skip_unavailable=False, cmake_clean_cache=False, cmake_clean_first=False, cmake_force_configure=False, ament_cmake_args=None, catkin_cmake_args=None, catkin_skip_building_tests=False, verb_parser=<colcon_defaults.argument_parser.defaults.DefaultArgumentsDecorator object at 0x7b2dbef8eea0>, verb_extension=<colcon_core.verb.build.BuildVerb object at 0x7b2dbef8ebd0>, main=<bound method BuildVerb.main of <colcon_core.verb.build.BuildVerb object at 0x7b2dbef8ebd0>>)
[0.171s] Level 1:colcon.colcon_core.package_discovery:discover_packages(colcon_meta) check parameters
[0.171s] Level 1:colcon.colcon_core.package_discovery:discover_packages(recursive) check parameters
[0.171s] Level 1:colcon.colcon_core.package_discovery:discover_packages(ignore) check parameters
[0.171s] Level 1:colcon.colcon_core.package_discovery:discover_packages(path) check parameters
[0.171s] Level 1:colcon.colcon_core.package_discovery:discover_packages(colcon_meta) discover
[0.171s] Level 1:colcon.colcon_core.package_discovery:discover_packages(recursive) discover
[0.172s] INFO:colcon.colcon_core.package_discovery:Crawling recursively for packages in '/home/liam-bouffard/Desktop/rob599_mobile_robotics/stage_ws'
[0.172s] Level 1:colcon.colcon_core.package_identification:_identify(.) by extensions ['ignore', 'ignore_ament_install']
[0.172s] Level 1:colcon.colcon_core.package_identification:_identify(.) by extension 'ignore'
[0.172s] Level 1:colcon.colcon_core.package_identification:_identify(.) by extension 'ignore_ament_install'
[0.172s] Level 1:colcon.colcon_core.package_identification:_identify(.) by extensions ['colcon_pkg']
[0.172s] Level 1:colcon.colcon_core.package_identification:_identify(.) by extension 'colcon_pkg'
[0.172s] Level 1:colcon.colcon_core.package_identification:_identify(.) by extensions ['colcon_meta']
[0.172s] Level 1:colcon.colcon_core.package_identification:_identify(.) by extension 'colcon_meta'
[0.172s] Level 1:colcon.colcon_core.package_identification:_identify(.) by extensions ['ros']
[0.172s] Level 1:colcon.colcon_core.package_identification:_identify(.) by extension 'ros'
[0.204s] Level 1:colcon.colcon_core.package_identification:_identify(.) by extensions ['cmake', 'python']
[0.204s] Level 1:colcon.colcon_core.package_identification:_identify(.) by extension 'cmake'
[0.204s] Level 1:colcon.colcon_core.package_identification:_identify(.) by extension 'python'
[0.204s] Level 1:colcon.colcon_core.package_identification:_identify(.) by extensions ['python_setup_py']
[0.204s] Level 1:colcon.colcon_core.package_identification:_identify(.) by extension 'python_setup_py'
[0.204s] Level 1:colcon.colcon_core.package_identification:_identify(build) by extensions ['ignore', 'ignore_ament_install']
[0.204s] Level 1:colcon.colcon_core.package_identification:_identify(build) by extension 'ignore'
[0.204s] Level 1:colcon.colcon_core.package_identification:_identify(build) ignored
[0.204s] Level 1:colcon.colcon_core.package_identification:_identify(install) by extensions ['ignore', 'ignore_ament_install']
[0.204s] Level 1:colcon.colcon_core.package_identification:_identify(install) by extension 'ignore'
[0.204s] Level 1:colcon.colcon_core.package_identification:_identify(install) ignored
[0.205s] Level 1:colcon.colcon_core.package_identification:_identify(log) by extensions ['ignore', 'ignore_ament_install']
[0.205s] Level 1:colcon.colcon_core.package_identification:_identify(log) by extension 'ignore'
[0.205s] Level 1:colcon.colcon_core.package_identification:_identify(log) ignored
[0.205s] Level 1:colcon.colcon_core.package_identification:_identify(src) by extensions ['ignore', 'ignore_ament_install']
[0.205s] Level 1:colcon.colcon_core.package_identification:_identify(src) by extension 'ignore'
[0.205s] Level 1:colcon.colcon_core.package_identification:_identify(src) by extension 'ignore_ament_install'
[0.205s] Level 1:colcon.colcon_core.package_identification:_identify(src) by extensions ['colcon_pkg']
[0.205s] Level 1:colcon.colcon_core.package_identification:_identify(src) by extension 'colcon_pkg'
[0.205s] Level 1:colcon.colcon_core.package_identification:_identify(src) by extensions ['colcon_meta']
[0.205s] Level 1:colcon.colcon_core.package_identification:_identify(src) by extension 'colcon_meta'
[0.205s] Level 1:colcon.colcon_core.package_identification:_identify(src) by extensions ['ros']
[0.205s] Level 1:colcon.colcon_core.package_identification:_identify(src) by extension 'ros'
[0.205s] Level 1:colcon.colcon_core.package_identification:_identify(src) by extensions ['cmake', 'python']
[0.205s] Level 1:colcon.colcon_core.package_identification:_identify(src) by extension 'cmake'
[0.205s] Level 1:colcon.colcon_core.package_identification:_identify(src) by extension 'python'
[0.205s] Level 1:colcon.colcon_core.package_identification:_identify(src) by extensions ['python_setup_py']
[0.205s] Level 1:colcon.colcon_core.package_identification:_identify(src) by extension 'python_setup_py'
[0.205s] Level 1:colcon.colcon_core.package_identification:_identify(src/Stage) by extensions ['ignore', 'ignore_ament_install']
[0.206s] Level 1:colcon.colcon_core.package_identification:_identify(src/Stage) by extension 'ignore'
[0.206s] Level 1:colcon.colcon_core.package_identification:_identify(src/Stage) by extension 'ignore_ament_install'
[0.206s] Level 1:colcon.colcon_core.package_identification:_identify(src/Stage) by extensions ['colcon_pkg']
[0.206s] Level 1:colcon.colcon_core.package_identification:_identify(src/Stage) by extension 'colcon_pkg'
[0.206s] Level 1:colcon.colcon_core.package_identification:_identify(src/Stage) by extensions ['colcon_meta']
[0.206s] Level 1:colcon.colcon_core.package_identification:_identify(src/Stage) by extension 'colcon_meta'
[0.206s] Level 1:colcon.colcon_core.package_identification:_identify(src/Stage) by extensions ['ros']
[0.206s] Level 1:colcon.colcon_core.package_identification:_identify(src/Stage) by extension 'ros'
[0.209s] DEBUG:colcon.colcon_core.package_identification:Package 'src/Stage' with type 'ros.catkin' and name 'stage'
[0.209s] Level 1:colcon.colcon_core.package_identification:_identify(src/stage_ros2) by extensions ['ignore', 'ignore_ament_install']
[0.209s] Level 1:colcon.colcon_core.package_identification:_identify(src/stage_ros2) by extension 'ignore'
[0.209s] Level 1:colcon.colcon_core.package_identification:_identify(src/stage_ros2) by extension 'ignore_ament_install'
[0.209s] Level 1:colcon.colcon_core.package_identification:_identify(src/stage_ros2) by extensions ['colcon_pkg']
[0.209s] Level 1:colcon.colcon_core.package_identification:_identify(src/stage_ros2) by extension 'colcon_pkg'
[0.209s] Level 1:colcon.colcon_core.package_identification:_identify(src/stage_ros2) by extensions ['colcon_meta']
[0.209s] Level 1:colcon.colcon_core.package_identification:_identify(src/stage_ros2) by extension 'colcon_meta'
[0.209s] Level 1:colcon.colcon_core.package_identification:_identify(src/stage_ros2) by extensions ['ros']
[0.209s] Level 1:colcon.colcon_core.package_identification:_identify(src/stage_ros2) by extension 'ros'
[0.211s] DEBUG:colcon.colcon_core.package_identification:Package 'src/stage_ros2' with type 'ros.ament_cmake' and name 'stage_ros2'
[0.211s] Level 1:colcon.colcon_core.package_discovery:discover_packages(recursive) using defaults
[0.211s] Level 1:colcon.colcon_core.package_discovery:discover_packages(ignore) discover
[0.211s] Level 1:colcon.colcon_core.package_discovery:discover_packages(ignore) using defaults
[0.211s] Level 1:colcon.colcon_core.package_discovery:discover_packages(path) discover
[0.211s] Level 1:colcon.colcon_core.package_discovery:discover_packages(path) using defaults
[0.232s] Level 1:colcon.colcon_core.package_discovery:discover_packages(prefix_path) check parameters
[0.232s] Level 1:colcon.colcon_core.package_discovery:discover_packages(prefix_path) discover
[0.235s] DEBUG:colcon.colcon_installed_package_information.package_discovery:Found 335 installed packages in /opt/ros/kilted
[0.237s] Level 1:colcon.colcon_core.package_discovery:discover_packages(prefix_path) using defaults
[0.284s] Level 5:colcon.colcon_core.verb:set package 'stage' build argument 'cmake_args' from command line to 'None'
[0.284s] Level 5:colcon.colcon_core.verb:set package 'stage' build argument 'cmake_target' from command line to 'None'
[0.284s] Level 5:colcon.colcon_core.verb:set package 'stage' build argument 'cmake_target_skip_unavailable' from command line to 'False'
[0.284s] Level 5:colcon.colcon_core.verb:set package 'stage' build argument 'cmake_clean_cache' from command line to 'False'
[0.284s] Level 5:colcon.colcon_core.verb:set package 'stage' build argument 'cmake_clean_first' from command line to 'False'
[0.284s] Level 5:colcon.colcon_core.verb:set package 'stage' build argument 'cmake_force_configure' from command line to 'False'
[0.284s] Level 5:colcon.colcon_core.verb:set package 'stage' build argument 'ament_cmake_args' from command line to 'None'
[0.284s] Level 5:colcon.colcon_core.verb:set package 'stage' build argument 'catkin_cmake_args' from command line to 'None'
[0.284s] Level 5:colcon.colcon_core.verb:set package 'stage' build argument 'catkin_skip_building_tests' from command line to 'False'
[0.284s] DEBUG:colcon.colcon_core.verb:Building package 'stage' with the following arguments: {'ament_cmake_args': None, 'build_base': '/home/liam-bouffard/Desktop/rob599_mobile_robotics/stage_ws/build/stage', 'catkin_cmake_args': None, 'catkin_skip_building_tests': False, 'cmake_args': None, 'cmake_clean_cache': False, 'cmake_clean_first': False, 'cmake_force_configure': False, 'cmake_target': None, 'cmake_target_skip_unavailable': False, 'install_base': '/home/liam-bouffard/Desktop/rob599_mobile_robotics/stage_ws/install/stage', 'merge_install': False, 'path': '/home/liam-bouffard/Desktop/rob599_mobile_robotics/stage_ws/src/Stage', 'symlink_install': False, 'test_result_base': None}
[0.284s] Level 5:colcon.colcon_core.verb:set package 'stage_ros2' build argument 'cmake_args' from command line to 'None'
[0.285s] Level 5:colcon.colcon_core.verb:set package 'stage_ros2' build argument 'cmake_target' from command line to 'None'
[0.285s] Level 5:colcon.colcon_core.verb:set package 'stage_ros2' build argument 'cmake_target_skip_unavailable' from command line to 'False'
[0.285s] Level 5:colcon.colcon_core.verb:set package 'stage_ros2' build argument 'cmake_clean_cache' from command line to 'False'
[0.285s] Level 5:colcon.colcon_core.verb:set package 'stage_ros2' build argument 'cmake_clean_first' from command line to 'False'
[0.285s] Level 5:colcon.colcon_core.verb:set package 'stage_ros2' build argument 'cmake_force_configure' from command line to 'False'
[0.285s] Level 5:colcon.colcon_core.verb:set package 'stage_ros2' build argument 'ament_cmake_args' from command line to 'None'
[0.285s] Level 5:colcon.colcon_core.verb:set package 'stage_ros2' build argument 'catkin_cmake_args' from command line to 'None'
[0.285s] Level 5:colcon.colcon_core.verb:set package 'stage_ros2' build argument 'catkin_skip_building_tests' from command line to 'False'
[0.285s] DEBUG:colcon.colcon_core.verb:Building package 'stage_ros2' with the following arguments: {'ament_cmake_args': None, 'build_base': '/home/liam-bouffard/Desktop/rob599_mobile_robotics/stage_ws/build/stage_ros2', 'catkin_cmake_args': None, 'catkin_skip_building_tests': False, 'cmake_args': None, 'cmake_clean_cache': False, 'cmake_clean_first': False, 'cmake_force_configure': False, 'cmake_target': None, 'cmake_target_skip_unavailable': False, 'install_base': '/home/liam-bouffard/Desktop/rob599_mobile_robotics/stage_ws/install/stage_ros2', 'merge_install': False, 'path': '/home/liam-bouffard/Desktop/rob599_mobile_robotics/stage_ws/src/stage_ros2', 'symlink_install': False, 'test_result_base': None}
[0.285s] INFO:colcon.colcon_core.executor:Executing jobs using 'parallel' executor
[0.286s] DEBUG:colcon.colcon_parallel_executor.executor.parallel:run_until_complete
[0.286s] INFO:colcon.colcon_ros.task.catkin.build:Building ROS package in '/home/liam-bouffard/Desktop/rob599_mobile_robotics/stage_ws/src/Stage' with build type 'catkin'
[0.286s] INFO:colcon.colcon_cmake.task.cmake.build:Building CMake package in '/home/liam-bouffard/Desktop/rob599_mobile_robotics/stage_ws/src/Stage'
[0.289s] INFO:colcon.colcon_core.plugin_system:Skipping extension 'colcon_core.shell.bat': Not used on non-Windows systems
[0.289s] INFO:colcon.colcon_core.shell:Skip shell extension 'powershell' for command environment: Not usable outside of PowerShell
[0.289s] DEBUG:colcon.colcon_core.shell:Skip shell extension 'dsv' for command environment
[0.301s] DEBUG:colcon.colcon_core.event_handler.log_command:Invoking command in '/home/liam-bouffard/Desktop/rob599_mobile_robotics/stage_ws/build/stage': DEBUGINFOD_URLS=https://debuginfod.ubuntu.com /usr/bin/cmake --build /home/liam-bouffard/Desktop/rob599_mobile_robotics/stage_ws/build/stage -- -j32 -l32
[0.485s] DEBUG:colcon.colcon_core.event_handler.log_command:Invoked command in '/home/liam-bouffard/Desktop/rob599_mobile_robotics/stage_ws/build/stage' returned '0': DEBUGINFOD_URLS=https://debuginfod.ubuntu.com /usr/bin/cmake --build /home/liam-bouffard/Desktop/rob599_mobile_robotics/stage_ws/build/stage -- -j32 -l32
[0.508s] DEBUG:colcon.colcon_core.event_handler.log_command:Invoking command in '/home/liam-bouffard/Desktop/rob599_mobile_robotics/stage_ws/build/stage': DEBUGINFOD_URLS=https://debuginfod.ubuntu.com /usr/bin/cmake --install /home/liam-bouffard/Desktop/rob599_mobile_robotics/stage_ws/build/stage
[0.543s] Level 1:colcon.colcon_core.shell:create_environment_hook('stage', 'ros_package_path')
[0.543s] INFO:colcon.colcon_core.shell:Creating environment hook '/home/liam-bouffard/Desktop/rob599_mobile_robotics/stage_ws/install/stage/share/stage/hook/ros_package_path.ps1'
[0.545s] INFO:colcon.colcon_core.shell:Creating environment descriptor '/home/liam-bouffard/Desktop/rob599_mobile_robotics/stage_ws/install/stage/share/stage/hook/ros_package_path.dsv'
[0.546s] INFO:colcon.colcon_core.shell:Creating environment hook '/home/liam-bouffard/Desktop/rob599_mobile_robotics/stage_ws/install/stage/share/stage/hook/ros_package_path.sh'
[0.549s] Level 1:colcon.colcon_core.shell:create_environment_hook('stage', 'pkg_config_path')
[0.549s] INFO:colcon.colcon_core.shell:Creating environment hook '/home/liam-bouffard/Desktop/rob599_mobile_robotics/stage_ws/install/stage/share/stage/hook/pkg_config_path.ps1'
[0.550s] INFO:colcon.colcon_core.shell:Creating environment descriptor '/home/liam-bouffard/Desktop/rob599_mobile_robotics/stage_ws/install/stage/share/stage/hook/pkg_config_path.dsv'
[0.552s] INFO:colcon.colcon_core.shell:Creating environment hook '/home/liam-bouffard/Desktop/rob599_mobile_robotics/stage_ws/install/stage/share/stage/hook/pkg_config_path.sh'
[0.558s] DEBUG:colcon.colcon_core.event_handler.log_command:Invoked command in '/home/liam-bouffard/Desktop/rob599_mobile_robotics/stage_ws/build/stage' returned '0': DEBUGINFOD_URLS=https://debuginfod.ubuntu.com /usr/bin/cmake --install /home/liam-bouffard/Desktop/rob599_mobile_robotics/stage_ws/build/stage
[0.558s] Level 1:colcon.colcon_core.shell:create_environment_hook('stage', 'pkg_config_path_multiarch')
[0.558s] INFO:colcon.colcon_core.shell:Creating environment hook '/home/liam-bouffard/Desktop/rob599_mobile_robotics/stage_ws/install/stage/share/stage/hook/pkg_config_path_multiarch.ps1'
[0.559s] INFO:colcon.colcon_core.shell:Creating environment descriptor '/home/liam-bouffard/Desktop/rob599_mobile_robotics/stage_ws/install/stage/share/stage/hook/pkg_config_path_multiarch.dsv'
[0.560s] INFO:colcon.colcon_core.shell:Creating environment hook '/home/liam-bouffard/Desktop/rob599_mobile_robotics/stage_ws/install/stage/share/stage/hook/pkg_config_path_multiarch.sh'
[0.562s] Level 1:colcon.colcon_core.environment:create_environment_scripts_only(stage)
[0.565s] Level 1:colcon.colcon_core.environment:checking '/home/liam-bouffard/Desktop/rob599_mobile_robotics/stage_ws/install/stage' for CMake module files
[0.567s] Level 1:colcon.colcon_core.environment:checking '/home/liam-bouffard/Desktop/rob599_mobile_robotics/stage_ws/install/stage' for CMake config files
[0.567s] Level 1:colcon.colcon_core.shell:create_environment_hook('stage', 'cmake_prefix_path')
[0.567s] INFO:colcon.colcon_core.shell:Creating environment hook '/home/liam-bouffard/Desktop/rob599_mobile_robotics/stage_ws/install/stage/share/stage/hook/cmake_prefix_path.ps1'
[0.568s] INFO:colcon.colcon_core.shell:Creating environment descriptor '/home/liam-bouffard/Desktop/rob599_mobile_robotics/stage_ws/install/stage/share/stage/hook/cmake_prefix_path.dsv'
[0.568s] INFO:colcon.colcon_core.shell:Creating environment hook '/home/liam-bouffard/Desktop/rob599_mobile_robotics/stage_ws/install/stage/share/stage/hook/cmake_prefix_path.sh'
[0.569s] Level 1:colcon.colcon_core.environment:checking '/home/liam-bouffard/Desktop/rob599_mobile_robotics/stage_ws/install/stage/lib'
[0.570s] Level 1:colcon.colcon_core.shell:create_environment_hook('stage', 'ld_library_path_lib')
[0.570s] INFO:colcon.colcon_core.shell:Creating environment hook '/home/liam-bouffard/Desktop/rob599_mobile_robotics/stage_ws/install/stage/share/stage/hook/ld_library_path_lib.ps1'
[0.570s] INFO:colcon.colcon_core.shell:Creating environment descriptor '/home/liam-bouffard/Desktop/rob599_mobile_robotics/stage_ws/install/stage/share/stage/hook/ld_library_path_lib.dsv'
[0.571s] INFO:colcon.colcon_core.shell:Creating environment hook '/home/liam-bouffard/Desktop/rob599_mobile_robotics/stage_ws/install/stage/share/stage/hook/ld_library_path_lib.sh'
[0.571s] Level 1:colcon.colcon_core.environment:checking '/home/liam-bouffard/Desktop/rob599_mobile_robotics/stage_ws/install/stage/bin'
[0.571s] Level 1:colcon.colcon_core.shell:create_environment_hook('stage', 'path')
[0.571s] INFO:colcon.colcon_core.shell:Creating environment hook '/home/liam-bouffard/Desktop/rob599_mobile_robotics/stage_ws/install/stage/share/stage/hook/path.ps1'
[0.572s] INFO:colcon.colcon_core.shell:Creating environment descriptor '/home/liam-bouffard/Desktop/rob599_mobile_robotics/stage_ws/install/stage/share/stage/hook/path.dsv'
[0.572s] INFO:colcon.colcon_core.shell:Creating environment hook '/home/liam-bouffard/Desktop/rob599_mobile_robotics/stage_ws/install/stage/share/stage/hook/path.sh'
[0.572s] Level 1:colcon.colcon_core.environment:checking '/home/liam-bouffard/Desktop/rob599_mobile_robotics/stage_ws/install/stage/lib/pkgconfig/stage.pc'
[0.572s] Level 1:colcon.colcon_core.shell:create_environment_hook('stage', 'pkg_config')
[0.573s] INFO:colcon.colcon_core.shell:Creating environment hook '/home/liam-bouffard/Desktop/rob599_mobile_robotics/stage_ws/install/stage/share/stage/hook/pkg_config.ps1'
[0.573s] INFO:colcon.colcon_core.shell:Creating environment descriptor '/home/liam-bouffard/Desktop/rob599_mobile_robotics/stage_ws/install/stage/share/stage/hook/pkg_config.dsv'
[0.573s] INFO:colcon.colcon_core.shell:Creating environment hook '/home/liam-bouffard/Desktop/rob599_mobile_robotics/stage_ws/install/stage/share/stage/hook/pkg_config.sh'
[0.574s] Level 1:colcon.colcon_core.environment:checking '/home/liam-bouffard/Desktop/rob599_mobile_robotics/stage_ws/install/stage/lib/python3.12/site-packages'
[0.574s] Level 1:colcon.colcon_core.environment:checking '/home/liam-bouffard/Desktop/rob599_mobile_robotics/stage_ws/install/stage/bin'
[0.574s] Level 1:colcon.colcon_core.shell:create_environment_hook('stage', 'pythonscriptspath')
[0.575s] INFO:colcon.colcon_core.shell:Creating environment hook '/home/liam-bouffard/Desktop/rob599_mobile_robotics/stage_ws/install/stage/share/stage/hook/pythonscriptspath.ps1'
[0.575s] INFO:colcon.colcon_core.shell:Creating environment descriptor '/home/liam-bouffard/Desktop/rob599_mobile_robotics/stage_ws/install/stage/share/stage/hook/pythonscriptspath.dsv'
[0.575s] INFO:colcon.colcon_core.shell:Creating environment hook '/home/liam-bouffard/Desktop/rob599_mobile_robotics/stage_ws/install/stage/share/stage/hook/pythonscriptspath.sh'
[0.576s] INFO:colcon.colcon_core.shell:Creating package script '/home/liam-bouffard/Desktop/rob599_mobile_robotics/stage_ws/install/stage/share/stage/package.ps1'
[0.577s] INFO:colcon.colcon_core.shell:Creating package descriptor '/home/liam-bouffard/Desktop/rob599_mobile_robotics/stage_ws/install/stage/share/stage/package.dsv'
[0.578s] INFO:colcon.colcon_core.shell:Creating package script '/home/liam-bouffard/Desktop/rob599_mobile_robotics/stage_ws/install/stage/share/stage/package.sh'
[0.579s] INFO:colcon.colcon_core.shell:Creating package script '/home/liam-bouffard/Desktop/rob599_mobile_robotics/stage_ws/install/stage/share/stage/package.bash'
[0.579s] INFO:colcon.colcon_core.shell:Creating package script '/home/liam-bouffard/Desktop/rob599_mobile_robotics/stage_ws/install/stage/share/stage/package.zsh'
[0.580s] Level 1:colcon.colcon_core.environment:create_file_with_runtime_dependencies(/home/liam-bouffard/Desktop/rob599_mobile_robotics/stage_ws/install/stage/share/colcon-core/packages/stage)
[0.580s] INFO:colcon.colcon_ros.task.ament_cmake.build:Building ROS package in '/home/liam-bouffard/Desktop/rob599_mobile_robotics/stage_ws/src/stage_ros2' with build type 'ament_cmake'
[0.581s] INFO:colcon.colcon_cmake.task.cmake.build:Building CMake package in '/home/liam-bouffard/Desktop/rob599_mobile_robotics/stage_ws/src/stage_ros2'
[0.581s] INFO:colcon.colcon_core.shell:Skip shell extension 'powershell' for command environment: Not usable outside of PowerShell
[0.581s] DEBUG:colcon.colcon_core.shell:Skip shell extension 'dsv' for command environment
[0.599s] DEBUG:colcon.colcon_core.event_handler.log_command:Invoking command in '/home/liam-bouffard/Desktop/rob599_mobile_robotics/stage_ws/build/stage_ros2': CMAKE_PREFIX_PATH=/opt/ros/kilted:/home/liam-bouffard/Desktop/rob599_mobile_robotics/stage_ws/install/stage:${CMAKE_PREFIX_PATH} DEBUGINFOD_URLS=https://debuginfod.ubuntu.com LD_LIBRARY_PATH=/home/liam-bouffard/Desktop/rob599_mobile_robotics/stage_ws/install/stage/lib:${LD_LIBRARY_PATH} PATH=/home/liam-bouffard/Desktop/rob599_mobile_robotics/stage_ws/install/stage/bin:${PATH} PKG_CONFIG_PATH=/home/liam-bouffard/Desktop/rob599_mobile_robotics/stage_ws/install/stage/lib/x86_64-linux-gnu/pkgconfig:/home/liam-bouffard/Desktop/rob599_mobile_robotics/stage_ws/install/stage/lib/pkgconfig ROS_PACKAGE_PATH=/home/liam-bouffard/Desktop/rob599_mobile_robotics/stage_ws/install/stage/share /usr/bin/cmake --build /home/liam-bouffard/Desktop/rob599_mobile_robotics/stage_ws/build/stage_ros2 -- -j32 -l32
[0.814s] DEBUG:colcon.colcon_core.event_handler.log_command:Invoked command in '/home/liam-bouffard/Desktop/rob599_mobile_robotics/stage_ws/build/stage_ros2' returned '0': CMAKE_PREFIX_PATH=/opt/ros/kilted:/home/liam-bouffard/Desktop/rob599_mobile_robotics/stage_ws/install/stage:${CMAKE_PREFIX_PATH} DEBUGINFOD_URLS=https://debuginfod.ubuntu.com LD_LIBRARY_PATH=/home/liam-bouffard/Desktop/rob599_mobile_robotics/stage_ws/install/stage/lib:${LD_LIBRARY_PATH} PATH=/home/liam-bouffard/Desktop/rob599_mobile_robotics/stage_ws/install/stage/bin:${PATH} PKG_CONFIG_PATH=/home/liam-bouffard/Desktop/rob599_mobile_robotics/stage_ws/install/stage/lib/x86_64-linux-gnu/pkgconfig:/home/liam-bouffard/Desktop/rob599_mobile_robotics/stage_ws/install/stage/lib/pkgconfig ROS_PACKAGE_PATH=/home/liam-bouffard/Desktop/rob599_mobile_robotics/stage_ws/install/stage/share /usr/bin/cmake --build /home/liam-bouffard/Desktop/rob599_mobile_robotics/stage_ws/build/stage_ros2 -- -j32 -l32
[0.816s] DEBUG:colcon.colcon_core.event_handler.log_command:Invoking command in '/home/liam-bouffard/Desktop/rob599_mobile_robotics/stage_ws/build/stage_ros2': CMAKE_PREFIX_PATH=/opt/ros/kilted:/home/liam-bouffard/Desktop/rob599_mobile_robotics/stage_ws/install/stage:${CMAKE_PREFIX_PATH} DEBUGINFOD_URLS=https://debuginfod.ubuntu.com LD_LIBRARY_PATH=/home/liam-bouffard/Desktop/rob599_mobile_robotics/stage_ws/install/stage/lib:${LD_LIBRARY_PATH} PATH=/home/liam-bouffard/Desktop/rob599_mobile_robotics/stage_ws/install/stage/bin:${PATH} PKG_CONFIG_PATH=/home/liam-bouffard/Desktop/rob599_mobile_robotics/stage_ws/install/stage/lib/x86_64-linux-gnu/pkgconfig:/home/liam-bouffard/Desktop/rob599_mobile_robotics/stage_ws/install/stage/lib/pkgconfig ROS_PACKAGE_PATH=/home/liam-bouffard/Desktop/rob599_mobile_robotics/stage_ws/install/stage/share /usr/bin/cmake --install /home/liam-bouffard/Desktop/rob599_mobile_robotics/stage_ws/build/stage_ros2
[1.002s] Level 1:colcon.colcon_core.environment:create_environment_scripts_only(stage_ros2)
[1.003s] Level 1:colcon.colcon_core.environment:checking '/home/liam-bouffard/Desktop/rob599_mobile_robotics/stage_ws/install/stage_ros2' for CMake module files
[1.004s] DEBUG:colcon.colcon_core.event_handler.log_command:Invoked command in '/home/liam-bouffard/Desktop/rob599_mobile_robotics/stage_ws/build/stage_ros2' returned '0': CMAKE_PREFIX_PATH=/opt/ros/kilted:/home/liam-bouffard/Desktop/rob599_mobile_robotics/stage_ws/install/stage:${CMAKE_PREFIX_PATH} DEBUGINFOD_URLS=https://debuginfod.ubuntu.com LD_LIBRARY_PATH=/home/liam-bouffard/Desktop/rob599_mobile_robotics/stage_ws/install/stage/lib:${LD_LIBRARY_PATH} PATH=/home/liam-bouffard/Desktop/rob599_mobile_robotics/stage_ws/install/stage/bin:${PATH} PKG_CONFIG_PATH=/home/liam-bouffard/Desktop/rob599_mobile_robotics/stage_ws/install/stage/lib/x86_64-linux-gnu/pkgconfig:/home/liam-bouffard/Desktop/rob599_mobile_robotics/stage_ws/install/stage/lib/pkgconfig ROS_PACKAGE_PATH=/home/liam-bouffard/Desktop/rob599_mobile_robotics/stage_ws/install/stage/share /usr/bin/cmake --install /home/liam-bouffard/Desktop/rob599_mobile_robotics/stage_ws/build/stage_ros2
[1.005s] Level 1:colcon.colcon_core.environment:checking '/home/liam-bouffard/Desktop/rob599_mobile_robotics/stage_ws/install/stage_ros2' for CMake config files
[1.006s] Level 1:colcon.colcon_core.shell:create_environment_hook('stage_ros2', 'cmake_prefix_path')
[1.007s] INFO:colcon.colcon_core.shell:Creating environment hook '/home/liam-bouffard/Desktop/rob599_mobile_robotics/stage_ws/install/stage_ros2/share/stage_ros2/hook/cmake_prefix_path.ps1'
[1.008s] INFO:colcon.colcon_core.shell:Creating environment descriptor '/home/liam-bouffard/Desktop/rob599_mobile_robotics/stage_ws/install/stage_ros2/share/stage_ros2/hook/cmake_prefix_path.dsv'
[1.009s] INFO:colcon.colcon_core.shell:Creating environment hook '/home/liam-bouffard/Desktop/rob599_mobile_robotics/stage_ws/install/stage_ros2/share/stage_ros2/hook/cmake_prefix_path.sh'
[1.010s] Level 1:colcon.colcon_core.environment:checking '/home/liam-bouffard/Desktop/rob599_mobile_robotics/stage_ws/install/stage_ros2/lib'
[1.011s] Level 1:colcon.colcon_core.shell:create_environment_hook('stage_ros2', 'ld_library_path_lib')
[1.011s] INFO:colcon.colcon_core.shell:Creating environment hook '/home/liam-bouffard/Desktop/rob599_mobile_robotics/stage_ws/install/stage_ros2/share/stage_ros2/hook/ld_library_path_lib.ps1'
[1.013s] INFO:colcon.colcon_core.shell:Creating environment descriptor '/home/liam-bouffard/Desktop/rob599_mobile_robotics/stage_ws/install/stage_ros2/share/stage_ros2/hook/ld_library_path_lib.dsv'
[1.013s] INFO:colcon.colcon_core.shell:Creating environment hook '/home/liam-bouffard/Desktop/rob599_mobile_robotics/stage_ws/install/stage_ros2/share/stage_ros2/hook/ld_library_path_lib.sh'
[1.014s] Level 1:colcon.colcon_core.environment:checking '/home/liam-bouffard/Desktop/rob599_mobile_robotics/stage_ws/install/stage_ros2/bin'
[1.014s] Level 1:colcon.colcon_core.environment:checking '/home/liam-bouffard/Desktop/rob599_mobile_robotics/stage_ws/install/stage_ros2/lib/pkgconfig/stage_ros2.pc'
[1.015s] Level 1:colcon.colcon_core.environment:checking '/home/liam-bouffard/Desktop/rob599_mobile_robotics/stage_ws/install/stage_ros2/lib/python3.12/site-packages'
[1.015s] Level 1:colcon.colcon_core.environment:checking '/home/liam-bouffard/Desktop/rob599_mobile_robotics/stage_ws/install/stage_ros2/bin'
[1.016s] INFO:colcon.colcon_core.shell:Creating package script '/home/liam-bouffard/Desktop/rob599_mobile_robotics/stage_ws/install/stage_ros2/share/stage_ros2/package.ps1'
[1.017s] INFO:colcon.colcon_core.shell:Creating package descriptor '/home/liam-bouffard/Desktop/rob599_mobile_robotics/stage_ws/install/stage_ros2/share/stage_ros2/package.dsv'
[1.018s] INFO:colcon.colcon_core.shell:Creating package script '/home/liam-bouffard/Desktop/rob599_mobile_robotics/stage_ws/install/stage_ros2/share/stage_ros2/package.sh'
[1.018s] INFO:colcon.colcon_core.shell:Creating package script '/home/liam-bouffard/Desktop/rob599_mobile_robotics/stage_ws/install/stage_ros2/share/stage_ros2/package.bash'
[1.019s] INFO:colcon.colcon_core.shell:Creating package script '/home/liam-bouffard/Desktop/rob599_mobile_robotics/stage_ws/install/stage_ros2/share/stage_ros2/package.zsh'
[1.020s] Level 1:colcon.colcon_core.environment:create_file_with_runtime_dependencies(/home/liam-bouffard/Desktop/rob599_mobile_robotics/stage_ws/install/stage_ros2/share/colcon-core/packages/stage_ros2)
[1.021s] Level 1:colcon.colcon_core.environment:create_environment_scripts_only(stage_ros2)
[1.021s] Level 1:colcon.colcon_core.environment:checking '/home/liam-bouffard/Desktop/rob599_mobile_robotics/stage_ws/install/stage_ros2' for CMake module files
[1.022s] Level 1:colcon.colcon_core.environment:checking '/home/liam-bouffard/Desktop/rob599_mobile_robotics/stage_ws/install/stage_ros2' for CMake config files
[1.022s] Level 1:colcon.colcon_core.shell:create_environment_hook('stage_ros2', 'cmake_prefix_path')
[1.023s] INFO:colcon.colcon_core.shell:Creating environment hook '/home/liam-bouffard/Desktop/rob599_mobile_robotics/stage_ws/install/stage_ros2/share/stage_ros2/hook/cmake_prefix_path.ps1'
[1.023s] INFO:colcon.colcon_core.shell:Creating environment descriptor '/home/liam-bouffard/Desktop/rob599_mobile_robotics/stage_ws/install/stage_ros2/share/stage_ros2/hook/cmake_prefix_path.dsv'
[1.024s] INFO:colcon.colcon_core.shell:Creating environment hook '/home/liam-bouffard/Desktop/rob599_mobile_robotics/stage_ws/install/stage_ros2/share/stage_ros2/hook/cmake_prefix_path.sh'
[1.025s] Level 1:colcon.colcon_core.environment:checking '/home/liam-bouffard/Desktop/rob599_mobile_robotics/stage_ws/install/stage_ros2/lib'
[1.025s] Level 1:colcon.colcon_core.shell:create_environment_hook('stage_ros2', 'ld_library_path_lib')
[1.025s] INFO:colcon.colcon_core.shell:Creating environment hook '/home/liam-bouffard/Desktop/rob599_mobile_robotics/stage_ws/install/stage_ros2/share/stage_ros2/hook/ld_library_path_lib.ps1'
[1.026s] INFO:colcon.colcon_core.shell:Creating environment descriptor '/home/liam-bouffard/Desktop/rob599_mobile_robotics/stage_ws/install/stage_ros2/share/stage_ros2/hook/ld_library_path_lib.dsv'
[1.027s] INFO:colcon.colcon_core.shell:Creating environment hook '/home/liam-bouffard/Desktop/rob599_mobile_robotics/stage_ws/install/stage_ros2/share/stage_ros2/hook/ld_library_path_lib.sh'
[1.027s] Level 1:colcon.colcon_core.environment:checking '/home/liam-bouffard/Desktop/rob599_mobile_robotics/stage_ws/install/stage_ros2/bin'
[1.028s] Level 1:colcon.colcon_core.environment:checking '/home/liam-bouffard/Desktop/rob599_mobile_robotics/stage_ws/install/stage_ros2/lib/pkgconfig/stage_ros2.pc'
[1.028s] Level 1:colcon.colcon_core.environment:checking '/home/liam-bouffard/Desktop/rob599_mobile_robotics/stage_ws/install/stage_ros2/lib/python3.12/site-packages'
[1.029s] Level 1:colcon.colcon_core.environment:checking '/home/liam-bouffard/Desktop/rob599_mobile_robotics/stage_ws/install/stage_ros2/bin'
[1.029s] INFO:colcon.colcon_core.shell:Creating package script '/home/liam-bouffard/Desktop/rob599_mobile_robotics/stage_ws/install/stage_ros2/share/stage_ros2/package.ps1'
[1.030s] INFO:colcon.colcon_core.shell:Creating package descriptor '/home/liam-bouffard/Desktop/rob599_mobile_robotics/stage_ws/install/stage_ros2/share/stage_ros2/package.dsv'
[1.031s] INFO:colcon.colcon_core.shell:Creating package script '/home/liam-bouffard/Desktop/rob599_mobile_robotics/stage_ws/install/stage_ros2/share/stage_ros2/package.sh'
[1.032s] INFO:colcon.colcon_core.shell:Creating package script '/home/liam-bouffard/Desktop/rob599_mobile_robotics/stage_ws/install/stage_ros2/share/stage_ros2/package.bash'
[1.033s] INFO:colcon.colcon_core.shell:Creating package script '/home/liam-bouffard/Desktop/rob599_mobile_robotics/stage_ws/install/stage_ros2/share/stage_ros2/package.zsh'
[1.033s] Level 1:colcon.colcon_core.environment:create_file_with_runtime_dependencies(/home/liam-bouffard/Desktop/rob599_mobile_robotics/stage_ws/install/stage_ros2/share/colcon-core/packages/stage_ros2)
[1.034s] DEBUG:colcon.colcon_parallel_executor.executor.parallel:closing loop
[1.035s] DEBUG:colcon.colcon_parallel_executor.executor.parallel:loop closed
[1.035s] DEBUG:colcon.colcon_parallel_executor.executor.parallel:run_until_complete finished with '0'
[1.035s] DEBUG:colcon.colcon_core.event_reactor:joining thread
[1.046s] INFO:colcon.colcon_core.plugin_system:Skipping extension 'colcon_notification.desktop_notification.terminal_notifier': Not used on non-Darwin systems
[1.046s] INFO:colcon.colcon_core.plugin_system:Skipping extension 'colcon_notification.desktop_notification.win32': Not used on non-Windows systems
[1.046s] INFO:colcon.colcon_notification.desktop_notification:Sending desktop notification using 'notify2'
[1.075s] DEBUG:colcon.colcon_core.event_reactor:joined thread
[1.075s] INFO:colcon.colcon_core.shell:Creating prefix script '/home/liam-bouffard/Desktop/rob599_mobile_robotics/stage_ws/install/local_setup.ps1'
[1.078s] INFO:colcon.colcon_core.shell:Creating prefix util module '/home/liam-bouffard/Desktop/rob599_mobile_robotics/stage_ws/install/_local_setup_util_ps1.py'
[1.081s] INFO:colcon.colcon_core.shell:Creating prefix chain script '/home/liam-bouffard/Desktop/rob599_mobile_robotics/stage_ws/install/setup.ps1'
[1.083s] INFO:colcon.colcon_core.shell:Creating prefix script '/home/liam-bouffard/Desktop/rob599_mobile_robotics/stage_ws/install/local_setup.sh'
[1.085s] INFO:colcon.colcon_core.shell:Creating prefix util module '/home/liam-bouffard/Desktop/rob599_mobile_robotics/stage_ws/install/_local_setup_util_sh.py'
[1.086s] INFO:colcon.colcon_core.shell:Creating prefix chain script '/home/liam-bouffard/Desktop/rob599_mobile_robotics/stage_ws/install/setup.sh'
[1.088s] INFO:colcon.colcon_core.shell:Creating prefix script '/home/liam-bouffard/Desktop/rob599_mobile_robotics/stage_ws/install/local_setup.bash'
[1.089s] INFO:colcon.colcon_core.shell:Creating prefix chain script '/home/liam-bouffard/Desktop/rob599_mobile_robotics/stage_ws/install/setup.bash'
[1.090s] INFO:colcon.colcon_core.shell:Creating prefix script '/home/liam-bouffard/Desktop/rob599_mobile_robotics/stage_ws/install/local_setup.zsh'
[1.091s] INFO:colcon.colcon_core.shell:Creating prefix chain script '/home/liam-bouffard/Desktop/rob599_mobile_robotics/stage_ws/install/setup.zsh'
