[0.009s] Invoking command in '/home/liam-bouffard/Desktop/rob599_mobile_robotics/stage_ws/build/stage': DEBUGINFOD_URLS=https://debuginfod.ubuntu.com /usr/bin/cmake /home/liam-bouffard/Desktop/rob599_mobile_robotics/stage_ws/src/Stage -DCATKIN_INSTALL_INTO_PREFIX_ROOT=0 -DCATKIN_SYMLINK_INSTALL=ON -DCMAKE_INSTALL_PREFIX=/home/liam-bouffard/Desktop/rob599_mobile_robotics/stage_ws/install/stage
[0.127s] -- The C compiler identification is GNU 13.3.0
[0.214s] -- The CXX compiler identification is GNU 13.3.0
[0.233s] -- Detecting C compiler ABI info
[0.333s] -- Detecting C compiler ABI info - done
[0.340s] -- Check for working C compiler: /usr/bin/cc - skipped
[0.341s] -- Detecting C compile features
[0.341s] -- Detecting C compile features - done
[0.351s] -- Detecting CXX compiler ABI info
[0.461s] -- Detecting CXX compiler ABI info - done
[0.468s] -- Check for working CXX compiler: /usr/bin/c++ - skipped
[0.468s] -- Detecting CXX compile features
[0.468s] -- Detecting CXX compile features - done
[0.468s] -- Stage version 4.3.0
[0.468s] -- Operating system is Linux
[0.468s] -- Installing Libraries to /home/liam-bouffard/Desktop/rob599_mobile_robotics/stage_ws/install/stage/lib
[0.469s] -- Installing Plugins to /home/liam-bouffard/Desktop/rob599_mobile_robotics/stage_ws/install/stage/lib/Stage-4.3
[0.469s] -- Build type RELEASE
[0.469s] -- Checking for libtool
[0.474s] -- Checking for required libraries...
[0.491s] -- Found JPEG: /usr/lib/x86_64-linux-gnu/libjpeg.so (found version "80") 
[0.502s] -- Found ZLIB: /usr/lib/x86_64-linux-gnu/libz.so (found version "1.3")  
[0.518s] -- Found PNG: /usr/lib/x86_64-linux-gnu/libpng.so (found version "1.6.43") 
[0.524s] -- Found OpenGL: /usr/lib/x86_64-linux-gnu/libOpenGL.so   
[0.649s] -- Found X11: /usr/include   
[0.651s] -- Looking for XOpenDisplay in /usr/lib/x86_64-linux-gnu/libX11.so;/usr/lib/x86_64-linux-gnu/libXext.so
[0.742s] -- Looking for XOpenDisplay in /usr/lib/x86_64-linux-gnu/libX11.so;/usr/lib/x86_64-linux-gnu/libXext.so - found
[0.742s] -- Looking for gethostbyname
[0.845s] -- Looking for gethostbyname - found
[0.845s] -- Looking for connect
[0.927s] -- Looking for connect - found
[0.928s] -- Looking for remove
[1.022s] -- Looking for remove - found
[1.022s] -- Looking for shmat
[1.122s] -- Looking for shmat - found
[1.122s] -- Looking for IceConnectionNumber in ICE
[1.201s] -- Looking for IceConnectionNumber in ICE - found
[1.256s] -- Found FLTK: fltk_images;fltk_forms;fltk_gl;fltk  
[1.259s] -- Checking for optional libraries...
[1.260s] -- Installation path CMAKE_INSTALL_PREFIX=/home/liam-bouffard/Desktop/rob599_mobile_robotics/stage_ws/install/stage
[1.261s] -- Configuring libstage
[1.271s] -- Found PkgConfig: /usr/bin/pkg-config (found version "1.8.1") 
[1.272s] -- Checking for one of the modules 'playercore>=2.1.0'
[1.321s] --   * Player not detected. If Player is installed but not detected, check your PKG_CONFIG_PATH.
[1.338s] -- Configuring done (1.3s)
[1.367s] -- Generating done (0.0s)
[1.368s] [33mCMake Warning:
[1.368s]   Manually-specified variables were not used by the project:
[1.368s] 
[1.369s]     CATKIN_INSTALL_INTO_PREFIX_ROOT
[1.369s]     CATKIN_SYMLINK_INSTALL
[1.369s] 
[1.369s] [0m
[1.373s] -- Build files have been written to: /home/liam-bouffard/Desktop/rob599_mobile_robotics/stage_ws/build/stage
[1.380s] Invoked command in '/home/liam-bouffard/Desktop/rob599_mobile_robotics/stage_ws/build/stage' returned '0': DEBUGINFOD_URLS=https://debuginfod.ubuntu.com /usr/bin/cmake /home/liam-bouffard/Desktop/rob599_mobile_robotics/stage_ws/src/Stage -DCATKIN_INSTALL_INTO_PREFIX_ROOT=0 -DCATKIN_SYMLINK_INSTALL=ON -DCMAKE_INSTALL_PREFIX=/home/liam-bouffard/Desktop/rob599_mobile_robotics/stage_ws/install/stage
[1.380s] Invoking command in '/home/liam-bouffard/Desktop/rob599_mobile_robotics/stage_ws/build/stage': DEBUGINFOD_URLS=https://debuginfod.ubuntu.com /usr/bin/cmake --build /home/liam-bouffard/Desktop/rob599_mobile_robotics/stage_ws/build/stage -- -j32 -l32
[1.424s] [  1%] [32mBuilding CXX object libstage/CMakeFiles/stage.dir/blockgroup.cc.o[0m
[1.427s] [  3%] [32mBuilding CXX object libstage/CMakeFiles/stage.dir/gl.cc.o[0m
[1.428s] [  5%] [32mBuilding CXX object libstage/CMakeFiles/stage.dir/model_blinkenlight.cc.o[0m
[1.428s] [  6%] [32mBuilding CXX object libstage/CMakeFiles/stage.dir/color.cc.o[0m
[1.428s] [  8%] [32mBuilding CXX object libstage/CMakeFiles/stage.dir/block.cc.o[0m
[1.428s] [ 10%] [32mBuilding CXX object libstage/CMakeFiles/stage.dir/camera.cc.o[0m
[1.428s] [ 11%] [32mBuilding CXX object libstage/CMakeFiles/stage.dir/file_manager.cc.o[0m
[1.428s] [ 13%] [32mBuilding CXX object libstage/CMakeFiles/stage.dir/model_bumper.cc.o[0m
[1.428s] [ 15%] [32mBuilding CXX object libstage/CMakeFiles/stage.dir/logentry.cc.o[0m
[1.428s] [ 20%] [32mBuilding CXX object libstage/CMakeFiles/stage.dir/model.cc.o[0m
[1.428s] [ 20%] [32mBuilding CXX object libstage/CMakeFiles/stage.dir/model_lightindicator.cc.o[0m
[1.429s] [ 20%] [32mBuilding CXX object libstage/CMakeFiles/stage.dir/model_callbacks.cc.o[0m
[1.429s] [ 22%] [32mBuilding CXX object libstage/CMakeFiles/stage.dir/model_actuator.cc.o[0m
[1.429s] [ 27%] [32mBuilding CXX object libstage/CMakeFiles/stage.dir/model_camera.cc.o[0m
[1.429s] [ 28%] [32mBuilding CXX object libstage/CMakeFiles/stage.dir/model_position.cc.o[0m
[1.429s] [ 28%] [32mBuilding CXX object libstage/CMakeFiles/stage.dir/model_draw.cc.o[0m
[1.429s] [ 28%] [32mBuilding CXX object libstage/CMakeFiles/stage.dir/model_blobfinder.cc.o[0m
[1.429s] [ 30%] [32mBuilding CXX object libstage/CMakeFiles/stage.dir/model_fiducial.cc.o[0m
[1.429s] [ 32%] [32mBuilding CXX object libstage/CMakeFiles/stage.dir/model_gripper.cc.o[0m
[1.429s] [ 33%] [32mBuilding CXX object libstage/CMakeFiles/stage.dir/powerpack.cc.o[0m
[1.430s] [ 35%] [32mBuilding CXX object libstage/CMakeFiles/stage.dir/stage.cc.o[0m
[1.430s] [ 37%] [32mBuilding CXX object libstage/CMakeFiles/stage.dir/region.cc.o[0m
[1.430s] [ 38%] [32mBuilding CXX object libstage/CMakeFiles/stage.dir/option.cc.o[0m
[1.430s] [ 40%] [32mBuilding CXX object libstage/CMakeFiles/stage.dir/world.cc.o[0m
[1.431s] [ 42%] [32mBuilding CXX object libstage/CMakeFiles/stage.dir/typetable.cc.o[0m
[1.431s] [ 44%] [32mBuilding CXX object libstage/CMakeFiles/stage.dir/options_dlg.cc.o[0m
[1.431s] [ 45%] [32mBuilding CXX object libstage/CMakeFiles/stage.dir/texture_manager.cc.o[0m
[1.431s] [ 47%] [32mBuilding CXX object libstage/CMakeFiles/stage.dir/canvas.cc.o[0m
[1.431s] [ 49%] [32mBuilding CXX object libstage/CMakeFiles/stage.dir/worldgui.cc.o[0m
[1.431s] [ 50%] [32mBuilding CXX object libstage/CMakeFiles/stage.dir/model_ranger.cc.o[0m
[1.434s] [ 52%] [32mBuilding CXX object libstage/CMakeFiles/stage.dir/vis_strip.cc.o[0m
[1.435s] [ 54%] [32mBuilding CXX object libstage/CMakeFiles/stage.dir/worldfile.cc.o[0m
[2.361s] [ 55%] [32mBuilding CXX object libstage/CMakeFiles/stage.dir/ancestor.cc.o[0m
[3.330s] [ 57%] [32m[1mLinking CXX shared library libstage.so[0m
[3.422s] [ 57%] Built target stage
[3.440s] [ 59%] [32mBuilding CXX object examples/ctrl/CMakeFiles/fasr.dir/fasr.cc.o[0m
[3.442s] [ 62%] [32mBuilding CXX object examples/ctrl/CMakeFiles/fasr2.dir/astar/findpath.cpp.o[0m
[3.442s] [ 62%] [32mBuilding CXX object examples/ctrl/CMakeFiles/fasr2.dir/fasr2.cc.o[0m
[3.443s] [ 64%] [32mBuilding CXX object libstage/CMakeFiles/stagebinary.dir/main.cc.o[0m
[3.443s] [ 66%] [32mBuilding CXX object worlds/benchmark/CMakeFiles/expand_swarm.dir/expand_swarm.cc.o[0m
[3.445s] [ 67%] [32mBuilding CXX object examples/ctrl/CMakeFiles/sink.dir/sink.cc.o[0m
[3.446s] [ 69%] [32mBuilding CXX object worlds/benchmark/CMakeFiles/expand_pioneer.dir/expand_pioneer.cc.o[0m
[3.448s] [ 71%] [32mBuilding CXX object examples/ctrl/CMakeFiles/source.dir/source.cc.o[0m
[3.449s] [ 74%] [32mBuilding CXX object examples/ctrl/CMakeFiles/lasernoise.dir/lasernoise.cc.o[0m
[3.449s] [ 76%] [32mBuilding CXX object examples/ctrl/CMakeFiles/wander.dir/wander.cc.o[0m
[3.449s] [ 76%] [32mBuilding CXX object examples/ctrl/CMakeFiles/pioneer_flocking.dir/pioneer_flocking.cc.o[0m
[3.450s] [ 77%] [32mBuilding CXX object examples/ctrl/CMakeFiles/rasterize.dir/rasterize.cc.o[0m
[3.450s] [ 79%] [32mBuilding CXX object examples/ctrl/CMakeFiles/dynamic.dir/dynamic.cc.o[0m
[3.925s] [ 81%] [32m[1mLinking CXX shared module sink.so[0m
[3.940s] [ 83%] [32m[1mLinking CXX shared module expand_pioneer.so[0m
[3.944s] [ 84%] [32m[1mLinking CXX shared module pioneer_flocking.so[0m
[3.977s] [ 86%] [32m[1mLinking CXX shared module fasr.so[0m
[3.990s] [ 88%] [32m[1mLinking CXX shared module source.so[0m
[3.999s] [ 89%] [32m[1mLinking CXX shared module expand_swarm.so[0m
[4.005s] [ 89%] Built target sink
[4.005s] [ 89%] Built target expand_pioneer
[4.007s] [ 89%] Built target pioneer_flocking
[4.012s] [ 91%] [32m[1mLinking CXX shared module lasernoise.so[0m
[4.034s] [ 93%] [32m[1mLinking CXX shared module dynamic.so[0m
[4.041s] [ 93%] Built target fasr
[4.050s] [ 93%] Built target source
[4.065s] [ 93%] Built target expand_swarm
[4.073s] [ 93%] Built target lasernoise
[4.095s] [ 93%] Built target dynamic
[4.154s] [ 94%] [32m[1mLinking CXX executable stage[0m
[4.178s] [ 96%] [32m[1mLinking CXX shared module rasterize.so[0m
[4.194s] [ 98%] [32m[1mLinking CXX shared module wander.so[0m
[4.225s] [ 98%] Built target stagebinary
[4.238s] [ 98%] Built target rasterize
[4.254s] [ 98%] Built target wander
[4.300s] [100%] [32m[1mLinking CXX shared module fasr2.so[0m
[4.378s] [100%] Built target fasr2
[4.394s] Invoked command in '/home/liam-bouffard/Desktop/rob599_mobile_robotics/stage_ws/build/stage' returned '0': DEBUGINFOD_URLS=https://debuginfod.ubuntu.com /usr/bin/cmake --build /home/liam-bouffard/Desktop/rob599_mobile_robotics/stage_ws/build/stage -- -j32 -l32
[4.406s] Invoking command in '/home/liam-bouffard/Desktop/rob599_mobile_robotics/stage_ws/build/stage': DEBUGINFOD_URLS=https://debuginfod.ubuntu.com /usr/bin/cmake --install /home/liam-bouffard/Desktop/rob599_mobile_robotics/stage_ws/build/stage
[4.414s] -- Install configuration: "RELEASE"
[4.414s] -- Installing: /home/liam-bouffard/Desktop/rob599_mobile_robotics/stage_ws/install/stage/lib/pkgconfig/stage.pc
[4.415s] -- Installing: /home/liam-bouffard/Desktop/rob599_mobile_robotics/stage_ws/install/stage/lib/cmake/Stage/stage-config.cmake
[4.415s] -- Installing: /home/liam-bouffard/Desktop/rob599_mobile_robotics/stage_ws/install/stage/lib/cmake/Stage/stage-config-version.cmake
[4.415s] -- Installing: /home/liam-bouffard/Desktop/rob599_mobile_robotics/stage_ws/install/stage/bin/stage
[4.415s] -- Set non-toolchain portion of runtime path of "/home/liam-bouffard/Desktop/rob599_mobile_robotics/stage_ws/install/stage/bin/stage" to ""
[4.415s] -- Installing: /home/liam-bouffard/Desktop/rob599_mobile_robotics/stage_ws/install/stage/lib/libstage.so.4.3.0
[4.416s] -- Installing: /home/liam-bouffard/Desktop/rob599_mobile_robotics/stage_ws/install/stage/lib/libstage.so
[4.416s] -- Installing: /home/liam-bouffard/Desktop/rob599_mobile_robotics/stage_ws/install/stage/include/Stage-4.3/stage.hh
[4.417s] -- Installing: /home/liam-bouffard/Desktop/rob599_mobile_robotics/stage_ws/install/stage/lib/Stage-4.3/fasr.so
[4.417s] -- Set non-toolchain portion of runtime path of "/home/liam-bouffard/Desktop/rob599_mobile_robotics/stage_ws/install/stage/lib/Stage-4.3/fasr.so" to ""
[4.417s] -- Installing: /home/liam-bouffard/Desktop/rob599_mobile_robotics/stage_ws/install/stage/lib/Stage-4.3/sink.so
[4.417s] -- Set non-toolchain portion of runtime path of "/home/liam-bouffard/Desktop/rob599_mobile_robotics/stage_ws/install/stage/lib/Stage-4.3/sink.so" to ""
[4.417s] -- Installing: /home/liam-bouffard/Desktop/rob599_mobile_robotics/stage_ws/install/stage/lib/Stage-4.3/source.so
[4.417s] -- Set non-toolchain portion of runtime path of "/home/liam-bouffard/Desktop/rob599_mobile_robotics/stage_ws/install/stage/lib/Stage-4.3/source.so" to ""
[4.417s] -- Installing: /home/liam-bouffard/Desktop/rob599_mobile_robotics/stage_ws/install/stage/lib/Stage-4.3/wander.so
[4.417s] -- Set non-toolchain portion of runtime path of "/home/liam-bouffard/Desktop/rob599_mobile_robotics/stage_ws/install/stage/lib/Stage-4.3/wander.so" to ""
[4.417s] -- Installing: /home/liam-bouffard/Desktop/rob599_mobile_robotics/stage_ws/install/stage/lib/Stage-4.3/pioneer_flocking.so
[4.418s] -- Set non-toolchain portion of runtime path of "/home/liam-bouffard/Desktop/rob599_mobile_robotics/stage_ws/install/stage/lib/Stage-4.3/pioneer_flocking.so" to ""
[4.418s] -- Installing: /home/liam-bouffard/Desktop/rob599_mobile_robotics/stage_ws/install/stage/lib/Stage-4.3/rasterize.so
[4.418s] -- Set non-toolchain portion of runtime path of "/home/liam-bouffard/Desktop/rob599_mobile_robotics/stage_ws/install/stage/lib/Stage-4.3/rasterize.so" to ""
[4.418s] -- Installing: /home/liam-bouffard/Desktop/rob599_mobile_robotics/stage_ws/install/stage/lib/Stage-4.3/lasernoise.so
[4.418s] -- Set non-toolchain portion of runtime path of "/home/liam-bouffard/Desktop/rob599_mobile_robotics/stage_ws/install/stage/lib/Stage-4.3/lasernoise.so" to ""
[4.418s] -- Installing: /home/liam-bouffard/Desktop/rob599_mobile_robotics/stage_ws/install/stage/lib/Stage-4.3/dynamic.so
[4.418s] -- Set non-toolchain portion of runtime path of "/home/liam-bouffard/Desktop/rob599_mobile_robotics/stage_ws/install/stage/lib/Stage-4.3/dynamic.so" to ""
[4.418s] -- Installing: /home/liam-bouffard/Desktop/rob599_mobile_robotics/stage_ws/install/stage/lib/Stage-4.3/fasr2.so
[4.418s] -- Set non-toolchain portion of runtime path of "/home/liam-bouffard/Desktop/rob599_mobile_robotics/stage_ws/install/stage/lib/Stage-4.3/fasr2.so" to ""
[4.418s] -- Installing: /home/liam-bouffard/Desktop/rob599_mobile_robotics/stage_ws/install/stage/share/stage/assets/blue.png
[4.418s] -- Installing: /home/liam-bouffard/Desktop/rob599_mobile_robotics/stage_ws/install/stage/share/stage/assets/death.png
[4.419s] -- Installing: /home/liam-bouffard/Desktop/rob599_mobile_robotics/stage_ws/install/stage/share/stage/assets/green.png
[4.419s] -- Installing: /home/liam-bouffard/Desktop/rob599_mobile_robotics/stage_ws/install/stage/share/stage/assets/logo.png
[4.419s] -- Installing: /home/liam-bouffard/Desktop/rob599_mobile_robotics/stage_ws/install/stage/share/stage/assets/mains.png
[4.419s] -- Installing: /home/liam-bouffard/Desktop/rob599_mobile_robotics/stage_ws/install/stage/share/stage/assets/mainspower.png
[4.419s] -- Installing: /home/liam-bouffard/Desktop/rob599_mobile_robotics/stage_ws/install/stage/share/stage/assets/question_mark.png
[4.419s] -- Installing: /home/liam-bouffard/Desktop/rob599_mobile_robotics/stage_ws/install/stage/share/stage/assets/red.png
[4.419s] -- Installing: /home/liam-bouffard/Desktop/rob599_mobile_robotics/stage_ws/install/stage/share/stage/assets/stagelogo.png
[4.419s] -- Installing: /home/liam-bouffard/Desktop/rob599_mobile_robotics/stage_ws/install/stage/share/stage/assets/stall-old.png
[4.419s] -- Installing: /home/liam-bouffard/Desktop/rob599_mobile_robotics/stage_ws/install/stage/share/stage/assets/stall.png
[4.419s] -- Installing: /home/liam-bouffard/Desktop/rob599_mobile_robotics/stage_ws/install/stage/share/stage/assets/rgb.txt
[4.419s] -- Installing: /home/liam-bouffard/Desktop/rob599_mobile_robotics/stage_ws/install/stage/share/stage/rgb.txt
[4.420s] -- Installing: /home/liam-bouffard/Desktop/rob599_mobile_robotics/stage_ws/install/stage/share/stage/worlds/amcl-sonar.cfg
[4.420s] -- Installing: /home/liam-bouffard/Desktop/rob599_mobile_robotics/stage_ws/install/stage/share/stage/worlds/autolab.cfg
[4.420s] -- Installing: /home/liam-bouffard/Desktop/rob599_mobile_robotics/stage_ws/install/stage/share/stage/worlds/camera.cfg
[4.420s] -- Installing: /home/liam-bouffard/Desktop/rob599_mobile_robotics/stage_ws/install/stage/share/stage/worlds/everything.cfg
[4.420s] -- Installing: /home/liam-bouffard/Desktop/rob599_mobile_robotics/stage_ws/install/stage/share/stage/worlds/lsp_test.cfg
[4.420s] -- Installing: /home/liam-bouffard/Desktop/rob599_mobile_robotics/stage_ws/install/stage/share/stage/worlds/mbicp.cfg
[4.420s] -- Installing: /home/liam-bouffard/Desktop/rob599_mobile_robotics/stage_ws/install/stage/share/stage/worlds/nd.cfg
[4.420s] -- Installing: /home/liam-bouffard/Desktop/rob599_mobile_robotics/stage_ws/install/stage/share/stage/worlds/roomba.cfg
[4.420s] -- Installing: /home/liam-bouffard/Desktop/rob599_mobile_robotics/stage_ws/install/stage/share/stage/worlds/simple.cfg
[4.420s] -- Installing: /home/liam-bouffard/Desktop/rob599_mobile_robotics/stage_ws/install/stage/share/stage/worlds/test.cfg
[4.421s] -- Installing: /home/liam-bouffard/Desktop/rob599_mobile_robotics/stage_ws/install/stage/share/stage/worlds/uoa_robotics_lab.cfg
[4.421s] -- Installing: /home/liam-bouffard/Desktop/rob599_mobile_robotics/stage_ws/install/stage/share/stage/worlds/vfh.cfg
[4.421s] -- Installing: /home/liam-bouffard/Desktop/rob599_mobile_robotics/stage_ws/install/stage/share/stage/worlds/wavefront-remote.cfg
[4.421s] -- Installing: /home/liam-bouffard/Desktop/rob599_mobile_robotics/stage_ws/install/stage/share/stage/worlds/wavefront.cfg
[4.421s] -- Installing: /home/liam-bouffard/Desktop/rob599_mobile_robotics/stage_ws/install/stage/share/stage/worlds/wifi.cfg
[4.421s] -- Installing: /home/liam-bouffard/Desktop/rob599_mobile_robotics/stage_ws/install/stage/share/stage/worlds/SFU.world
[4.421s] -- Installing: /home/liam-bouffard/Desktop/rob599_mobile_robotics/stage_ws/install/stage/share/stage/worlds/autolab.world
[4.421s] -- Installing: /home/liam-bouffard/Desktop/rob599_mobile_robotics/stage_ws/install/stage/share/stage/worlds/camera.world
[4.421s] -- Installing: /home/liam-bouffard/Desktop/rob599_mobile_robotics/stage_ws/install/stage/share/stage/worlds/circuit.world
[4.421s] -- Installing: /home/liam-bouffard/Desktop/rob599_mobile_robotics/stage_ws/install/stage/share/stage/worlds/everything.world
[4.421s] -- Installing: /home/liam-bouffard/Desktop/rob599_mobile_robotics/stage_ws/install/stage/share/stage/worlds/fasr.world
[4.422s] -- Installing: /home/liam-bouffard/Desktop/rob599_mobile_robotics/stage_ws/install/stage/share/stage/worlds/fasr2.world
[4.422s] -- Installing: /home/liam-bouffard/Desktop/rob599_mobile_robotics/stage_ws/install/stage/share/stage/worlds/fasr_plan.world
[4.422s] -- Installing: /home/liam-bouffard/Desktop/rob599_mobile_robotics/stage_ws/install/stage/share/stage/worlds/large.world
[4.422s] -- Installing: /home/liam-bouffard/Desktop/rob599_mobile_robotics/stage_ws/install/stage/share/stage/worlds/lsp_test.world
[4.422s] -- Installing: /home/liam-bouffard/Desktop/rob599_mobile_robotics/stage_ws/install/stage/share/stage/worlds/mbicp.world
[4.422s] -- Installing: /home/liam-bouffard/Desktop/rob599_mobile_robotics/stage_ws/install/stage/share/stage/worlds/pioneer_flocking.world
[4.422s] -- Installing: /home/liam-bouffard/Desktop/rob599_mobile_robotics/stage_ws/install/stage/share/stage/worlds/pioneer_follow.world
[4.422s] -- Installing: /home/liam-bouffard/Desktop/rob599_mobile_robotics/stage_ws/install/stage/share/stage/worlds/pioneer_walle.world
[4.422s] -- Installing: /home/liam-bouffard/Desktop/rob599_mobile_robotics/stage_ws/install/stage/share/stage/worlds/roomba.world
[4.422s] -- Installing: /home/liam-bouffard/Desktop/rob599_mobile_robotics/stage_ws/install/stage/share/stage/worlds/sensor_noise_demo.world
[4.423s] -- Installing: /home/liam-bouffard/Desktop/rob599_mobile_robotics/stage_ws/install/stage/share/stage/worlds/sensor_noise_module_demo.world
[4.423s] -- Installing: /home/liam-bouffard/Desktop/rob599_mobile_robotics/stage_ws/install/stage/share/stage/worlds/simple.world
[4.423s] -- Installing: /home/liam-bouffard/Desktop/rob599_mobile_robotics/stage_ws/install/stage/share/stage/worlds/uoa_robotics_lab.world
[4.423s] -- Installing: /home/liam-bouffard/Desktop/rob599_mobile_robotics/stage_ws/install/stage/share/stage/worlds/wifi.world
[4.423s] -- Installing: /home/liam-bouffard/Desktop/rob599_mobile_robotics/stage_ws/install/stage/share/stage/worlds/beacons.inc
[4.423s] -- Installing: /home/liam-bouffard/Desktop/rob599_mobile_robotics/stage_ws/install/stage/share/stage/worlds/chatterbox.inc
[4.423s] -- Installing: /home/liam-bouffard/Desktop/rob599_mobile_robotics/stage_ws/install/stage/share/stage/worlds/hokuyo.inc
[4.423s] -- Installing: /home/liam-bouffard/Desktop/rob599_mobile_robotics/stage_ws/install/stage/share/stage/worlds/irobot.inc
[4.423s] -- Installing: /home/liam-bouffard/Desktop/rob599_mobile_robotics/stage_ws/install/stage/share/stage/worlds/map.inc
[4.423s] -- Installing: /home/liam-bouffard/Desktop/rob599_mobile_robotics/stage_ws/install/stage/share/stage/worlds/objects.inc
[4.423s] -- Installing: /home/liam-bouffard/Desktop/rob599_mobile_robotics/stage_ws/install/stage/share/stage/worlds/pantilt.inc
[4.423s] -- Installing: /home/liam-bouffard/Desktop/rob599_mobile_robotics/stage_ws/install/stage/share/stage/worlds/pioneer.inc
[4.424s] -- Installing: /home/liam-bouffard/Desktop/rob599_mobile_robotics/stage_ws/install/stage/share/stage/worlds/sick.inc
[4.424s] -- Installing: /home/liam-bouffard/Desktop/rob599_mobile_robotics/stage_ws/install/stage/share/stage/worlds/ubot.inc
[4.424s] -- Installing: /home/liam-bouffard/Desktop/rob599_mobile_robotics/stage_ws/install/stage/share/stage/worlds/uoa_robotics_lab_models.inc
[4.424s] -- Installing: /home/liam-bouffard/Desktop/rob599_mobile_robotics/stage_ws/install/stage/share/stage/worlds/walle.inc
[4.424s] -- Installing: /home/liam-bouffard/Desktop/rob599_mobile_robotics/stage_ws/install/stage/share/stage/worlds/cfggen.sh
[4.424s] -- Installing: /home/liam-bouffard/Desktop/rob599_mobile_robotics/stage_ws/install/stage/share/stage/worlds/test.sh
[4.424s] -- Installing: /home/liam-bouffard/Desktop/rob599_mobile_robotics/stage_ws/install/stage/share/stage/worlds/worldgen.sh
[4.424s] -- Installing: /home/liam-bouffard/Desktop/rob599_mobile_robotics/stage_ws/install/stage/lib/Stage-4.3/expand_swarm.so
[4.424s] -- Set non-toolchain portion of runtime path of "/home/liam-bouffard/Desktop/rob599_mobile_robotics/stage_ws/install/stage/lib/Stage-4.3/expand_swarm.so" to ""
[4.424s] -- Installing: /home/liam-bouffard/Desktop/rob599_mobile_robotics/stage_ws/install/stage/lib/Stage-4.3/expand_pioneer.so
[4.424s] -- Set non-toolchain portion of runtime path of "/home/liam-bouffard/Desktop/rob599_mobile_robotics/stage_ws/install/stage/lib/Stage-4.3/expand_pioneer.so" to ""
[4.424s] -- Installing: /home/liam-bouffard/Desktop/rob599_mobile_robotics/stage_ws/install/stage/share/stage/worlds/bitmaps/889_05.png
[4.424s] -- Installing: /home/liam-bouffard/Desktop/rob599_mobile_robotics/stage_ws/install/stage/share/stage/worlds/bitmaps/SFU_1200x615.png
[4.424s] -- Installing: /home/liam-bouffard/Desktop/rob599_mobile_robotics/stage_ws/install/stage/share/stage/worlds/bitmaps/SRI-AIC-kwing.png
[4.425s] -- Installing: /home/liam-bouffard/Desktop/rob599_mobile_robotics/stage_ws/install/stage/share/stage/worlds/bitmaps/autolab.png
[4.425s] -- Installing: /home/liam-bouffard/Desktop/rob599_mobile_robotics/stage_ws/install/stage/share/stage/worlds/bitmaps/cave.png
[4.425s] -- Installing: /home/liam-bouffard/Desktop/rob599_mobile_robotics/stage_ws/install/stage/share/stage/worlds/bitmaps/cave_compact.png
[4.425s] -- Installing: /home/liam-bouffard/Desktop/rob599_mobile_robotics/stage_ws/install/stage/share/stage/worlds/bitmaps/cave_filled.png
[4.425s] -- Installing: /home/liam-bouffard/Desktop/rob599_mobile_robotics/stage_ws/install/stage/share/stage/worlds/bitmaps/frieburg.png
[4.425s] -- Installing: /home/liam-bouffard/Desktop/rob599_mobile_robotics/stage_ws/install/stage/share/stage/worlds/bitmaps/ghost.png
[4.425s] -- Installing: /home/liam-bouffard/Desktop/rob599_mobile_robotics/stage_ws/install/stage/share/stage/worlds/bitmaps/hospital.png
[4.425s] -- Installing: /home/liam-bouffard/Desktop/rob599_mobile_robotics/stage_ws/install/stage/share/stage/worlds/bitmaps/hospital_section.png
[4.425s] -- Installing: /home/liam-bouffard/Desktop/rob599_mobile_robotics/stage_ws/install/stage/share/stage/worlds/bitmaps/human_outline.png
[4.425s] -- Installing: /home/liam-bouffard/Desktop/rob599_mobile_robotics/stage_ws/install/stage/share/stage/worlds/bitmaps/mbicp.png
[4.425s] -- Installing: /home/liam-bouffard/Desktop/rob599_mobile_robotics/stage_ws/install/stage/share/stage/worlds/bitmaps/rink.png
[4.425s] -- Installing: /home/liam-bouffard/Desktop/rob599_mobile_robotics/stage_ws/install/stage/share/stage/worlds/bitmaps/sal2.png
[4.425s] -- Installing: /home/liam-bouffard/Desktop/rob599_mobile_robotics/stage_ws/install/stage/share/stage/worlds/bitmaps/simple_rooms.png
[4.425s] -- Installing: /home/liam-bouffard/Desktop/rob599_mobile_robotics/stage_ws/install/stage/share/stage/worlds/bitmaps/space_invader.png
[4.425s] -- Installing: /home/liam-bouffard/Desktop/rob599_mobile_robotics/stage_ws/install/stage/share/stage/worlds/bitmaps/submarine.png
[4.425s] -- Installing: /home/liam-bouffard/Desktop/rob599_mobile_robotics/stage_ws/install/stage/share/stage/worlds/bitmaps/submarine_small.png
[4.425s] -- Installing: /home/liam-bouffard/Desktop/rob599_mobile_robotics/stage_ws/install/stage/share/stage/worlds/bitmaps/table.png
[4.425s] -- Installing: /home/liam-bouffard/Desktop/rob599_mobile_robotics/stage_ws/install/stage/share/stage/worlds/bitmaps/uoa_robotics_lab.png
[4.425s] -- Installing: /home/liam-bouffard/Desktop/rob599_mobile_robotics/stage_ws/install/stage/share/stage/worlds/wifi/commando.world
[4.425s] -- Installing: /home/liam-bouffard/Desktop/rob599_mobile_robotics/stage_ws/install/stage/share/stage/worlds/wifi/hosp_wifi.world
[4.426s] -- Installing: /home/liam-bouffard/Desktop/rob599_mobile_robotics/stage_ws/install/stage/share/stage/worlds/wifi/hosp_wifi_5.world
[4.426s] -- Installing: /home/liam-bouffard/Desktop/rob599_mobile_robotics/stage_ws/install/stage/share/stage/worlds/wifi/wifi.world
[4.426s] -- Installing: /home/liam-bouffard/Desktop/rob599_mobile_robotics/stage_ws/install/stage/share/stage/worlds/wifi/wifi_itu.world
[4.426s] -- Installing: /home/liam-bouffard/Desktop/rob599_mobile_robotics/stage_ws/install/stage/share/stage/worlds/wifi/wifi_logdistance.world
[4.426s] -- Installing: /home/liam-bouffard/Desktop/rob599_mobile_robotics/stage_ws/install/stage/share/stage/worlds/wifi/wifi_ray.world
[4.426s] -- Installing: /home/liam-bouffard/Desktop/rob599_mobile_robotics/stage_ws/install/stage/share/stage/worlds/wifi/wifi_simple.world
[4.426s] -- Installing: /home/liam-bouffard/Desktop/rob599_mobile_robotics/stage_ws/install/stage/share/stage/worlds/wifi/map.inc
[4.426s] Invoked command in '/home/liam-bouffard/Desktop/rob599_mobile_robotics/stage_ws/build/stage' returned '0': DEBUGINFOD_URLS=https://debuginfod.ubuntu.com /usr/bin/cmake --install /home/liam-bouffard/Desktop/rob599_mobile_robotics/stage_ws/build/stage
