/home/liam-bouffard/Desktop/rob599_mobile_robotics/pioneer_ws/install/pioneer/lib/python3.12/site-packages/pioneer/send_points.py
/home/liam-bouffard/Desktop/rob599_mobile_robotics/pioneer_ws/install/pioneer/lib/python3.12/site-packages/pioneer/test_vfh.py
/home/liam-bouffard/Desktop/rob599_mobile_robotics/pioneer_ws/install/pioneer/lib/python3.12/site-packages/pioneer/__init__.py
/home/liam-bouffard/Desktop/rob599_mobile_robotics/pioneer_ws/install/pioneer/lib/python3.12/site-packages/pioneer/driver.py
/home/liam-bouffard/Desktop/rob599_mobile_robotics/pioneer_ws/install/pioneer/lib/python3.12/site-packages/pioneer/__pycache__/send_points.cpython-312.pyc
/home/liam-bouffard/Desktop/rob599_mobile_robotics/pioneer_ws/install/pioneer/lib/python3.12/site-packages/pioneer/__pycache__/test_vfh.cpython-312.pyc
/home/liam-bouffard/Desktop/rob599_mobile_robotics/pioneer_ws/install/pioneer/lib/python3.12/site-packages/pioneer/__pycache__/__init__.cpython-312.pyc
/home/liam-bouffard/Desktop/rob599_mobile_robotics/pioneer_ws/install/pioneer/lib/python3.12/site-packages/pioneer/__pycache__/driver.cpython-312.pyc
/home/liam-bouffard/Desktop/rob599_mobile_robotics/pioneer_ws/install/pioneer/share/ament_index/resource_index/packages/pioneer
/home/liam-bouffard/Desktop/rob599_mobile_robotics/pioneer_ws/install/pioneer/share/pioneer/package.xml
/home/liam-bouffard/Desktop/rob599_mobile_robotics/pioneer_ws/install/pioneer/share/pioneer/launch/driver_launch.py
/home/liam-bouffard/Desktop/rob599_mobile_robotics/pioneer_ws/install/pioneer/lib/python3.12/site-packages/pioneer-0.0.0-py3.12.egg-info/requires.txt
/home/liam-bouffard/Desktop/rob599_mobile_robotics/pioneer_ws/install/pioneer/lib/python3.12/site-packages/pioneer-0.0.0-py3.12.egg-info/dependency_links.txt
/home/liam-bouffard/Desktop/rob599_mobile_robotics/pioneer_ws/install/pioneer/lib/python3.12/site-packages/pioneer-0.0.0-py3.12.egg-info/SOURCES.txt
/home/liam-bouffard/Desktop/rob599_mobile_robotics/pioneer_ws/install/pioneer/lib/python3.12/site-packages/pioneer-0.0.0-py3.12.egg-info/entry_points.txt
/home/liam-bouffard/Desktop/rob599_mobile_robotics/pioneer_ws/install/pioneer/lib/python3.12/site-packages/pioneer-0.0.0-py3.12.egg-info/zip-safe
/home/liam-bouffard/Desktop/rob599_mobile_robotics/pioneer_ws/install/pioneer/lib/python3.12/site-packages/pioneer-0.0.0-py3.12.egg-info/PKG-INFO
/home/liam-bouffard/Desktop/rob599_mobile_robotics/pioneer_ws/install/pioneer/lib/python3.12/site-packages/pioneer-0.0.0-py3.12.egg-info/top_level.txt
/home/liam-bouffard/Desktop/rob599_mobile_robotics/pioneer_ws/install/pioneer/lib/pioneer/driver
/home/liam-bouffard/Desktop/rob599_mobile_robotics/pioneer_ws/install/pioneer/lib/pioneer/send_points
