[0.020s] Invoking command in '/home/liam-bouffard/Desktop/rob599_mobile_robotics/ros2_tutorial_py_ws/build/tutorial_interfaces': CMAKE_PREFIX_PATH=${CMAKE_PREFIX_PATH}:/opt/ros/kilted DEBUGINFOD_URLS=https://debuginfod.ubuntu.com /usr/bin/cmake --build /home/liam-bouffard/Desktop/rob599_mobile_robotics/ros2_tutorial_py_ws/build/tutorial_interfaces -- -j32 -l32
[0.067s] -- Found ament_cmake: 2.7.3 (/opt/ros/kilted/share/ament_cmake/cmake)
[0.109s] -- Found Python3: /usr/bin/python3 (found version "3.12.3") found components: Interpreter 
[0.230s] -- Found geometry_msgs: 5.5.1 (/opt/ros/kilted/share/geometry_msgs/cmake)
[0.260s] -- Found rosidl_generator_c: 4.9.5 (/opt/ros/kilted/share/rosidl_generator_c/cmake)
[0.271s] -- Found rosidl_generator_cpp: 4.9.5 (/opt/ros/kilted/share/rosidl_generator_cpp/cmake)
[0.284s] -- Using all available rosidl_typesupport_c: rosidl_typesupport_fastrtps_c;rosidl_typesupport_introspection_c
[0.300s] -- Using all available rosidl_typesupport_cpp: rosidl_typesupport_fastrtps_cpp;rosidl_typesupport_introspection_cpp
[0.351s] -- Found rosidl_default_generators: 1.7.1 (/opt/ros/kilted/share/rosidl_default_generators/cmake)
[0.362s] -- Found rosidl_adapter: 4.9.5 (/opt/ros/kilted/share/rosidl_adapter/cmake)
[0.786s] -- Found ament_cmake_ros_core: 0.14.3 (/opt/ros/kilted/share/ament_cmake_ros_core/cmake)
[1.153s] -- Using all available rosidl_typesupport_c: rosidl_typesupport_fastrtps_c;rosidl_typesupport_introspection_c
[1.296s] -- Using all available rosidl_typesupport_cpp: rosidl_typesupport_fastrtps_cpp;rosidl_typesupport_introspection_cpp
[1.599s] -- Found Python3: /usr/bin/python3 (found version "3.12.3") found components: Interpreter Development NumPy Development.Module Development.Embed 
[1.650s] -- Found ament_lint_auto: 0.19.2 (/opt/ros/kilted/share/ament_lint_auto/cmake)
[1.661s] -- Added test 'lint_cmake' to check CMake code style
[1.662s] -- Added test 'xmllint' to check XML markup files
[1.665s] -- Configuring done (1.6s)
[1.724s] -- Generating done (0.0s)
[1.742s] -- Build files have been written to: /home/liam-bouffard/Desktop/rob599_mobile_robotics/ros2_tutorial_py_ws/build/tutorial_interfaces
[1.789s] [  1%] Built target tutorial_interfaces__rosidl_generator_type_description
[1.803s] [  1%] Built target ament_cmake_python_copy_tutorial_interfaces
[1.821s] [  3%] Built target tutorial_interfaces__cpp
[1.825s] [ 24%] Built target tutorial_interfaces__rosidl_generator_c
[1.861s] [ 33%] Built target tutorial_interfaces__rosidl_typesupport_c
[1.861s] [ 42%] Built target tutorial_interfaces__rosidl_typesupport_introspection_cpp
[1.864s] [ 51%] Built target tutorial_interfaces__rosidl_typesupport_introspection_c
[1.866s] [ 61%] Built target tutorial_interfaces__rosidl_typesupport_fastrtps_cpp
[1.872s] [ 74%] Built target tutorial_interfaces__rosidl_typesupport_fastrtps_c
[1.872s] [ 79%] Built target tutorial_interfaces__rosidl_typesupport_cpp
[1.902s] [ 79%] Built target tutorial_interfaces
[1.937s] [ 81%] Built target tutorial_interfaces__py
[1.973s] [ 88%] Built target tutorial_interfaces__rosidl_generator_py
[2.005s] [ 92%] Built target tutorial_interfaces_s__rosidl_typesupport_introspection_c
[2.009s] [ 96%] Built target tutorial_interfaces_s__rosidl_typesupport_c
[2.010s] [100%] Built target tutorial_interfaces_s__rosidl_typesupport_fastrtps_c
[2.104s] running egg_info
[2.136s] writing tutorial_interfaces.egg-info/PKG-INFO
[2.136s] writing dependency_links to tutorial_interfaces.egg-info/dependency_links.txt
[2.137s] writing top-level names to tutorial_interfaces.egg-info/top_level.txt
[2.226s] reading manifest file 'tutorial_interfaces.egg-info/SOURCES.txt'
[2.228s] writing manifest file 'tutorial_interfaces.egg-info/SOURCES.txt'
[2.265s] [100%] Built target ament_cmake_python_build_tutorial_interfaces_egg
[2.284s] Invoked command in '/home/liam-bouffard/Desktop/rob599_mobile_robotics/ros2_tutorial_py_ws/build/tutorial_interfaces' returned '0': CMAKE_PREFIX_PATH=${CMAKE_PREFIX_PATH}:/opt/ros/kilted DEBUGINFOD_URLS=https://debuginfod.ubuntu.com /usr/bin/cmake --build /home/liam-bouffard/Desktop/rob599_mobile_robotics/ros2_tutorial_py_ws/build/tutorial_interfaces -- -j32 -l32
[2.297s] Invoking command in '/home/liam-bouffard/Desktop/rob599_mobile_robotics/ros2_tutorial_py_ws/build/tutorial_interfaces': CMAKE_PREFIX_PATH=${CMAKE_PREFIX_PATH}:/opt/ros/kilted DEBUGINFOD_URLS=https://debuginfod.ubuntu.com /usr/bin/cmake --install /home/liam-bouffard/Desktop/rob599_mobile_robotics/ros2_tutorial_py_ws/build/tutorial_interfaces
[2.312s] -- Install configuration: ""
[2.312s] -- Up-to-date: /home/liam-bouffard/Desktop/rob599_mobile_robotics/ros2_tutorial_py_ws/install/tutorial_interfaces/share/ament_index/resource_index/rosidl_interfaces/tutorial_interfaces
[2.313s] -- Up-to-date: /home/liam-bouffard/Desktop/rob599_mobile_robotics/ros2_tutorial_py_ws/install/tutorial_interfaces/share/tutorial_interfaces/msg/Num.json
[2.313s] -- Up-to-date: /home/liam-bouffard/Desktop/rob599_mobile_robotics/ros2_tutorial_py_ws/install/tutorial_interfaces/share/tutorial_interfaces/msg/Sphere.json
[2.313s] -- Up-to-date: /home/liam-bouffard/Desktop/rob599_mobile_robotics/ros2_tutorial_py_ws/install/tutorial_interfaces/share/tutorial_interfaces/srv/AddThreeInts.json
[2.313s] -- Up-to-date: /home/liam-bouffard/Desktop/rob599_mobile_robotics/ros2_tutorial_py_ws/install/tutorial_interfaces/include/tutorial_interfaces/tutorial_interfaces
[2.314s] -- Up-to-date: /home/liam-bouffard/Desktop/rob599_mobile_robotics/ros2_tutorial_py_ws/install/tutorial_interfaces/include/tutorial_interfaces/tutorial_interfaces/srv
[2.314s] -- Up-to-date: /home/liam-bouffard/Desktop/rob599_mobile_robotics/ros2_tutorial_py_ws/install/tutorial_interfaces/include/tutorial_interfaces/tutorial_interfaces/srv/detail
[2.314s] -- Up-to-date: /home/liam-bouffard/Desktop/rob599_mobile_robotics/ros2_tutorial_py_ws/install/tutorial_interfaces/include/tutorial_interfaces/tutorial_interfaces/srv/detail/add_three_ints__type_support.c
[2.314s] -- Up-to-date: /home/liam-bouffard/Desktop/rob599_mobile_robotics/ros2_tutorial_py_ws/install/tutorial_interfaces/include/tutorial_interfaces/tutorial_interfaces/srv/detail/add_three_ints__struct.h
[2.314s] -- Up-to-date: /home/liam-bouffard/Desktop/rob599_mobile_robotics/ros2_tutorial_py_ws/install/tutorial_interfaces/include/tutorial_interfaces/tutorial_interfaces/srv/detail/add_three_ints__description.c
[2.315s] -- Up-to-date: /home/liam-bouffard/Desktop/rob599_mobile_robotics/ros2_tutorial_py_ws/install/tutorial_interfaces/include/tutorial_interfaces/tutorial_interfaces/srv/detail/add_three_ints__functions.c
[2.315s] -- Up-to-date: /home/liam-bouffard/Desktop/rob599_mobile_robotics/ros2_tutorial_py_ws/install/tutorial_interfaces/include/tutorial_interfaces/tutorial_interfaces/srv/detail/add_three_ints__type_support.h
[2.315s] -- Up-to-date: /home/liam-bouffard/Desktop/rob599_mobile_robotics/ros2_tutorial_py_ws/install/tutorial_interfaces/include/tutorial_interfaces/tutorial_interfaces/srv/detail/add_three_ints__functions.h
[2.315s] -- Up-to-date: /home/liam-bouffard/Desktop/rob599_mobile_robotics/ros2_tutorial_py_ws/install/tutorial_interfaces/include/tutorial_interfaces/tutorial_interfaces/srv/add_three_ints.h
[2.316s] -- Up-to-date: /home/liam-bouffard/Desktop/rob599_mobile_robotics/ros2_tutorial_py_ws/install/tutorial_interfaces/include/tutorial_interfaces/tutorial_interfaces/msg
[2.316s] -- Up-to-date: /home/liam-bouffard/Desktop/rob599_mobile_robotics/ros2_tutorial_py_ws/install/tutorial_interfaces/include/tutorial_interfaces/tutorial_interfaces/msg/rosidl_generator_c__visibility_control.h
[2.316s] -- Up-to-date: /home/liam-bouffard/Desktop/rob599_mobile_robotics/ros2_tutorial_py_ws/install/tutorial_interfaces/include/tutorial_interfaces/tutorial_interfaces/msg/detail
[2.316s] -- Up-to-date: /home/liam-bouffard/Desktop/rob599_mobile_robotics/ros2_tutorial_py_ws/install/tutorial_interfaces/include/tutorial_interfaces/tutorial_interfaces/msg/detail/num__functions.h
[2.317s] -- Up-to-date: /home/liam-bouffard/Desktop/rob599_mobile_robotics/ros2_tutorial_py_ws/install/tutorial_interfaces/include/tutorial_interfaces/tutorial_interfaces/msg/detail/num__description.c
[2.317s] -- Up-to-date: /home/liam-bouffard/Desktop/rob599_mobile_robotics/ros2_tutorial_py_ws/install/tutorial_interfaces/include/tutorial_interfaces/tutorial_interfaces/msg/detail/num__struct.h
[2.317s] -- Up-to-date: /home/liam-bouffard/Desktop/rob599_mobile_robotics/ros2_tutorial_py_ws/install/tutorial_interfaces/include/tutorial_interfaces/tutorial_interfaces/msg/detail/num__functions.c
[2.317s] -- Up-to-date: /home/liam-bouffard/Desktop/rob599_mobile_robotics/ros2_tutorial_py_ws/install/tutorial_interfaces/include/tutorial_interfaces/tutorial_interfaces/msg/detail/sphere__type_support.h
[2.317s] -- Up-to-date: /home/liam-bouffard/Desktop/rob599_mobile_robotics/ros2_tutorial_py_ws/install/tutorial_interfaces/include/tutorial_interfaces/tutorial_interfaces/msg/detail/sphere__type_support.c
[2.318s] -- Up-to-date: /home/liam-bouffard/Desktop/rob599_mobile_robotics/ros2_tutorial_py_ws/install/tutorial_interfaces/include/tutorial_interfaces/tutorial_interfaces/msg/detail/sphere__description.c
[2.318s] -- Up-to-date: /home/liam-bouffard/Desktop/rob599_mobile_robotics/ros2_tutorial_py_ws/install/tutorial_interfaces/include/tutorial_interfaces/tutorial_interfaces/msg/detail/num__type_support.c
[2.318s] -- Up-to-date: /home/liam-bouffard/Desktop/rob599_mobile_robotics/ros2_tutorial_py_ws/install/tutorial_interfaces/include/tutorial_interfaces/tutorial_interfaces/msg/detail/sphere__functions.h
[2.319s] -- Up-to-date: /home/liam-bouffard/Desktop/rob599_mobile_robotics/ros2_tutorial_py_ws/install/tutorial_interfaces/include/tutorial_interfaces/tutorial_interfaces/msg/detail/num__type_support.h
[2.319s] -- Up-to-date: /home/liam-bouffard/Desktop/rob599_mobile_robotics/ros2_tutorial_py_ws/install/tutorial_interfaces/include/tutorial_interfaces/tutorial_interfaces/msg/detail/sphere__struct.h
[2.319s] -- Up-to-date: /home/liam-bouffard/Desktop/rob599_mobile_robotics/ros2_tutorial_py_ws/install/tutorial_interfaces/include/tutorial_interfaces/tutorial_interfaces/msg/detail/sphere__functions.c
[2.319s] -- Up-to-date: /home/liam-bouffard/Desktop/rob599_mobile_robotics/ros2_tutorial_py_ws/install/tutorial_interfaces/include/tutorial_interfaces/tutorial_interfaces/msg/sphere.h
[2.319s] -- Up-to-date: /home/liam-bouffard/Desktop/rob599_mobile_robotics/ros2_tutorial_py_ws/install/tutorial_interfaces/include/tutorial_interfaces/tutorial_interfaces/msg/num.h
[2.319s] -- Up-to-date: /home/liam-bouffard/Desktop/rob599_mobile_robotics/ros2_tutorial_py_ws/install/tutorial_interfaces/share/tutorial_interfaces/environment/library_path.sh
[2.320s] -- Up-to-date: /home/liam-bouffard/Desktop/rob599_mobile_robotics/ros2_tutorial_py_ws/install/tutorial_interfaces/share/tutorial_interfaces/environment/library_path.dsv
[2.320s] -- Up-to-date: /home/liam-bouffard/Desktop/rob599_mobile_robotics/ros2_tutorial_py_ws/install/tutorial_interfaces/lib/libtutorial_interfaces__rosidl_generator_c.so
[2.320s] -- Up-to-date: /home/liam-bouffard/Desktop/rob599_mobile_robotics/ros2_tutorial_py_ws/install/tutorial_interfaces/include/tutorial_interfaces/tutorial_interfaces
[2.320s] -- Up-to-date: /home/liam-bouffard/Desktop/rob599_mobile_robotics/ros2_tutorial_py_ws/install/tutorial_interfaces/include/tutorial_interfaces/tutorial_interfaces/srv
[2.320s] -- Up-to-date: /home/liam-bouffard/Desktop/rob599_mobile_robotics/ros2_tutorial_py_ws/install/tutorial_interfaces/include/tutorial_interfaces/tutorial_interfaces/srv/detail
[2.320s] -- Up-to-date: /home/liam-bouffard/Desktop/rob599_mobile_robotics/ros2_tutorial_py_ws/install/tutorial_interfaces/include/tutorial_interfaces/tutorial_interfaces/srv/detail/add_three_ints__rosidl_typesupport_fastrtps_c.h
[2.321s] -- Up-to-date: /home/liam-bouffard/Desktop/rob599_mobile_robotics/ros2_tutorial_py_ws/install/tutorial_interfaces/include/tutorial_interfaces/tutorial_interfaces/msg
[2.321s] -- Up-to-date: /home/liam-bouffard/Desktop/rob599_mobile_robotics/ros2_tutorial_py_ws/install/tutorial_interfaces/include/tutorial_interfaces/tutorial_interfaces/msg/rosidl_typesupport_fastrtps_c__visibility_control.h
[2.321s] -- Up-to-date: /home/liam-bouffard/Desktop/rob599_mobile_robotics/ros2_tutorial_py_ws/install/tutorial_interfaces/include/tutorial_interfaces/tutorial_interfaces/msg/detail
[2.321s] -- Up-to-date: /home/liam-bouffard/Desktop/rob599_mobile_robotics/ros2_tutorial_py_ws/install/tutorial_interfaces/include/tutorial_interfaces/tutorial_interfaces/msg/detail/num__rosidl_typesupport_fastrtps_c.h
[2.321s] -- Up-to-date: /home/liam-bouffard/Desktop/rob599_mobile_robotics/ros2_tutorial_py_ws/install/tutorial_interfaces/include/tutorial_interfaces/tutorial_interfaces/msg/detail/sphere__rosidl_typesupport_fastrtps_c.h
[2.321s] -- Up-to-date: /home/liam-bouffard/Desktop/rob599_mobile_robotics/ros2_tutorial_py_ws/install/tutorial_interfaces/lib/libtutorial_interfaces__rosidl_typesupport_fastrtps_c.so
[2.322s] -- Up-to-date: /home/liam-bouffard/Desktop/rob599_mobile_robotics/ros2_tutorial_py_ws/install/tutorial_interfaces/include/tutorial_interfaces/tutorial_interfaces
[2.322s] -- Up-to-date: /home/liam-bouffard/Desktop/rob599_mobile_robotics/ros2_tutorial_py_ws/install/tutorial_interfaces/include/tutorial_interfaces/tutorial_interfaces/srv
[2.322s] -- Up-to-date: /home/liam-bouffard/Desktop/rob599_mobile_robotics/ros2_tutorial_py_ws/install/tutorial_interfaces/include/tutorial_interfaces/tutorial_interfaces/srv/detail
[2.322s] -- Up-to-date: /home/liam-bouffard/Desktop/rob599_mobile_robotics/ros2_tutorial_py_ws/install/tutorial_interfaces/include/tutorial_interfaces/tutorial_interfaces/srv/detail/add_three_ints__struct.hpp
[2.322s] -- Up-to-date: /home/liam-bouffard/Desktop/rob599_mobile_robotics/ros2_tutorial_py_ws/install/tutorial_interfaces/include/tutorial_interfaces/tutorial_interfaces/srv/detail/add_three_ints__type_support.hpp
[2.322s] -- Up-to-date: /home/liam-bouffard/Desktop/rob599_mobile_robotics/ros2_tutorial_py_ws/install/tutorial_interfaces/include/tutorial_interfaces/tutorial_interfaces/srv/detail/add_three_ints__builder.hpp
[2.323s] -- Up-to-date: /home/liam-bouffard/Desktop/rob599_mobile_robotics/ros2_tutorial_py_ws/install/tutorial_interfaces/include/tutorial_interfaces/tutorial_interfaces/srv/detail/add_three_ints__traits.hpp
[2.323s] -- Up-to-date: /home/liam-bouffard/Desktop/rob599_mobile_robotics/ros2_tutorial_py_ws/install/tutorial_interfaces/include/tutorial_interfaces/tutorial_interfaces/srv/add_three_ints.hpp
[2.323s] -- Up-to-date: /home/liam-bouffard/Desktop/rob599_mobile_robotics/ros2_tutorial_py_ws/install/tutorial_interfaces/include/tutorial_interfaces/tutorial_interfaces/msg
[2.323s] -- Up-to-date: /home/liam-bouffard/Desktop/rob599_mobile_robotics/ros2_tutorial_py_ws/install/tutorial_interfaces/include/tutorial_interfaces/tutorial_interfaces/msg/rosidl_generator_cpp__visibility_control.hpp
[2.323s] -- Up-to-date: /home/liam-bouffard/Desktop/rob599_mobile_robotics/ros2_tutorial_py_ws/install/tutorial_interfaces/include/tutorial_interfaces/tutorial_interfaces/msg/sphere.hpp
[2.323s] -- Up-to-date: /home/liam-bouffard/Desktop/rob599_mobile_robotics/ros2_tutorial_py_ws/install/tutorial_interfaces/include/tutorial_interfaces/tutorial_interfaces/msg/num.hpp
[2.323s] -- Up-to-date: /home/liam-bouffard/Desktop/rob599_mobile_robotics/ros2_tutorial_py_ws/install/tutorial_interfaces/include/tutorial_interfaces/tutorial_interfaces/msg/detail
[2.324s] -- Up-to-date: /home/liam-bouffard/Desktop/rob599_mobile_robotics/ros2_tutorial_py_ws/install/tutorial_interfaces/include/tutorial_interfaces/tutorial_interfaces/msg/detail/num__builder.hpp
[2.324s] -- Up-to-date: /home/liam-bouffard/Desktop/rob599_mobile_robotics/ros2_tutorial_py_ws/install/tutorial_interfaces/include/tutorial_interfaces/tutorial_interfaces/msg/detail/num__type_support.hpp
[2.324s] -- Up-to-date: /home/liam-bouffard/Desktop/rob599_mobile_robotics/ros2_tutorial_py_ws/install/tutorial_interfaces/include/tutorial_interfaces/tutorial_interfaces/msg/detail/num__struct.hpp
[2.324s] -- Up-to-date: /home/liam-bouffard/Desktop/rob599_mobile_robotics/ros2_tutorial_py_ws/install/tutorial_interfaces/include/tutorial_interfaces/tutorial_interfaces/msg/detail/num__traits.hpp
[2.324s] -- Up-to-date: /home/liam-bouffard/Desktop/rob599_mobile_robotics/ros2_tutorial_py_ws/install/tutorial_interfaces/include/tutorial_interfaces/tutorial_interfaces/msg/detail/sphere__builder.hpp
[2.324s] -- Up-to-date: /home/liam-bouffard/Desktop/rob599_mobile_robotics/ros2_tutorial_py_ws/install/tutorial_interfaces/include/tutorial_interfaces/tutorial_interfaces/msg/detail/sphere__struct.hpp
[2.325s] -- Up-to-date: /home/liam-bouffard/Desktop/rob599_mobile_robotics/ros2_tutorial_py_ws/install/tutorial_interfaces/include/tutorial_interfaces/tutorial_interfaces/msg/detail/sphere__type_support.hpp
[2.325s] -- Up-to-date: /home/liam-bouffard/Desktop/rob599_mobile_robotics/ros2_tutorial_py_ws/install/tutorial_interfaces/include/tutorial_interfaces/tutorial_interfaces/msg/detail/sphere__traits.hpp
[2.325s] -- Up-to-date: /home/liam-bouffard/Desktop/rob599_mobile_robotics/ros2_tutorial_py_ws/install/tutorial_interfaces/include/tutorial_interfaces/tutorial_interfaces
[2.325s] -- Up-to-date: /home/liam-bouffard/Desktop/rob599_mobile_robotics/ros2_tutorial_py_ws/install/tutorial_interfaces/include/tutorial_interfaces/tutorial_interfaces/srv
[2.325s] -- Up-to-date: /home/liam-bouffard/Desktop/rob599_mobile_robotics/ros2_tutorial_py_ws/install/tutorial_interfaces/include/tutorial_interfaces/tutorial_interfaces/srv/detail
[2.325s] -- Up-to-date: /home/liam-bouffard/Desktop/rob599_mobile_robotics/ros2_tutorial_py_ws/install/tutorial_interfaces/include/tutorial_interfaces/tutorial_interfaces/srv/detail/add_three_ints__rosidl_typesupport_fastrtps_cpp.hpp
[2.325s] -- Up-to-date: /home/liam-bouffard/Desktop/rob599_mobile_robotics/ros2_tutorial_py_ws/install/tutorial_interfaces/include/tutorial_interfaces/tutorial_interfaces/srv/detail/dds_fastrtps
[2.326s] -- Up-to-date: /home/liam-bouffard/Desktop/rob599_mobile_robotics/ros2_tutorial_py_ws/install/tutorial_interfaces/include/tutorial_interfaces/tutorial_interfaces/msg
[2.326s] -- Up-to-date: /home/liam-bouffard/Desktop/rob599_mobile_robotics/ros2_tutorial_py_ws/install/tutorial_interfaces/include/tutorial_interfaces/tutorial_interfaces/msg/detail
[2.326s] -- Up-to-date: /home/liam-bouffard/Desktop/rob599_mobile_robotics/ros2_tutorial_py_ws/install/tutorial_interfaces/include/tutorial_interfaces/tutorial_interfaces/msg/detail/num__rosidl_typesupport_fastrtps_cpp.hpp
[2.326s] -- Up-to-date: /home/liam-bouffard/Desktop/rob599_mobile_robotics/ros2_tutorial_py_ws/install/tutorial_interfaces/include/tutorial_interfaces/tutorial_interfaces/msg/detail/sphere__rosidl_typesupport_fastrtps_cpp.hpp
[2.326s] -- Up-to-date: /home/liam-bouffard/Desktop/rob599_mobile_robotics/ros2_tutorial_py_ws/install/tutorial_interfaces/include/tutorial_interfaces/tutorial_interfaces/msg/detail/dds_fastrtps
[2.326s] -- Up-to-date: /home/liam-bouffard/Desktop/rob599_mobile_robotics/ros2_tutorial_py_ws/install/tutorial_interfaces/include/tutorial_interfaces/tutorial_interfaces/msg/rosidl_typesupport_fastrtps_cpp__visibility_control.h
[2.326s] -- Up-to-date: /home/liam-bouffard/Desktop/rob599_mobile_robotics/ros2_tutorial_py_ws/install/tutorial_interfaces/lib/libtutorial_interfaces__rosidl_typesupport_fastrtps_cpp.so
[2.327s] -- Up-to-date: /home/liam-bouffard/Desktop/rob599_mobile_robotics/ros2_tutorial_py_ws/install/tutorial_interfaces/include/tutorial_interfaces/tutorial_interfaces
[2.327s] -- Up-to-date: /home/liam-bouffard/Desktop/rob599_mobile_robotics/ros2_tutorial_py_ws/install/tutorial_interfaces/include/tutorial_interfaces/tutorial_interfaces/srv
[2.327s] -- Up-to-date: /home/liam-bouffard/Desktop/rob599_mobile_robotics/ros2_tutorial_py_ws/install/tutorial_interfaces/include/tutorial_interfaces/tutorial_interfaces/srv/detail
[2.327s] -- Up-to-date: /home/liam-bouffard/Desktop/rob599_mobile_robotics/ros2_tutorial_py_ws/install/tutorial_interfaces/include/tutorial_interfaces/tutorial_interfaces/srv/detail/add_three_ints__rosidl_typesupport_introspection_c.h
[2.327s] -- Up-to-date: /home/liam-bouffard/Desktop/rob599_mobile_robotics/ros2_tutorial_py_ws/install/tutorial_interfaces/include/tutorial_interfaces/tutorial_interfaces/srv/detail/add_three_ints__type_support.c
[2.327s] -- Up-to-date: /home/liam-bouffard/Desktop/rob599_mobile_robotics/ros2_tutorial_py_ws/install/tutorial_interfaces/include/tutorial_interfaces/tutorial_interfaces/msg
[2.328s] -- Up-to-date: /home/liam-bouffard/Desktop/rob599_mobile_robotics/ros2_tutorial_py_ws/install/tutorial_interfaces/include/tutorial_interfaces/tutorial_interfaces/msg/detail
[2.328s] -- Up-to-date: /home/liam-bouffard/Desktop/rob599_mobile_robotics/ros2_tutorial_py_ws/install/tutorial_interfaces/include/tutorial_interfaces/tutorial_interfaces/msg/detail/sphere__rosidl_typesupport_introspection_c.h
[2.328s] -- Up-to-date: /home/liam-bouffard/Desktop/rob599_mobile_robotics/ros2_tutorial_py_ws/install/tutorial_interfaces/include/tutorial_interfaces/tutorial_interfaces/msg/detail/num__rosidl_typesupport_introspection_c.h
[2.328s] -- Up-to-date: /home/liam-bouffard/Desktop/rob599_mobile_robotics/ros2_tutorial_py_ws/install/tutorial_interfaces/include/tutorial_interfaces/tutorial_interfaces/msg/detail/sphere__type_support.c
[2.328s] -- Up-to-date: /home/liam-bouffard/Desktop/rob599_mobile_robotics/ros2_tutorial_py_ws/install/tutorial_interfaces/include/tutorial_interfaces/tutorial_interfaces/msg/detail/num__type_support.c
[2.328s] -- Up-to-date: /home/liam-bouffard/Desktop/rob599_mobile_robotics/ros2_tutorial_py_ws/install/tutorial_interfaces/include/tutorial_interfaces/tutorial_interfaces/msg/rosidl_typesupport_introspection_c__visibility_control.h
[2.328s] -- Up-to-date: /home/liam-bouffard/Desktop/rob599_mobile_robotics/ros2_tutorial_py_ws/install/tutorial_interfaces/lib/libtutorial_interfaces__rosidl_typesupport_introspection_c.so
[2.329s] -- Up-to-date: /home/liam-bouffard/Desktop/rob599_mobile_robotics/ros2_tutorial_py_ws/install/tutorial_interfaces/lib/libtutorial_interfaces__rosidl_typesupport_c.so
[2.329s] -- Up-to-date: /home/liam-bouffard/Desktop/rob599_mobile_robotics/ros2_tutorial_py_ws/install/tutorial_interfaces/include/tutorial_interfaces/tutorial_interfaces
[2.329s] -- Up-to-date: /home/liam-bouffard/Desktop/rob599_mobile_robotics/ros2_tutorial_py_ws/install/tutorial_interfaces/include/tutorial_interfaces/tutorial_interfaces/srv
[2.329s] -- Up-to-date: /home/liam-bouffard/Desktop/rob599_mobile_robotics/ros2_tutorial_py_ws/install/tutorial_interfaces/include/tutorial_interfaces/tutorial_interfaces/srv/detail
[2.329s] -- Up-to-date: /home/liam-bouffard/Desktop/rob599_mobile_robotics/ros2_tutorial_py_ws/install/tutorial_interfaces/include/tutorial_interfaces/tutorial_interfaces/srv/detail/add_three_ints__rosidl_typesupport_introspection_cpp.hpp
[2.329s] -- Up-to-date: /home/liam-bouffard/Desktop/rob599_mobile_robotics/ros2_tutorial_py_ws/install/tutorial_interfaces/include/tutorial_interfaces/tutorial_interfaces/srv/detail/add_three_ints__type_support.cpp
[2.329s] -- Up-to-date: /home/liam-bouffard/Desktop/rob599_mobile_robotics/ros2_tutorial_py_ws/install/tutorial_interfaces/include/tutorial_interfaces/tutorial_interfaces/msg
[2.330s] -- Up-to-date: /home/liam-bouffard/Desktop/rob599_mobile_robotics/ros2_tutorial_py_ws/install/tutorial_interfaces/include/tutorial_interfaces/tutorial_interfaces/msg/detail
[2.330s] -- Up-to-date: /home/liam-bouffard/Desktop/rob599_mobile_robotics/ros2_tutorial_py_ws/install/tutorial_interfaces/include/tutorial_interfaces/tutorial_interfaces/msg/detail/sphere__rosidl_typesupport_introspection_cpp.hpp
[2.330s] -- Up-to-date: /home/liam-bouffard/Desktop/rob599_mobile_robotics/ros2_tutorial_py_ws/install/tutorial_interfaces/include/tutorial_interfaces/tutorial_interfaces/msg/detail/num__rosidl_typesupport_introspection_cpp.hpp
[2.330s] -- Up-to-date: /home/liam-bouffard/Desktop/rob599_mobile_robotics/ros2_tutorial_py_ws/install/tutorial_interfaces/include/tutorial_interfaces/tutorial_interfaces/msg/detail/sphere__type_support.cpp
[2.330s] -- Up-to-date: /home/liam-bouffard/Desktop/rob599_mobile_robotics/ros2_tutorial_py_ws/install/tutorial_interfaces/include/tutorial_interfaces/tutorial_interfaces/msg/detail/num__type_support.cpp
[2.330s] -- Up-to-date: /home/liam-bouffard/Desktop/rob599_mobile_robotics/ros2_tutorial_py_ws/install/tutorial_interfaces/lib/libtutorial_interfaces__rosidl_typesupport_introspection_cpp.so
[2.330s] -- Up-to-date: /home/liam-bouffard/Desktop/rob599_mobile_robotics/ros2_tutorial_py_ws/install/tutorial_interfaces/lib/libtutorial_interfaces__rosidl_typesupport_cpp.so
[2.331s] -- Up-to-date: /home/liam-bouffard/Desktop/rob599_mobile_robotics/ros2_tutorial_py_ws/install/tutorial_interfaces/share/tutorial_interfaces/environment/pythonpath.sh
[2.331s] -- Up-to-date: /home/liam-bouffard/Desktop/rob599_mobile_robotics/ros2_tutorial_py_ws/install/tutorial_interfaces/share/tutorial_interfaces/environment/pythonpath.dsv
[2.331s] -- Up-to-date: /home/liam-bouffard/Desktop/rob599_mobile_robotics/ros2_tutorial_py_ws/install/tutorial_interfaces/lib/python3.12/site-packages/tutorial_interfaces-0.0.0-py3.12.egg-info
[2.331s] -- Installing: /home/liam-bouffard/Desktop/rob599_mobile_robotics/ros2_tutorial_py_ws/install/tutorial_interfaces/lib/python3.12/site-packages/tutorial_interfaces-0.0.0-py3.12.egg-info/dependency_links.txt
[2.331s] -- Installing: /home/liam-bouffard/Desktop/rob599_mobile_robotics/ros2_tutorial_py_ws/install/tutorial_interfaces/lib/python3.12/site-packages/tutorial_interfaces-0.0.0-py3.12.egg-info/SOURCES.txt
[2.331s] -- Installing: /home/liam-bouffard/Desktop/rob599_mobile_robotics/ros2_tutorial_py_ws/install/tutorial_interfaces/lib/python3.12/site-packages/tutorial_interfaces-0.0.0-py3.12.egg-info/PKG-INFO
[2.331s] -- Installing: /home/liam-bouffard/Desktop/rob599_mobile_robotics/ros2_tutorial_py_ws/install/tutorial_interfaces/lib/python3.12/site-packages/tutorial_interfaces-0.0.0-py3.12.egg-info/top_level.txt
[2.332s] -- Up-to-date: /home/liam-bouffard/Desktop/rob599_mobile_robotics/ros2_tutorial_py_ws/install/tutorial_interfaces/lib/python3.12/site-packages/tutorial_interfaces
[2.332s] -- Up-to-date: /home/liam-bouffard/Desktop/rob599_mobile_robotics/ros2_tutorial_py_ws/install/tutorial_interfaces/lib/python3.12/site-packages/tutorial_interfaces/_tutorial_interfaces_s.ep.rosidl_typesupport_introspection_c.c
[2.332s] -- Up-to-date: /home/liam-bouffard/Desktop/rob599_mobile_robotics/ros2_tutorial_py_ws/install/tutorial_interfaces/lib/python3.12/site-packages/tutorial_interfaces/_tutorial_interfaces_s.ep.rosidl_typesupport_c.c
[2.332s] -- Up-to-date: /home/liam-bouffard/Desktop/rob599_mobile_robotics/ros2_tutorial_py_ws/install/tutorial_interfaces/lib/python3.12/site-packages/tutorial_interfaces/srv
[2.332s] -- Up-to-date: /home/liam-bouffard/Desktop/rob599_mobile_robotics/ros2_tutorial_py_ws/install/tutorial_interfaces/lib/python3.12/site-packages/tutorial_interfaces/srv/__init__.py
[2.332s] -- Up-to-date: /home/liam-bouffard/Desktop/rob599_mobile_robotics/ros2_tutorial_py_ws/install/tutorial_interfaces/lib/python3.12/site-packages/tutorial_interfaces/srv/_add_three_ints.py
[2.332s] -- Up-to-date: /home/liam-bouffard/Desktop/rob599_mobile_robotics/ros2_tutorial_py_ws/install/tutorial_interfaces/lib/python3.12/site-packages/tutorial_interfaces/srv/_add_three_ints_s.c
[2.333s] -- Up-to-date: /home/liam-bouffard/Desktop/rob599_mobile_robotics/ros2_tutorial_py_ws/install/tutorial_interfaces/lib/python3.12/site-packages/tutorial_interfaces/tutorial_interfaces_s__rosidl_typesupport_introspection_c.so
[2.333s] -- Up-to-date: /home/liam-bouffard/Desktop/rob599_mobile_robotics/ros2_tutorial_py_ws/install/tutorial_interfaces/lib/python3.12/site-packages/tutorial_interfaces/msg
[2.333s] -- Up-to-date: /home/liam-bouffard/Desktop/rob599_mobile_robotics/ros2_tutorial_py_ws/install/tutorial_interfaces/lib/python3.12/site-packages/tutorial_interfaces/msg/_sphere.py
[2.333s] -- Up-to-date: /home/liam-bouffard/Desktop/rob599_mobile_robotics/ros2_tutorial_py_ws/install/tutorial_interfaces/lib/python3.12/site-packages/tutorial_interfaces/msg/_sphere_s.c
[2.333s] -- Up-to-date: /home/liam-bouffard/Desktop/rob599_mobile_robotics/ros2_tutorial_py_ws/install/tutorial_interfaces/lib/python3.12/site-packages/tutorial_interfaces/msg/_num_s.c
[2.333s] -- Up-to-date: /home/liam-bouffard/Desktop/rob599_mobile_robotics/ros2_tutorial_py_ws/install/tutorial_interfaces/lib/python3.12/site-packages/tutorial_interfaces/msg/_num.py
[2.333s] -- Up-to-date: /home/liam-bouffard/Desktop/rob599_mobile_robotics/ros2_tutorial_py_ws/install/tutorial_interfaces/lib/python3.12/site-packages/tutorial_interfaces/msg/__init__.py
[2.334s] -- Installing: /home/liam-bouffard/Desktop/rob599_mobile_robotics/ros2_tutorial_py_ws/install/tutorial_interfaces/lib/python3.12/site-packages/tutorial_interfaces/__init__.py
[2.334s] -- Up-to-date: /home/liam-bouffard/Desktop/rob599_mobile_robotics/ros2_tutorial_py_ws/install/tutorial_interfaces/lib/python3.12/site-packages/tutorial_interfaces/_tutorial_interfaces_s.ep.rosidl_typesupport_fastrtps_c.c
[2.334s] -- Up-to-date: /home/liam-bouffard/Desktop/rob599_mobile_robotics/ros2_tutorial_py_ws/install/tutorial_interfaces/lib/python3.12/site-packages/tutorial_interfaces/tutorial_interfaces_s__rosidl_typesupport_fastrtps_c.so
[2.334s] -- Up-to-date: /home/liam-bouffard/Desktop/rob599_mobile_robotics/ros2_tutorial_py_ws/install/tutorial_interfaces/lib/python3.12/site-packages/tutorial_interfaces/tutorial_interfaces_s__rosidl_typesupport_c.so
[2.369s] Listing '/home/liam-bouffard/Desktop/rob599_mobile_robotics/ros2_tutorial_py_ws/install/tutorial_interfaces/lib/python3.12/site-packages/tutorial_interfaces'...
[2.370s] Compiling '/home/liam-bouffard/Desktop/rob599_mobile_robotics/ros2_tutorial_py_ws/install/tutorial_interfaces/lib/python3.12/site-packages/tutorial_interfaces/__init__.py'...
[2.370s] Listing '/home/liam-bouffard/Desktop/rob599_mobile_robotics/ros2_tutorial_py_ws/install/tutorial_interfaces/lib/python3.12/site-packages/tutorial_interfaces/msg'...
[2.370s] Listing '/home/liam-bouffard/Desktop/rob599_mobile_robotics/ros2_tutorial_py_ws/install/tutorial_interfaces/lib/python3.12/site-packages/tutorial_interfaces/srv'...
[2.377s] -- Up-to-date: /home/liam-bouffard/Desktop/rob599_mobile_robotics/ros2_tutorial_py_ws/install/tutorial_interfaces/lib/python3.12/site-packages/tutorial_interfaces/tutorial_interfaces_s__rosidl_typesupport_fastrtps_c.so
[2.377s] -- Up-to-date: /home/liam-bouffard/Desktop/rob599_mobile_robotics/ros2_tutorial_py_ws/install/tutorial_interfaces/lib/python3.12/site-packages/tutorial_interfaces/tutorial_interfaces_s__rosidl_typesupport_introspection_c.so
[2.377s] -- Up-to-date: /home/liam-bouffard/Desktop/rob599_mobile_robotics/ros2_tutorial_py_ws/install/tutorial_interfaces/lib/python3.12/site-packages/tutorial_interfaces/tutorial_interfaces_s__rosidl_typesupport_c.so
[2.377s] -- Up-to-date: /home/liam-bouffard/Desktop/rob599_mobile_robotics/ros2_tutorial_py_ws/install/tutorial_interfaces/lib/libtutorial_interfaces__rosidl_generator_py.so
[2.378s] -- Up-to-date: /home/liam-bouffard/Desktop/rob599_mobile_robotics/ros2_tutorial_py_ws/install/tutorial_interfaces/share/tutorial_interfaces/msg/Num.idl
[2.378s] -- Up-to-date: /home/liam-bouffard/Desktop/rob599_mobile_robotics/ros2_tutorial_py_ws/install/tutorial_interfaces/share/tutorial_interfaces/msg/Sphere.idl
[2.378s] -- Up-to-date: /home/liam-bouffard/Desktop/rob599_mobile_robotics/ros2_tutorial_py_ws/install/tutorial_interfaces/share/tutorial_interfaces/srv/AddThreeInts.idl
[2.378s] -- Up-to-date: /home/liam-bouffard/Desktop/rob599_mobile_robotics/ros2_tutorial_py_ws/install/tutorial_interfaces/share/tutorial_interfaces/msg/Num.msg
[2.379s] -- Up-to-date: /home/liam-bouffard/Desktop/rob599_mobile_robotics/ros2_tutorial_py_ws/install/tutorial_interfaces/share/tutorial_interfaces/msg/Sphere.msg
[2.379s] -- Up-to-date: /home/liam-bouffard/Desktop/rob599_mobile_robotics/ros2_tutorial_py_ws/install/tutorial_interfaces/share/tutorial_interfaces/srv/AddThreeInts.srv
[2.379s] -- Up-to-date: /home/liam-bouffard/Desktop/rob599_mobile_robotics/ros2_tutorial_py_ws/install/tutorial_interfaces/share/ament_index/resource_index/package_run_dependencies/tutorial_interfaces
[2.379s] -- Installing: /home/liam-bouffard/Desktop/rob599_mobile_robotics/ros2_tutorial_py_ws/install/tutorial_interfaces/share/ament_index/resource_index/parent_prefix_path/tutorial_interfaces
[2.380s] -- Up-to-date: /home/liam-bouffard/Desktop/rob599_mobile_robotics/ros2_tutorial_py_ws/install/tutorial_interfaces/share/tutorial_interfaces/environment/ament_prefix_path.sh
[2.380s] -- Up-to-date: /home/liam-bouffard/Desktop/rob599_mobile_robotics/ros2_tutorial_py_ws/install/tutorial_interfaces/share/tutorial_interfaces/environment/ament_prefix_path.dsv
[2.380s] -- Up-to-date: /home/liam-bouffard/Desktop/rob599_mobile_robotics/ros2_tutorial_py_ws/install/tutorial_interfaces/share/tutorial_interfaces/environment/path.sh
[2.380s] -- Up-to-date: /home/liam-bouffard/Desktop/rob599_mobile_robotics/ros2_tutorial_py_ws/install/tutorial_interfaces/share/tutorial_interfaces/environment/path.dsv
[2.380s] -- Up-to-date: /home/liam-bouffard/Desktop/rob599_mobile_robotics/ros2_tutorial_py_ws/install/tutorial_interfaces/share/tutorial_interfaces/local_setup.bash
[2.381s] -- Up-to-date: /home/liam-bouffard/Desktop/rob599_mobile_robotics/ros2_tutorial_py_ws/install/tutorial_interfaces/share/tutorial_interfaces/local_setup.sh
[2.381s] -- Up-to-date: /home/liam-bouffard/Desktop/rob599_mobile_robotics/ros2_tutorial_py_ws/install/tutorial_interfaces/share/tutorial_interfaces/local_setup.zsh
[2.381s] -- Up-to-date: /home/liam-bouffard/Desktop/rob599_mobile_robotics/ros2_tutorial_py_ws/install/tutorial_interfaces/share/tutorial_interfaces/local_setup.dsv
[2.381s] -- Installing: /home/liam-bouffard/Desktop/rob599_mobile_robotics/ros2_tutorial_py_ws/install/tutorial_interfaces/share/tutorial_interfaces/package.dsv
[2.381s] -- Up-to-date: /home/liam-bouffard/Desktop/rob599_mobile_robotics/ros2_tutorial_py_ws/install/tutorial_interfaces/share/ament_index/resource_index/packages/tutorial_interfaces
[2.381s] -- Up-to-date: /home/liam-bouffard/Desktop/rob599_mobile_robotics/ros2_tutorial_py_ws/install/tutorial_interfaces/share/tutorial_interfaces/cmake/export_tutorial_interfaces__rosidl_generator_cExport.cmake
[2.381s] -- Up-to-date: /home/liam-bouffard/Desktop/rob599_mobile_robotics/ros2_tutorial_py_ws/install/tutorial_interfaces/share/tutorial_interfaces/cmake/export_tutorial_interfaces__rosidl_generator_cExport-noconfig.cmake
[2.381s] -- Up-to-date: /home/liam-bouffard/Desktop/rob599_mobile_robotics/ros2_tutorial_py_ws/install/tutorial_interfaces/share/tutorial_interfaces/cmake/export_tutorial_interfaces__rosidl_typesupport_fastrtps_cExport.cmake
[2.382s] -- Up-to-date: /home/liam-bouffard/Desktop/rob599_mobile_robotics/ros2_tutorial_py_ws/install/tutorial_interfaces/share/tutorial_interfaces/cmake/export_tutorial_interfaces__rosidl_typesupport_fastrtps_cExport-noconfig.cmake
[2.382s] -- Up-to-date: /home/liam-bouffard/Desktop/rob599_mobile_robotics/ros2_tutorial_py_ws/install/tutorial_interfaces/share/tutorial_interfaces/cmake/export_tutorial_interfaces__rosidl_generator_cppExport.cmake
[2.382s] -- Up-to-date: /home/liam-bouffard/Desktop/rob599_mobile_robotics/ros2_tutorial_py_ws/install/tutorial_interfaces/share/tutorial_interfaces/cmake/export_tutorial_interfaces__rosidl_typesupport_fastrtps_cppExport.cmake
[2.382s] -- Up-to-date: /home/liam-bouffard/Desktop/rob599_mobile_robotics/ros2_tutorial_py_ws/install/tutorial_interfaces/share/tutorial_interfaces/cmake/export_tutorial_interfaces__rosidl_typesupport_fastrtps_cppExport-noconfig.cmake
[2.382s] -- Up-to-date: /home/liam-bouffard/Desktop/rob599_mobile_robotics/ros2_tutorial_py_ws/install/tutorial_interfaces/share/tutorial_interfaces/cmake/tutorial_interfaces__rosidl_typesupport_introspection_cExport.cmake
[2.382s] -- Up-to-date: /home/liam-bouffard/Desktop/rob599_mobile_robotics/ros2_tutorial_py_ws/install/tutorial_interfaces/share/tutorial_interfaces/cmake/tutorial_interfaces__rosidl_typesupport_introspection_cExport-noconfig.cmake
[2.382s] -- Up-to-date: /home/liam-bouffard/Desktop/rob599_mobile_robotics/ros2_tutorial_py_ws/install/tutorial_interfaces/share/tutorial_interfaces/cmake/tutorial_interfaces__rosidl_typesupport_cExport.cmake
[2.382s] -- Up-to-date: /home/liam-bouffard/Desktop/rob599_mobile_robotics/ros2_tutorial_py_ws/install/tutorial_interfaces/share/tutorial_interfaces/cmake/tutorial_interfaces__rosidl_typesupport_cExport-noconfig.cmake
[2.382s] -- Up-to-date: /home/liam-bouffard/Desktop/rob599_mobile_robotics/ros2_tutorial_py_ws/install/tutorial_interfaces/share/tutorial_interfaces/cmake/tutorial_interfaces__rosidl_typesupport_introspection_cppExport.cmake
[2.383s] -- Up-to-date: /home/liam-bouffard/Desktop/rob599_mobile_robotics/ros2_tutorial_py_ws/install/tutorial_interfaces/share/tutorial_interfaces/cmake/tutorial_interfaces__rosidl_typesupport_introspection_cppExport-noconfig.cmake
[2.383s] -- Up-to-date: /home/liam-bouffard/Desktop/rob599_mobile_robotics/ros2_tutorial_py_ws/install/tutorial_interfaces/share/tutorial_interfaces/cmake/tutorial_interfaces__rosidl_typesupport_cppExport.cmake
[2.383s] -- Up-to-date: /home/liam-bouffard/Desktop/rob599_mobile_robotics/ros2_tutorial_py_ws/install/tutorial_interfaces/share/tutorial_interfaces/cmake/tutorial_interfaces__rosidl_typesupport_cppExport-noconfig.cmake
[2.383s] -- Up-to-date: /home/liam-bouffard/Desktop/rob599_mobile_robotics/ros2_tutorial_py_ws/install/tutorial_interfaces/share/tutorial_interfaces/cmake/export_tutorial_interfaces__rosidl_generator_pyExport.cmake
[2.383s] -- Up-to-date: /home/liam-bouffard/Desktop/rob599_mobile_robotics/ros2_tutorial_py_ws/install/tutorial_interfaces/share/tutorial_interfaces/cmake/export_tutorial_interfaces__rosidl_generator_pyExport-noconfig.cmake
[2.383s] -- Up-to-date: /home/liam-bouffard/Desktop/rob599_mobile_robotics/ros2_tutorial_py_ws/install/tutorial_interfaces/share/tutorial_interfaces/cmake/rosidl_cmake-extras.cmake
[2.383s] -- Up-to-date: /home/liam-bouffard/Desktop/rob599_mobile_robotics/ros2_tutorial_py_ws/install/tutorial_interfaces/share/tutorial_interfaces/cmake/ament_cmake_export_dependencies-extras.cmake
[2.384s] -- Up-to-date: /home/liam-bouffard/Desktop/rob599_mobile_robotics/ros2_tutorial_py_ws/install/tutorial_interfaces/share/tutorial_interfaces/cmake/ament_cmake_export_include_directories-extras.cmake
[2.384s] -- Up-to-date: /home/liam-bouffard/Desktop/rob599_mobile_robotics/ros2_tutorial_py_ws/install/tutorial_interfaces/share/tutorial_interfaces/cmake/ament_cmake_export_libraries-extras.cmake
[2.384s] -- Up-to-date: /home/liam-bouffard/Desktop/rob599_mobile_robotics/ros2_tutorial_py_ws/install/tutorial_interfaces/share/tutorial_interfaces/cmake/ament_cmake_export_targets-extras.cmake
[2.384s] -- Up-to-date: /home/liam-bouffard/Desktop/rob599_mobile_robotics/ros2_tutorial_py_ws/install/tutorial_interfaces/share/tutorial_interfaces/cmake/rosidl_cmake_export_typesupport_targets-extras.cmake
[2.384s] -- Up-to-date: /home/liam-bouffard/Desktop/rob599_mobile_robotics/ros2_tutorial_py_ws/install/tutorial_interfaces/share/tutorial_interfaces/cmake/rosidl_cmake_export_typesupport_libraries-extras.cmake
[2.384s] -- Up-to-date: /home/liam-bouffard/Desktop/rob599_mobile_robotics/ros2_tutorial_py_ws/install/tutorial_interfaces/share/tutorial_interfaces/cmake/tutorial_interfacesConfig.cmake
[2.384s] -- Up-to-date: /home/liam-bouffard/Desktop/rob599_mobile_robotics/ros2_tutorial_py_ws/install/tutorial_interfaces/share/tutorial_interfaces/cmake/tutorial_interfacesConfig-version.cmake
[2.384s] -- Installing: /home/liam-bouffard/Desktop/rob599_mobile_robotics/ros2_tutorial_py_ws/install/tutorial_interfaces/share/tutorial_interfaces/package.xml
[2.385s] Invoked command in '/home/liam-bouffard/Desktop/rob599_mobile_robotics/ros2_tutorial_py_ws/build/tutorial_interfaces' returned '0': CMAKE_PREFIX_PATH=${CMAKE_PREFIX_PATH}:/opt/ros/kilted DEBUGINFOD_URLS=https://debuginfod.ubuntu.com /usr/bin/cmake --install /home/liam-bouffard/Desktop/rob599_mobile_robotics/ros2_tutorial_py_ws/build/tutorial_interfaces
