[0.007s] Invoking command in '/home/liam-bouffard/Desktop/rob599_mobile_robotics/pioneer_ws/build/goal_target': CMAKE_PREFIX_PATH=${CMAKE_PREFIX_PATH}:/home/liam-bouffard/Desktop/rob599_mobile_robotics/pioneer_ws/install/pioneer:/opt/ros/kilted DEBUGINFOD_URLS=https://debuginfod.ubuntu.com /usr/bin/cmake /home/liam-bouffard/Desktop/rob599_mobile_robotics/pioneer_ws/src/goal_target -DAMENT_CMAKE_SYMLINK_INSTALL=1 -DCMAKE_INSTALL_PREFIX=/home/liam-bouffard/Desktop/rob599_mobile_robotics/pioneer_ws/install/goal_target
[0.048s] -- The C compiler identification is GNU 13.3.0
[0.092s] -- The CXX compiler identification is GNU 13.3.0
[0.107s] -- Detecting C compiler ABI info
[0.199s] -- Detecting C compiler ABI info - done
[0.206s] -- Check for working C compiler: /usr/bin/cc - skipped
[0.206s] -- Detecting C compile features
[0.207s] -- Detecting C compile features - done
[0.217s] -- Detecting CXX compiler ABI info
[0.334s] -- Detecting CXX compiler ABI info - done
[0.340s] -- Check for working CXX compiler: /usr/bin/c++ - skipped
[0.340s] -- Detecting CXX compile features
[0.341s] -- Detecting CXX compile features - done
[0.342s] -- Found ament_cmake: 2.7.3 (/opt/ros/kilted/share/ament_cmake/cmake)
[0.452s] -- Found Python3: /usr/bin/python3 (found version "3.12.3") found components: Interpreter 
[0.511s] -- Override CMake install command with custom implementation using symlinks instead of copying resources
[0.531s] -- Found rosidl_default_generators: 1.7.1 (/opt/ros/kilted/share/rosidl_default_generators/cmake)
[0.536s] -- Using all available rosidl_typesupport_c: rosidl_typesupport_fastrtps_c;rosidl_typesupport_introspection_c
[0.569s] -- Using all available rosidl_typesupport_cpp: rosidl_typesupport_fastrtps_cpp;rosidl_typesupport_introspection_cpp
[0.597s] -- Found rosidl_adapter: 4.9.5 (/opt/ros/kilted/share/rosidl_adapter/cmake)
[0.599s] -- Found std_msgs: 5.5.1 (/opt/ros/kilted/share/std_msgs/cmake)
[0.622s] -- Found geometry_msgs: 5.5.1 (/opt/ros/kilted/share/geometry_msgs/cmake)
[1.189s] -- Found ament_cmake_ros_core: 0.14.3 (/opt/ros/kilted/share/ament_cmake_ros_core/cmake)
[1.594s] -- Using all available rosidl_typesupport_c: rosidl_typesupport_fastrtps_c;rosidl_typesupport_introspection_c
[2.187s] -- Using all available rosidl_typesupport_cpp: rosidl_typesupport_fastrtps_cpp;rosidl_typesupport_introspection_cpp
[2.585s] -- Found Python3: /usr/bin/python3 (found version "3.12.3") found components: Interpreter Development NumPy Development.Module Development.Embed 
[2.630s] -- Found ament_lint_auto: 0.19.2 (/opt/ros/kilted/share/ament_lint_auto/cmake)
[2.643s] -- Added test 'lint_cmake' to check CMake code style
[2.644s] -- Added test 'xmllint' to check XML markup files
[2.647s] -- Configuring done (2.6s)
[2.673s] -- Generating done (0.0s)
[2.681s] -- Build files have been written to: /home/liam-bouffard/Desktop/rob599_mobile_robotics/pioneer_ws/build/goal_target
[2.688s] Invoked command in '/home/liam-bouffard/Desktop/rob599_mobile_robotics/pioneer_ws/build/goal_target' returned '0': CMAKE_PREFIX_PATH=${CMAKE_PREFIX_PATH}:/home/liam-bouffard/Desktop/rob599_mobile_robotics/pioneer_ws/install/pioneer:/opt/ros/kilted DEBUGINFOD_URLS=https://debuginfod.ubuntu.com /usr/bin/cmake /home/liam-bouffard/Desktop/rob599_mobile_robotics/pioneer_ws/src/goal_target -DAMENT_CMAKE_SYMLINK_INSTALL=1 -DCMAKE_INSTALL_PREFIX=/home/liam-bouffard/Desktop/rob599_mobile_robotics/pioneer_ws/install/goal_target
[2.690s] Invoking command in '/home/liam-bouffard/Desktop/rob599_mobile_robotics/pioneer_ws/build/goal_target': CMAKE_PREFIX_PATH=${CMAKE_PREFIX_PATH}:/home/liam-bouffard/Desktop/rob599_mobile_robotics/pioneer_ws/install/pioneer:/opt/ros/kilted DEBUGINFOD_URLS=https://debuginfod.ubuntu.com /usr/bin/cmake --build /home/liam-bouffard/Desktop/rob599_mobile_robotics/pioneer_ws/build/goal_target -- -j32 -l32
[2.729s] [  2%] [34m[1mGenerating type hashes for ROS interfaces[0m
[2.734s] [  2%] Built target ament_cmake_python_symlink_goal_target
[2.870s] [  2%] Built target goal_target__rosidl_generator_type_description
[2.877s] [  5%] [34m[1mGenerating C code for ROS interfaces[0m
[2.885s] [  8%] [34m[1mGenerating C++ code for ROS interfaces[0m
[2.888s] running egg_info
[2.889s] creating goal_target.egg-info
[2.903s] writing goal_target.egg-info/PKG-INFO
[2.903s] writing dependency_links to goal_target.egg-info/dependency_links.txt
[2.903s] writing top-level names to goal_target.egg-info/top_level.txt
[2.904s] writing manifest file 'goal_target.egg-info/SOURCES.txt'
[2.946s] reading manifest file 'goal_target.egg-info/SOURCES.txt'
[2.947s] writing manifest file 'goal_target.egg-info/SOURCES.txt'
[2.967s] [  8%] Built target ament_cmake_python_build_goal_target_egg
[3.150s] [  8%] Built target goal_target__cpp
[3.171s] [ 11%] [32mBuilding C object CMakeFiles/goal_target__rosidl_generator_c.dir/rosidl_generator_c/goal_target/action/detail/goal_target__type_support.c.o[0m
[3.171s] [ 14%] [32mBuilding C object CMakeFiles/goal_target__rosidl_generator_c.dir/rosidl_generator_c/goal_target/action/detail/goal_target__description.c.o[0m
[3.171s] [ 17%] [32mBuilding C object CMakeFiles/goal_target__rosidl_generator_c.dir/rosidl_generator_c/goal_target/action/detail/goal_target__functions.c.o[0m
[3.284s] [ 20%] [32m[1mLinking C shared library libgoal_target__rosidl_generator_c.so[0m
[3.322s] [ 20%] Built target goal_target__rosidl_generator_c
[3.332s] [ 23%] [34m[1mGenerating C++ type support dispatch for ROS interfaces[0m
[3.332s] [ 26%] [34m[1mGenerating C introspection for ROS interfaces[0m
[3.334s] [ 29%] [34m[1mGenerating C type support dispatch for ROS interfaces[0m
[3.335s] [ 32%] [34m[1mGenerating C++ type support for eProsima Fast-RTPS[0m
[3.335s] [ 35%] [34m[1mGenerating C type support for eProsima Fast-RTPS[0m
[3.336s] [ 38%] [34m[1mGenerating C++ introspection for ROS interfaces[0m
[3.523s] [ 41%] [32mBuilding CXX object CMakeFiles/goal_target__rosidl_typesupport_c.dir/rosidl_typesupport_c/goal_target/action/goal_target__type_support.cpp.o[0m
[3.524s] [ 44%] [32mBuilding CXX object CMakeFiles/goal_target__rosidl_typesupport_cpp.dir/rosidl_typesupport_cpp/goal_target/action/goal_target__type_support.cpp.o[0m
[3.558s] [ 47%] [32mBuilding CXX object CMakeFiles/goal_target__rosidl_typesupport_introspection_cpp.dir/rosidl_typesupport_introspection_cpp/goal_target/action/detail/goal_target__type_support.cpp.o[0m
[3.563s] [ 50%] [32m[1mLinking CXX shared library libgoal_target__rosidl_typesupport_c.so[0m
[3.573s] [ 52%] [32mBuilding C object CMakeFiles/goal_target__rosidl_typesupport_introspection_c.dir/rosidl_typesupport_introspection_c/goal_target/action/detail/goal_target__type_support.c.o[0m
[3.596s] [ 52%] Built target goal_target__rosidl_typesupport_c
[3.617s] [ 55%] [32m[1mLinking C shared library libgoal_target__rosidl_typesupport_introspection_c.so[0m
[3.629s] [ 58%] [32mBuilding CXX object CMakeFiles/goal_target__rosidl_typesupport_fastrtps_cpp.dir/rosidl_typesupport_fastrtps_cpp/goal_target/action/detail/dds_fastrtps/goal_target__type_support.cpp.o[0m
[3.640s] [ 58%] Built target goal_target__rosidl_typesupport_introspection_c
[3.650s] [ 61%] [32mBuilding CXX object CMakeFiles/goal_target__rosidl_typesupport_fastrtps_c.dir/rosidl_typesupport_fastrtps_c/goal_target/action/detail/goal_target__type_support_c.cpp.o[0m
[3.924s] [ 64%] [32m[1mLinking CXX shared library libgoal_target__rosidl_typesupport_cpp.so[0m
[3.983s] [ 64%] Built target goal_target__rosidl_typesupport_cpp
[3.993s] [ 67%] [32m[1mLinking CXX shared library libgoal_target__rosidl_typesupport_introspection_cpp.so[0m
[3.998s] [ 70%] [32m[1mLinking CXX shared library libgoal_target__rosidl_typesupport_fastrtps_c.so[0m
[4.037s] [ 70%] Built target goal_target__rosidl_typesupport_fastrtps_c
[4.052s] [ 70%] Built target goal_target__rosidl_typesupport_introspection_cpp
[4.217s] [ 73%] [32m[1mLinking CXX shared library libgoal_target__rosidl_typesupport_fastrtps_cpp.so[0m
[4.283s] [ 73%] Built target goal_target__rosidl_typesupport_fastrtps_cpp
[4.299s] [ 73%] Built target goal_target
[4.326s] [ 76%] [34m[1mGenerating Python code for ROS interfaces[0m
[4.758s] [ 76%] Built target goal_target__py
[4.781s] [ 79%] [32mBuilding C object CMakeFiles/goal_target__rosidl_generator_py.dir/rosidl_generator_py/goal_target/action/_goal_target_s.c.o[0m
[4.930s] [ 82%] [32m[1mLinking C shared library libgoal_target__rosidl_generator_py.so[0m
[4.979s] [ 82%] Built target goal_target__rosidl_generator_py
[5.005s] [ 85%] [32mBuilding C object CMakeFiles/goal_target_s__rosidl_typesupport_c.dir/rosidl_generator_py/goal_target/_goal_target_s.ep.rosidl_typesupport_c.c.o[0m
[5.005s] [ 88%] [32mBuilding C object CMakeFiles/goal_target_s__rosidl_typesupport_fastrtps_c.dir/rosidl_generator_py/goal_target/_goal_target_s.ep.rosidl_typesupport_fastrtps_c.c.o[0m
[5.006s] [ 91%] [32mBuilding C object CMakeFiles/goal_target_s__rosidl_typesupport_introspection_c.dir/rosidl_generator_py/goal_target/_goal_target_s.ep.rosidl_typesupport_introspection_c.c.o[0m
[5.098s] [ 97%] [32m[1mLinking C shared module rosidl_generator_py/goal_target/goal_target_s__rosidl_typesupport_c.so[0m
[5.098s] [ 97%] [32m[1mLinking C shared module rosidl_generator_py/goal_target/goal_target_s__rosidl_typesupport_introspection_c.so[0m
[5.099s] [100%] [32m[1mLinking C shared module rosidl_generator_py/goal_target/goal_target_s__rosidl_typesupport_fastrtps_c.so[0m
[5.124s] [100%] Built target goal_target_s__rosidl_typesupport_fastrtps_c
[5.124s] [100%] Built target goal_target_s__rosidl_typesupport_introspection_c
[5.124s] [100%] Built target goal_target_s__rosidl_typesupport_c
[5.132s] Invoked command in '/home/liam-bouffard/Desktop/rob599_mobile_robotics/pioneer_ws/build/goal_target' returned '0': CMAKE_PREFIX_PATH=${CMAKE_PREFIX_PATH}:/home/liam-bouffard/Desktop/rob599_mobile_robotics/pioneer_ws/install/pioneer:/opt/ros/kilted DEBUGINFOD_URLS=https://debuginfod.ubuntu.com /usr/bin/cmake --build /home/liam-bouffard/Desktop/rob599_mobile_robotics/pioneer_ws/build/goal_target -- -j32 -l32
[5.146s] Invoking command in '/home/liam-bouffard/Desktop/rob599_mobile_robotics/pioneer_ws/build/goal_target': CMAKE_PREFIX_PATH=${CMAKE_PREFIX_PATH}:/home/liam-bouffard/Desktop/rob599_mobile_robotics/pioneer_ws/install/pioneer:/opt/ros/kilted DEBUGINFOD_URLS=https://debuginfod.ubuntu.com /usr/bin/cmake --install /home/liam-bouffard/Desktop/rob599_mobile_robotics/pioneer_ws/build/goal_target
[5.156s] -- Install configuration: ""
[5.157s] -- Execute custom install script
[5.158s] -- Symlinking: /home/liam-bouffard/Desktop/rob599_mobile_robotics/pioneer_ws/install/goal_target/share/ament_index/resource_index/rosidl_interfaces/goal_target
[5.169s] -- Symlinking: /home/liam-bouffard/Desktop/rob599_mobile_robotics/pioneer_ws/install/goal_target/share/goal_target/action/GoalTarget.json
[5.180s] -- Symlinking: /home/liam-bouffard/Desktop/rob599_mobile_robotics/pioneer_ws/install/goal_target/include/goal_target/goal_target/action/detail/goal_target__functions.h
[5.186s] -- Symlinking: /home/liam-bouffard/Desktop/rob599_mobile_robotics/pioneer_ws/install/goal_target/include/goal_target/goal_target/action/detail/goal_target__struct.h
[5.193s] -- Symlinking: /home/liam-bouffard/Desktop/rob599_mobile_robotics/pioneer_ws/install/goal_target/include/goal_target/goal_target/action/detail/goal_target__type_support.h
[5.200s] -- Symlinking: /home/liam-bouffard/Desktop/rob599_mobile_robotics/pioneer_ws/install/goal_target/include/goal_target/goal_target/action/goal_target.h
[5.206s] -- Symlinking: /home/liam-bouffard/Desktop/rob599_mobile_robotics/pioneer_ws/install/goal_target/include/goal_target/goal_target/msg/rosidl_generator_c__visibility_control.h
[5.212s] -- Symlinking: /home/liam-bouffard/Desktop/rob599_mobile_robotics/pioneer_ws/install/goal_target/share/goal_target/environment/library_path.sh
[5.218s] -- Symlinking: /home/liam-bouffard/Desktop/rob599_mobile_robotics/pioneer_ws/install/goal_target/share/goal_target/environment/library_path.dsv
[5.225s] -- Symlinking: /home/liam-bouffard/Desktop/rob599_mobile_robotics/pioneer_ws/install/goal_target/include/goal_target/goal_target/action/detail/goal_target__rosidl_typesupport_fastrtps_c.h
[5.232s] -- Symlinking: /home/liam-bouffard/Desktop/rob599_mobile_robotics/pioneer_ws/install/goal_target/include/goal_target/goal_target/msg/rosidl_typesupport_fastrtps_c__visibility_control.h
[5.239s] -- Symlinking: /home/liam-bouffard/Desktop/rob599_mobile_robotics/pioneer_ws/install/goal_target/include/goal_target/goal_target/action/detail/goal_target__rosidl_typesupport_introspection_c.h
[5.247s] -- Symlinking: /home/liam-bouffard/Desktop/rob599_mobile_robotics/pioneer_ws/install/goal_target/include/goal_target/goal_target/msg/rosidl_typesupport_introspection_c__visibility_control.h
[5.257s] -- Symlinking: /home/liam-bouffard/Desktop/rob599_mobile_robotics/pioneer_ws/install/goal_target/include/goal_target/goal_target/action/detail/goal_target__builder.hpp
[5.265s] -- Symlinking: /home/liam-bouffard/Desktop/rob599_mobile_robotics/pioneer_ws/install/goal_target/include/goal_target/goal_target/action/detail/goal_target__struct.hpp
[5.275s] -- Symlinking: /home/liam-bouffard/Desktop/rob599_mobile_robotics/pioneer_ws/install/goal_target/include/goal_target/goal_target/action/detail/goal_target__traits.hpp
[5.282s] -- Symlinking: /home/liam-bouffard/Desktop/rob599_mobile_robotics/pioneer_ws/install/goal_target/include/goal_target/goal_target/action/detail/goal_target__type_support.hpp
[5.292s] -- Symlinking: /home/liam-bouffard/Desktop/rob599_mobile_robotics/pioneer_ws/install/goal_target/include/goal_target/goal_target/action/goal_target.hpp
[5.299s] -- Symlinking: /home/liam-bouffard/Desktop/rob599_mobile_robotics/pioneer_ws/install/goal_target/include/goal_target/goal_target/msg/rosidl_generator_cpp__visibility_control.hpp
[5.305s] -- Symlinking: /home/liam-bouffard/Desktop/rob599_mobile_robotics/pioneer_ws/install/goal_target/include/goal_target/goal_target/action/detail/goal_target__rosidl_typesupport_fastrtps_cpp.hpp
[5.311s] -- Symlinking: /home/liam-bouffard/Desktop/rob599_mobile_robotics/pioneer_ws/install/goal_target/include/goal_target/goal_target/msg/rosidl_typesupport_fastrtps_cpp__visibility_control.h
[5.317s] -- Symlinking: /home/liam-bouffard/Desktop/rob599_mobile_robotics/pioneer_ws/install/goal_target/include/goal_target/goal_target/action/detail/goal_target__rosidl_typesupport_introspection_cpp.hpp
[5.324s] -- Symlinking: /home/liam-bouffard/Desktop/rob599_mobile_robotics/pioneer_ws/install/goal_target/share/goal_target/environment/pythonpath.sh
[5.332s] -- Symlinking: /home/liam-bouffard/Desktop/rob599_mobile_robotics/pioneer_ws/install/goal_target/share/goal_target/environment/pythonpath.dsv
[5.346s] -- Symlinking: /home/liam-bouffard/Desktop/rob599_mobile_robotics/pioneer_ws/install/goal_target/lib/python3.12/site-packages/goal_target-0.0.0-py3.12.egg-info/PKG-INFO
[5.357s] -- Symlinking: /home/liam-bouffard/Desktop/rob599_mobile_robotics/pioneer_ws/install/goal_target/lib/python3.12/site-packages/goal_target-0.0.0-py3.12.egg-info/SOURCES.txt
[5.369s] -- Symlinking: /home/liam-bouffard/Desktop/rob599_mobile_robotics/pioneer_ws/install/goal_target/lib/python3.12/site-packages/goal_target-0.0.0-py3.12.egg-info/dependency_links.txt
[5.378s] -- Symlinking: /home/liam-bouffard/Desktop/rob599_mobile_robotics/pioneer_ws/install/goal_target/lib/python3.12/site-packages/goal_target-0.0.0-py3.12.egg-info/top_level.txt
[5.388s] -- Symlinking: /home/liam-bouffard/Desktop/rob599_mobile_robotics/pioneer_ws/install/goal_target/lib/python3.12/site-packages/goal_target/__init__.py
[5.398s] -- Symlinking: /home/liam-bouffard/Desktop/rob599_mobile_robotics/pioneer_ws/install/goal_target/lib/python3.12/site-packages/goal_target/_goal_target_s.ep.rosidl_typesupport_c.c
[5.407s] -- Symlinking: /home/liam-bouffard/Desktop/rob599_mobile_robotics/pioneer_ws/install/goal_target/lib/python3.12/site-packages/goal_target/_goal_target_s.ep.rosidl_typesupport_fastrtps_c.c
[5.413s] -- Symlinking: /home/liam-bouffard/Desktop/rob599_mobile_robotics/pioneer_ws/install/goal_target/lib/python3.12/site-packages/goal_target/_goal_target_s.ep.rosidl_typesupport_introspection_c.c
[5.419s] -- Symlinking: /home/liam-bouffard/Desktop/rob599_mobile_robotics/pioneer_ws/install/goal_target/lib/python3.12/site-packages/goal_target/action/__init__.py
[5.426s] -- Symlinking: /home/liam-bouffard/Desktop/rob599_mobile_robotics/pioneer_ws/install/goal_target/lib/python3.12/site-packages/goal_target/action/_goal_target.py
[5.436s] -- Symlinking: /home/liam-bouffard/Desktop/rob599_mobile_robotics/pioneer_ws/install/goal_target/lib/python3.12/site-packages/goal_target/action/_goal_target_s.c
[5.446s] -- Symlinking: /home/liam-bouffard/Desktop/rob599_mobile_robotics/pioneer_ws/install/goal_target/lib/python3.12/site-packages/goal_target/goal_target_s__rosidl_typesupport_c.so
[5.455s] -- Symlinking: /home/liam-bouffard/Desktop/rob599_mobile_robotics/pioneer_ws/install/goal_target/lib/python3.12/site-packages/goal_target/goal_target_s__rosidl_typesupport_fastrtps_c.so
[5.465s] -- Symlinking: /home/liam-bouffard/Desktop/rob599_mobile_robotics/pioneer_ws/install/goal_target/lib/python3.12/site-packages/goal_target/goal_target_s__rosidl_typesupport_introspection_c.so
[5.474s] -- Up-to-date symlink: /home/liam-bouffard/Desktop/rob599_mobile_robotics/pioneer_ws/install/goal_target/lib/python3.12/site-packages/goal_target/goal_target_s__rosidl_typesupport_fastrtps_c.so
[5.474s] -- Up-to-date symlink: /home/liam-bouffard/Desktop/rob599_mobile_robotics/pioneer_ws/install/goal_target/lib/python3.12/site-packages/goal_target/goal_target_s__rosidl_typesupport_introspection_c.so
[5.474s] -- Up-to-date symlink: /home/liam-bouffard/Desktop/rob599_mobile_robotics/pioneer_ws/install/goal_target/lib/python3.12/site-packages/goal_target/goal_target_s__rosidl_typesupport_c.so
[5.474s] -- Symlinking: /home/liam-bouffard/Desktop/rob599_mobile_robotics/pioneer_ws/install/goal_target/share/goal_target/action/GoalTarget.idl
[5.482s] -- Symlinking: /home/liam-bouffard/Desktop/rob599_mobile_robotics/pioneer_ws/install/goal_target/share/goal_target/action/GoalTarget.action
[5.493s] -- Symlinking: /home/liam-bouffard/Desktop/rob599_mobile_robotics/pioneer_ws/install/goal_target/share/ament_index/resource_index/package_run_dependencies/goal_target
[5.502s] -- Symlinking: /home/liam-bouffard/Desktop/rob599_mobile_robotics/pioneer_ws/install/goal_target/share/ament_index/resource_index/parent_prefix_path/goal_target
[5.509s] -- Symlinking: /home/liam-bouffard/Desktop/rob599_mobile_robotics/pioneer_ws/install/goal_target/share/goal_target/environment/ament_prefix_path.sh
[5.517s] -- Symlinking: /home/liam-bouffard/Desktop/rob599_mobile_robotics/pioneer_ws/install/goal_target/share/goal_target/environment/ament_prefix_path.dsv
[5.528s] -- Symlinking: /home/liam-bouffard/Desktop/rob599_mobile_robotics/pioneer_ws/install/goal_target/share/goal_target/environment/path.sh
[5.534s] -- Symlinking: /home/liam-bouffard/Desktop/rob599_mobile_robotics/pioneer_ws/install/goal_target/share/goal_target/environment/path.dsv
[5.545s] -- Symlinking: /home/liam-bouffard/Desktop/rob599_mobile_robotics/pioneer_ws/install/goal_target/share/goal_target/local_setup.bash
[5.554s] -- Symlinking: /home/liam-bouffard/Desktop/rob599_mobile_robotics/pioneer_ws/install/goal_target/share/goal_target/local_setup.sh
[5.564s] -- Symlinking: /home/liam-bouffard/Desktop/rob599_mobile_robotics/pioneer_ws/install/goal_target/share/goal_target/local_setup.zsh
[5.575s] -- Symlinking: /home/liam-bouffard/Desktop/rob599_mobile_robotics/pioneer_ws/install/goal_target/share/goal_target/local_setup.dsv
[5.586s] -- Symlinking: /home/liam-bouffard/Desktop/rob599_mobile_robotics/pioneer_ws/install/goal_target/share/goal_target/package.dsv
[5.593s] -- Symlinking: /home/liam-bouffard/Desktop/rob599_mobile_robotics/pioneer_ws/install/goal_target/share/ament_index/resource_index/packages/goal_target
[5.602s] -- Symlinking: /home/liam-bouffard/Desktop/rob599_mobile_robotics/pioneer_ws/install/goal_target/share/goal_target/cmake/rosidl_cmake-extras.cmake
[5.609s] -- Symlinking: /home/liam-bouffard/Desktop/rob599_mobile_robotics/pioneer_ws/install/goal_target/share/goal_target/cmake/ament_cmake_export_dependencies-extras.cmake
[5.618s] -- Symlinking: /home/liam-bouffard/Desktop/rob599_mobile_robotics/pioneer_ws/install/goal_target/share/goal_target/cmake/ament_cmake_export_include_directories-extras.cmake
[5.628s] -- Symlinking: /home/liam-bouffard/Desktop/rob599_mobile_robotics/pioneer_ws/install/goal_target/share/goal_target/cmake/ament_cmake_export_libraries-extras.cmake
[5.637s] -- Symlinking: /home/liam-bouffard/Desktop/rob599_mobile_robotics/pioneer_ws/install/goal_target/share/goal_target/cmake/ament_cmake_export_targets-extras.cmake
[5.647s] -- Symlinking: /home/liam-bouffard/Desktop/rob599_mobile_robotics/pioneer_ws/install/goal_target/share/goal_target/cmake/rosidl_cmake_export_typesupport_targets-extras.cmake
[5.659s] -- Symlinking: /home/liam-bouffard/Desktop/rob599_mobile_robotics/pioneer_ws/install/goal_target/share/goal_target/cmake/rosidl_cmake_export_typesupport_libraries-extras.cmake
[5.671s] -- Symlinking: /home/liam-bouffard/Desktop/rob599_mobile_robotics/pioneer_ws/install/goal_target/share/goal_target/cmake/goal_targetConfig.cmake
[5.679s] -- Symlinking: /home/liam-bouffard/Desktop/rob599_mobile_robotics/pioneer_ws/install/goal_target/share/goal_target/cmake/goal_targetConfig-version.cmake
[5.686s] -- Symlinking: /home/liam-bouffard/Desktop/rob599_mobile_robotics/pioneer_ws/install/goal_target/share/goal_target/package.xml
[5.692s] -- Installing: /home/liam-bouffard/Desktop/rob599_mobile_robotics/pioneer_ws/install/goal_target/lib/libgoal_target__rosidl_generator_c.so
[5.692s] -- Set non-toolchain portion of runtime path of "/home/liam-bouffard/Desktop/rob599_mobile_robotics/pioneer_ws/install/goal_target/lib/libgoal_target__rosidl_generator_c.so" to ""
[5.692s] -- Installing: /home/liam-bouffard/Desktop/rob599_mobile_robotics/pioneer_ws/install/goal_target/lib/libgoal_target__rosidl_typesupport_fastrtps_c.so
[5.692s] -- Set non-toolchain portion of runtime path of "/home/liam-bouffard/Desktop/rob599_mobile_robotics/pioneer_ws/install/goal_target/lib/libgoal_target__rosidl_typesupport_fastrtps_c.so" to ""
[5.692s] -- Installing: /home/liam-bouffard/Desktop/rob599_mobile_robotics/pioneer_ws/install/goal_target/lib/libgoal_target__rosidl_typesupport_introspection_c.so
[5.693s] -- Set non-toolchain portion of runtime path of "/home/liam-bouffard/Desktop/rob599_mobile_robotics/pioneer_ws/install/goal_target/lib/libgoal_target__rosidl_typesupport_introspection_c.so" to ""
[5.693s] -- Installing: /home/liam-bouffard/Desktop/rob599_mobile_robotics/pioneer_ws/install/goal_target/lib/libgoal_target__rosidl_typesupport_c.so
[5.693s] -- Set non-toolchain portion of runtime path of "/home/liam-bouffard/Desktop/rob599_mobile_robotics/pioneer_ws/install/goal_target/lib/libgoal_target__rosidl_typesupport_c.so" to ""
[5.693s] -- Installing: /home/liam-bouffard/Desktop/rob599_mobile_robotics/pioneer_ws/install/goal_target/lib/libgoal_target__rosidl_typesupport_fastrtps_cpp.so
[5.693s] -- Set non-toolchain portion of runtime path of "/home/liam-bouffard/Desktop/rob599_mobile_robotics/pioneer_ws/install/goal_target/lib/libgoal_target__rosidl_typesupport_fastrtps_cpp.so" to ""
[5.693s] -- Installing: /home/liam-bouffard/Desktop/rob599_mobile_robotics/pioneer_ws/install/goal_target/lib/libgoal_target__rosidl_typesupport_introspection_cpp.so
[5.693s] -- Set non-toolchain portion of runtime path of "/home/liam-bouffard/Desktop/rob599_mobile_robotics/pioneer_ws/install/goal_target/lib/libgoal_target__rosidl_typesupport_introspection_cpp.so" to ""
[5.693s] -- Installing: /home/liam-bouffard/Desktop/rob599_mobile_robotics/pioneer_ws/install/goal_target/lib/libgoal_target__rosidl_typesupport_cpp.so
[5.693s] -- Set non-toolchain portion of runtime path of "/home/liam-bouffard/Desktop/rob599_mobile_robotics/pioneer_ws/install/goal_target/lib/libgoal_target__rosidl_typesupport_cpp.so" to ""
[5.740s] Listing '/home/liam-bouffard/Desktop/rob599_mobile_robotics/pioneer_ws/install/goal_target/lib/python3.12/site-packages/goal_target'...
[5.740s] Compiling '/home/liam-bouffard/Desktop/rob599_mobile_robotics/pioneer_ws/install/goal_target/lib/python3.12/site-packages/goal_target/__init__.py'...
[5.740s] Listing '/home/liam-bouffard/Desktop/rob599_mobile_robotics/pioneer_ws/install/goal_target/lib/python3.12/site-packages/goal_target/action'...
[5.740s] Compiling '/home/liam-bouffard/Desktop/rob599_mobile_robotics/pioneer_ws/install/goal_target/lib/python3.12/site-packages/goal_target/action/__init__.py'...
[5.740s] Compiling '/home/liam-bouffard/Desktop/rob599_mobile_robotics/pioneer_ws/install/goal_target/lib/python3.12/site-packages/goal_target/action/_goal_target.py'...
[5.743s] -- Installing: /home/liam-bouffard/Desktop/rob599_mobile_robotics/pioneer_ws/install/goal_target/lib/libgoal_target__rosidl_generator_py.so
[5.744s] -- Set non-toolchain portion of runtime path of "/home/liam-bouffard/Desktop/rob599_mobile_robotics/pioneer_ws/install/goal_target/lib/libgoal_target__rosidl_generator_py.so" to ""
[5.744s] -- Installing: /home/liam-bouffard/Desktop/rob599_mobile_robotics/pioneer_ws/install/goal_target/share/goal_target/cmake/export_goal_target__rosidl_generator_cExport.cmake
[5.744s] -- Installing: /home/liam-bouffard/Desktop/rob599_mobile_robotics/pioneer_ws/install/goal_target/share/goal_target/cmake/export_goal_target__rosidl_generator_cExport-noconfig.cmake
[5.744s] -- Installing: /home/liam-bouffard/Desktop/rob599_mobile_robotics/pioneer_ws/install/goal_target/share/goal_target/cmake/export_goal_target__rosidl_typesupport_fastrtps_cExport.cmake
[5.744s] -- Installing: /home/liam-bouffard/Desktop/rob599_mobile_robotics/pioneer_ws/install/goal_target/share/goal_target/cmake/export_goal_target__rosidl_typesupport_fastrtps_cExport-noconfig.cmake
[5.744s] -- Installing: /home/liam-bouffard/Desktop/rob599_mobile_robotics/pioneer_ws/install/goal_target/share/goal_target/cmake/goal_target__rosidl_typesupport_introspection_cExport.cmake
[5.745s] -- Installing: /home/liam-bouffard/Desktop/rob599_mobile_robotics/pioneer_ws/install/goal_target/share/goal_target/cmake/goal_target__rosidl_typesupport_introspection_cExport-noconfig.cmake
[5.745s] -- Installing: /home/liam-bouffard/Desktop/rob599_mobile_robotics/pioneer_ws/install/goal_target/share/goal_target/cmake/goal_target__rosidl_typesupport_cExport.cmake
[5.745s] -- Installing: /home/liam-bouffard/Desktop/rob599_mobile_robotics/pioneer_ws/install/goal_target/share/goal_target/cmake/goal_target__rosidl_typesupport_cExport-noconfig.cmake
[5.745s] -- Installing: /home/liam-bouffard/Desktop/rob599_mobile_robotics/pioneer_ws/install/goal_target/share/goal_target/cmake/export_goal_target__rosidl_generator_cppExport.cmake
[5.745s] -- Installing: /home/liam-bouffard/Desktop/rob599_mobile_robotics/pioneer_ws/install/goal_target/share/goal_target/cmake/export_goal_target__rosidl_typesupport_fastrtps_cppExport.cmake
[5.745s] -- Installing: /home/liam-bouffard/Desktop/rob599_mobile_robotics/pioneer_ws/install/goal_target/share/goal_target/cmake/export_goal_target__rosidl_typesupport_fastrtps_cppExport-noconfig.cmake
[5.745s] -- Installing: /home/liam-bouffard/Desktop/rob599_mobile_robotics/pioneer_ws/install/goal_target/share/goal_target/cmake/goal_target__rosidl_typesupport_introspection_cppExport.cmake
[5.745s] -- Installing: /home/liam-bouffard/Desktop/rob599_mobile_robotics/pioneer_ws/install/goal_target/share/goal_target/cmake/goal_target__rosidl_typesupport_introspection_cppExport-noconfig.cmake
[5.745s] -- Installing: /home/liam-bouffard/Desktop/rob599_mobile_robotics/pioneer_ws/install/goal_target/share/goal_target/cmake/goal_target__rosidl_typesupport_cppExport.cmake
[5.745s] -- Installing: /home/liam-bouffard/Desktop/rob599_mobile_robotics/pioneer_ws/install/goal_target/share/goal_target/cmake/goal_target__rosidl_typesupport_cppExport-noconfig.cmake
[5.745s] -- Installing: /home/liam-bouffard/Desktop/rob599_mobile_robotics/pioneer_ws/install/goal_target/share/goal_target/cmake/export_goal_target__rosidl_generator_pyExport.cmake
[5.745s] -- Installing: /home/liam-bouffard/Desktop/rob599_mobile_robotics/pioneer_ws/install/goal_target/share/goal_target/cmake/export_goal_target__rosidl_generator_pyExport-noconfig.cmake
[5.746s] Invoked command in '/home/liam-bouffard/Desktop/rob599_mobile_robotics/pioneer_ws/build/goal_target' returned '0': CMAKE_PREFIX_PATH=${CMAKE_PREFIX_PATH}:/home/liam-bouffard/Desktop/rob599_mobile_robotics/pioneer_ws/install/pioneer:/opt/ros/kilted DEBUGINFOD_URLS=https://debuginfod.ubuntu.com /usr/bin/cmake --install /home/liam-bouffard/Desktop/rob599_mobile_robotics/pioneer_ws/build/goal_target
