[0.931s] Invoking command in '/home/liam-bouffard/Desktop/rob599_mobile_robotics/w1_ws/src/py_pubsub': DEBUGINFOD_URLS=https://debuginfod.ubuntu.com PYTHONPATH=/home/liam-bouffard/Desktop/rob599_mobile_robotics/w1_ws/build/py_pubsub/prefix_override:/usr/lib/python3/dist-packages/colcon_core/task/python/colcon_distutils_commands:/home/liam-bouffard/Desktop/rob599_mobile_robotics/w1_ws/install/py_pubsub/lib/python3.12/site-packages:${PYTHONPATH} /usr/bin/python3 -W ignore:setup.py install is deprecated -W ignore:easy_install command is deprecated setup.py egg_info --egg-base ../../build/py_pubsub build --build-base /home/liam-bouffard/Desktop/rob599_mobile_robotics/w1_ws/build/py_pubsub/build install --record /home/liam-bouffard/Desktop/rob599_mobile_robotics/w1_ws/build/py_pubsub/install.log --single-version-externally-managed install_data
[1.273s] running egg_info
[1.296s] writing ../../build/py_pubsub/py_pubsub.egg-info/PKG-INFO
[1.296s] writing dependency_links to ../../build/py_pubsub/py_pubsub.egg-info/dependency_links.txt
[1.296s] writing entry points to ../../build/py_pubsub/py_pubsub.egg-info/entry_points.txt
[1.296s] writing requirements to ../../build/py_pubsub/py_pubsub.egg-info/requires.txt
[1.296s] writing top-level names to ../../build/py_pubsub/py_pubsub.egg-info/top_level.txt
[1.346s] reading manifest file '../../build/py_pubsub/py_pubsub.egg-info/SOURCES.txt'
[1.346s] adding license file 'LICENSE'
[1.347s] writing manifest file '../../build/py_pubsub/py_pubsub.egg-info/SOURCES.txt'
[1.347s] running build
[1.347s] running build_py
[1.347s] copying py_pubsub/pub.py -> /home/liam-bouffard/Desktop/rob599_mobile_robotics/w1_ws/build/py_pubsub/build/lib/py_pubsub
[1.347s] running install
[1.355s] running install_lib
[1.377s] copying /home/liam-bouffard/Desktop/rob599_mobile_robotics/w1_ws/build/py_pubsub/build/lib/py_pubsub/pub.py -> /home/liam-bouffard/Desktop/rob599_mobile_robotics/w1_ws/install/py_pubsub/lib/python3.12/site-packages/py_pubsub
[1.378s] byte-compiling /home/liam-bouffard/Desktop/rob599_mobile_robotics/w1_ws/install/py_pubsub/lib/python3.12/site-packages/py_pubsub/pub.py to pub.cpython-312.pyc
[1.378s] running install_data
[1.379s] running install_egg_info
[1.402s] removing '/home/liam-bouffard/Desktop/rob599_mobile_robotics/w1_ws/install/py_pubsub/lib/python3.12/site-packages/py_pubsub-0.0.0-py3.12.egg-info' (and everything under it)
[1.402s] Copying ../../build/py_pubsub/py_pubsub.egg-info to /home/liam-bouffard/Desktop/rob599_mobile_robotics/w1_ws/install/py_pubsub/lib/python3.12/site-packages/py_pubsub-0.0.0-py3.12.egg-info
[1.403s] running install_scripts
[1.553s] Installing pub script to /home/liam-bouffard/Desktop/rob599_mobile_robotics/w1_ws/install/py_pubsub/lib/py_pubsub
[1.553s] writing list of installed files to '/home/liam-bouffard/Desktop/rob599_mobile_robotics/w1_ws/build/py_pubsub/install.log'
[1.583s] Invoked command in '/home/liam-bouffard/Desktop/rob599_mobile_robotics/w1_ws/src/py_pubsub' returned '0': DEBUGINFOD_URLS=https://debuginfod.ubuntu.com PYTHONPATH=/home/liam-bouffard/Desktop/rob599_mobile_robotics/w1_ws/build/py_pubsub/prefix_override:/usr/lib/python3/dist-packages/colcon_core/task/python/colcon_distutils_commands:/home/liam-bouffard/Desktop/rob599_mobile_robotics/w1_ws/install/py_pubsub/lib/python3.12/site-packages:${PYTHONPATH} /usr/bin/python3 -W ignore:setup.py install is deprecated -W ignore:easy_install command is deprecated setup.py egg_info --egg-base ../../build/py_pubsub build --build-base /home/liam-bouffard/Desktop/rob599_mobile_robotics/w1_ws/build/py_pubsub/build install --record /home/liam-bouffard/Desktop/rob599_mobile_robotics/w1_ws/build/py_pubsub/install.log --single-version-externally-managed install_data
