[0.007s] Invoking command in '/home/liam-bouffard/Desktop/rob599_mobile_robotics/stage_ws/build/stage': DEBUGINFOD_URLS=https://debuginfod.ubuntu.com /usr/bin/cmake /home/liam-bouffard/Desktop/rob599_mobile_robotics/stage_ws/src/Stage -DCATKIN_INSTALL_INTO_PREFIX_ROOT=0 -DCMAKE_INSTALL_PREFIX=/home/liam-bouffard/Desktop/rob599_mobile_robotics/stage_ws/install/stage
[0.067s] -- The C compiler identification is GNU 13.3.0
[0.110s] -- The CXX compiler identification is GNU 13.3.0
[0.129s] -- Detecting C compiler ABI info
[0.251s] -- Detecting C compiler ABI info - done
[0.257s] -- Check for working C compiler: /usr/bin/cc - skipped
[0.258s] -- Detecting C compile features
[0.258s] -- Detecting C compile features - done
[0.270s] -- Detecting CXX compiler ABI info
[0.372s] -- Detecting CXX compiler ABI info - done
[0.379s] -- Check for working CXX compiler: /usr/bin/c++ - skipped
[0.379s] -- Detecting CXX compile features
[0.379s] -- Detecting CXX compile features - done
[0.380s] -- Stage version 4.3.0
[0.380s] -- Operating system is Linux
[0.380s] -- Installing Libraries to /home/liam-bouffard/Desktop/rob599_mobile_robotics/stage_ws/install/stage/lib
[0.380s] -- Installing Plugins to /home/liam-bouffard/Desktop/rob599_mobile_robotics/stage_ws/install/stage/lib/Stage-4.3
[0.380s] -- Build type RELEASE
[0.380s] -- Checking for libtool
[0.386s] -- Checking for required libraries...
[0.398s] -- Found JPEG: /usr/lib/x86_64-linux-gnu/libjpeg.so (found version "80") 
[0.409s] -- Found ZLIB: /usr/lib/x86_64-linux-gnu/libz.so (found version "1.3")  
[0.427s] -- Found PNG: /usr/lib/x86_64-linux-gnu/libpng.so (found version "1.6.43") 
[0.434s] -- Found OpenGL: /usr/lib/x86_64-linux-gnu/libOpenGL.so   
[0.567s] -- Found X11: /usr/include   
[0.567s] -- Looking for XOpenDisplay in /usr/lib/x86_64-linux-gnu/libX11.so;/usr/lib/x86_64-linux-gnu/libXext.so
[0.676s] -- Looking for XOpenDisplay in /usr/lib/x86_64-linux-gnu/libX11.so;/usr/lib/x86_64-linux-gnu/libXext.so - found
[0.676s] -- Looking for gethostbyname
[0.795s] -- Looking for gethostbyname - found
[0.795s] -- Looking for connect
[0.883s] -- Looking for connect - found
[0.883s] -- Looking for remove
[0.971s] -- Looking for remove - found
[0.971s] -- Looking for shmat
[1.054s] -- Looking for shmat - found
[1.054s] -- Looking for IceConnectionNumber in ICE
[1.143s] -- Looking for IceConnectionNumber in ICE - found
[1.178s] -- Found FLTK: fltk_images;fltk_forms;fltk_gl;fltk  
[1.179s] -- Checking for optional libraries...
[1.180s] -- Installation path CMAKE_INSTALL_PREFIX=/home/liam-bouffard/Desktop/rob599_mobile_robotics/stage_ws/install/stage
[1.180s] -- Configuring libstage
[1.187s] -- Found PkgConfig: /usr/bin/pkg-config (found version "1.8.1") 
[1.187s] -- Checking for one of the modules 'playercore>=2.1.0'
[1.196s] --   * Player not detected. If Player is installed but not detected, check your PKG_CONFIG_PATH.
[1.207s] -- Configuring done (1.2s)
[1.234s] -- Generating done (0.0s)
[1.236s] [33mCMake Warning:
[1.236s]   Manually-specified variables were not used by the project:
[1.236s] 
[1.236s]     CATKIN_INSTALL_INTO_PREFIX_ROOT
[1.236s] 
[1.236s] [0m
[1.240s] -- Build files have been written to: /home/liam-bouffard/Desktop/rob599_mobile_robotics/stage_ws/build/stage
[1.247s] Invoked command in '/home/liam-bouffard/Desktop/rob599_mobile_robotics/stage_ws/build/stage' returned '0': DEBUGINFOD_URLS=https://debuginfod.ubuntu.com /usr/bin/cmake /home/liam-bouffard/Desktop/rob599_mobile_robotics/stage_ws/src/Stage -DCATKIN_INSTALL_INTO_PREFIX_ROOT=0 -DCMAKE_INSTALL_PREFIX=/home/liam-bouffard/Desktop/rob599_mobile_robotics/stage_ws/install/stage
[1.247s] Invoking command in '/home/liam-bouffard/Desktop/rob599_mobile_robotics/stage_ws/build/stage': DEBUGINFOD_URLS=https://debuginfod.ubuntu.com /usr/bin/cmake --build /home/liam-bouffard/Desktop/rob599_mobile_robotics/stage_ws/build/stage -- -j32 -l32
[1.300s] [  1%] [32mBuilding CXX object libstage/CMakeFiles/stage.dir/gl.cc.o[0m
[1.300s] [  3%] [32mBuilding CXX object libstage/CMakeFiles/stage.dir/logentry.cc.o[0m
[1.301s] [  5%] [32mBuilding CXX object libstage/CMakeFiles/stage.dir/file_manager.cc.o[0m
[1.302s] [  8%] [32mBuilding CXX object libstage/CMakeFiles/stage.dir/blockgroup.cc.o[0m
[1.302s] [  8%] [32mBuilding CXX object libstage/CMakeFiles/stage.dir/block.cc.o[0m
[1.302s] [ 10%] [32mBuilding CXX object libstage/CMakeFiles/stage.dir/model_blinkenlight.cc.o[0m
[1.302s] [ 11%] [32mBuilding CXX object libstage/CMakeFiles/stage.dir/model_actuator.cc.o[0m
[1.302s] [ 15%] [32mBuilding CXX object libstage/CMakeFiles/stage.dir/color.cc.o[0m
[1.302s] [ 15%] [32mBuilding CXX object libstage/CMakeFiles/stage.dir/camera.cc.o[0m
[1.302s] [ 16%] [32mBuilding CXX object libstage/CMakeFiles/stage.dir/model_bumper.cc.o[0m
[1.302s] [ 18%] [32mBuilding CXX object libstage/CMakeFiles/stage.dir/model.cc.o[0m
[1.303s] [ 20%] [32mBuilding CXX object libstage/CMakeFiles/stage.dir/model_fiducial.cc.o[0m
[1.304s] [ 22%] [32mBuilding CXX object libstage/CMakeFiles/stage.dir/model_blobfinder.cc.o[0m
[1.304s] [ 23%] [32mBuilding CXX object libstage/CMakeFiles/stage.dir/model_position.cc.o[0m
[1.304s] [ 25%] [32mBuilding CXX object libstage/CMakeFiles/stage.dir/model_lightindicator.cc.o[0m
[1.304s] [ 30%] [32mBuilding CXX object libstage/CMakeFiles/stage.dir/model_gripper.cc.o[0m
[1.304s] [ 30%] [32mBuilding CXX object libstage/CMakeFiles/stage.dir/model_camera.cc.o[0m
[1.305s] [ 30%] [32mBuilding CXX object libstage/CMakeFiles/stage.dir/model_callbacks.cc.o[0m
[1.305s] [ 32%] [32mBuilding CXX object libstage/CMakeFiles/stage.dir/model_draw.cc.o[0m
[1.305s] [ 33%] [32mBuilding CXX object libstage/CMakeFiles/stage.dir/region.cc.o[0m
[1.306s] [ 37%] [32mBuilding CXX object libstage/CMakeFiles/stage.dir/powerpack.cc.o[0m
[1.307s] [ 37%] [32mBuilding CXX object libstage/CMakeFiles/stage.dir/texture_manager.cc.o[0m
[1.307s] [ 38%] [32mBuilding CXX object libstage/CMakeFiles/stage.dir/model_ranger.cc.o[0m
[1.308s] [ 40%] [32mBuilding CXX object libstage/CMakeFiles/stage.dir/stage.cc.o[0m
[1.308s] [ 42%] [32mBuilding CXX object libstage/CMakeFiles/stage.dir/option.cc.o[0m
[1.308s] [ 45%] [32mBuilding CXX object libstage/CMakeFiles/stage.dir/world.cc.o[0m
[1.308s] [ 45%] [32mBuilding CXX object libstage/CMakeFiles/stage.dir/typetable.cc.o[0m
[1.308s] [ 47%] [32mBuilding CXX object libstage/CMakeFiles/stage.dir/worldfile.cc.o[0m
[1.312s] [ 49%] [32mBuilding CXX object libstage/CMakeFiles/stage.dir/canvas.cc.o[0m
[1.312s] [ 50%] [32mBuilding CXX object libstage/CMakeFiles/stage.dir/options_dlg.cc.o[0m
[1.313s] [ 52%] [32mBuilding CXX object libstage/CMakeFiles/stage.dir/worldgui.cc.o[0m
[1.315s] [ 54%] [32mBuilding CXX object libstage/CMakeFiles/stage.dir/vis_strip.cc.o[0m
[2.197s] [ 55%] [32mBuilding CXX object libstage/CMakeFiles/stage.dir/ancestor.cc.o[0m
[3.156s] [ 57%] [32m[1mLinking CXX shared library libstage.so[0m
[3.281s] [ 57%] Built target stage
[3.301s] [ 61%] [32mBuilding CXX object examples/ctrl/CMakeFiles/sink.dir/sink.cc.o[0m
[3.302s] [ 61%] [32mBuilding CXX object libstage/CMakeFiles/stagebinary.dir/main.cc.o[0m
[3.302s] [ 62%] [32mBuilding CXX object examples/ctrl/CMakeFiles/fasr2.dir/astar/findpath.cpp.o[0m
[3.302s] [ 64%] [32mBuilding CXX object examples/ctrl/CMakeFiles/fasr2.dir/fasr2.cc.o[0m
[3.303s] [ 66%] [32mBuilding CXX object examples/ctrl/CMakeFiles/wander.dir/wander.cc.o[0m
[3.307s] [ 67%] [32mBuilding CXX object examples/ctrl/CMakeFiles/source.dir/source.cc.o[0m
[3.307s] [ 69%] [32mBuilding CXX object worlds/benchmark/CMakeFiles/expand_swarm.dir/expand_swarm.cc.o[0m
[3.309s] [ 71%] [32mBuilding CXX object worlds/benchmark/CMakeFiles/expand_pioneer.dir/expand_pioneer.cc.o[0m
[3.309s] [ 72%] [32mBuilding CXX object examples/ctrl/CMakeFiles/dynamic.dir/dynamic.cc.o[0m
[3.310s] [ 74%] [32mBuilding CXX object examples/ctrl/CMakeFiles/fasr.dir/fasr.cc.o[0m
[3.311s] [ 76%] [32mBuilding CXX object examples/ctrl/CMakeFiles/rasterize.dir/rasterize.cc.o[0m
[3.312s] [ 77%] [32mBuilding CXX object examples/ctrl/CMakeFiles/lasernoise.dir/lasernoise.cc.o[0m
[3.314s] [ 79%] [32mBuilding CXX object examples/ctrl/CMakeFiles/pioneer_flocking.dir/pioneer_flocking.cc.o[0m
[3.809s] [ 81%] [32m[1mLinking CXX shared module expand_swarm.so[0m
[3.812s] [ 83%] [32m[1mLinking CXX shared module dynamic.so[0m
[3.818s] [ 84%] [32m[1mLinking CXX shared module expand_pioneer.so[0m
[3.821s] [ 86%] [32m[1mLinking CXX shared module pioneer_flocking.so[0m
[3.827s] [ 88%] [32m[1mLinking CXX executable stage[0m
[3.839s] [ 89%] [32m[1mLinking CXX shared module wander.so[0m
[3.863s] [ 91%] [32m[1mLinking CXX shared module fasr.so[0m
[3.874s] [ 91%] Built target dynamic
[3.875s] [ 93%] [32m[1mLinking CXX shared module source.so[0m
[3.889s] [ 93%] Built target expand_swarm
[3.889s] [ 93%] Built target expand_pioneer
[3.907s] [ 93%] Built target wander
[3.922s] [ 93%] Built target pioneer_flocking
[3.924s] [ 93%] Built target stagebinary
[3.932s] [ 93%] Built target fasr
[3.937s] [ 93%] Built target source
[4.019s] [ 94%] [32m[1mLinking CXX shared module rasterize.so[0m
[4.053s] [ 96%] [32m[1mLinking CXX shared module sink.so[0m
[4.061s] [ 98%] [32m[1mLinking CXX shared module lasernoise.so[0m
[4.081s] [ 98%] Built target rasterize
[4.116s] [ 98%] Built target sink
[4.122s] [ 98%] Built target lasernoise
[4.404s] [100%] [32m[1mLinking CXX shared module fasr2.so[0m
[4.473s] [100%] Built target fasr2
[4.489s] Invoked command in '/home/liam-bouffard/Desktop/rob599_mobile_robotics/stage_ws/build/stage' returned '0': DEBUGINFOD_URLS=https://debuginfod.ubuntu.com /usr/bin/cmake --build /home/liam-bouffard/Desktop/rob599_mobile_robotics/stage_ws/build/stage -- -j32 -l32
[4.504s] Invoking command in '/home/liam-bouffard/Desktop/rob599_mobile_robotics/stage_ws/build/stage': DEBUGINFOD_URLS=https://debuginfod.ubuntu.com /usr/bin/cmake --install /home/liam-bouffard/Desktop/rob599_mobile_robotics/stage_ws/build/stage
[4.514s] -- Install configuration: "RELEASE"
[4.515s] -- Installing: /home/liam-bouffard/Desktop/rob599_mobile_robotics/stage_ws/install/stage/lib/pkgconfig/stage.pc
[4.515s] -- Installing: /home/liam-bouffard/Desktop/rob599_mobile_robotics/stage_ws/install/stage/lib/cmake/Stage/stage-config.cmake
[4.515s] -- Installing: /home/liam-bouffard/Desktop/rob599_mobile_robotics/stage_ws/install/stage/lib/cmake/Stage/stage-config-version.cmake
[4.516s] -- Installing: /home/liam-bouffard/Desktop/rob599_mobile_robotics/stage_ws/install/stage/bin/stage
[4.517s] -- Set non-toolchain portion of runtime path of "/home/liam-bouffard/Desktop/rob599_mobile_robotics/stage_ws/install/stage/bin/stage" to ""
[4.517s] -- Installing: /home/liam-bouffard/Desktop/rob599_mobile_robotics/stage_ws/install/stage/lib/libstage.so.4.3.0
[4.518s] -- Installing: /home/liam-bouffard/Desktop/rob599_mobile_robotics/stage_ws/install/stage/lib/libstage.so
[4.518s] -- Installing: /home/liam-bouffard/Desktop/rob599_mobile_robotics/stage_ws/install/stage/include/Stage-4.3/stage.hh
[4.519s] -- Installing: /home/liam-bouffard/Desktop/rob599_mobile_robotics/stage_ws/install/stage/lib/Stage-4.3/fasr.so
[4.519s] -- Set non-toolchain portion of runtime path of "/home/liam-bouffard/Desktop/rob599_mobile_robotics/stage_ws/install/stage/lib/Stage-4.3/fasr.so" to ""
[4.519s] -- Installing: /home/liam-bouffard/Desktop/rob599_mobile_robotics/stage_ws/install/stage/lib/Stage-4.3/sink.so
[4.520s] -- Set non-toolchain portion of runtime path of "/home/liam-bouffard/Desktop/rob599_mobile_robotics/stage_ws/install/stage/lib/Stage-4.3/sink.so" to ""
[4.520s] -- Installing: /home/liam-bouffard/Desktop/rob599_mobile_robotics/stage_ws/install/stage/lib/Stage-4.3/source.so
[4.520s] -- Set non-toolchain portion of runtime path of "/home/liam-bouffard/Desktop/rob599_mobile_robotics/stage_ws/install/stage/lib/Stage-4.3/source.so" to ""
[4.520s] -- Installing: /home/liam-bouffard/Desktop/rob599_mobile_robotics/stage_ws/install/stage/lib/Stage-4.3/wander.so
[4.520s] -- Set non-toolchain portion of runtime path of "/home/liam-bouffard/Desktop/rob599_mobile_robotics/stage_ws/install/stage/lib/Stage-4.3/wander.so" to ""
[4.520s] -- Installing: /home/liam-bouffard/Desktop/rob599_mobile_robotics/stage_ws/install/stage/lib/Stage-4.3/pioneer_flocking.so
[4.521s] -- Set non-toolchain portion of runtime path of "/home/liam-bouffard/Desktop/rob599_mobile_robotics/stage_ws/install/stage/lib/Stage-4.3/pioneer_flocking.so" to ""
[4.521s] -- Installing: /home/liam-bouffard/Desktop/rob599_mobile_robotics/stage_ws/install/stage/lib/Stage-4.3/rasterize.so
[4.521s] -- Set non-toolchain portion of runtime path of "/home/liam-bouffard/Desktop/rob599_mobile_robotics/stage_ws/install/stage/lib/Stage-4.3/rasterize.so" to ""
[4.521s] -- Installing: /home/liam-bouffard/Desktop/rob599_mobile_robotics/stage_ws/install/stage/lib/Stage-4.3/lasernoise.so
[4.521s] -- Set non-toolchain portion of runtime path of "/home/liam-bouffard/Desktop/rob599_mobile_robotics/stage_ws/install/stage/lib/Stage-4.3/lasernoise.so" to ""
[4.522s] -- Installing: /home/liam-bouffard/Desktop/rob599_mobile_robotics/stage_ws/install/stage/lib/Stage-4.3/dynamic.so
[4.522s] -- Set non-toolchain portion of runtime path of "/home/liam-bouffard/Desktop/rob599_mobile_robotics/stage_ws/install/stage/lib/Stage-4.3/dynamic.so" to ""
[4.522s] -- Installing: /home/liam-bouffard/Desktop/rob599_mobile_robotics/stage_ws/install/stage/lib/Stage-4.3/fasr2.so
[4.522s] -- Set non-toolchain portion of runtime path of "/home/liam-bouffard/Desktop/rob599_mobile_robotics/stage_ws/install/stage/lib/Stage-4.3/fasr2.so" to ""
[4.523s] -- Installing: /home/liam-bouffard/Desktop/rob599_mobile_robotics/stage_ws/install/stage/share/stage/assets/blue.png
[4.523s] -- Installing: /home/liam-bouffard/Desktop/rob599_mobile_robotics/stage_ws/install/stage/share/stage/assets/death.png
[4.523s] -- Installing: /home/liam-bouffard/Desktop/rob599_mobile_robotics/stage_ws/install/stage/share/stage/assets/green.png
[4.523s] -- Installing: /home/liam-bouffard/Desktop/rob599_mobile_robotics/stage_ws/install/stage/share/stage/assets/logo.png
[4.523s] -- Installing: /home/liam-bouffard/Desktop/rob599_mobile_robotics/stage_ws/install/stage/share/stage/assets/mains.png
[4.523s] -- Installing: /home/liam-bouffard/Desktop/rob599_mobile_robotics/stage_ws/install/stage/share/stage/assets/mainspower.png
[4.523s] -- Installing: /home/liam-bouffard/Desktop/rob599_mobile_robotics/stage_ws/install/stage/share/stage/assets/question_mark.png
[4.524s] -- Installing: /home/liam-bouffard/Desktop/rob599_mobile_robotics/stage_ws/install/stage/share/stage/assets/red.png
[4.524s] -- Installing: /home/liam-bouffard/Desktop/rob599_mobile_robotics/stage_ws/install/stage/share/stage/assets/stagelogo.png
[4.524s] -- Installing: /home/liam-bouffard/Desktop/rob599_mobile_robotics/stage_ws/install/stage/share/stage/assets/stall-old.png
[4.524s] -- Installing: /home/liam-bouffard/Desktop/rob599_mobile_robotics/stage_ws/install/stage/share/stage/assets/stall.png
[4.524s] -- Installing: /home/liam-bouffard/Desktop/rob599_mobile_robotics/stage_ws/install/stage/share/stage/assets/rgb.txt
[4.524s] -- Installing: /home/liam-bouffard/Desktop/rob599_mobile_robotics/stage_ws/install/stage/share/stage/rgb.txt
[4.524s] -- Installing: /home/liam-bouffard/Desktop/rob599_mobile_robotics/stage_ws/install/stage/share/stage/worlds/amcl-sonar.cfg
[4.525s] -- Installing: /home/liam-bouffard/Desktop/rob599_mobile_robotics/stage_ws/install/stage/share/stage/worlds/autolab.cfg
[4.525s] -- Installing: /home/liam-bouffard/Desktop/rob599_mobile_robotics/stage_ws/install/stage/share/stage/worlds/camera.cfg
[4.525s] -- Installing: /home/liam-bouffard/Desktop/rob599_mobile_robotics/stage_ws/install/stage/share/stage/worlds/everything.cfg
[4.525s] -- Installing: /home/liam-bouffard/Desktop/rob599_mobile_robotics/stage_ws/install/stage/share/stage/worlds/lsp_test.cfg
[4.525s] -- Installing: /home/liam-bouffard/Desktop/rob599_mobile_robotics/stage_ws/install/stage/share/stage/worlds/mbicp.cfg
[4.525s] -- Installing: /home/liam-bouffard/Desktop/rob599_mobile_robotics/stage_ws/install/stage/share/stage/worlds/nd.cfg
[4.525s] -- Installing: /home/liam-bouffard/Desktop/rob599_mobile_robotics/stage_ws/install/stage/share/stage/worlds/roomba.cfg
[4.525s] -- Installing: /home/liam-bouffard/Desktop/rob599_mobile_robotics/stage_ws/install/stage/share/stage/worlds/simple.cfg
[4.525s] -- Installing: /home/liam-bouffard/Desktop/rob599_mobile_robotics/stage_ws/install/stage/share/stage/worlds/test.cfg
[4.525s] -- Installing: /home/liam-bouffard/Desktop/rob599_mobile_robotics/stage_ws/install/stage/share/stage/worlds/uoa_robotics_lab.cfg
[4.526s] -- Installing: /home/liam-bouffard/Desktop/rob599_mobile_robotics/stage_ws/install/stage/share/stage/worlds/vfh.cfg
[4.526s] -- Installing: /home/liam-bouffard/Desktop/rob599_mobile_robotics/stage_ws/install/stage/share/stage/worlds/wavefront-remote.cfg
[4.526s] -- Installing: /home/liam-bouffard/Desktop/rob599_mobile_robotics/stage_ws/install/stage/share/stage/worlds/wavefront.cfg
[4.526s] -- Installing: /home/liam-bouffard/Desktop/rob599_mobile_robotics/stage_ws/install/stage/share/stage/worlds/wifi.cfg
[4.526s] -- Installing: /home/liam-bouffard/Desktop/rob599_mobile_robotics/stage_ws/install/stage/share/stage/worlds/SFU.world
[4.526s] -- Installing: /home/liam-bouffard/Desktop/rob599_mobile_robotics/stage_ws/install/stage/share/stage/worlds/autolab.world
[4.526s] -- Installing: /home/liam-bouffard/Desktop/rob599_mobile_robotics/stage_ws/install/stage/share/stage/worlds/camera.world
[4.526s] -- Installing: /home/liam-bouffard/Desktop/rob599_mobile_robotics/stage_ws/install/stage/share/stage/worlds/circuit.world
[4.526s] -- Installing: /home/liam-bouffard/Desktop/rob599_mobile_robotics/stage_ws/install/stage/share/stage/worlds/everything.world
[4.526s] -- Installing: /home/liam-bouffard/Desktop/rob599_mobile_robotics/stage_ws/install/stage/share/stage/worlds/fasr.world
[4.526s] -- Installing: /home/liam-bouffard/Desktop/rob599_mobile_robotics/stage_ws/install/stage/share/stage/worlds/fasr2.world
[4.526s] -- Installing: /home/liam-bouffard/Desktop/rob599_mobile_robotics/stage_ws/install/stage/share/stage/worlds/fasr_plan.world
[4.527s] -- Installing: /home/liam-bouffard/Desktop/rob599_mobile_robotics/stage_ws/install/stage/share/stage/worlds/large.world
[4.527s] -- Installing: /home/liam-bouffard/Desktop/rob599_mobile_robotics/stage_ws/install/stage/share/stage/worlds/lsp_test.world
[4.527s] -- Installing: /home/liam-bouffard/Desktop/rob599_mobile_robotics/stage_ws/install/stage/share/stage/worlds/mbicp.world
[4.527s] -- Installing: /home/liam-bouffard/Desktop/rob599_mobile_robotics/stage_ws/install/stage/share/stage/worlds/pioneer_flocking.world
[4.527s] -- Installing: /home/liam-bouffard/Desktop/rob599_mobile_robotics/stage_ws/install/stage/share/stage/worlds/pioneer_follow.world
[4.527s] -- Installing: /home/liam-bouffard/Desktop/rob599_mobile_robotics/stage_ws/install/stage/share/stage/worlds/pioneer_walle.world
[4.527s] -- Installing: /home/liam-bouffard/Desktop/rob599_mobile_robotics/stage_ws/install/stage/share/stage/worlds/roomba.world
[4.527s] -- Installing: /home/liam-bouffard/Desktop/rob599_mobile_robotics/stage_ws/install/stage/share/stage/worlds/sensor_noise_demo.world
[4.527s] -- Installing: /home/liam-bouffard/Desktop/rob599_mobile_robotics/stage_ws/install/stage/share/stage/worlds/sensor_noise_module_demo.world
[4.527s] -- Installing: /home/liam-bouffard/Desktop/rob599_mobile_robotics/stage_ws/install/stage/share/stage/worlds/simple.world
[4.527s] -- Installing: /home/liam-bouffard/Desktop/rob599_mobile_robotics/stage_ws/install/stage/share/stage/worlds/uoa_robotics_lab.world
[4.528s] -- Installing: /home/liam-bouffard/Desktop/rob599_mobile_robotics/stage_ws/install/stage/share/stage/worlds/wifi.world
[4.528s] -- Installing: /home/liam-bouffard/Desktop/rob599_mobile_robotics/stage_ws/install/stage/share/stage/worlds/beacons.inc
[4.528s] -- Installing: /home/liam-bouffard/Desktop/rob599_mobile_robotics/stage_ws/install/stage/share/stage/worlds/chatterbox.inc
[4.528s] -- Installing: /home/liam-bouffard/Desktop/rob599_mobile_robotics/stage_ws/install/stage/share/stage/worlds/hokuyo.inc
[4.528s] -- Installing: /home/liam-bouffard/Desktop/rob599_mobile_robotics/stage_ws/install/stage/share/stage/worlds/irobot.inc
[4.528s] -- Installing: /home/liam-bouffard/Desktop/rob599_mobile_robotics/stage_ws/install/stage/share/stage/worlds/map.inc
[4.528s] -- Installing: /home/liam-bouffard/Desktop/rob599_mobile_robotics/stage_ws/install/stage/share/stage/worlds/objects.inc
[4.528s] -- Installing: /home/liam-bouffard/Desktop/rob599_mobile_robotics/stage_ws/install/stage/share/stage/worlds/pantilt.inc
[4.528s] -- Installing: /home/liam-bouffard/Desktop/rob599_mobile_robotics/stage_ws/install/stage/share/stage/worlds/pioneer.inc
[4.528s] -- Installing: /home/liam-bouffard/Desktop/rob599_mobile_robotics/stage_ws/install/stage/share/stage/worlds/sick.inc
[4.528s] -- Installing: /home/liam-bouffard/Desktop/rob599_mobile_robotics/stage_ws/install/stage/share/stage/worlds/ubot.inc
[4.528s] -- Installing: /home/liam-bouffard/Desktop/rob599_mobile_robotics/stage_ws/install/stage/share/stage/worlds/uoa_robotics_lab_models.inc
[4.528s] -- Installing: /home/liam-bouffard/Desktop/rob599_mobile_robotics/stage_ws/install/stage/share/stage/worlds/walle.inc
[4.528s] -- Installing: /home/liam-bouffard/Desktop/rob599_mobile_robotics/stage_ws/install/stage/share/stage/worlds/cfggen.sh
[4.528s] -- Installing: /home/liam-bouffard/Desktop/rob599_mobile_robotics/stage_ws/install/stage/share/stage/worlds/test.sh
[4.529s] -- Installing: /home/liam-bouffard/Desktop/rob599_mobile_robotics/stage_ws/install/stage/share/stage/worlds/worldgen.sh
[4.529s] -- Installing: /home/liam-bouffard/Desktop/rob599_mobile_robotics/stage_ws/install/stage/lib/Stage-4.3/expand_swarm.so
[4.529s] -- Set non-toolchain portion of runtime path of "/home/liam-bouffard/Desktop/rob599_mobile_robotics/stage_ws/install/stage/lib/Stage-4.3/expand_swarm.so" to ""
[4.529s] -- Installing: /home/liam-bouffard/Desktop/rob599_mobile_robotics/stage_ws/install/stage/lib/Stage-4.3/expand_pioneer.so
[4.529s] -- Set non-toolchain portion of runtime path of "/home/liam-bouffard/Desktop/rob599_mobile_robotics/stage_ws/install/stage/lib/Stage-4.3/expand_pioneer.so" to ""
[4.529s] -- Installing: /home/liam-bouffard/Desktop/rob599_mobile_robotics/stage_ws/install/stage/share/stage/worlds/bitmaps/889_05.png
[4.529s] -- Installing: /home/liam-bouffard/Desktop/rob599_mobile_robotics/stage_ws/install/stage/share/stage/worlds/bitmaps/SFU_1200x615.png
[4.529s] -- Installing: /home/liam-bouffard/Desktop/rob599_mobile_robotics/stage_ws/install/stage/share/stage/worlds/bitmaps/SRI-AIC-kwing.png
[4.529s] -- Installing: /home/liam-bouffard/Desktop/rob599_mobile_robotics/stage_ws/install/stage/share/stage/worlds/bitmaps/autolab.png
[4.530s] -- Installing: /home/liam-bouffard/Desktop/rob599_mobile_robotics/stage_ws/install/stage/share/stage/worlds/bitmaps/cave.png
[4.530s] -- Installing: /home/liam-bouffard/Desktop/rob599_mobile_robotics/stage_ws/install/stage/share/stage/worlds/bitmaps/cave_compact.png
[4.530s] -- Installing: /home/liam-bouffard/Desktop/rob599_mobile_robotics/stage_ws/install/stage/share/stage/worlds/bitmaps/cave_filled.png
[4.530s] -- Installing: /home/liam-bouffard/Desktop/rob599_mobile_robotics/stage_ws/install/stage/share/stage/worlds/bitmaps/frieburg.png
[4.530s] -- Installing: /home/liam-bouffard/Desktop/rob599_mobile_robotics/stage_ws/install/stage/share/stage/worlds/bitmaps/ghost.png
[4.530s] -- Installing: /home/liam-bouffard/Desktop/rob599_mobile_robotics/stage_ws/install/stage/share/stage/worlds/bitmaps/hospital.png
[4.530s] -- Installing: /home/liam-bouffard/Desktop/rob599_mobile_robotics/stage_ws/install/stage/share/stage/worlds/bitmaps/hospital_section.png
[4.530s] -- Installing: /home/liam-bouffard/Desktop/rob599_mobile_robotics/stage_ws/install/stage/share/stage/worlds/bitmaps/human_outline.png
[4.530s] -- Installing: /home/liam-bouffard/Desktop/rob599_mobile_robotics/stage_ws/install/stage/share/stage/worlds/bitmaps/mbicp.png
[4.530s] -- Installing: /home/liam-bouffard/Desktop/rob599_mobile_robotics/stage_ws/install/stage/share/stage/worlds/bitmaps/rink.png
[4.530s] -- Installing: /home/liam-bouffard/Desktop/rob599_mobile_robotics/stage_ws/install/stage/share/stage/worlds/bitmaps/sal2.png
[4.530s] -- Installing: /home/liam-bouffard/Desktop/rob599_mobile_robotics/stage_ws/install/stage/share/stage/worlds/bitmaps/simple_rooms.png
[4.530s] -- Installing: /home/liam-bouffard/Desktop/rob599_mobile_robotics/stage_ws/install/stage/share/stage/worlds/bitmaps/space_invader.png
[4.530s] -- Installing: /home/liam-bouffard/Desktop/rob599_mobile_robotics/stage_ws/install/stage/share/stage/worlds/bitmaps/submarine.png
[4.530s] -- Installing: /home/liam-bouffard/Desktop/rob599_mobile_robotics/stage_ws/install/stage/share/stage/worlds/bitmaps/submarine_small.png
[4.531s] -- Installing: /home/liam-bouffard/Desktop/rob599_mobile_robotics/stage_ws/install/stage/share/stage/worlds/bitmaps/table.png
[4.531s] -- Installing: /home/liam-bouffard/Desktop/rob599_mobile_robotics/stage_ws/install/stage/share/stage/worlds/bitmaps/uoa_robotics_lab.png
[4.531s] -- Installing: /home/liam-bouffard/Desktop/rob599_mobile_robotics/stage_ws/install/stage/share/stage/worlds/wifi/commando.world
[4.531s] -- Installing: /home/liam-bouffard/Desktop/rob599_mobile_robotics/stage_ws/install/stage/share/stage/worlds/wifi/hosp_wifi.world
[4.531s] -- Installing: /home/liam-bouffard/Desktop/rob599_mobile_robotics/stage_ws/install/stage/share/stage/worlds/wifi/hosp_wifi_5.world
[4.531s] -- Installing: /home/liam-bouffard/Desktop/rob599_mobile_robotics/stage_ws/install/stage/share/stage/worlds/wifi/wifi.world
[4.531s] -- Installing: /home/liam-bouffard/Desktop/rob599_mobile_robotics/stage_ws/install/stage/share/stage/worlds/wifi/wifi_itu.world
[4.531s] -- Installing: /home/liam-bouffard/Desktop/rob599_mobile_robotics/stage_ws/install/stage/share/stage/worlds/wifi/wifi_logdistance.world
[4.531s] -- Installing: /home/liam-bouffard/Desktop/rob599_mobile_robotics/stage_ws/install/stage/share/stage/worlds/wifi/wifi_ray.world
[4.531s] -- Installing: /home/liam-bouffard/Desktop/rob599_mobile_robotics/stage_ws/install/stage/share/stage/worlds/wifi/wifi_simple.world
[4.531s] -- Installing: /home/liam-bouffard/Desktop/rob599_mobile_robotics/stage_ws/install/stage/share/stage/worlds/wifi/map.inc
[4.533s] Invoked command in '/home/liam-bouffard/Desktop/rob599_mobile_robotics/stage_ws/build/stage' returned '0': DEBUGINFOD_URLS=https://debuginfod.ubuntu.com /usr/bin/cmake --install /home/liam-bouffard/Desktop/rob599_mobile_robotics/stage_ws/build/stage
