[0.081s] DEBUG:colcon:Command line arguments: ['/usr/bin/colcon', 'build']
[0.081s] DEBUG:colcon:Parsed command line arguments: Namespace(log_base=None, log_level=None, verb_name='build', build_base='build', install_base='install', merge_install=False, symlink_install=False, test_result_base=None, continue_on_error=False, executor='parallel', parallel_workers=32, event_handlers=None, ignore_user_meta=False, metas=['./colcon.meta'], base_paths=['.'], packages_ignore=None, packages_ignore_regex=None, paths=None, packages_up_to=None, packages_up_to_regex=None, packages_above=None, packages_above_and_dependencies=None, packages_above_depth=None, packages_select_by_dep=None, packages_skip_by_dep=None, packages_skip_up_to=None, packages_select_build_failed=False, packages_skip_build_finished=False, packages_select_test_failures=False, packages_skip_test_passed=False, packages_select=None, packages_skip=None, packages_select_regex=None, packages_skip_regex=None, packages_start=None, packages_end=None, allow_overriding=[], cmake_args=None, cmake_target=None, cmake_target_skip_unavailable=False, cmake_clean_cache=False, cmake_clean_first=False, cmake_force_configure=False, ament_cmake_args=None, catkin_cmake_args=None, catkin_skip_building_tests=False, verb_parser=<colcon_defaults.argument_parser.defaults.DefaultArgumentsDecorator object at 0x7b3a1349f560>, verb_extension=<colcon_core.verb.build.BuildVerb object at 0x7b3a1349f230>, main=<bound method BuildVerb.main of <colcon_core.verb.build.BuildVerb object at 0x7b3a1349f230>>)
[0.105s] Level 1:colcon.colcon_core.package_discovery:discover_packages(colcon_meta) check parameters
[0.106s] Level 1:colcon.colcon_core.package_discovery:discover_packages(recursive) check parameters
[0.106s] Level 1:colcon.colcon_core.package_discovery:discover_packages(ignore) check parameters
[0.106s] Level 1:colcon.colcon_core.package_discovery:discover_packages(path) check parameters
[0.106s] Level 1:colcon.colcon_core.package_discovery:discover_packages(colcon_meta) discover
[0.106s] Level 1:colcon.colcon_core.package_discovery:discover_packages(recursive) discover
[0.106s] INFO:colcon.colcon_core.package_discovery:Crawling recursively for packages in '/home/liam-bouffard/Desktop/rob599_mobile_robotics/pioneer_ws'
[0.106s] Level 1:colcon.colcon_core.package_identification:_identify(.) by extensions ['ignore', 'ignore_ament_install']
[0.106s] Level 1:colcon.colcon_core.package_identification:_identify(.) by extension 'ignore'
[0.106s] Level 1:colcon.colcon_core.package_identification:_identify(.) by extension 'ignore_ament_install'
[0.106s] Level 1:colcon.colcon_core.package_identification:_identify(.) by extensions ['colcon_pkg']
[0.106s] Level 1:colcon.colcon_core.package_identification:_identify(.) by extension 'colcon_pkg'
[0.106s] Level 1:colcon.colcon_core.package_identification:_identify(.) by extensions ['colcon_meta']
[0.106s] Level 1:colcon.colcon_core.package_identification:_identify(.) by extension 'colcon_meta'
[0.106s] Level 1:colcon.colcon_core.package_identification:_identify(.) by extensions ['ros']
[0.106s] Level 1:colcon.colcon_core.package_identification:_identify(.) by extension 'ros'
[0.124s] Level 1:colcon.colcon_core.package_identification:_identify(.) by extensions ['cmake', 'python']
[0.124s] Level 1:colcon.colcon_core.package_identification:_identify(.) by extension 'cmake'
[0.124s] Level 1:colcon.colcon_core.package_identification:_identify(.) by extension 'python'
[0.124s] Level 1:colcon.colcon_core.package_identification:_identify(.) by extensions ['python_setup_py']
[0.124s] Level 1:colcon.colcon_core.package_identification:_identify(.) by extension 'python_setup_py'
[0.124s] Level 1:colcon.colcon_core.package_identification:_identify(build) by extensions ['ignore', 'ignore_ament_install']
[0.124s] Level 1:colcon.colcon_core.package_identification:_identify(build) by extension 'ignore'
[0.124s] Level 1:colcon.colcon_core.package_identification:_identify(build) ignored
[0.124s] Level 1:colcon.colcon_core.package_identification:_identify(install) by extensions ['ignore', 'ignore_ament_install']
[0.124s] Level 1:colcon.colcon_core.package_identification:_identify(install) by extension 'ignore'
[0.124s] Level 1:colcon.colcon_core.package_identification:_identify(install) ignored
[0.124s] Level 1:colcon.colcon_core.package_identification:_identify(log) by extensions ['ignore', 'ignore_ament_install']
[0.124s] Level 1:colcon.colcon_core.package_identification:_identify(log) by extension 'ignore'
[0.124s] Level 1:colcon.colcon_core.package_identification:_identify(log) ignored
[0.124s] Level 1:colcon.colcon_core.package_identification:_identify(src) by extensions ['ignore', 'ignore_ament_install']
[0.124s] Level 1:colcon.colcon_core.package_identification:_identify(src) by extension 'ignore'
[0.124s] Level 1:colcon.colcon_core.package_identification:_identify(src) by extension 'ignore_ament_install'
[0.124s] Level 1:colcon.colcon_core.package_identification:_identify(src) by extensions ['colcon_pkg']
[0.124s] Level 1:colcon.colcon_core.package_identification:_identify(src) by extension 'colcon_pkg'
[0.124s] Level 1:colcon.colcon_core.package_identification:_identify(src) by extensions ['colcon_meta']
[0.124s] Level 1:colcon.colcon_core.package_identification:_identify(src) by extension 'colcon_meta'
[0.124s] Level 1:colcon.colcon_core.package_identification:_identify(src) by extensions ['ros']
[0.124s] Level 1:colcon.colcon_core.package_identification:_identify(src) by extension 'ros'
[0.124s] Level 1:colcon.colcon_core.package_identification:_identify(src) by extensions ['cmake', 'python']
[0.124s] Level 1:colcon.colcon_core.package_identification:_identify(src) by extension 'cmake'
[0.124s] Level 1:colcon.colcon_core.package_identification:_identify(src) by extension 'python'
[0.124s] Level 1:colcon.colcon_core.package_identification:_identify(src) by extensions ['python_setup_py']
[0.124s] Level 1:colcon.colcon_core.package_identification:_identify(src) by extension 'python_setup_py'
[0.125s] Level 1:colcon.colcon_core.package_identification:_identify(src/goal_target) by extensions ['ignore', 'ignore_ament_install']
[0.125s] Level 1:colcon.colcon_core.package_identification:_identify(src/goal_target) by extension 'ignore'
[0.125s] Level 1:colcon.colcon_core.package_identification:_identify(src/goal_target) by extension 'ignore_ament_install'
[0.125s] Level 1:colcon.colcon_core.package_identification:_identify(src/goal_target) by extensions ['colcon_pkg']
[0.125s] Level 1:colcon.colcon_core.package_identification:_identify(src/goal_target) by extension 'colcon_pkg'
[0.125s] Level 1:colcon.colcon_core.package_identification:_identify(src/goal_target) by extensions ['colcon_meta']
[0.125s] Level 1:colcon.colcon_core.package_identification:_identify(src/goal_target) by extension 'colcon_meta'
[0.125s] Level 1:colcon.colcon_core.package_identification:_identify(src/goal_target) by extensions ['ros']
[0.125s] Level 1:colcon.colcon_core.package_identification:_identify(src/goal_target) by extension 'ros'
[0.126s] DEBUG:colcon.colcon_core.package_identification:Package 'src/goal_target' with type 'ros.ament_cmake' and name 'goal_target'
[0.126s] Level 1:colcon.colcon_core.package_identification:_identify(src/pioneer) by extensions ['ignore', 'ignore_ament_install']
[0.126s] Level 1:colcon.colcon_core.package_identification:_identify(src/pioneer) by extension 'ignore'
[0.126s] Level 1:colcon.colcon_core.package_identification:_identify(src/pioneer) by extension 'ignore_ament_install'
[0.126s] Level 1:colcon.colcon_core.package_identification:_identify(src/pioneer) by extensions ['colcon_pkg']
[0.127s] Level 1:colcon.colcon_core.package_identification:_identify(src/pioneer) by extension 'colcon_pkg'
[0.127s] Level 1:colcon.colcon_core.package_identification:_identify(src/pioneer) by extensions ['colcon_meta']
[0.127s] Level 1:colcon.colcon_core.package_identification:_identify(src/pioneer) by extension 'colcon_meta'
[0.127s] Level 1:colcon.colcon_core.package_identification:_identify(src/pioneer) by extensions ['ros']
[0.127s] Level 1:colcon.colcon_core.package_identification:_identify(src/pioneer) by extension 'ros'
[0.127s] DEBUG:colcon.colcon_core.package_identification:Package 'src/pioneer' with type 'ros.ament_python' and name 'pioneer'
[0.127s] Level 1:colcon.colcon_core.package_discovery:discover_packages(recursive) using defaults
[0.127s] Level 1:colcon.colcon_core.package_discovery:discover_packages(ignore) discover
[0.127s] Level 1:colcon.colcon_core.package_discovery:discover_packages(ignore) using defaults
[0.127s] Level 1:colcon.colcon_core.package_discovery:discover_packages(path) discover
[0.127s] Level 1:colcon.colcon_core.package_discovery:discover_packages(path) using defaults
[0.139s] Level 1:colcon.colcon_core.package_discovery:discover_packages(prefix_path) check parameters
[0.139s] Level 1:colcon.colcon_core.package_discovery:discover_packages(prefix_path) discover
[0.140s] DEBUG:colcon.colcon_installed_package_information.package_discovery:Found 2 installed packages in /home/liam-bouffard/Desktop/rob599_mobile_robotics/pioneer_ws/install
[0.141s] DEBUG:colcon.colcon_installed_package_information.package_discovery:Found 335 installed packages in /opt/ros/kilted
[0.142s] Level 1:colcon.colcon_core.package_discovery:discover_packages(prefix_path) using defaults
[0.171s] Level 5:colcon.colcon_core.verb:set package 'goal_target' build argument 'cmake_args' from command line to 'None'
[0.171s] Level 5:colcon.colcon_core.verb:set package 'goal_target' build argument 'cmake_target' from command line to 'None'
[0.171s] Level 5:colcon.colcon_core.verb:set package 'goal_target' build argument 'cmake_target_skip_unavailable' from command line to 'False'
[0.171s] Level 5:colcon.colcon_core.verb:set package 'goal_target' build argument 'cmake_clean_cache' from command line to 'False'
[0.171s] Level 5:colcon.colcon_core.verb:set package 'goal_target' build argument 'cmake_clean_first' from command line to 'False'
[0.171s] Level 5:colcon.colcon_core.verb:set package 'goal_target' build argument 'cmake_force_configure' from command line to 'False'
[0.171s] Level 5:colcon.colcon_core.verb:set package 'goal_target' build argument 'ament_cmake_args' from command line to 'None'
[0.171s] Level 5:colcon.colcon_core.verb:set package 'goal_target' build argument 'catkin_cmake_args' from command line to 'None'
[0.171s] Level 5:colcon.colcon_core.verb:set package 'goal_target' build argument 'catkin_skip_building_tests' from command line to 'False'
[0.171s] DEBUG:colcon.colcon_core.verb:Building package 'goal_target' with the following arguments: {'ament_cmake_args': None, 'build_base': '/home/liam-bouffard/Desktop/rob599_mobile_robotics/pioneer_ws/build/goal_target', 'catkin_cmake_args': None, 'catkin_skip_building_tests': False, 'cmake_args': None, 'cmake_clean_cache': False, 'cmake_clean_first': False, 'cmake_force_configure': False, 'cmake_target': None, 'cmake_target_skip_unavailable': False, 'install_base': '/home/liam-bouffard/Desktop/rob599_mobile_robotics/pioneer_ws/install/goal_target', 'merge_install': False, 'path': '/home/liam-bouffard/Desktop/rob599_mobile_robotics/pioneer_ws/src/goal_target', 'symlink_install': False, 'test_result_base': None}
[0.171s] Level 5:colcon.colcon_core.verb:set package 'pioneer' build argument 'cmake_args' from command line to 'None'
[0.171s] Level 5:colcon.colcon_core.verb:set package 'pioneer' build argument 'cmake_target' from command line to 'None'
[0.171s] Level 5:colcon.colcon_core.verb:set package 'pioneer' build argument 'cmake_target_skip_unavailable' from command line to 'False'
[0.172s] Level 5:colcon.colcon_core.verb:set package 'pioneer' build argument 'cmake_clean_cache' from command line to 'False'
[0.172s] Level 5:colcon.colcon_core.verb:set package 'pioneer' build argument 'cmake_clean_first' from command line to 'False'
[0.172s] Level 5:colcon.colcon_core.verb:set package 'pioneer' build argument 'cmake_force_configure' from command line to 'False'
[0.172s] Level 5:colcon.colcon_core.verb:set package 'pioneer' build argument 'ament_cmake_args' from command line to 'None'
[0.172s] Level 5:colcon.colcon_core.verb:set package 'pioneer' build argument 'catkin_cmake_args' from command line to 'None'
[0.172s] Level 5:colcon.colcon_core.verb:set package 'pioneer' build argument 'catkin_skip_building_tests' from command line to 'False'
[0.172s] DEBUG:colcon.colcon_core.verb:Building package 'pioneer' with the following arguments: {'ament_cmake_args': None, 'build_base': '/home/liam-bouffard/Desktop/rob599_mobile_robotics/pioneer_ws/build/pioneer', 'catkin_cmake_args': None, 'catkin_skip_building_tests': False, 'cmake_args': None, 'cmake_clean_cache': False, 'cmake_clean_first': False, 'cmake_force_configure': False, 'cmake_target': None, 'cmake_target_skip_unavailable': False, 'install_base': '/home/liam-bouffard/Desktop/rob599_mobile_robotics/pioneer_ws/install/pioneer', 'merge_install': False, 'path': '/home/liam-bouffard/Desktop/rob599_mobile_robotics/pioneer_ws/src/pioneer', 'symlink_install': False, 'test_result_base': None}
[0.172s] INFO:colcon.colcon_core.executor:Executing jobs using 'parallel' executor
[0.172s] DEBUG:colcon.colcon_parallel_executor.executor.parallel:run_until_complete
[0.173s] INFO:colcon.colcon_ros.task.ament_cmake.build:Building ROS package in '/home/liam-bouffard/Desktop/rob599_mobile_robotics/pioneer_ws/src/goal_target' with build type 'ament_cmake'
[0.173s] INFO:colcon.colcon_cmake.task.cmake.build:Building CMake package in '/home/liam-bouffard/Desktop/rob599_mobile_robotics/pioneer_ws/src/goal_target'
[0.174s] INFO:colcon.colcon_core.plugin_system:Skipping extension 'colcon_core.shell.bat': Not used on non-Windows systems
[0.174s] INFO:colcon.colcon_core.shell:Skip shell extension 'powershell' for command environment: Not usable outside of PowerShell
[0.174s] DEBUG:colcon.colcon_core.shell:Skip shell extension 'dsv' for command environment
[0.181s] DEBUG:colcon.colcon_core.event_handler.log_command:Invoking command in '/home/liam-bouffard/Desktop/rob599_mobile_robotics/pioneer_ws/build/goal_target': CMAKE_PREFIX_PATH=${CMAKE_PREFIX_PATH}:/home/liam-bouffard/Desktop/rob599_mobile_robotics/pioneer_ws/install/pioneer:/opt/ros/kilted DEBUGINFOD_URLS=https://debuginfod.ubuntu.com /usr/bin/cmake --build /home/liam-bouffard/Desktop/rob599_mobile_robotics/pioneer_ws/build/goal_target -- -j32 -l32
[0.470s] DEBUG:colcon.colcon_core.event_handler.log_command:Invoked command in '/home/liam-bouffard/Desktop/rob599_mobile_robotics/pioneer_ws/build/goal_target' returned '0': CMAKE_PREFIX_PATH=${CMAKE_PREFIX_PATH}:/home/liam-bouffard/Desktop/rob599_mobile_robotics/pioneer_ws/install/pioneer:/opt/ros/kilted DEBUGINFOD_URLS=https://debuginfod.ubuntu.com /usr/bin/cmake --build /home/liam-bouffard/Desktop/rob599_mobile_robotics/pioneer_ws/build/goal_target -- -j32 -l32
[0.479s] DEBUG:colcon.colcon_core.event_handler.log_command:Invoking command in '/home/liam-bouffard/Desktop/rob599_mobile_robotics/pioneer_ws/build/goal_target': CMAKE_PREFIX_PATH=${CMAKE_PREFIX_PATH}:/home/liam-bouffard/Desktop/rob599_mobile_robotics/pioneer_ws/install/pioneer:/opt/ros/kilted DEBUGINFOD_URLS=https://debuginfod.ubuntu.com /usr/bin/cmake --install /home/liam-bouffard/Desktop/rob599_mobile_robotics/pioneer_ws/build/goal_target
[0.535s] Level 1:colcon.colcon_core.environment:create_environment_scripts_only(goal_target)
[0.535s] DEBUG:colcon.colcon_core.event_handler.log_command:Invoked command in '/home/liam-bouffard/Desktop/rob599_mobile_robotics/pioneer_ws/build/goal_target' returned '0': CMAKE_PREFIX_PATH=${CMAKE_PREFIX_PATH}:/home/liam-bouffard/Desktop/rob599_mobile_robotics/pioneer_ws/install/pioneer:/opt/ros/kilted DEBUGINFOD_URLS=https://debuginfod.ubuntu.com /usr/bin/cmake --install /home/liam-bouffard/Desktop/rob599_mobile_robotics/pioneer_ws/build/goal_target
[0.536s] Level 1:colcon.colcon_core.environment:checking '/home/liam-bouffard/Desktop/rob599_mobile_robotics/pioneer_ws/install/goal_target' for CMake module files
[0.537s] Level 1:colcon.colcon_core.environment:checking '/home/liam-bouffard/Desktop/rob599_mobile_robotics/pioneer_ws/install/goal_target' for CMake config files
[0.537s] Level 1:colcon.colcon_core.shell:create_environment_hook('goal_target', 'cmake_prefix_path')
[0.537s] INFO:colcon.colcon_core.shell:Creating environment hook '/home/liam-bouffard/Desktop/rob599_mobile_robotics/pioneer_ws/install/goal_target/share/goal_target/hook/cmake_prefix_path.ps1'
[0.537s] INFO:colcon.colcon_core.shell:Creating environment descriptor '/home/liam-bouffard/Desktop/rob599_mobile_robotics/pioneer_ws/install/goal_target/share/goal_target/hook/cmake_prefix_path.dsv'
[0.538s] INFO:colcon.colcon_core.shell:Creating environment hook '/home/liam-bouffard/Desktop/rob599_mobile_robotics/pioneer_ws/install/goal_target/share/goal_target/hook/cmake_prefix_path.sh'
[0.538s] Level 1:colcon.colcon_core.environment:checking '/home/liam-bouffard/Desktop/rob599_mobile_robotics/pioneer_ws/install/goal_target/lib'
[0.539s] Level 1:colcon.colcon_core.shell:create_environment_hook('goal_target', 'ld_library_path_lib')
[0.539s] INFO:colcon.colcon_core.shell:Creating environment hook '/home/liam-bouffard/Desktop/rob599_mobile_robotics/pioneer_ws/install/goal_target/share/goal_target/hook/ld_library_path_lib.ps1'
[0.539s] INFO:colcon.colcon_core.shell:Creating environment descriptor '/home/liam-bouffard/Desktop/rob599_mobile_robotics/pioneer_ws/install/goal_target/share/goal_target/hook/ld_library_path_lib.dsv'
[0.539s] INFO:colcon.colcon_core.shell:Creating environment hook '/home/liam-bouffard/Desktop/rob599_mobile_robotics/pioneer_ws/install/goal_target/share/goal_target/hook/ld_library_path_lib.sh'
[0.539s] Level 1:colcon.colcon_core.environment:checking '/home/liam-bouffard/Desktop/rob599_mobile_robotics/pioneer_ws/install/goal_target/bin'
[0.539s] Level 1:colcon.colcon_core.environment:checking '/home/liam-bouffard/Desktop/rob599_mobile_robotics/pioneer_ws/install/goal_target/lib/pkgconfig/goal_target.pc'
[0.540s] Level 1:colcon.colcon_core.environment:checking '/home/liam-bouffard/Desktop/rob599_mobile_robotics/pioneer_ws/install/goal_target/lib/python3.12/site-packages'
[0.540s] Level 1:colcon.colcon_core.shell:create_environment_hook('goal_target', 'pythonpath')
[0.540s] INFO:colcon.colcon_core.shell:Creating environment hook '/home/liam-bouffard/Desktop/rob599_mobile_robotics/pioneer_ws/install/goal_target/share/goal_target/hook/pythonpath.ps1'
[0.540s] INFO:colcon.colcon_core.shell:Creating environment descriptor '/home/liam-bouffard/Desktop/rob599_mobile_robotics/pioneer_ws/install/goal_target/share/goal_target/hook/pythonpath.dsv'
[0.540s] INFO:colcon.colcon_core.shell:Creating environment hook '/home/liam-bouffard/Desktop/rob599_mobile_robotics/pioneer_ws/install/goal_target/share/goal_target/hook/pythonpath.sh'
[0.541s] Level 1:colcon.colcon_core.environment:checking '/home/liam-bouffard/Desktop/rob599_mobile_robotics/pioneer_ws/install/goal_target/bin'
[0.541s] INFO:colcon.colcon_core.shell:Creating package script '/home/liam-bouffard/Desktop/rob599_mobile_robotics/pioneer_ws/install/goal_target/share/goal_target/package.ps1'
[0.542s] INFO:colcon.colcon_core.shell:Creating package descriptor '/home/liam-bouffard/Desktop/rob599_mobile_robotics/pioneer_ws/install/goal_target/share/goal_target/package.dsv'
[0.542s] INFO:colcon.colcon_core.shell:Creating package script '/home/liam-bouffard/Desktop/rob599_mobile_robotics/pioneer_ws/install/goal_target/share/goal_target/package.sh'
[0.542s] INFO:colcon.colcon_core.shell:Creating package script '/home/liam-bouffard/Desktop/rob599_mobile_robotics/pioneer_ws/install/goal_target/share/goal_target/package.bash'
[0.543s] INFO:colcon.colcon_core.shell:Creating package script '/home/liam-bouffard/Desktop/rob599_mobile_robotics/pioneer_ws/install/goal_target/share/goal_target/package.zsh'
[0.543s] Level 1:colcon.colcon_core.environment:create_file_with_runtime_dependencies(/home/liam-bouffard/Desktop/rob599_mobile_robotics/pioneer_ws/install/goal_target/share/colcon-core/packages/goal_target)
[0.543s] Level 1:colcon.colcon_core.environment:create_environment_scripts_only(goal_target)
[0.543s] Level 1:colcon.colcon_core.environment:checking '/home/liam-bouffard/Desktop/rob599_mobile_robotics/pioneer_ws/install/goal_target' for CMake module files
[0.544s] Level 1:colcon.colcon_core.environment:checking '/home/liam-bouffard/Desktop/rob599_mobile_robotics/pioneer_ws/install/goal_target' for CMake config files
[0.544s] Level 1:colcon.colcon_core.shell:create_environment_hook('goal_target', 'cmake_prefix_path')
[0.544s] INFO:colcon.colcon_core.shell:Creating environment hook '/home/liam-bouffard/Desktop/rob599_mobile_robotics/pioneer_ws/install/goal_target/share/goal_target/hook/cmake_prefix_path.ps1'
[0.544s] INFO:colcon.colcon_core.shell:Creating environment descriptor '/home/liam-bouffard/Desktop/rob599_mobile_robotics/pioneer_ws/install/goal_target/share/goal_target/hook/cmake_prefix_path.dsv'
[0.545s] INFO:colcon.colcon_core.shell:Creating environment hook '/home/liam-bouffard/Desktop/rob599_mobile_robotics/pioneer_ws/install/goal_target/share/goal_target/hook/cmake_prefix_path.sh'
[0.545s] Level 1:colcon.colcon_core.environment:checking '/home/liam-bouffard/Desktop/rob599_mobile_robotics/pioneer_ws/install/goal_target/lib'
[0.545s] Level 1:colcon.colcon_core.shell:create_environment_hook('goal_target', 'ld_library_path_lib')
[0.545s] INFO:colcon.colcon_core.shell:Creating environment hook '/home/liam-bouffard/Desktop/rob599_mobile_robotics/pioneer_ws/install/goal_target/share/goal_target/hook/ld_library_path_lib.ps1'
[0.545s] INFO:colcon.colcon_core.shell:Creating environment descriptor '/home/liam-bouffard/Desktop/rob599_mobile_robotics/pioneer_ws/install/goal_target/share/goal_target/hook/ld_library_path_lib.dsv'
[0.545s] INFO:colcon.colcon_core.shell:Creating environment hook '/home/liam-bouffard/Desktop/rob599_mobile_robotics/pioneer_ws/install/goal_target/share/goal_target/hook/ld_library_path_lib.sh'
[0.546s] Level 1:colcon.colcon_core.environment:checking '/home/liam-bouffard/Desktop/rob599_mobile_robotics/pioneer_ws/install/goal_target/bin'
[0.546s] Level 1:colcon.colcon_core.environment:checking '/home/liam-bouffard/Desktop/rob599_mobile_robotics/pioneer_ws/install/goal_target/lib/pkgconfig/goal_target.pc'
[0.546s] Level 1:colcon.colcon_core.environment:checking '/home/liam-bouffard/Desktop/rob599_mobile_robotics/pioneer_ws/install/goal_target/lib/python3.12/site-packages'
[0.546s] Level 1:colcon.colcon_core.shell:create_environment_hook('goal_target', 'pythonpath')
[0.546s] INFO:colcon.colcon_core.shell:Creating environment hook '/home/liam-bouffard/Desktop/rob599_mobile_robotics/pioneer_ws/install/goal_target/share/goal_target/hook/pythonpath.ps1'
[0.546s] INFO:colcon.colcon_core.shell:Creating environment descriptor '/home/liam-bouffard/Desktop/rob599_mobile_robotics/pioneer_ws/install/goal_target/share/goal_target/hook/pythonpath.dsv'
[0.546s] INFO:colcon.colcon_core.shell:Creating environment hook '/home/liam-bouffard/Desktop/rob599_mobile_robotics/pioneer_ws/install/goal_target/share/goal_target/hook/pythonpath.sh'
[0.547s] Level 1:colcon.colcon_core.environment:checking '/home/liam-bouffard/Desktop/rob599_mobile_robotics/pioneer_ws/install/goal_target/bin'
[0.547s] INFO:colcon.colcon_core.shell:Creating package script '/home/liam-bouffard/Desktop/rob599_mobile_robotics/pioneer_ws/install/goal_target/share/goal_target/package.ps1'
[0.547s] INFO:colcon.colcon_core.shell:Creating package descriptor '/home/liam-bouffard/Desktop/rob599_mobile_robotics/pioneer_ws/install/goal_target/share/goal_target/package.dsv'
[0.548s] INFO:colcon.colcon_core.shell:Creating package script '/home/liam-bouffard/Desktop/rob599_mobile_robotics/pioneer_ws/install/goal_target/share/goal_target/package.sh'
[0.548s] INFO:colcon.colcon_core.shell:Creating package script '/home/liam-bouffard/Desktop/rob599_mobile_robotics/pioneer_ws/install/goal_target/share/goal_target/package.bash'
[0.548s] INFO:colcon.colcon_core.shell:Creating package script '/home/liam-bouffard/Desktop/rob599_mobile_robotics/pioneer_ws/install/goal_target/share/goal_target/package.zsh'
[0.548s] Level 1:colcon.colcon_core.environment:create_file_with_runtime_dependencies(/home/liam-bouffard/Desktop/rob599_mobile_robotics/pioneer_ws/install/goal_target/share/colcon-core/packages/goal_target)
[0.548s] INFO:colcon.colcon_ros.task.ament_python.build:Building ROS package in '/home/liam-bouffard/Desktop/rob599_mobile_robotics/pioneer_ws/src/pioneer' with build type 'ament_python'
[0.549s] Level 1:colcon.colcon_core.shell:create_environment_hook('pioneer', 'ament_prefix_path')
[0.549s] INFO:colcon.colcon_core.shell:Creating environment hook '/home/liam-bouffard/Desktop/rob599_mobile_robotics/pioneer_ws/install/pioneer/share/pioneer/hook/ament_prefix_path.ps1'
[0.549s] INFO:colcon.colcon_core.shell:Creating environment descriptor '/home/liam-bouffard/Desktop/rob599_mobile_robotics/pioneer_ws/install/pioneer/share/pioneer/hook/ament_prefix_path.dsv'
[0.549s] INFO:colcon.colcon_core.shell:Creating environment hook '/home/liam-bouffard/Desktop/rob599_mobile_robotics/pioneer_ws/install/pioneer/share/pioneer/hook/ament_prefix_path.sh'
[0.550s] INFO:colcon.colcon_core.shell:Skip shell extension 'powershell' for command environment: Not usable outside of PowerShell
[0.550s] DEBUG:colcon.colcon_core.shell:Skip shell extension 'dsv' for command environment
[0.705s] INFO:colcon.colcon_core.task.python.build:Building Python package in '/home/liam-bouffard/Desktop/rob599_mobile_robotics/pioneer_ws/src/pioneer'
[0.705s] INFO:colcon.colcon_core.shell:Skip shell extension 'powershell' for command environment: Not usable outside of PowerShell
[0.705s] DEBUG:colcon.colcon_core.shell:Skip shell extension 'dsv' for command environment
[1.123s] DEBUG:colcon.colcon_core.event_handler.log_command:Invoking command in '/home/liam-bouffard/Desktop/rob599_mobile_robotics/pioneer_ws/src/pioneer': DEBUGINFOD_URLS=https://debuginfod.ubuntu.com PYTHONPATH=/home/liam-bouffard/Desktop/rob599_mobile_robotics/pioneer_ws/build/pioneer/prefix_override:/usr/lib/python3/dist-packages/colcon_core/task/python/colcon_distutils_commands:/home/liam-bouffard/Desktop/rob599_mobile_robotics/pioneer_ws/install/pioneer/lib/python3.12/site-packages:/home/liam-bouffard/Desktop/rob599_mobile_robotics/pioneer_ws/install/goal_target/lib/python3.12/site-packages:/home/liam-bouffard/Desktop/rob599_mobile_robotics/pioneer_ws/build/pioneer:/home/liam-bouffard/Desktop/rob599_mobile_robotics/pioneer_ws/install/pioneer/lib/python3.12/site-packages:/opt/ros/kilted/lib/python3.12/site-packages /usr/bin/python3 -W ignore:setup.py install is deprecated -W ignore:easy_install command is deprecated setup.py egg_info --egg-base ../../build/pioneer build --build-base /home/liam-bouffard/Desktop/rob599_mobile_robotics/pioneer_ws/build/pioneer/build install --record /home/liam-bouffard/Desktop/rob599_mobile_robotics/pioneer_ws/build/pioneer/install.log --single-version-externally-managed install_data
[1.515s] Level 1:colcon.colcon_core.environment:checking '/home/liam-bouffard/Desktop/rob599_mobile_robotics/pioneer_ws/install/pioneer' for CMake module files
[1.515s] DEBUG:colcon.colcon_core.event_handler.log_command:Invoked command in '/home/liam-bouffard/Desktop/rob599_mobile_robotics/pioneer_ws/src/pioneer' returned '0': DEBUGINFOD_URLS=https://debuginfod.ubuntu.com PYTHONPATH=/home/liam-bouffard/Desktop/rob599_mobile_robotics/pioneer_ws/build/pioneer/prefix_override:/usr/lib/python3/dist-packages/colcon_core/task/python/colcon_distutils_commands:/home/liam-bouffard/Desktop/rob599_mobile_robotics/pioneer_ws/install/pioneer/lib/python3.12/site-packages:/home/liam-bouffard/Desktop/rob599_mobile_robotics/pioneer_ws/install/goal_target/lib/python3.12/site-packages:/home/liam-bouffard/Desktop/rob599_mobile_robotics/pioneer_ws/build/pioneer:/home/liam-bouffard/Desktop/rob599_mobile_robotics/pioneer_ws/install/pioneer/lib/python3.12/site-packages:/opt/ros/kilted/lib/python3.12/site-packages /usr/bin/python3 -W ignore:setup.py install is deprecated -W ignore:easy_install command is deprecated setup.py egg_info --egg-base ../../build/pioneer build --build-base /home/liam-bouffard/Desktop/rob599_mobile_robotics/pioneer_ws/build/pioneer/build install --record /home/liam-bouffard/Desktop/rob599_mobile_robotics/pioneer_ws/build/pioneer/install.log --single-version-externally-managed install_data
[1.515s] Level 1:colcon.colcon_core.environment:checking '/home/liam-bouffard/Desktop/rob599_mobile_robotics/pioneer_ws/install/pioneer' for CMake config files
[1.516s] Level 1:colcon.colcon_core.environment:checking '/home/liam-bouffard/Desktop/rob599_mobile_robotics/pioneer_ws/install/pioneer/lib'
[1.516s] Level 1:colcon.colcon_core.environment:checking '/home/liam-bouffard/Desktop/rob599_mobile_robotics/pioneer_ws/install/pioneer/bin'
[1.516s] Level 1:colcon.colcon_core.environment:checking '/home/liam-bouffard/Desktop/rob599_mobile_robotics/pioneer_ws/install/pioneer/lib/pkgconfig/pioneer.pc'
[1.516s] Level 1:colcon.colcon_core.environment:checking '/home/liam-bouffard/Desktop/rob599_mobile_robotics/pioneer_ws/install/pioneer/lib/python3.12/site-packages'
[1.516s] Level 1:colcon.colcon_core.shell:create_environment_hook('pioneer', 'pythonpath')
[1.516s] INFO:colcon.colcon_core.shell:Creating environment hook '/home/liam-bouffard/Desktop/rob599_mobile_robotics/pioneer_ws/install/pioneer/share/pioneer/hook/pythonpath.ps1'
[1.516s] INFO:colcon.colcon_core.shell:Creating environment descriptor '/home/liam-bouffard/Desktop/rob599_mobile_robotics/pioneer_ws/install/pioneer/share/pioneer/hook/pythonpath.dsv'
[1.517s] INFO:colcon.colcon_core.shell:Creating environment hook '/home/liam-bouffard/Desktop/rob599_mobile_robotics/pioneer_ws/install/pioneer/share/pioneer/hook/pythonpath.sh'
[1.517s] Level 1:colcon.colcon_core.environment:checking '/home/liam-bouffard/Desktop/rob599_mobile_robotics/pioneer_ws/install/pioneer/bin'
[1.517s] Level 1:colcon.colcon_core.environment:create_environment_scripts_only(pioneer)
[1.517s] INFO:colcon.colcon_core.shell:Creating package script '/home/liam-bouffard/Desktop/rob599_mobile_robotics/pioneer_ws/install/pioneer/share/pioneer/package.ps1'
[1.517s] INFO:colcon.colcon_core.shell:Creating package descriptor '/home/liam-bouffard/Desktop/rob599_mobile_robotics/pioneer_ws/install/pioneer/share/pioneer/package.dsv'
[1.518s] INFO:colcon.colcon_core.shell:Creating package script '/home/liam-bouffard/Desktop/rob599_mobile_robotics/pioneer_ws/install/pioneer/share/pioneer/package.sh'
[1.518s] INFO:colcon.colcon_core.shell:Creating package script '/home/liam-bouffard/Desktop/rob599_mobile_robotics/pioneer_ws/install/pioneer/share/pioneer/package.bash'
[1.518s] INFO:colcon.colcon_core.shell:Creating package script '/home/liam-bouffard/Desktop/rob599_mobile_robotics/pioneer_ws/install/pioneer/share/pioneer/package.zsh'
[1.518s] Level 1:colcon.colcon_core.environment:create_file_with_runtime_dependencies(/home/liam-bouffard/Desktop/rob599_mobile_robotics/pioneer_ws/install/pioneer/share/colcon-core/packages/pioneer)
[1.518s] DEBUG:colcon.colcon_parallel_executor.executor.parallel:closing loop
[1.518s] DEBUG:colcon.colcon_parallel_executor.executor.parallel:loop closed
[1.519s] DEBUG:colcon.colcon_parallel_executor.executor.parallel:run_until_complete finished with '0'
[1.519s] DEBUG:colcon.colcon_core.event_reactor:joining thread
[1.522s] INFO:colcon.colcon_core.plugin_system:Skipping extension 'colcon_notification.desktop_notification.terminal_notifier': Not used on non-Darwin systems
[1.522s] INFO:colcon.colcon_core.plugin_system:Skipping extension 'colcon_notification.desktop_notification.win32': Not used on non-Windows systems
[1.522s] INFO:colcon.colcon_notification.desktop_notification:Sending desktop notification using 'notify2'
[1.533s] DEBUG:colcon.colcon_core.event_reactor:joined thread
[1.533s] INFO:colcon.colcon_core.shell:Creating prefix script '/home/liam-bouffard/Desktop/rob599_mobile_robotics/pioneer_ws/install/local_setup.ps1'
[1.534s] INFO:colcon.colcon_core.shell:Creating prefix util module '/home/liam-bouffard/Desktop/rob599_mobile_robotics/pioneer_ws/install/_local_setup_util_ps1.py'
[1.535s] INFO:colcon.colcon_core.shell:Creating prefix chain script '/home/liam-bouffard/Desktop/rob599_mobile_robotics/pioneer_ws/install/setup.ps1'
[1.535s] INFO:colcon.colcon_core.shell:Creating prefix script '/home/liam-bouffard/Desktop/rob599_mobile_robotics/pioneer_ws/install/local_setup.sh'
[1.535s] INFO:colcon.colcon_core.shell:Creating prefix util module '/home/liam-bouffard/Desktop/rob599_mobile_robotics/pioneer_ws/install/_local_setup_util_sh.py'
[1.536s] INFO:colcon.colcon_core.shell:Creating prefix chain script '/home/liam-bouffard/Desktop/rob599_mobile_robotics/pioneer_ws/install/setup.sh'
[1.536s] INFO:colcon.colcon_core.shell:Creating prefix script '/home/liam-bouffard/Desktop/rob599_mobile_robotics/pioneer_ws/install/local_setup.bash'
[1.537s] INFO:colcon.colcon_core.shell:Creating prefix chain script '/home/liam-bouffard/Desktop/rob599_mobile_robotics/pioneer_ws/install/setup.bash'
[1.537s] INFO:colcon.colcon_core.shell:Creating prefix script '/home/liam-bouffard/Desktop/rob599_mobile_robotics/pioneer_ws/install/local_setup.zsh'
[1.537s] INFO:colcon.colcon_core.shell:Creating prefix chain script '/home/liam-bouffard/Desktop/rob599_mobile_robotics/pioneer_ws/install/setup.zsh'
