running develop
Removing /home/liam-bouffard/Desktop/rob599_mobile_robotics/pioneer_ws/install/pioneer/lib/python3.12/site-packages/pioneer.egg-link (link to .)
running egg_info
writing ../../build/pioneer/pioneer.egg-info/PKG-INFO
writing dependency_links to ../../build/pioneer/pioneer.egg-info/dependency_links.txt
writing entry points to ../../build/pioneer/pioneer.egg-info/entry_points.txt
writing requirements to ../../build/pioneer/pioneer.egg-info/requires.txt
writing top-level names to ../../build/pioneer/pioneer.egg-info/top_level.txt
reading manifest file '../../build/pioneer/pioneer.egg-info/SOURCES.txt'
adding license file 'LICENSE'
writing manifest file '../../build/pioneer/pioneer.egg-info/SOURCES.txt'
running build
running build_py
creating /home/liam-bouffard/Desktop/rob599_mobile_robotics/pioneer_ws/build/pioneer/build
creating /home/liam-bouffard/Desktop/rob599_mobile_robotics/pioneer_ws/build/pioneer/build/lib
creating /home/liam-bouffard/Desktop/rob599_mobile_robotics/pioneer_ws/build/pioneer/build/lib/pioneer
copying pioneer/test_vfh.py -> /home/liam-bouffard/Desktop/rob599_mobile_robotics/pioneer_ws/build/pioneer/build/lib/pioneer
copying pioneer/__init__.py -> /home/liam-bouffard/Desktop/rob599_mobile_robotics/pioneer_ws/build/pioneer/build/lib/pioneer
copying pioneer/driver.py -> /home/liam-bouffard/Desktop/rob599_mobile_robotics/pioneer_ws/build/pioneer/build/lib/pioneer
running install
running install_lib
creating /home/liam-bouffard/Desktop/rob599_mobile_robotics/pioneer_ws/install/pioneer/lib/python3.12/site-packages/pioneer
copying /home/liam-bouffard/Desktop/rob599_mobile_robotics/pioneer_ws/build/pioneer/build/lib/pioneer/test_vfh.py -> /home/liam-bouffard/Desktop/rob599_mobile_robotics/pioneer_ws/install/pioneer/lib/python3.12/site-packages/pioneer
copying /home/liam-bouffard/Desktop/rob599_mobile_robotics/pioneer_ws/build/pioneer/build/lib/pioneer/__init__.py -> /home/liam-bouffard/Desktop/rob599_mobile_robotics/pioneer_ws/install/pioneer/lib/python3.12/site-packages/pioneer
copying /home/liam-bouffard/Desktop/rob599_mobile_robotics/pioneer_ws/build/pioneer/build/lib/pioneer/driver.py -> /home/liam-bouffard/Desktop/rob599_mobile_robotics/pioneer_ws/install/pioneer/lib/python3.12/site-packages/pioneer
byte-compiling /home/liam-bouffard/Desktop/rob599_mobile_robotics/pioneer_ws/install/pioneer/lib/python3.12/site-packages/pioneer/test_vfh.py to test_vfh.cpython-312.pyc
byte-compiling /home/liam-bouffard/Desktop/rob599_mobile_robotics/pioneer_ws/install/pioneer/lib/python3.12/site-packages/pioneer/__init__.py to __init__.cpython-312.pyc
byte-compiling /home/liam-bouffard/Desktop/rob599_mobile_robotics/pioneer_ws/install/pioneer/lib/python3.12/site-packages/pioneer/driver.py to driver.cpython-312.pyc
running install_data
copying resource/pioneer -> /home/liam-bouffard/Desktop/rob599_mobile_robotics/pioneer_ws/install/pioneer/share/ament_index/resource_index/packages
copying package.xml -> /home/liam-bouffard/Desktop/rob599_mobile_robotics/pioneer_ws/install/pioneer/share/pioneer
copying launch/driver_launch.py -> /home/liam-bouffard/Desktop/rob599_mobile_robotics/pioneer_ws/install/pioneer/share/pioneer/launch
running install_egg_info
Copying ../../build/pioneer/pioneer.egg-info to /home/liam-bouffard/Desktop/rob599_mobile_robotics/pioneer_ws/install/pioneer/lib/python3.12/site-packages/pioneer-0.0.0-py3.12.egg-info
running install_scripts
Installing driver script to /home/liam-bouffard/Desktop/rob599_mobile_robotics/pioneer_ws/install/pioneer/lib/pioneer
writing list of installed files to '/home/liam-bouffard/Desktop/rob599_mobile_robotics/pioneer_ws/build/pioneer/install.log'
