running develop
running egg_info
creating driver.egg-info
writing driver.egg-info/PKG-INFO
writing dependency_links to driver.egg-info/dependency_links.txt
writing entry points to driver.egg-info/entry_points.txt
writing requirements to driver.egg-info/requires.txt
writing top-level names to driver.egg-info/top_level.txt
writing manifest file 'driver.egg-info/SOURCES.txt'
reading manifest file 'driver.egg-info/SOURCES.txt'
writing manifest file 'driver.egg-info/SOURCES.txt'
running build_ext
Creating /home/liam-bouffard/Desktop/rob599_mobile_robotics/turtlebot_ws/install/driver/lib/python3.12/site-packages/driver.egg-link (link to .)
Installing driver script to /home/liam-bouffard/Desktop/rob599_mobile_robotics/turtlebot_ws/install/driver/lib/driver

Installed /home/liam-bouffard/Desktop/rob599_mobile_robotics/turtlebot_ws/build/driver
running symlink_data
creating /home/liam-bouffard/Desktop/rob599_mobile_robotics/turtlebot_ws/install/driver/share/ament_index
creating /home/liam-bouffard/Desktop/rob599_mobile_robotics/turtlebot_ws/install/driver/share/ament_index/resource_index
creating /home/liam-bouffard/Desktop/rob599_mobile_robotics/turtlebot_ws/install/driver/share/ament_index/resource_index/packages
symbolically linking /home/liam-bouffard/Desktop/rob599_mobile_robotics/turtlebot_ws/build/driver/resource/driver -> /home/liam-bouffard/Desktop/rob599_mobile_robotics/turtlebot_ws/install/driver/share/ament_index/resource_index/packages
symbolically linking /home/liam-bouffard/Desktop/rob599_mobile_robotics/turtlebot_ws/build/driver/package.xml -> /home/liam-bouffard/Desktop/rob599_mobile_robotics/turtlebot_ws/install/driver/share/driver
