[0.561s] Invoking command in '/home/liam-bouffard/Desktop/rob599_mobile_robotics/turtlebot_ws/build/driver': DEBUGINFOD_URLS=https://debuginfod.ubuntu.com PYTHONPATH=/home/liam-bouffard/Desktop/rob599_mobile_robotics/turtlebot_ws/build/driver/prefix_override:/usr/lib/python3/dist-packages/colcon_core/task/python/colcon_distutils_commands:/home/liam-bouffard/Desktop/rob599_mobile_robotics/turtlebot_ws/install/driver/lib/python3.12/site-packages:${PYTHONPATH} /usr/bin/python3 -W ignore:setup.py install is deprecated -W ignore:easy_install command is deprecated setup.py develop --editable --build-directory /home/liam-bouffard/Desktop/rob599_mobile_robotics/turtlebot_ws/build/driver/build --no-deps symlink_data
[0.792s] running develop
[0.933s] running egg_info
[0.933s] creating driver.egg-info
[0.948s] writing driver.egg-info/PKG-INFO
[0.948s] writing dependency_links to driver.egg-info/dependency_links.txt
[0.948s] writing entry points to driver.egg-info/entry_points.txt
[0.948s] writing requirements to driver.egg-info/requires.txt
[0.948s] writing top-level names to driver.egg-info/top_level.txt
[0.948s] writing manifest file 'driver.egg-info/SOURCES.txt'
[0.977s] reading manifest file 'driver.egg-info/SOURCES.txt'
[0.978s] writing manifest file 'driver.egg-info/SOURCES.txt'
[0.993s] running build_ext
[0.993s] Creating /home/liam-bouffard/Desktop/rob599_mobile_robotics/turtlebot_ws/install/driver/lib/python3.12/site-packages/driver.egg-link (link to .)
[0.993s] Installing driver script to /home/liam-bouffard/Desktop/rob599_mobile_robotics/turtlebot_ws/install/driver/lib/driver
[0.993s] 
[0.993s] Installed /home/liam-bouffard/Desktop/rob599_mobile_robotics/turtlebot_ws/build/driver
[0.993s] running symlink_data
[0.993s] creating /home/liam-bouffard/Desktop/rob599_mobile_robotics/turtlebot_ws/install/driver/share/ament_index
[0.993s] creating /home/liam-bouffard/Desktop/rob599_mobile_robotics/turtlebot_ws/install/driver/share/ament_index/resource_index
[0.993s] creating /home/liam-bouffard/Desktop/rob599_mobile_robotics/turtlebot_ws/install/driver/share/ament_index/resource_index/packages
[0.994s] symbolically linking /home/liam-bouffard/Desktop/rob599_mobile_robotics/turtlebot_ws/build/driver/resource/driver -> /home/liam-bouffard/Desktop/rob599_mobile_robotics/turtlebot_ws/install/driver/share/ament_index/resource_index/packages
[0.994s] symbolically linking /home/liam-bouffard/Desktop/rob599_mobile_robotics/turtlebot_ws/build/driver/package.xml -> /home/liam-bouffard/Desktop/rob599_mobile_robotics/turtlebot_ws/install/driver/share/driver
[1.014s] Invoked command in '/home/liam-bouffard/Desktop/rob599_mobile_robotics/turtlebot_ws/build/driver' returned '0': DEBUGINFOD_URLS=https://debuginfod.ubuntu.com PYTHONPATH=/home/liam-bouffard/Desktop/rob599_mobile_robotics/turtlebot_ws/build/driver/prefix_override:/usr/lib/python3/dist-packages/colcon_core/task/python/colcon_distutils_commands:/home/liam-bouffard/Desktop/rob599_mobile_robotics/turtlebot_ws/install/driver/lib/python3.12/site-packages:${PYTHONPATH} /usr/bin/python3 -W ignore:setup.py install is deprecated -W ignore:easy_install command is deprecated setup.py develop --editable --build-directory /home/liam-bouffard/Desktop/rob599_mobile_robotics/turtlebot_ws/build/driver/build --no-deps symlink_data
