[0.592s] Invoking command in '/home/liam-bouffard/Desktop/rob599_mobile_robotics/pioneer_ws/src/pioneer': DEBUGINFOD_URLS=https://debuginfod.ubuntu.com PYTHONPATH=/home/liam-bouffard/Desktop/rob599_mobile_robotics/pioneer_ws/build/pioneer/prefix_override:/usr/lib/python3/dist-packages/colcon_core/task/python/colcon_distutils_commands:/home/liam-bouffard/Desktop/rob599_mobile_robotics/pioneer_ws/install/pioneer/lib/python3.12/site-packages:/home/liam-bouffard/Desktop/rob599_mobile_robotics/pioneer_ws/install/goal_target/lib/python3.12/site-packages:/home/liam-bouffard/Desktop/rob599_mobile_robotics/pioneer_ws/build/pioneer:/home/liam-bouffard/Desktop/rob599_mobile_robotics/pioneer_ws/install/pioneer/lib/python3.12/site-packages:/opt/ros/kilted/lib/python3.12/site-packages /usr/bin/python3 -W ignore:setup.py install is deprecated -W ignore:easy_install command is deprecated setup.py egg_info --egg-base ../../build/pioneer build --build-base /home/liam-bouffard/Desktop/rob599_mobile_robotics/pioneer_ws/build/pioneer/build install --record /home/liam-bouffard/Desktop/rob599_mobile_robotics/pioneer_ws/build/pioneer/install.log --single-version-externally-managed install_data
[0.785s] running egg_info
[0.799s] writing ../../build/pioneer/pioneer.egg-info/PKG-INFO
[0.799s] writing dependency_links to ../../build/pioneer/pioneer.egg-info/dependency_links.txt
[0.799s] writing entry points to ../../build/pioneer/pioneer.egg-info/entry_points.txt
[0.799s] writing requirements to ../../build/pioneer/pioneer.egg-info/requires.txt
[0.799s] writing top-level names to ../../build/pioneer/pioneer.egg-info/top_level.txt
[0.828s] reading manifest file '../../build/pioneer/pioneer.egg-info/SOURCES.txt'
[0.828s] adding license file 'LICENSE'
[0.828s] writing manifest file '../../build/pioneer/pioneer.egg-info/SOURCES.txt'
[0.829s] running build
[0.829s] running build_py
[0.829s] copying pioneer/driver.py -> /home/liam-bouffard/Desktop/rob599_mobile_robotics/pioneer_ws/build/pioneer/build/lib/pioneer
[0.829s] running install
[0.833s] running install_lib
[0.848s] copying /home/liam-bouffard/Desktop/rob599_mobile_robotics/pioneer_ws/build/pioneer/build/lib/pioneer/driver.py -> /home/liam-bouffard/Desktop/rob599_mobile_robotics/pioneer_ws/install/pioneer/lib/python3.12/site-packages/pioneer
[0.848s] byte-compiling /home/liam-bouffard/Desktop/rob599_mobile_robotics/pioneer_ws/install/pioneer/lib/python3.12/site-packages/pioneer/driver.py to driver.cpython-312.pyc
[0.850s] running install_data
[0.850s] copying launch/driver_launch.py -> /home/liam-bouffard/Desktop/rob599_mobile_robotics/pioneer_ws/install/pioneer/share/pioneer/launch
[0.850s] running install_egg_info
[0.866s] removing '/home/liam-bouffard/Desktop/rob599_mobile_robotics/pioneer_ws/install/pioneer/lib/python3.12/site-packages/pioneer-0.0.0-py3.12.egg-info' (and everything under it)
[0.866s] Copying ../../build/pioneer/pioneer.egg-info to /home/liam-bouffard/Desktop/rob599_mobile_robotics/pioneer_ws/install/pioneer/lib/python3.12/site-packages/pioneer-0.0.0-py3.12.egg-info
[0.867s] running install_scripts
[0.960s] Installing driver script to /home/liam-bouffard/Desktop/rob599_mobile_robotics/pioneer_ws/install/pioneer/lib/pioneer
[0.960s] Installing send_points script to /home/liam-bouffard/Desktop/rob599_mobile_robotics/pioneer_ws/install/pioneer/lib/pioneer
[0.960s] writing list of installed files to '/home/liam-bouffard/Desktop/rob599_mobile_robotics/pioneer_ws/build/pioneer/install.log'
[0.977s] Invoked command in '/home/liam-bouffard/Desktop/rob599_mobile_robotics/pioneer_ws/src/pioneer' returned '0': DEBUGINFOD_URLS=https://debuginfod.ubuntu.com PYTHONPATH=/home/liam-bouffard/Desktop/rob599_mobile_robotics/pioneer_ws/build/pioneer/prefix_override:/usr/lib/python3/dist-packages/colcon_core/task/python/colcon_distutils_commands:/home/liam-bouffard/Desktop/rob599_mobile_robotics/pioneer_ws/install/pioneer/lib/python3.12/site-packages:/home/liam-bouffard/Desktop/rob599_mobile_robotics/pioneer_ws/install/goal_target/lib/python3.12/site-packages:/home/liam-bouffard/Desktop/rob599_mobile_robotics/pioneer_ws/build/pioneer:/home/liam-bouffard/Desktop/rob599_mobile_robotics/pioneer_ws/install/pioneer/lib/python3.12/site-packages:/opt/ros/kilted/lib/python3.12/site-packages /usr/bin/python3 -W ignore:setup.py install is deprecated -W ignore:easy_install command is deprecated setup.py egg_info --egg-base ../../build/pioneer build --build-base /home/liam-bouffard/Desktop/rob599_mobile_robotics/pioneer_ws/build/pioneer/build install --record /home/liam-bouffard/Desktop/rob599_mobile_robotics/pioneer_ws/build/pioneer/install.log --single-version-externally-managed install_data
